"calor-total-porta-rfile"
"Time Step" "calor-total-porta etc.."
("Time Step" "calor-total-porta" "flow-time")
0 337.9157763170156 0
1 0 0.1
2 0 0.2
3 0 0.3
4 0 0.4
5 0 0.5
6 0 0.6000000000000001
7 0 0.7000000000000001
8 0 0.8
9 0 0.9
10 0 1
11 0 1.1
12 0 1.2
13 0 1.3
14 0 1.4
15 0 1.5
16 0 1.6
17 0 1.7
18 0 1.8
19 0 1.9
20 0 2
21 0 2.1
22 0 2.2
23 0 2.3
24 0 2.4
25 0 2.5
26 0 2.6
27 0 2.7
28 0 2.8
29 0 2.9
30 0 3
31 0 3.1
32 0 3.2
33 0 3.3
34 0 3.4
35 0 3.5
36 0 3.6
37 0 3.7
38 0 3.8
39 0 3.9
40 0 4
41 0 4.100000000000001
42 0 4.2
43 0 4.3
44 0 4.4
45 0 4.5
46 0 4.600000000000001
47 0 4.7
48 0 4.800000000000001
49 0 4.9
50 0 5
51 0 5.100000000000001
52 0 5.2
53 0 5.300000000000001
54 0 5.4
55 0 5.5
56 0 5.600000000000001
57 0 5.7
58 0 5.800000000000001
59 0 5.9
60 0 6
61 0 6.100000000000001
62 0 6.2
63 0 6.300000000000001
64 0 6.4
65 0 6.5
66 0 6.600000000000001
67 0 6.7
68 0 6.800000000000001
69 0 6.9
70 0 7
71 0 7.100000000000001
72 0 7.2
73 0 7.300000000000001
74 0 7.4
75 0 7.5
76 0 7.600000000000001
77 0 7.7
78 0 7.800000000000001
79 0 7.9
80 0 8
81 0 8.1
82 0 8.200000000000001
83 0 8.300000000000001
84 0 8.4
85 0 8.5
86 0 8.6
87 0 8.700000000000001
88 0 8.800000000000001
89 0 8.9
90 0 9
91 0 9.1
92 0 9.200000000000001
93 0 9.300000000000001
94 0 9.4
95 0 9.5
96 0 9.600000000000001
97 0 9.700000000000001
98 0 9.800000000000001
99 0 9.9
100 0 10
101 0 10.1
102 0 10.2
103 0 10.3
104 0 10.4
105 0 10.5
106 0 10.6
107 0 10.7
108 0 10.8
109 0 10.9
110 0 11
111 0 11.1
112 0 11.2
113 0 11.3
114 0 11.4
115 0 11.5
116 0 11.6
117 0 11.7
118 0 11.8
119 0 11.9
120 0 12
121 0 12.1
122 0 12.2
123 0 12.3
124 0 12.4
125 0 12.5
126 0 12.6
127 0 12.7
128 0 12.8
129 0 12.9
130 0 13
131 0 13.1
132 0 13.2
133 0 13.3
134 0 13.4
135 0 13.5
136 0 13.6
137 0 13.7
138 0 13.8
139 0 13.9
140 0 14
141 0 14.1
142 0 14.2
143 0 14.3
144 0 14.4
145 0 14.5
146 0 14.6
147 0 14.7
148 0 14.8
149 0 14.9
150 0 15
151 0 15.1
152 0 15.2
153 0 15.3
154 0 15.4
155 0 15.5
156 0 15.6
157 0 15.7
158 0 15.8
159 0 15.9
160 0 16
161 0 16.1
162 0 16.2
163 0 16.3
164 0 16.4
165 0 16.5
166 0 16.6
167 0 16.7
168 0 16.8
169 0 16.9
170 0 17
171 0 17.1
172 0 17.2
173 0 17.3
174 0 17.4
175 0 17.5
176 0 17.6
177 0 17.7
178 0 17.8
179 0 17.9
180 0 18
181 0 18.1
182 0 18.2
183 0 18.3
184 0 18.4
185 0 18.5
186 0 18.6
187 0 18.7
188 0 18.8
189 0 18.9
190 0 19
191 0 19.1
192 0 19.2
193 0 19.3
194 0 19.4
195 0 19.5
196 0 19.6
197 0 19.7
198 0 19.8
199 0 19.9
200 0 20
201 0 20.1
202 0 20.2
203 0 20.3
204 0 20.4
205 0 20.5
206 0 20.6
207 0 20.7
208 0 20.8
209 0 20.9
210 0 21
211 0 21.1
212 0 21.2
213 0 21.3
214 0 21.4
215 0 21.5
216 0 21.6
217 0 21.7
218 0 21.8
219 0 21.9
220 0 22
221 0 22.1
222 0 22.2
223 0 22.3
224 0 22.4
225 0 22.5
226 0 22.6
227 0 22.7
228 0 22.8
229 0 22.9
230 0 23
231 0 23.1
232 0 23.2
233 0 23.3
234 0 23.4
235 0 23.5
236 0 23.6
237 0 23.7
238 0 23.8
239 0 23.9
240 0 24
241 0 24.1
242 0 24.2
243 0 24.3
244 0 24.4
245 0 24.5
246 0 24.6
247 0 24.7
248 0 24.8
249 0 24.9
250 0 25
251 0 25.1
252 0 25.2
253 0 25.3
254 0 25.4
255 0 25.5
256 0 25.6
257 0 25.7
258 0 25.8
259 0 25.9
260 0 26
261 0 26.1
262 0 26.2
263 0 26.3
264 0 26.4
265 0 26.5
266 0 26.6
267 0 26.7
268 0 26.8
269 0 26.9
270 0 27
271 0 27.1
272 0 27.2
273 0 27.3
274 0 27.4
275 0 27.5
276 0 27.6
277 0 27.7
278 0 27.8
279 0 27.9
280 0 28
281 0 28.1
282 0 28.2
283 0 28.3
284 0 28.4
285 0 28.5
286 0 28.6
287 0 28.7
288 0 28.8
289 0 28.9
290 0 29
291 0 29.1
292 0 29.2
293 0 29.3
294 0 29.4
295 0 29.5
296 0 29.6
297 0 29.7
298 0 29.8
299 0 29.9
300 0 30
301 0 30.1
302 0 30.2
303 0 30.3
304 0 30.4
305 0 30.5
306 0 30.6
307 0 30.7
308 0 30.8
309 0 30.9
310 0 31
311 0 31.1
312 0 31.2
313 0 31.3
314 0 31.4
315 0 31.5
316 0 31.6
317 0 31.7
318 0 31.8
319 0 31.9
320 0 32
321 0 32.1
322 0 32.2
323 0 32.3
324 0 32.4
325 0 32.5
326 0 32.6
327 0 32.7
328 0 32.8
329 0 32.9
330 0 33
331 0 33.1
332 0 33.2
333 0 33.3
334 0 33.4
335 0 33.5
336 0 33.6
337 0 33.7
338 0 33.8
339 0 33.9
340 0 34
341 0 34.1
342 0 34.2
343 0 34.3
344 0 34.4
345 0 34.5
346 0 34.6
347 0 34.7
348 0 34.8
349 0 34.9
350 0 35
351 0 35.1
352 0 35.2
353 0 35.3
354 0 35.4
355 0 35.5
356 0 35.6
357 0 35.7
358 0 35.8
359 0 35.9
360 0 36
361 0 36.1
362 0 36.2
363 0 36.3
364 0 36.4
365 0 36.5
366 0 36.6
367 0 36.7
368 0 36.8
369 0 36.9
370 0 37
371 0 37.1
372 0 37.2
373 0 37.3
374 0 37.4
375 0 37.5
376 0 37.6
377 0 37.7
378 0 37.8
379 0 37.9
380 0 38
381 0 38.1
382 0 38.2
383 0 38.3
384 0 38.40000000000001
385 0 38.5
386 0 38.6
387 0 38.7
388 0 38.8
389 0 38.90000000000001
390 0 39
391 0 39.1
392 0 39.2
393 0 39.3
394 0 39.40000000000001
395 0 39.5
396 0 39.6
397 0 39.7
398 0 39.8
399 0 39.90000000000001
400 0 40
401 0 40.1
402 0 40.2
403 0 40.3
404 0 40.40000000000001
405 0 40.5
406 0 40.6
407 0 40.7
408 0 40.8
409 0 40.90000000000001
410 0 41
411 0 41.1
412 0 41.2
413 0 41.3
414 0 41.40000000000001
415 0 41.5
416 0 41.6
417 0 41.7
418 0 41.8
419 0 41.90000000000001
420 0 42
421 0 42.1
422 0 42.2
423 0 42.3
424 0 42.40000000000001
425 0 42.5
426 0 42.6
427 0 42.7
428 0 42.8
429 0 42.90000000000001
430 0 43
431 0 43.1
432 0 43.2
433 0 43.3
434 0 43.40000000000001
435 0 43.5
436 0 43.6
437 0 43.7
438 0 43.8
439 0 43.90000000000001
440 0 44
441 0 44.1
442 0 44.2
443 0 44.3
444 0 44.40000000000001
445 0 44.5
446 0 44.6
447 0 44.7
448 0 44.8
449 0 44.90000000000001
450 0 45
451 0 45.1
452 0 45.2
453 0 45.3
454 0 45.40000000000001
455 0 45.5
456 0 45.6
457 0 45.7
458 0 45.8
459 0 45.90000000000001
460 0 46
461 0 46.1
462 0 46.2
463 0 46.3
464 0 46.40000000000001
465 0 46.5
466 0 46.6
467 0 46.7
468 0 46.8
469 0 46.90000000000001
470 0 47
471 0 47.1
472 0 47.2
473 0 47.3
474 0 47.40000000000001
475 0 47.5
476 0 47.6
477 0 47.7
478 0 47.8
479 0 47.90000000000001
480 0 48
481 0 48.1
482 0 48.2
483 0 48.3
484 0 48.40000000000001
485 0 48.5
486 0 48.6
487 0 48.7
488 0 48.8
489 0 48.90000000000001
490 0 49
491 0 49.1
492 0 49.2
493 0 49.3
494 0 49.40000000000001
495 0 49.5
496 0 49.6
497 0 49.7
498 0 49.8
499 0 49.90000000000001
500 0 50
501 68548.82155552009 50.01
502 78525.47098293956 50.02
503 96831.76001449573 50.03
504 99826.51417735399 50.04
505 106690.7890495665 50.05
506 117938.5749975484 50.06
507 139067.2345412471 50.07
508 160513.0906953658 50.08
509 181902.6604262193 50.09
510 203059.8174850966 50.1
511 223694.0290337121 50.11
512 243534.3564663784 50.12
513 262291.0867926555 50.13
514 279760.8445719212 50.14
515 295667.6340773436 50.15
516 309871.3990630158 50.16
517 322109.6354146774 50.17
518 332197.8434096355 50.18
519 334569.9104338106 50.19
520 330710.5128350538 50.2
521 324738.2644425756 50.21
522 318224.0846371215 50.22
523 312622.6650737915 50.23
524 304801.8998973024 50.24
525 297293.4595739058 50.25
526 289260.5338755368 50.26
527 279782.912022983 50.27
528 270241.5230545803 50.28
529 262441.2198381051 50.29
530 253598.8583083433 50.3
531 243152.1193811047 50.31
532 235920.6375855961 50.32
533 227402.1633980667 50.33
534 216504.1392706505 50.34
535 209823.1007433285 50.35
536 202140.5769848069 50.36
537 191202.7614504643 50.37
538 185075.5841832391 50.38
539 178118.3446189209 50.39
540 170871.3991763735 50.4
541 163593.3896276847 50.41
542 146882.820547964 50.42
543 132173.2071498384 50.43
544 116216.9640473041 50.44
545 104217.3021805117 50.45
546 89902.5500248094 50.46
547 69274.38043024902 50.47
548 57170.19729095964 50.48
549 41359.81885857739 50.49
550 31294.25587988802 50.5
551 21457.25890974679 50.51
552 18962.09513044478 50.52
553 17003.3313944683 50.53
554 10420.43895891537 50.54
555 5868.616758179692 50.55
556 1466.829178931235 50.56
557 357.143112301761 50.57
558 -38.32805237755451 50.58
559 1277.449361552742 50.59
560 2326.581771371099 50.6
561 3536.61581345637 50.61
562 4621.764136665675 50.62
563 5452.07034967973 50.63
564 6038.717715377781 50.64
565 6465.399198432748 50.65
566 6693.842792034986 50.66
567 6878.896942440357 50.67
568 6992.858139731034 50.68
569 6855.829869608998 50.69
570 6470.037363849703 50.7
571 5896.699755006856 50.71
572 4909.33846390243 50.72
573 3506.884335882795 50.73
574 2195.436582568475 50.74
575 175.4357825891033 50.75
576 -1476.549692984815 50.76
577 -1532.667044261698 50.77
578 -1173.554447303839 50.78
579 -284.2353566448744 50.79
580 1134.838203871926 50.8
581 2979.536063220372 50.81
582 5424.605646274009 50.82
583 9145.235851658155 50.83
584 13772.26340882691 50.84
585 19633.37266702783 50.85
586 26578.01340380718 50.86
587 35346.61613196752 50.87
588 44430.77700941724 50.88
589 55388.28012242746 50.89
590 63768.90571169638 50.9
591 73068.98083456037 50.91
592 79773.19929680767 50.92
593 85982.55221886598 50.93
594 90817.49293424684 50.94
595 95030.96921251586 50.95
596 98664.35797957532 50.96
597 101746.6013559242 50.97
598 103509.0506853911 50.98
599 103779.0814010882 50.99
600 103250.5503201837 51
601 103055.7637279573 51.01
602 101685.1475976025 51.02
603 100090.2256102466 51.03
604 97678.54230396007 51.04
605 94322.06298050497 51.05
606 92420.81894841623 51.06
607 89265.90871812543 51.07
608 85055.23715836008 51.08
609 80776.82588918057 51.09
610 78088.71678301235 51.1
611 73278.56026341244 51.11
612 65655.233308347 51.12
613 57378.98285145139 51.13
614 50291.64966120585 51.14
615 42277.8188734156 51.15
616 35538.12359954892 51.16
617 27728.7715295956 51.17
618 20902.56797707491 51.18
619 14798.21149527804 51.19
620 10059.31038292155 51.2
621 5896.119236357697 51.21
622 2786.496168084296 51.22
623 574.7449479002332 51.23
624 -972.3385364014221 51.24
625 -2154.796711090454 51.25
626 -2748.637968367324 51.26
627 -3232.37211945265 51.27
628 -3318.134479459832 51.28
629 -3361.341734658104 51.29
630 -3202.897172605855 51.3
631 -3063.321815370258 51.31
632 -2967.752561037466 51.32
633 -2870.580349582669 51.33
634 -2835.272550029107 51.34
635 -2909.975384312835 51.35
636 -2968.233330214414 51.36
637 -3145.18875594015 51.37
638 -3213.551338678087 51.38
639 -3454.304767219674 51.39
640 -3589.635655722886 51.4
641 -3646.372020810584 51.41
642 -3671.054819828846 51.42
643 -3714.497006630898 51.43
644 -3778.299129944565 51.44
645 -3823.09293903562 51.45
646 -3884.907859425752 51.46
647 -3933.200063358545 51.47
648 -3978.072482281143 51.48
649 -4016.728108160087 51.49
650 -4060.171992038297 51.5
651 -4108.868944774889 51.51
652 -4132.600523440267 51.52
653 -4179.783006111717 51.53
654 -4228.639973631424 51.54
655 -4277.525324085009 51.55
656 -4326.566751219153 51.56
657 -4374.495319730413 51.57
658 -4420.844732995327 51.58
659 -4463.707065468478 51.59
660 -4518.55450316409 51.6
661 -4570.163690802414 51.61
662 -4618.01028597298 51.62
663 -4646.093956232253 51.63
664 -4656.22941499621 51.64
665 -4669.67577731105 51.65
666 -4724.338151201681 51.66
667 -4761.750771084144 51.67
668 -4781.495704425903 51.68
669 -4793.362382260152 51.69
670 -4727.303371356809 51.7
671 -4764.473075525621 51.71
672 -4697.536948098733 51.72
673 -4630.448041113118 51.73
674 -4506.810834632732 51.74
675 -4348.310947417429 51.75
676 -4213.368894269119 51.76
677 -4039.616470679336 51.77
678 -3777.118038438764 51.78
679 -3527.765256429127 51.79
680 -3241.659109034577 51.8
681 -2899.614387574826 51.81
682 -2523.281389350439 51.82
683 -2113.831928864448 51.83
684 -1623.882414457748 51.84
685 -1122.106092475695 51.85
686 -648.9271306912422 51.86
687 30.19895738714291 51.87
688 709.0083434234226 51.88
689 1214.422528525886 51.89
690 1784.497292960227 51.9
691 2410.700700006621 51.91
692 3066.36909944028 51.92
693 3739.700709169231 51.93
694 4434.238109233501 51.94
695 5150.786551936774 51.95
696 5991.479341549768 51.96
697 6539.685211264883 51.97
698 7201.852010027258 51.98
699 7865.215984861409 51.99
700 8512.573721652789 52
701 9131.972683749034 52.01
702 9630.108778262635 52.02
703 10210.2371434175 52.03
704 10683.9333680773 52.04
705 11132.46537103619 52.05
706 11504.54578846728 52.06
707 11790.66908844619 52.07
708 12011.20503287164 52.08
709 12161.72040240052 52.09
710 12116.86253657041 52.1
711 12163.60864106816 52.11
712 12141.75894862948 52.12
713 11874.97508383939 52.13
714 11739.95623542849 52.14
715 11516.31779655415 52.15
716 11075.85583732895 52.16
717 10142.48370806186 52.17
718 9360.850390944493 52.18
719 8030.383043463429 52.19
720 6805.010606502028 52.2
721 5426.920883836417 52.21
722 4021.31448426622 52.22
723 2777.904864122743 52.23
724 1632.23021543846 52.24
725 570.9555381281466 52.25
726 -267.0007132001798 52.26
727 -965.372000965804 52.27
728 -1493.775623729875 52.28
729 -1871.816719592294 52.29
730 -2136.113390597562 52.3
731 -2331.55762567526 52.31
732 -2468.046644304637 52.32
733 -2579.371712323098 52.33
734 -2645.138410896449 52.34
735 -2706.370022958748 52.35
736 -2747.538233415106 52.36
737 -2779.337156410828 52.37
738 -2807.107902933387 52.38
739 -2822.201688122963 52.39
740 -2834.436455951212 52.4
741 -2838.427080450934 52.41
742 -2853.375273719003 52.42
743 -2857.438312336207 52.43
744 -2868.919882223457 52.44
745 -2881.952899909936 52.45
746 -2896.137017679215 52.46
747 -2913.239034282191 52.47
748 -2932.670618663358 52.48
749 -2954.725802164908 52.49
750 -2979.052262591786 52.5
751 -3006.600636466407 52.51
752 -3036.99707340249 52.52
753 -3070.907777524198 52.53
754 -3104.381128587464 52.54
755 -3144.13118429644 52.55
756 -3188.856452630033 52.56
757 -3234.802594733319 52.57
758 -3293.084498932359 52.58
759 -3353.452654398719 52.59
760 -3424.522920055904 52.6
761 -3504.903744049503 52.61
762 -3587.901634368588 52.62
763 -3685.339056503622 52.63
764 -3783.965716291462 52.64
765 -3875.120680655262 52.65
766 -3992.915268163684 52.66
767 -4120.266890348611 52.67
768 -4250.256002416885 52.68
769 -4400.902352113362 52.69
770 -4532.758673241426 52.7
771 -4695.987010670293 52.71
772 -4878.927516210406 52.72
773 -5060.790952085619 52.73
774 -5240.746243816508 52.74
775 -5444.930790547776 52.75
776 -5646.523332518107 52.76
777 -5739.553311611797 52.77
778 -6061.789681423169 52.78
779 -6274.612468704578 52.79
780 -6507.121397775081 52.8
781 -6734.974695750299 52.81
782 -6956.373589649482 52.82
783 -7189.318503033042 52.83
784 -7406.917999985129 52.84
785 -7633.226837161555 52.85
786 -7841.355025887043 52.86
787 -8065.013300952442 52.87
788 -8270.554336490297 52.88
789 -8460.667679126855 52.89
790 -8635.495292685482 52.9
791 -8791.895103682013 52.91
792 -8929.92503988106 52.92
793 -9043.143619068207 52.93
794 -9131.414314807133 52.94
795 -9192.517492328794 52.95
796 -9224.882972326919 52.96
797 -9227.209910279611 52.97
798 -9191.487022071882 52.98
799 -9120.017035599378 52.99
800 -9021.971104765862 53
801 -8897.003545019908 53.01
802 -8758.403296994009 53.02
803 -8578.381880075287 53.03
804 -8369.016732117299 53.04
805 -8133.126860430112 53.05
806 -7944.052086759457 53.06
807 -7643.443793322195 53.07
808 -7351.13085047104 53.08
809 -7027.671351168678 53.09
810 -6680.826377908927 53.1
811 -6316.251333420737 53.11
812 -5943.065512221574 53.12
813 -5567.326113409986 53.13
814 -5194.864460011671 53.14
815 -4830.03453291801 53.15
816 -4539.730101395956 53.16
817 -4136.561626000734 53.17
818 -3816.662403095669 53.18
819 -3541.169275204174 53.19
820 -3231.508397237992 53.2
821 -2988.733710216387 53.21
822 -2751.126225784213 53.22
823 -2541.827257867128 53.23
824 -2437.927366093929 53.24
825 -2207.238857967707 53.25
826 -2026.719768291769 53.26
827 -1965.307441247792 53.27
828 -1846.29884228482 53.28
829 -1802.004165816733 53.29
830 -1839.305786029879 53.3
831 -1831.396594355142 53.31
832 -1883.373484549932 53.32
833 -1957.597692490421 53.33
834 -2031.894698620372 53.34
835 -2036.573640673994 53.35
836 -2075.120987232316 53.36
837 -2118.698811782285 53.37
838 -2123.343113644723 53.38
839 -2117.731594593116 53.39
840 -2106.691515275621 53.4
841 -2096.618904229508 53.41
842 -2090.108001876662 53.42
843 -2092.615472667734 53.43
844 -2092.237719690077 53.44
845 -2090.181213053135 53.45
846 -2087.645298201682 53.46
847 -2082.934815311664 53.47
848 -2083.807210192074 53.48
849 -2087.430833432236 53.49
850 -2095.529729970268 53.5
851 -2105.734583965009 53.51
852 -2119.506513732058 53.52
853 -2136.85668404805 53.53
854 -2156.643597266299 53.54
855 -2179.385691703884 53.55
856 -2204.365677836808 53.56
857 -2233.302852342408 53.57
858 -2265.194395040508 53.58
859 -2300.403643680811 53.59
860 -2338.859081826083 53.6
861 -2379.076428489166 53.61
862 -2426.442981726291 53.62
863 -2478.022129769441 53.63
864 -2532.272660805179 53.64
865 -2594.648772723016 53.65
866 -2669.474307241168 53.66
867 -2741.391244687001 53.67
868 -2823.088462507042 53.68
869 -2911.002116482034 53.69
870 -3006.188624979735 53.7
871 -3094.107010586246 53.71
872 -3204.845100076712 53.72
873 -3315.543287522137 53.73
874 -3469.123684558565 53.74
875 -3581.685045996866 53.75
876 -3683.996589151638 53.76
877 -3880.394976155293 53.77
878 -4036.062707048441 53.78
879 -4200.461891861033 53.79
880 -4361.021802380108 53.8
881 -4488.944212770186 53.81
882 -4740.026629218282 53.82
883 -4923.02581084546 53.83
884 -5145.489960879766 53.84
885 -5314.962050955334 53.85
886 -5533.466517084304 53.86
887 -5757.310816293755 53.87
888 -5966.043026455097 53.88
889 -6199.753352641012 53.89
890 -6429.903901658528 53.9
891 -6656.068555257593 53.91
892 -6879.160330763881 53.92
893 -7096.208935240758 53.93
894 -7308.5383655261 53.94
895 -7513.50711790786 53.95
896 -7705.369963065387 53.96
897 -7952.667486286835 53.97
898 -8039.004302981744 53.98
899 -8262.956392568667 53.99
900 -8314.831020998772 54
901 -8433.19791424168 54.01
902 -8593.35646836354 54.02
903 -8641.788593736823 54.03
904 -8673.003067375419 54.04
905 -8680.088232541275 54.05
906 -8661.456106374464 54.06
907 -8620.083145839038 54.07
908 -8548.021564087858 54.08
909 -8364.279722069812 54.09
910 -8313.71105797487 54.1
911 -8185.051484533961 54.11
912 -8019.808861710912 54.12
913 -7820.258429005636 54.13
914 -7595.948613579101 54.14
915 -7346.485782730979 54.15
916 -7073.15008359312 54.16
917 -6780.350347889741 54.17
918 -6471.588443988567 54.18
919 -6186.05569957572 54.19
920 -5827.976881949687 54.2
921 -5501.733746564077 54.21
922 -5179.915385081476 54.22
923 -4863.063634670112 54.23
924 -4583.740223702836 54.24
925 -4282.639042467727 54.25
926 -3988.655517169304 54.26
927 -3713.839885182224 54.27
928 -3455.052271536955 54.28
929 -3211.732913290264 54.29
930 -3059.051152029768 54.3
931 -2870.838387632661 54.31
932 -2630.302090708655 54.32
933 -2342.375690534773 54.33
934 -2134.007582032227 54.34
935 -2005.660375706393 54.35
936 -1895.923085161532 54.36
937 -1805.53810356411 54.37
938 -1734.741563988335 54.38
939 -1678.641075038349 54.39
940 -1658.257514784025 54.4
941 -1668.382268018763 54.41
942 -1646.711993266144 54.42
943 -1676.010644290576 54.43
944 -1648.069345186073 54.44
945 -1661.623523038695 54.45
946 -1658.690972647508 54.46
947 -1647.577992488496 54.47
948 -1647.661793849649 54.48
949 -1643.915071901411 54.49
950 -1639.499706856246 54.5
951 -1635.616304601275 54.51
952 -1631.549783090777 54.52
953 -1629.118739179049 54.53
954 -1626.007730200155 54.54
955 -1629.767534266644 54.55
956 -1632.586023796819 54.56
957 -1639.127529126888 54.57
958 -1648.041071022635 54.58
959 -1659.322822385912 54.59
960 -1674.074306104405 54.6
961 -1691.324129539424 54.61
962 -1711.230157873628 54.62
963 -1734.09992707804 54.63
964 -1759.581368546057 54.64
965 -1787.425947893033 54.65
966 -1818.227881337908 54.66
967 -1851.722921265714 54.67
968 -1888.248851205113 54.68
969 -1927.646937161139 54.69
970 -1970.712017255598 54.7
971 -2015.770077153622 54.71
972 -2067.04143884427 54.72
973 -2113.950014626163 54.73
974 -2174.708489337455 54.74
975 -2237.191700124166 54.75
976 -2303.205887940761 54.76
977 -2372.950820883697 54.77
978 -2446.621408701563 54.78
979 -2524.488153745908 54.79
980 -2606.099198609088 54.8
981 -2677.86894375718 54.81
982 -2771.300232376274 54.82
983 -2864.965536374327 54.83
984 -2920.614386953029 54.84
985 -3056.731392319088 54.85
986 -3161.605223479501 54.86
987 -3268.105789885916 54.87
988 -3372.356772346165 54.88
989 -3485.612841696624 54.89
990 -3600.660720641495 54.9
991 -3716.342787612085 54.91
992 -3829.556783357958 54.92
993 -3949.79507975945 54.93
994 -4068.023072951948 54.94
995 -4185.601736534745 54.95
996 -4299.870720415743 54.96
997 -4413.418811785037 54.97
998 -4521.681675737973 54.98
999 -4624.921068415631 54.99
1000 -4722.1573847299 55
1001 -4811.867483068512 55.01
1002 -4892.747545478258 55.02
1003 -4943.532076770034 55.03
1004 -5000.906504660188 55.04
1005 -5047.185881177877 55.05
1006 -5074.940211791143 55.06
1007 -5101.756749824597 55.07
1008 -5107.541997856919 55.08
1009 -5099.068772994167 55.09
1010 -5075.003369654691 55.1
1011 -5035.815907729189 55.11
1012 -4981.002866091995 55.12
1013 -4910.680098243401 55.13
1014 -4825.866588426354 55.14
1015 -4725.843028152727 55.15
1016 -4611.386928704413 55.16
1017 -4483.001569629099 55.17
1018 -4342.235603244101 55.18
1019 -4188.26690230657 55.19
1020 -4032.196468305262 55.2
1021 -3854.721675876366 55.21
1022 -3669.973994722389 55.22
1023 -3478.679201349417 55.23
1024 -3285.004731051005 55.24
1025 -3089.787886311911 55.25
1026 -2898.967190539482 55.26
1027 -2710.798188324846 55.27
1028 -2527.863976063807 55.28
1029 -2350.810907443605 55.29
1030 -2181.689448466897 55.3
1031 -2017.566192515508 55.31
1032 -1875.285762592698 55.32
1033 -1758.703791259442 55.33
1034 -1585.940267612874 55.34
1035 -1451.45564876663 55.35
1036 -1338.009343960505 55.36
1037 -1255.126515251608 55.37
1038 -1241.125429528934 55.38
1039 -1185.324665508242 55.39
1040 -1167.928074953054 55.4
1041 -1103.739107834901 55.41
1042 -1112.482618288138 55.42
1043 -1110.715839057878 55.43
1044 -1112.464027960426 55.44
1045 -1090.344679030685 55.45
1046 -1130.622542845551 55.46
1047 -1145.766954043859 55.47
1048 -1156.506508698561 55.48
1049 -1183.158762604196 55.49
1050 -1194.294586409555 55.5
1051 -1198.312594556744 55.51
1052 -1203.641474917473 55.52
1053 -1220.035264643653 55.53
1054 -1221.291265797588 55.54
1055 -1224.1340858077 55.55
1056 -1231.637406326277 55.56
1057 -1227.535140473428 55.57
1058 -1227.542230457349 55.58
1059 -1231.046803275705 55.59
1060 -1236.973984778351 55.6
1061 -1242.885558836413 55.61
1062 -1249.390904868706 55.62
1063 -1256.138322925545 55.63
1064 -1263.610572583311 55.64
1065 -1274.511018057496 55.65
1066 -1286.380098482528 55.66
1067 -1301.185710639972 55.67
1068 -1317.037434952957 55.68
1069 -1334.319717322795 55.69
1070 -1353.419901601906 55.7
1071 -1374.257921082747 55.71
1072 -1396.971140232244 55.72
1073 -1418.070700992952 55.73
1074 -1445.213066809437 55.74
1075 -1472.173753962632 55.75
1076 -1500.073169539962 55.76
1077 -1529.185093231745 55.77
1078 -1560.181693106613 55.78
1079 -1591.668761242282 55.79
1080 -1625.401545174313 55.8
1081 -1659.157015850536 55.81
1082 -1692.056763590178 55.82
1083 -1725.561542554807 55.83
1084 -1759.362044596392 55.84
1085 -1794.517694405292 55.85
1086 -1836.202646510264 55.86
1087 -1876.425211958511 55.87
1088 -1915.916029386565 55.88
1089 -1956.347163114293 55.89
1090 -1998.281839333695 55.9
1091 -2041.36806383365 55.91
1092 -2083.342313369107 55.92
1093 -2125.521885305632 55.93
1094 -2168.067355983133 55.94
1095 -2208.770499924343 55.95
1096 -2251.438403301823 55.96
1097 -2292.689819971362 55.97
1098 -2331.604475037868 55.98
1099 -2368.680633261809 55.99
1100 -2403.098043401679 56
1101 -2418.866763951311 56.01
1102 -2420.155881216988 56.02
1103 -2450.143413028065 56.03
1104 -2470.553536750658 56.04
1105 -2484.086279127373 56.05
1106 -2491.235016785548 56.06
1107 -2493.580970206572 56.07
1108 -2489.140902540047 56.08
1109 -2478.502884287103 56.09
1110 -2460.230799626731 56.1
1111 -2434.639688447723 56.11
1112 -2401.704614197842 56.12
1113 -2361.204348844321 56.13
1114 -2309.491502402448 56.14
1115 -2251.681427862415 56.15
1116 -2212.498879623315 56.16
1117 -2147.619255527658 56.17
1118 -2073.074588670133 56.18
1119 -1993.501646919713 56.19
1120 -1906.865782823945 56.2
1121 -1814.737993930135 56.21
1122 -1721.296253438877 56.22
1123 -1619.441175013221 56.23
1124 -1514.853650300685 56.24
1125 -1408.479054758263 56.25
1126 -1301.690124031213 56.26
1127 -1196.375344408886 56.27
1128 -1093.849277467713 56.28
1129 -994.6422300530771 56.29
1130 -901.2680387537355 56.3
1131 -809.6335573701746 56.31
1132 -724.499835877717 56.32
1133 -649.0313865973026 56.33
1134 -585.2686764879874 56.34
1135 -519.8493578374853 56.35
1136 -464.1443473852657 56.36
1137 -416.1729738733991 56.37
1138 -374.6767020215572 56.38
1139 -340.1879199223691 56.39
1140 -313.3673400873279 56.4
1141 -295.1827326904508 56.41
1142 -283.9528930785783 56.42
1143 -281.5986808642336 56.43
1144 -286.1037787378816 56.44
1145 -296.4686204477525 56.45
1146 -313.5958701779936 56.46
1147 -330.8853564895964 56.47
1148 -352.910108356883 56.48
1149 -375.947462436646 56.49
1150 -400.5974461123208 56.5
1151 -425.534209655103 56.51
1152 -451.8146252845128 56.52
1153 -476.85144007011 56.53
1154 -501.8990509169125 56.54
1155 -529.6537459167382 56.55
1156 -553.2125141902777 56.56
1157 -580.3555433160659 56.57
1158 -605.0348399590573 56.58
1159 -628.2082252635923 56.59
1160 -647.6959080197739 56.6
1161 -670.4942044014988 56.61
1162 -719.9031311620012 56.62
1163 -707.4652950584359 56.63
1164 -721.887199455995 56.64
1165 -738.3634125799433 56.65
1166 -752.2539907181721 56.66
1167 -767.2889415350634 56.67
1168 -780.6358764214042 56.68
1169 -794.7586964569761 56.69
1170 -812.107754404464 56.7
1171 -825.4482316884366 56.71
1172 -834.8045146644884 56.72
1173 -845.1951632892711 56.73
1174 -857.3887481677542 56.74
1175 -867.9980046068059 56.75
1176 -881.7345587561272 56.76
1177 -894.1046181001689 56.77
1178 -909.0928384730113 56.78
1179 -923.9737866541708 56.79
1180 -939.3894936847043 56.8
1181 -955.1219287275594 56.81
1182 -968.7967217422347 56.82
1183 -985.6254595515659 56.83
1184 -1001.714342010499 56.84
1185 -1017.97095284655 56.85
1186 -1029.650474818397 56.86
1187 -1054.639018801262 56.87
1188 -1069.959461827526 56.88
1189 -1085.732242452275 56.89
1190 -1098.681602250291 56.9
1191 -1116.482095329753 56.91
1192 -1131.178955820268 56.92
1193 -1145.242625192892 56.93
1194 -1157.92687509125 56.94
1195 -1170.221806841951 56.95
1196 -1182.055437388972 56.96
1197 -1192.034019419498 56.97
1198 -1202.857854826639 56.98
1199 -1211.035416536287 56.99
1200 -1217.716038361404 57
1201 -1221.972819143334 57.01
1202 -1221.163732178661 57.02
1203 -1226.090394406225 57.03
1204 -1229.137452562332 57.04
1205 -1229.584356747284 57.05
1206 -1227.577922880151 57.06
1207 -1223.391334443685 57.07
1208 -1216.334528884241 57.08
1209 -1206.563318710421 57.09
1210 -1193.444075632302 57.1
1211 -1177.184908004537 57.11
1212 -1157.481437639278 57.12
1213 -1134.460383541882 57.13
1214 -1108.055841320779 57.14
1215 -1078.103819345381 57.15
1216 -1044.080804217129 57.16
1217 -1005.927529683734 57.17
1218 -963.492681274638 57.18
1219 -917.0626914391312 57.19
1220 -867.0717274837749 57.2
1221 -813.487533172472 57.21
1222 -756.6852085865096 57.22
1223 -699.5990695190571 57.23
1224 -638.7711029458414 57.24
1225 -574.4959653533724 57.25
1226 -509.8350116590238 57.26
1227 -443.4983093235592 57.27
1228 -375.8181944929204 57.28
1229 -304.7303663305241 57.29
1230 -236.3870328941062 57.3
1231 -168.9417139972932 57.31
1232 -107.408179951192 57.32
1233 -50.72388860847394 57.33
1234 1.095176262578889 57.34
1235 49.17766148261452 57.35
1236 92.22679600600185 57.36
1237 133.3376695278907 57.37
1238 170.6527005839327 57.38
1239 204.6091092658237 57.39
1240 232.9231846520302 57.4
1241 257.6751206829416 57.41
1242 271.9714051610974 57.42
1243 287.424099628026 57.43
1244 298.8120789171347 57.44
1245 305.350957759678 57.45
1246 308.2634631821753 57.46
1247 307.8745448500756 57.47
1248 303.5030895157128 57.48
1249 296.771986585183 57.49
1250 285.9431711270239 57.5
1251 272.8836626250758 57.51
1252 256.3613882107607 57.52
1253 237.7005665485128 57.53
1254 215.8948410987313 57.54
1255 189.8677442900841 57.55
1256 164.4100120460727 57.56
1257 137.2748588981977 57.57
1258 109.6665200078474 57.58
1259 83.83694840425419 57.59
1260 55.93957050248083 57.6
1261 28.14482601558052 57.61
1262 0.08826472750712355 57.62
1263 -26.7885663784517 57.63
1264 -56.03523333238735 57.64
1265 -80.80674300506369 57.65
1266 -108.0220075866547 57.66
1267 -131.2132140354478 57.67
1268 -153.8693074685951 57.68
1269 -175.4469874118371 57.69
1270 -195.7470128390487 57.7
1271 -216.2580408464988 57.71
1272 -236.1534915264883 57.72
1273 -253.6907315788036 57.73
1274 -275.6683581824588 57.74
1275 -295.0015028195602 57.75
1276 -313.1653124033886 57.76
1277 -330.1330731927322 57.77
1278 -346.7131811919903 57.78
1279 -362.6819151433932 57.79
1280 -379.1716553466475 57.8
1281 -394.7643166546569 57.81
1282 -408.4589267832736 57.82
1283 -422.6254939093236 57.83
1284 -437.0299056192185 57.84
1285 -450.3313440061121 57.85
1286 -463.0115271275763 57.86
1287 -475.9235995939852 57.87
1288 -488.3354864545444 57.88
1289 -499.4997706309321 57.89
1290 -511.1531332302898 57.9
1291 -521.521218916203 57.91
1292 -533.4296744542853 57.92
1293 -544.0533610621283 57.93
1294 -554.289183741786 57.94
1295 -563.1247176367353 57.95
1296 -571.4563851433381 57.96
1297 -578.437874668019 57.97
1298 -585.6255246897589 57.98
1299 -591.585188963865 57.99
1300 -596.7353431378885 58
1301 -600.5883635201565 58.01
1302 -603.524286783932 58.02
1303 -605.9350328459134 58.03
1304 -606.059017343044 58.04
1305 -605.1072091479975 58.05
1306 -604.0874754860155 58.06
1307 -600.951685511852 58.07
1308 -596.4138911859192 58.08
1309 -590.4203477395865 58.09
1310 -582.8738661412156 58.1
1311 -574.2651488179731 58.11
1312 -563.6507762771672 58.12
1313 -551.2701935580022 58.13
1314 -537.35974641087 58.14
1315 -520.7326996255423 58.15
1316 -502.3189558565103 58.16
1317 -480.9379475639472 58.17
1318 -457.9452858699107 58.18
1319 -432.7633822010936 58.19
1320 -403.4499671737651 58.2
1321 -375.2176957048314 58.21
1322 -337.2862887336698 58.22
1323 -295.6957765593762 58.23
1324 -260.5172300184784 58.24
1325 -226.1555613495662 58.25
1326 -191.9744020226111 58.26
1327 -156.9741708648484 58.27
1328 -121.9028484856107 58.28
1329 -86.37505001423919 58.29
1330 -50.12587448249477 58.3
1331 -13.89079124144149 58.31
1332 22.8087825416255 58.32
1333 59.62079910404464 58.33
1334 96.30688953681636 58.34
1335 132.645140613737 58.35
1336 168.6306682576931 58.36
1337 203.9667883671441 58.37
1338 238.1546146377855 58.38
1339 271.7146960358417 58.39
1340 303.7711325079206 58.4
1341 334.1700472512401 58.41
1342 363.0960566808821 58.42
1343 390.1961687259954 58.43
1344 415.4580397944793 58.44
1345 438.9158311773018 58.45
1346 460.3439174069313 58.46
1347 479.5722145634086 58.47
1348 496.7309272017275 58.48
1349 511.6884366976324 58.49
1350 524.0398215484948 58.5
1351 534.5506779992475 58.51
1352 542.2403346692814 58.52
1353 547.5639357794017 58.53
1354 550.8571354693375 58.54
1355 546.1540857340791 58.55
1356 550.0173025250209 58.56
1357 546.8704094068805 58.57
1358 541.5166142494037 58.58
1359 534.1998877101361 58.59
1360 524.9547148784354 58.6
1361 514.0979816411112 58.61
1362 501.9881373744096 58.62
1363 488.4533810069147 58.63
1364 473.0347575770724 58.64
1365 457.39679530965 58.65
1366 440.7378631717737 58.66
1367 423.3622269825414 58.67
1368 405.4583248258559 58.68
1369 386.7626619874514 58.69
1370 368.0042512986744 58.7
1371 348.6574690728705 58.71
1372 328.8276999021584 58.72
1373 308.8532596717341 58.73
1374 288.8371979723136 58.74
1375 268.7207731824895 58.75
1376 248.2651606118625 58.76
1377 228.50755866185 58.77
1378 208.9770218536864 58.78
1379 189.3377205808835 58.79
1380 169.9621901199986 58.8
1381 151.1086207510424 58.81
1382 131.0700240893831 58.82
1383 113.3384782607653 58.83
1384 94.74349870151097 58.84
1385 76.40758024650002 58.85
1386 58.66808355336725 58.86
1387 41.43938630872603 58.87
1388 24.57552704291561 58.88
1389 7.183138938184658 58.89
1390 -8.593986938911332 58.9
1391 -23.91776627078178 58.91
1392 -39.13277885572537 58.92
1393 -53.51678997014776 58.93
1394 -66.99668373344392 58.94
1395 -79.83453062397065 58.95
1396 -92.35245113367384 58.96
1397 -103.9713596536292 58.97
1398 -114.4919754135255 58.98
1399 -124.2895470332851 58.99
1400 -133.573674429463 59
1401 -142.041911957717 59.01
1402 -149.5573821534774 59.02
1403 -156.7624261157096 59.03
1404 -164.2292360446337 59.04
1405 -168.6955901019668 59.05
1406 -173.6546687629701 59.06
1407 -178.4793653810095 59.07
1408 -183.03257476031 59.08
1409 -183.8807375113884 59.09
1410 -189.3841953139747 59.1
1411 -192.0474659071227 59.11
1412 -194.0582382749033 59.12
1413 -195.3747649964959 59.13
1414 -197.1228738765484 59.14
1415 -196.6103596482851 59.15
1416 -196.2544188527612 59.16
1417 -194.8455019688888 59.17
1418 -193.4081054526462 59.18
1419 -190.6163435741786 59.19
1420 -188.0229672987921 59.2
1421 -184.0007541743067 59.21
1422 -180.2297782109116 59.22
1423 -175.478465979092 59.23
1424 -170.5503867394727 59.24
1425 -164.5682879134343 59.25
1426 -158.5130406504084 59.26
1427 -151.3462461609585 59.27
1428 -144.0613264809309 59.28
1429 -135.1037949481448 59.29
1430 -125.5948830200442 59.3
1431 -115.0149048303842 59.31
1432 -104.8713381798849 59.32
1433 -92.80716307357412 59.33
1434 -80.50804426209763 59.34
1435 -66.75331437133011 59.35
1436 -52.77331791219618 59.36
1437 -37.37307650970462 59.37
1438 -21.79983060369863 59.38
1439 -4.789912475712043 59.39
1440 12.78308236205019 59.4
1441 31.39278158917402 59.41
1442 50.41015867389623 59.42
1443 70.29769888440083 59.43
1444 91.02377332668094 59.44
1445 111.9594905001133 59.45
1446 134.1981882716752 59.46
1447 156.8634264585938 59.47
1448 180.4730108818985 59.48
1449 203.5243666049086 59.49
1450 228.6516298828871 59.5
1451 252.3450437339723 59.51
1452 278.1481958886365 59.52
1453 302.8210600007213 59.53
1454 329.4123507086757 59.54
1455 354.4873261958973 59.55
1456 381.4528369612754 59.56
1457 406.803619970595 59.57
1458 434.2350999222944 59.58
1459 453.8471997307298 59.59
1460 484.6459524544367 59.6
1461 512.8371708070932 59.61
1462 537.3616441473271 59.62
1463 564.0013641447504 59.63
1464 587.0352006676389 59.64
1465 612.1833385812506 59.65
1466 633.0299649372594 59.66
1467 650.6133471330697 59.67
1468 669.9638355661824 59.68
1469 688.590607358629 59.69
1470 706.0518702617298 59.7
1471 722.0587350359485 59.71
1472 736.3921291183894 59.72
1473 749.0421211738055 59.73
1474 759.9918602946677 59.74
1475 769.1107625903745 59.75
1476 775.8089328599302 59.76
1477 781.0758468167819 59.77
1478 784.4666534007823 59.78
1479 786.0227251948974 59.79
1480 785.8822782678491 59.8
1481 783.9411006728013 59.81
1482 780.1513824415567 59.82
1483 775.266527695083 59.83
1484 768.7757432301868 59.84
1485 760.8191608313334 59.85
1486 751.2200639026971 59.86
1487 737.0317405736432 59.87
1488 726.4988508773579 59.88
1489 718.0883019991791 59.89
1490 706.1044421518859 59.9
1491 696.8751783899568 59.91
1492 685.3557800467152 59.92
1493 675.0161306406422 59.93
1494 662.2623349142893 59.94
1495 650.934115085186 59.95
1496 637.5361426157856 59.96
1497 625.1151563176933 59.97
1498 611.3153986726875 59.98
1499 598.2503744603396 59.99
1500 584.0858546443645 60
