"frac-mass-n2-rfile"
"Time Step" "frac-mass-n2 etc.."
("Time Step" "frac-mass-n2" "flow-time")
0 0.7694737544433428 0
1 0.7692405212336527 0.1
2 0.7689638801525529 0.2
3 0.7687129825482757 0.3
4 0.7684662193588574 0.4
5 0.7681707530596978 0.5
6 0.7678331301095416 0.6000000000000001
7 0.7674870608358395 0.7000000000000001
8 0.7671621410766875 0.8
9 0.766867352616429 0.9
10 0.7666031460270725 1
11 0.7663655150609963 1.1
12 0.7661507084767744 1.2
13 0.7659527565009554 1.3
14 0.7657530391762238 1.4
15 0.7655548669177846 1.5
16 0.7653535204326222 1.6
17 0.7651539963736109 1.7
18 0.7649594276770856 1.8
19 0.7647329144980823 1.9
20 0.7645116814040225 2
21 0.7642854485083976 2.1
22 0.7640450070980206 2.2
23 0.7638034007980987 2.3
24 0.7635589556351956 2.4
25 0.7633110301070536 2.5
26 0.7630597369214261 2.6
27 0.7628087744002143 2.7
28 0.762550880488581 2.8
29 0.7622870493976236 2.9
30 0.7620211288509403 3
31 0.7617535377004694 3.1
32 0.7614852623388139 3.2
33 0.7612170006650818 3.3
34 0.7609496469851487 3.4
35 0.7606838600465161 3.5
36 0.7604225985989489 3.6
37 0.7601634642491057 3.7
38 0.7599067078653743 3.8
39 0.759652468839588 3.9
40 0.7594007074929721 4
41 0.7591516993503561 4.100000000000001
42 0.7589049108602507 4.2
43 0.7586603074044639 4.3
44 0.7584144181886803 4.4
45 0.7581728872619179 4.5
46 0.7579329319473345 4.600000000000001
47 0.757693847046943 4.7
48 0.7574567011612451 4.800000000000001
49 0.7572184444410034 4.9
50 0.7569800455454958 5
51 0.7567408610876858 5.100000000000001
52 0.7565015456223712 5.2
53 0.7562617007141543 5.300000000000001
54 0.7560208191032405 5.4
55 0.7557789534615666 5.5
56 0.7555221956719896 5.600000000000001
57 0.7552635893602826 5.7
58 0.7550029623046272 5.800000000000001
59 0.7547560392635004 5.9
60 0.7545081709425919 6
61 0.7542425151295942 6.100000000000001
62 0.7539932523893547 6.2
63 0.7537435698285728 6.300000000000001
64 0.7534933852738549 6.4
65 0.7532429413638413 6.5
66 0.7529924657644257 6.600000000000001
67 0.7527419316826541 6.7
68 0.7524917175164624 6.800000000000001
69 0.7522417787651683 6.9
70 0.751992482942185 7
71 0.7517436089160278 7.100000000000001
72 0.7514786256054983 7.2
73 0.7512314692894075 7.300000000000001
74 0.7509851975618714 7.4
75 0.7507395480377057 7.5
76 0.7504797458239267 7.600000000000001
77 0.7502357859104755 7.7
78 0.7499779116881679 7.800000000000001
79 0.7497204062330276 7.9
80 0.7494632935238966 8
81 0.7492064774795052 8.1
82 0.7489498690532123 8.200000000000001
83 0.7486930982171768 8.300000000000001
84 0.7484324251140149 8.4
85 0.7481749780546516 8.5
86 0.7479163242850677 8.6
87 0.7477729607748929 8.700000000000001
88 0.7475299039533115 8.800000000000001
89 0.7472668935690892 8.9
90 0.7471187321889006 9
91 0.7468737745546947 9.1
92 0.7466071211968776 9.200000000000001
93 0.746457054763935 9.300000000000001
94 0.7461835411118832 9.4
95 0.7460361939362852 9.5
96 0.7457595669558806 9.600000000000001
97 0.7456073463479723 9.700000000000001
98 0.7453279964751602 9.800000000000001
99 0.7451791516380954 9.9
100 0.7448976123267289 10
101 0.7447430141403668 10.1
102 0.744455088372335 10.2
103 0.7442995779644114 10.3
104 0.744014676053434 10.4
105 0.7438568574464184 10.5
106 0.7435699788947135 10.6
107 0.7434093248981219 10.7
108 0.7431167266782993 10.8
109 0.7429546200801845 10.9
110 0.7426605276981205 11
111 0.7424945281552667 11.1
112 0.7422483249035428 11.2
113 0.7420811369846227 11.3
114 0.7417781146376222 11.4
115 0.7416072913070315 11.5
116 0.7413604358577263 11.6
117 0.741190101609385 11.7
118 0.7409430541188504 11.8
119 0.7407673356592818 11.9
120 0.7405196129323938 12
121 0.7403376709664704 12.1
122 0.7400895969645289 12.2
123 0.7399093051800316 12.3
124 0.7396605205265044 12.4
125 0.7394784338185283 12.5
126 0.7392288121335678 12.6
127 0.7390326402497356 12.7
128 0.7387824716598402 12.8
129 0.7385644833768834 12.9
130 0.7383130696726684 13
131 0.7381078467818872 13.1
132 0.7378554226504641 13.2
133 0.7376196938950638 13.3
134 0.737366063725823 13.4
135 0.7371111062306728 13.5
136 0.7368560599802116 13.6
137 0.7366812915149452 13.7
138 0.7364265410566415 13.8
139 0.7361673808869656 13.9
140 0.735910778881018 14
141 0.7357282530815001 14.1
142 0.7355043787676555 14.2
143 0.7352095848838103 14.3
144 0.7349477925970856 14.4
145 0.7347175799528134 14.5
146 0.7344530248089379 14.6
147 0.7341944773969344 14.7
148 0.7338953276145687 14.8
149 0.7335933330925698 14.9
150 0.7333240045605874 15
151 0.7331152945426638 15.1
152 0.7327990551435188 15.2
153 0.7324460163307599 15.3
154 0.7321211573398638 15.4
155 0.7317965186288607 15.5
156 0.7315260863320265 15.6
157 0.7311976202166187 15.7
158 0.7308771047923713 15.8
159 0.7305082421083312 15.9
160 0.7302344884057683 16
161 0.729848893939133 16.1
162 0.729570612113362 16.2
163 0.729197660941754 16.3
164 0.7289116364249016 16.4
165 0.7285344129810204 16.5
166 0.7282473355175206 16.6
167 0.7278810010999263 16.7
168 0.7276019512209485 16.8
169 0.7272503441538778 16.9
170 0.7269801134568971 17
171 0.7266351424023383 17.1
172 0.726355710049909 17.2
173 0.7260034868221326 17.3
174 0.7256826960280475 17.4
175 0.7254157947908988 17.5
176 0.7250703800455479 17.6
177 0.7247435922687325 17.7
178 0.7244930897554411 17.8
179 0.7241490717949436 17.9
180 0.7238224325887495 18
181 0.723580608899088 18.1
182 0.7232400234218744 18.2
183 0.7229061167797772 18.3
184 0.7226557297657423 18.4
185 0.7223362309934669 18.5
186 0.7220412863327303 18.6
187 0.7218340460272104 18.7
188 0.721612431273092 18.8
189 0.7213947263360972 18.9
190 0.7211598533418531 19
191 0.7209301306256043 19.1
192 0.7206977684849342 19.2
193 0.7204653672087618 19.3
194 0.7202327344385175 19.4
195 0.719999766447375 19.5
196 0.7197664475546315 19.6
197 0.7195330121139621 19.7
198 0.7192994611692255 19.8
199 0.7190660685602068 19.9
200 0.7188330420422326 20
201 0.7186005536185703 20.1
202 0.7183686015024753 20.2
203 0.7181370218678371 20.3
204 0.7179058312614042 20.4
205 0.7176749042576285 20.5
206 0.7174441452188678 20.6
207 0.7172133539761504 20.7
208 0.7169982972693745 20.8
209 0.7167832605567508 20.9
210 0.7165682199709876 21
211 0.716353261116509 21.1
212 0.7161384786879911 21.2
213 0.7159233446543221 21.3
214 0.7157090567296316 21.4
215 0.7154942545207832 21.5
216 0.7152792006875597 21.6
217 0.7150649323121941 21.7
218 0.7148503558693045 21.8
219 0.7146355479027768 21.9
220 0.7144217670075667 22
221 0.7142080744048226 22.1
222 0.7139937385223071 22.2
223 0.7137796851465081 22.3
224 0.7135657974486315 22.4
225 0.7133517725046794 22.5
226 0.7131382219891 22.6
227 0.7129242775859754 22.7
228 0.7127110831749516 22.8
229 0.7124977018417895 22.9
230 0.7122842863231689 23
231 0.7120709018156648 23.1
232 0.7118577367495682 23.2
233 0.7116445963498955 23.3
234 0.7114319613738351 23.4
235 0.7112189360102591 23.5
236 0.7110059666429102 23.6
237 0.7107935959266525 23.7
238 0.7105815708902881 23.8
239 0.710369539678211 23.9
240 0.7101577092203119 24
241 0.7099454678470748 24.1
242 0.7097336903433734 24.2
243 0.709521848813952 24.3
244 0.7093104249095711 24.4
245 0.709098473107091 24.5
246 0.7088872283930511 24.6
247 0.7086757540544764 24.7
248 0.7084648302543312 24.8
249 0.7082540688098001 24.9
250 0.7080432309053833 25
251 0.7078323582247261 25.1
252 0.7076215172344963 25.2
253 0.707410365833554 25.3
254 0.7071998569347466 25.4
255 0.7069890601081211 25.5
256 0.7067780937634834 25.6
257 0.7065678687996213 25.7
258 0.7063574168026503 25.8
259 0.7061475276823757 25.9
260 0.705937718240897 26
261 0.7057274315208494 26.1
262 0.7055177176194796 26.2
263 0.7053079370392393 26.3
264 0.7050981077335599 26.4
265 0.7048887028402512 26.5
266 0.7046790573476446 26.6
267 0.7044701104524985 26.7
268 0.704261021021871 26.8
269 0.7040520779536583 26.9
270 0.7038433156482813 27
271 0.7036342199147696 27.1
272 0.7034250159897254 27.2
273 0.7032160356734336 27.3
274 0.7030073191829266 27.4
275 0.7027985792024153 27.5
276 0.7025899618891109 27.6
277 0.7023818372566443 27.7
278 0.7021732292596253 27.8
279 0.7019652970036243 27.9
280 0.7017575339233419 28
281 0.7015500312989448 28.1
282 0.701341746535483 28.2
283 0.7011340494252188 28.3
284 0.7009266639728855 28.4
285 0.7007187534351714 28.5
286 0.7005110606470424 28.6
287 0.7003035816120194 28.7
288 0.700096603624023 28.8
289 0.6998893703431454 28.9
290 0.6996818196377493 29
291 0.6994745533732087 29.1
292 0.6992678827248902 29.2
293 0.699061261977205 29.3
294 0.6988543725575194 29.4
295 0.6986473840156071 29.5
296 0.6984406700845387 29.6
297 0.6982341306902243 29.7
298 0.6980279067135901 29.8
299 0.6978214182279925 29.9
300 0.6976155866323611 30
301 0.6974094945356313 30.1
302 0.697203580155257 30.2
303 0.6969977343134653 30.3
304 0.6967920509589456 30.4
305 0.6965862899072668 30.5
306 0.6963806028944902 30.6
307 0.6961750650990338 30.7
308 0.6959696303779511 30.8
309 0.6957647326222791 30.9
310 0.6955596393990159 31
311 0.695354725804103 31.1
312 0.6951501380246364 31.2
313 0.6949456332178622 31.3
314 0.6947411168779946 31.4
315 0.6945368620973621 31.5
316 0.6943321339621334 31.6
317 0.6941281124575567 31.7
318 0.6939243624906363 31.8
319 0.6937204727873458 31.9
320 0.6935162146297783 32
321 0.6933122100168875 32.1
322 0.6931079118871947 32.2
323 0.6929043406532663 32.3
324 0.6927004047499162 32.4
325 0.6924970148252864 32.5
326 0.6922938186895138 32.6
327 0.6920903295611954 32.7
328 0.6918867741669564 32.8
329 0.6916834867795045 32.9
330 0.6914805367019318 33
331 0.6912773778176964 33.1
332 0.6910745997896455 33.2
333 0.6908723078887641 33.3
334 0.6906703147840223 33.4
335 0.6904679973398115 33.5
336 0.6902660027787242 33.6
337 0.6900636799832052 33.7
338 0.6898614966998126 33.8
339 0.6896589312721569 33.9
340 0.6894565215929873 34
341 0.6892541459924444 34.1
342 0.6890521040366639 34.2
343 0.6888503390174779 34.3
344 0.6886484995676524 34.4
345 0.6884474260262465 34.5
346 0.688245801088752 34.6
347 0.6880446009132121 34.7
348 0.6878431173012441 34.8
349 0.6876422942467373 34.9
350 0.6874265893116182 35
351 0.6872258727888452 35.1
352 0.6870251294021098 35.2
353 0.686824694660419 35.3
354 0.6866238344341938 35.4
355 0.6864229793472643 35.5
356 0.6862225198365077 35.6
357 0.6860226176676528 35.7
358 0.6858226742012635 35.8
359 0.6856227583063712 35.9
360 0.6854222936874153 36
361 0.6852221874880662 36.1
362 0.6850224053769325 36.2
363 0.6848081375404316 36.3
364 0.6846087018010164 36.4
365 0.6844087575039786 36.5
366 0.6842089230035282 36.6
367 0.6840090906622741 36.7
368 0.6838099179848115 36.8
369 0.6836108960089011 36.9
370 0.6834116888020688 37
371 0.6832124737749156 37.1
372 0.6830132543553269 37.2
373 0.6828137278598301 37.3
374 0.6826144322410344 37.4
375 0.6824161711389046 37.5
376 0.6822173332053949 37.6
377 0.6820181135388346 37.7
378 0.6818196999136168 37.8
379 0.6816212657190968 37.9
380 0.6814233410745267 38
381 0.6812255028369858 38.1
382 0.6810269554209561 38.2
383 0.680828935401175 38.3
384 0.6806308927982229 38.40000000000001
385 0.6804334549773111 38.5
386 0.6802357124466881 38.6
387 0.6800386047968873 38.7
388 0.6798413898506082 38.8
389 0.679643749747181 38.90000000000001
390 0.679446816342536 39
391 0.6792492823062909 39.1
392 0.679052278179001 39.2
393 0.6788553775742071 39.3
394 0.6786585139429964 39.40000000000001
395 0.6784612391514884 39.5
396 0.678264908254789 39.6
397 0.6780681424404558 39.7
398 0.6778717405159959 39.8
399 0.6776754019040567 39.90000000000001
400 0.6774792083021853 40
401 0.6772830598763713 40.1
402 0.6770866885055463 40.2
403 0.6768910807902002 40.3
404 0.6766949524233417 40.40000000000001
405 0.6764990540945096 40.5
406 0.6763030422231744 40.6
407 0.6761072670291599 40.7
408 0.6759120420902516 40.8
409 0.6757159590824464 40.90000000000001
410 0.6755205627711875 41
411 0.6753248423896601 41.1
412 0.6751299201466141 41.2
413 0.6749346141115132 41.3
414 0.674739441443581 41.40000000000001
415 0.6745449486641559 41.5
416 0.6743503055642843 41.6
417 0.6741558732785354 41.7
418 0.67396096550685 41.8
419 0.673766099446508 41.90000000000001
420 0.6735715675945516 42
421 0.6733770138460673 42.1
422 0.6731824236140181 42.2
423 0.6729744860033018 42.3
424 0.672780389930601 42.40000000000001
425 0.6725863385393317 42.5
426 0.6723926504222107 42.6
427 0.6721989252222959 42.7
428 0.6720051354047323 42.8
429 0.6718115904335926 42.90000000000001
430 0.6716180703738467 43
431 0.6714239965560062 43.1
432 0.6712305766507685 43.2
433 0.6710372314008841 43.3
434 0.6708442471236272 43.40000000000001
435 0.6706509140367399 43.5
436 0.6704582240436684 43.6
437 0.670265401669194 43.7
438 0.6700722420999388 43.8
439 0.6698797594687991 43.90000000000001
440 0.6696874676402526 44
441 0.6694951227064893 44.1
442 0.6693025803475062 44.2
443 0.6691103485792474 44.3
444 0.6689181971324375 44.40000000000001
445 0.6687261990777046 44.5
446 0.6685342840072653 44.6
447 0.6683423174960869 44.7
448 0.6681501635744957 44.8
449 0.6679586341561454 44.90000000000001
450 0.6677668170898515 45
451 0.6675753064629915 45.1
452 0.6673836413036699 45.2
453 0.6671923565684756 45.3
454 0.6670006663851102 45.40000000000001
455 0.6668095073206267 45.5
456 0.6666185260523783 45.6
457 0.6664273280639732 45.7
458 0.6662362683678419 45.8
459 0.6660454707680677 45.90000000000001
460 0.6658549393817826 46
461 0.6656640954426041 46.1
462 0.6654728805916691 46.2
463 0.6652824659240868 46.3
464 0.665092275631409 46.40000000000001
465 0.6649022354649925 46.5
466 0.6647122822489423 46.6
467 0.6645224396197338 46.7
468 0.6643326021505632 46.8
469 0.6641427814160796 46.90000000000001
470 0.6639529734445103 47
471 0.6637629705885266 47.1
472 0.6635736917334545 47.2
473 0.6633843481988873 47.3
474 0.6631946909210688 47.40000000000001
475 0.6630053674714255 47.5
476 0.6628163855095811 47.6
477 0.6626274127201285 47.7
478 0.6624381931598708 47.8
479 0.6622494441965694 47.90000000000001
480 0.6620604027460046 48
481 0.6618716581445093 48.1
482 0.6616828960355369 48.2
483 0.6614943572325972 48.3
484 0.6613057846889392 48.40000000000001
485 0.6611173679799738 48.5
486 0.6609289540078149 48.6
487 0.6607406099280249 48.7
488 0.6605520149021379 48.8
489 0.6603641416159199 48.90000000000001
490 0.6601760232408652 49
491 0.6599877456463641 49.1
492 0.659799434348578 49.2
493 0.6596117362180001 49.3
494 0.6594242361321434 49.40000000000001
495 0.6592369312388365 49.5
496 0.6590495037120139 49.6
497 0.6588621809344066 49.7
498 0.6586745155440575 49.8
499 0.6584875234131784 49.90000000000001
500 0.6583008424883469 50
501 0.6582806910876909 50.01
502 0.658260322487453 50.02
503 0.6582396810697582 50.03
504 0.6582188382628326 50.04
505 0.6581976950157026 50.05
506 0.6581761903868978 50.06
507 0.6581542804026416 50.07
508 0.6581321582287492 50.08
509 0.6581099176712673 50.09
510 0.6580875781765585 50.1
511 0.6580650722689316 50.11
512 0.6580422953449983 50.12
513 0.6580191032083602 50.13
514 0.6579953340511638 50.14
515 0.6579708362316052 50.15
516 0.6579454067506669 50.16
517 0.6579188747341288 50.17
518 0.657891153338668 50.18
519 0.6578622242727643 50.19
520 0.6578320827305957 50.2
521 0.657800700800554 50.21
522 0.6577679836817861 50.22
523 0.6577337477932429 50.23
524 0.6576978848702086 50.24
525 0.6576602522212621 50.25
526 0.6576207539912809 50.26
527 0.6575793641733471 50.27
528 0.6575358959181814 50.28
529 0.6574902424624728 50.29
530 0.6574423864604009 50.3
531 0.6573921588730984 50.31
532 0.6573394546583277 50.32
533 0.657284225940316 50.33
534 0.6572263210459571 50.34
535 0.6571655626154245 50.35
536 0.6571019196162371 50.36
537 0.6570352525733305 50.37
538 0.6569653063650611 50.38
539 0.6568920379649332 50.39
540 0.6568153074155394 50.4
541 0.6567349458746445 50.41
542 0.656649868308989 50.42
543 0.6565552118409291 50.43
544 0.656440527013635 50.44
545 0.6563458694302137 50.45
546 0.6562724775547364 50.46
547 0.6561330427817319 50.47
548 0.656036869621266 50.48
549 0.6560159865306122 50.49
550 0.6561416292187785 50.5
551 0.6564683226672929 50.51
552 0.6571080634017212 50.52
553 0.6579692167186389 50.53
554 0.6591563319167879 50.54
555 0.6605652773019671 50.55
556 0.662635395265926 50.56
557 0.6651869687584578 50.57
558 0.6682103731985877 50.58
559 0.671648400124353 50.59
560 0.6754656506333044 50.6
561 0.6796109780432531 50.61
562 0.6839520210587632 50.62
563 0.6883116499282189 50.63
564 0.6924937364167612 50.64
565 0.6962777159192721 50.65
566 0.699593887709716 50.66
567 0.7023647741720703 50.67
568 0.7046491888235022 50.68
569 0.7066385463763709 50.69
570 0.7084912811218833 50.7
571 0.7102934850742052 50.71
572 0.7120850503286144 50.72
573 0.713862317003646 50.73
574 0.7155890073175648 50.74
575 0.717194922843679 50.75
576 0.7186346598807282 50.76
577 0.7198632583258509 50.77
578 0.7208728379803846 50.78
579 0.7216781529445033 50.79
580 0.7223016689270095 50.8
581 0.7227586540319644 50.81
582 0.7230666971774726 50.82
583 0.7232388653124731 50.83
584 0.7232843219437045 50.84
585 0.7232201987573086 50.85
586 0.7230517222396896 50.86
587 0.722804357253562 50.87
588 0.7224677559878513 50.88
589 0.7220641770344703 50.89
590 0.7216239320732541 50.9
591 0.7211287103614105 50.91
592 0.7206422650773003 50.92
593 0.7201486428617714 50.93
594 0.719667598514278 50.94
595 0.7192014093325259 50.95
596 0.7187403963327068 50.96
597 0.7183000682999284 50.97
598 0.7178752221402837 50.98
599 0.7174711711062447 50.99
600 0.7170838509442983 51
601 0.7167193209260094 51.01
602 0.716371464654822 51.02
603 0.7160431525387549 51.03
604 0.7157291868935104 51.04
605 0.7154241550535287 51.05
606 0.7151334975722397 51.06
607 0.7148577989058756 51.07
608 0.7145959017890554 51.08
609 0.7143505537598759 51.09
610 0.7141184951189701 51.1
611 0.7139062718451779 51.11
612 0.7137332959442324 51.12
613 0.7136035788520692 51.13
614 0.7135234323663554 51.14
615 0.7134968498825607 51.15
616 0.7135586031654575 51.16
617 0.7137186558283468 51.17
618 0.714003938199928 51.18
619 0.7144416725400545 51.19
620 0.7150531496503241 51.2
621 0.7158564398997354 51.21
622 0.7168558111171394 51.22
623 0.7180565516933012 51.23
624 0.7194262653747947 51.24
625 0.720938177433246 51.25
626 0.7225330105621266 51.26
627 0.7241691797647604 51.27
628 0.7258191934406961 51.28
629 0.7274645274241095 51.29
630 0.7290783556637367 51.3
631 0.7307106486484366 51.31
632 0.7323517423357015 51.32
633 0.7339515827309767 51.33
634 0.7355137296917468 51.34
635 0.7370015624100045 51.35
636 0.7384366949185915 51.36
637 0.7397799531713916 51.37
638 0.741050643519216 51.38
639 0.7422206724302506 51.39
640 0.7433209072844772 51.4
641 0.7443434017815855 51.41
642 0.7452828383736795 51.42
643 0.7461771538245696 51.43
644 0.7470153770482478 51.44
645 0.7478031643351088 51.45
646 0.7485415670655849 51.46
647 0.7492302128058985 51.47
648 0.7498718010388473 51.48
649 0.7504705098159932 51.49
650 0.7510194984166501 51.5
651 0.7515309584975679 51.51
652 0.7520035022523558 51.52
653 0.752437420604641 51.53
654 0.7528349264647455 51.54
655 0.7531982403489995 51.55
656 0.7535295096444504 51.56
657 0.7538307885111639 51.57
658 0.7541041550583721 51.58
659 0.7543516472700869 51.59
660 0.75457499209332 51.6
661 0.7547758869845237 51.61
662 0.754955904417437 51.62
663 0.7551164420149015 51.63
664 0.7552588373966922 51.64
665 0.7553927050366026 51.65
666 0.7555103541347876 51.66
667 0.7556048541106583 51.67
668 0.7556856579622039 51.68
669 0.7557610736237838 51.69
670 0.755816460518591 51.7
671 0.7558592017897188 51.71
672 0.7558914635489917 51.72
673 0.7559138414423759 51.73
674 0.7559268624781574 51.74
675 0.7559311600064537 51.75
676 0.7559272606965777 51.76
677 0.755915735765463 51.77
678 0.7558971159507044 51.78
679 0.7558719166647189 51.79
680 0.7558406793753489 51.8
681 0.7558038974068102 51.81
682 0.7557620297869799 51.82
683 0.7557155668701235 51.83
684 0.7556650209980319 51.84
685 0.7556107882441728 51.85
686 0.755553344316226 51.86
687 0.7554930142443379 51.87
688 0.7554308592365616 51.88
689 0.7553663801582439 51.89
690 0.7552999787205771 51.9
691 0.7552319444620603 51.91
692 0.7551625203480101 51.92
693 0.7550918741048172 51.93
694 0.7550201347212585 51.94
695 0.7549474338246602 51.95
696 0.7548738397703857 51.96
697 0.7547994813263814 51.97
698 0.754724406807679 51.98
699 0.7546486128223399 51.99
700 0.7545722082720209 52
701 0.754495126801493 52.01
702 0.7544109281100349 52.02
703 0.7543339321916401 52.03
704 0.7542554502881155 52.04
705 0.7541762769218316 52.05
706 0.7540963724853239 52.06
707 0.7540156958656552 52.07
708 0.7539341118251118 52.08
709 0.7538490798233159 52.09
710 0.7537627116507367 52.1
711 0.7536772739426826 52.11
712 0.753592619274838 52.12
713 0.7535053431295432 52.13
714 0.7534178030161586 52.14
715 0.753329609949535 52.15
716 0.7532432337410513 52.16
717 0.7531662688063471 52.17
718 0.7530880633142073 52.18
719 0.7530149534963395 52.19
720 0.752960084702276 52.2
721 0.7529196365152707 52.21
722 0.7528986686411887 52.22
723 0.7529024571222074 52.23
724 0.7529364051477799 52.24
725 0.7530057600608714 52.25
726 0.7531130038784641 52.26
727 0.7532629228191481 52.27
728 0.753458872533271 52.28
729 0.7536895422949651 52.29
730 0.7539403635902556 52.3
731 0.7542068044430017 52.31
732 0.7544931724751588 52.32
733 0.7547887707098884 52.33
734 0.7550941874560552 52.34
735 0.7554064087472134 52.35
736 0.7557238029048035 52.36
737 0.7560447020057682 52.37
738 0.7563660057808363 52.38
739 0.7566875276580415 52.39
740 0.7570076435316484 52.4
741 0.7573245053194937 52.41
742 0.7576360518504868 52.42
743 0.7579479469362861 52.43
744 0.758247640061137 52.44
745 0.7585375893469588 52.45
746 0.7588194850899823 52.46
747 0.7590912698041131 52.47
748 0.7593519278466049 52.48
749 0.7596007470852704 52.49
750 0.7598373450633628 52.5
751 0.7600616974234645 52.51
752 0.7602763794495063 52.52
753 0.7604748892217241 52.53
754 0.7606617341194349 52.54
755 0.7608372386536981 52.55
756 0.7610018273799357 52.56
757 0.7611559177732778 52.57
758 0.761300081054554 52.58
759 0.7614346317766819 52.59
760 0.7615599528977895 52.6
761 0.7616768009085737 52.61
762 0.7617850464793904 52.62
763 0.761885562025587 52.63
764 0.7619781371072119 52.64
765 0.7620639161876435 52.65
766 0.76214257515955 52.66
767 0.7622143717069557 52.67
768 0.7622795547022554 52.68
769 0.7623383710566062 52.69
770 0.7623910104324131 52.7
771 0.7624376661994284 52.71
772 0.7624785734823524 52.72
773 0.762513869679884 52.73
774 0.7625437150883351 52.74
775 0.7625682731105297 52.75
776 0.7625876975436811 52.76
777 0.7626021616434959 52.77
778 0.76261182608601 52.78
779 0.7626168558460094 52.79
780 0.7626174320782274 52.8
781 0.7626137277647391 52.81
782 0.7626059399695576 52.82
783 0.7625942639032748 52.83
784 0.7625788972744343 52.84
785 0.7625600414561648 52.85
786 0.7625378977936239 52.86
787 0.7625126908532996 52.87
788 0.7624846178927398 52.88
789 0.7624539179780913 52.89
790 0.7624207611911282 52.9
791 0.7623853471026251 52.91
792 0.7623478570331758 52.92
793 0.7623084740125088 52.93
794 0.7622673847708962 52.94
795 0.7622247262174473 52.95
796 0.7621806539266388 52.96
797 0.7621352769425361 52.97
798 0.7620887032488537 52.98
799 0.7620410117879586 52.99
800 0.7619922869329645 53
801 0.7619426444063693 53.01
802 0.7618935534099756 53.02
803 0.7618431756109797 53.03
804 0.7617917677562425 53.04
805 0.7617395638256058 53.05
806 0.7616805999055517 53.06
807 0.7616283109565192 53.07
808 0.7615748544498047 53.08
809 0.7615208677810761 53.09
810 0.7614660873967506 53.1
811 0.7614092134715001 53.11
812 0.7613513122023235 53.12
813 0.7612923388737035 53.13
814 0.761232546814897 53.14
815 0.7611717637395401 53.15
816 0.7611102137483894 53.16
817 0.7610477362428402 53.17
818 0.7609843669410628 53.18
819 0.7609201411277662 53.19
820 0.7608550059058935 53.2
821 0.7607882475839505 53.21
822 0.7607211052946808 53.22
823 0.7606540036977207 53.23
824 0.7605867188924826 53.24
825 0.7605189290962792 53.25
826 0.7604575896923249 53.26
827 0.7603965126028251 53.27
828 0.7603403044637742 53.28
829 0.7602972538212235 53.29
830 0.7602624946367436 53.3
831 0.7602465966794534 53.31
832 0.7602516272983657 53.32
833 0.7602715001584256 53.33
834 0.7603123741142603 53.34
835 0.7603752892328863 53.35
836 0.7604537982674903 53.36
837 0.7605438629342809 53.37
838 0.7606486334480455 53.38
839 0.7607679258457706 53.39
840 0.7608997035629795 53.4
841 0.761040947296398 53.41
842 0.7611867460430308 53.42
843 0.7613366768007221 53.43
844 0.7614895190750145 53.44
845 0.7616445726936727 53.45
846 0.7618010228420861 53.46
847 0.7619622206146648 53.47
848 0.7621193034326819 53.48
849 0.7622753477143595 53.49
850 0.7624280366561866 53.5
851 0.7625691252864751 53.51
852 0.7627160961805635 53.52
853 0.7628591744721211 53.53
854 0.7629975178745736 53.54
855 0.7631308219597289 53.55
856 0.7632584759226524 53.56
857 0.7633803257039572 53.57
858 0.7634958605478408 53.58
859 0.7636052964670756 53.59
860 0.7637086862070431 53.6
861 0.7638060773235922 53.61
862 0.7638991020416397 53.62
863 0.7639841161943516 53.63
864 0.7640634189635808 53.64
865 0.7641389980860149 53.65
866 0.7642073875848887 53.66
867 0.764270741700551 53.67
868 0.764329232740277 53.68
869 0.7643812758264089 53.69
870 0.7644287476882864 53.7
871 0.7644739756523578 53.71
872 0.7645167415394105 53.72
873 0.764555313866524 53.73
874 0.7645875544743693 53.74
875 0.7646170446315045 53.75
876 0.7646424887052651 53.76
877 0.7646638847179871 53.77
878 0.7646817128459594 53.78
879 0.7646941478849857 53.79
880 0.7647045315355615 53.8
881 0.7647103506238363 53.81
882 0.7647130221760486 53.82
883 0.7647138831216939 53.83
884 0.7647104360025533 53.84
885 0.7647063983427752 53.85
886 0.7646994067238416 53.86
887 0.7646896293613353 53.87
888 0.7646771827941545 53.88
889 0.7646621903023963 53.89
890 0.7646447794257734 53.9
891 0.7646250583831645 53.91
892 0.7646031403708193 53.92
893 0.7645808108283125 53.93
894 0.7645562676233776 53.94
895 0.7645296796366164 53.95
896 0.7645012231661443 53.96
897 0.7644678385299578 53.97
898 0.7644367027783192 53.98
899 0.76440211894453 53.99
900 0.7643680362281373 54
901 0.7643324452456866 54.01
902 0.7642927666980076 54.02
903 0.7642539464850868 54.03
904 0.7642141350018838 54.04
905 0.7641703828322625 54.05
906 0.7641264484943314 54.06
907 0.7640820839060507 54.07
908 0.7640371167431231 54.08
909 0.7639915868042245 54.09
910 0.7639493335082999 54.1
911 0.7639057418490424 54.11
912 0.7638611850238608 54.12
913 0.7638167777778059 54.13
914 0.7637714860232724 54.14
915 0.7637253486641328 54.15
916 0.7636787106602122 54.16
917 0.76363144739936 54.17
918 0.7635836310285501 54.18
919 0.7635349665883535 54.19
920 0.7634857776508074 54.2
921 0.7634360216479958 54.21
922 0.7633854729206238 54.22
923 0.7633342643255541 54.23
924 0.7632821315401553 54.24
925 0.7632289195439951 54.25
926 0.7631750207391531 54.26
927 0.7631205351137593 54.27
928 0.7630653713135963 54.28
929 0.7630090746760501 54.29
930 0.7629516346317147 54.3
931 0.7628943944481017 54.31
932 0.762838630917406 54.32
933 0.7627853035789939 54.33
934 0.7627377832797585 54.34
935 0.7627009005408338 54.35
936 0.7626737697556466 54.36
937 0.7626523994011053 54.37
938 0.7626456005986736 54.38
939 0.7626516898124802 54.39
940 0.7626738554564439 54.4
941 0.7626979673443662 54.41
942 0.7627324438259461 54.42
943 0.7627729370748403 54.43
944 0.7628222217581999 54.44
945 0.7628766759100399 54.45
946 0.7629326325135564 54.46
947 0.76299723147625 54.47
948 0.7630661183043823 54.48
949 0.7631389367682984 54.49
950 0.7632151350645249 54.5
951 0.7632942241462702 54.51
952 0.7633756730982253 54.52
953 0.7634578298150728 54.53
954 0.7635413903565299 54.54
955 0.7636257060881354 54.55
956 0.7637103294760956 54.56
957 0.7637948295893122 54.57
958 0.7638786452019926 54.58
959 0.7639614031935423 54.59
960 0.7640427151661354 54.6
961 0.7641220016859245 54.61
962 0.7641988571823295 54.62
963 0.7642729470586281 54.63
964 0.7643440446525851 54.64
965 0.7644120255871364 54.65
966 0.7644767647205719 54.66
967 0.764538306773743 54.67
968 0.7645965137533651 54.68
969 0.7646513734445727 54.69
970 0.7647029092342307 54.7
971 0.7647511809347564 54.71
972 0.7647962149217986 54.72
973 0.7648380520044288 54.73
974 0.7648765729729982 54.74
975 0.7649119801191698 54.75
976 0.7649442925053135 54.76
977 0.7649735057711872 54.77
978 0.7649997488826918 54.78
979 0.7650230648590236 54.79
980 0.7650400169653695 54.8
981 0.7650577126874779 54.81
982 0.7650724509680825 54.82
983 0.7650844693451939 54.83
984 0.7650937884477579 54.84
985 0.7651004916490413 54.85
986 0.7651046447281395 54.86
987 0.765106278516562 54.87
988 0.7651054768131127 54.88
989 0.7651022948442612 54.89
990 0.7650967960616984 54.9
991 0.7650890835412371 54.91
992 0.7650792001341429 54.92
993 0.7650672014309621 54.93
994 0.7650531566181142 54.94
995 0.7650371182661472 54.95
996 0.7650192229474596 54.96
997 0.7649994859729434 54.97
998 0.7649780061888451 54.98
999 0.7649548682859677 54.99
1000 0.7649301633087213 55
1001 0.7649046121857092 55.01
1002 0.7648770331402177 55.02
1003 0.7648479549823598 55.03
1004 0.7648175970184667 55.04
1005 0.7647860520381814 55.05
1006 0.7647533608232226 55.06
1007 0.7647196199525679 55.07
1008 0.7646848959857862 55.08
1009 0.7646492406145582 55.09
1010 0.7646127040151425 55.1
1011 0.764575307324652 55.11
1012 0.7645371252055295 55.12
1013 0.7644981836886581 55.13
1014 0.7644585260748854 55.14
1015 0.7644181736787303 55.15
1016 0.7643771343572646 55.16
1017 0.764331792979311 55.17
1018 0.7642860028324578 55.18
1019 0.7642392633258805 55.19
1020 0.7641969274137577 55.2
1021 0.7641536458278098 55.21
1022 0.7641099861058128 55.22
1023 0.7640658615260609 55.23
1024 0.764021427620728 55.24
1025 0.7639766246343611 55.25
1026 0.7639314933108735 55.26
1027 0.7638864593092863 55.27
1028 0.7638411903965808 55.28
1029 0.7637956830648355 55.29
1030 0.7637499852673036 55.3
1031 0.7637041579641439 55.31
1032 0.7636550381532876 55.32
1033 0.7636055110115605 55.33
1034 0.7635589691502851 55.34
1035 0.7635146380743104 55.35
1036 0.7634737868214689 55.36
1037 0.7634381168625721 55.37
1038 0.7634033282563538 55.38
1039 0.7633717856825751 55.39
1040 0.7633456538913217 55.4
1041 0.7633205751134825 55.41
1042 0.7632977529280445 55.42
1043 0.7632803072898755 55.43
1044 0.7632685465215256 55.44
1045 0.7632725755288737 55.45
1046 0.7632827297725259 55.46
1047 0.7632915270834144 55.47
1048 0.7633044806649664 55.48
1049 0.7633211796016034 55.49
1050 0.7633398245879282 55.5
1051 0.763362239054279 55.51
1052 0.7633902820193069 55.52
1053 0.7634216791526426 55.53
1054 0.7634561293024452 55.54
1055 0.7634937361110122 55.55
1056 0.7635339700815099 55.56
1057 0.7635764136607438 55.57
1058 0.763621125411186 55.58
1059 0.76366794010235 55.59
1060 0.7637165155383672 55.6
1061 0.7637668186502234 55.61
1062 0.7638188452604801 55.62
1063 0.7638711348099944 55.63
1064 0.7639238809661655 55.64
1065 0.7639767664102572 55.65
1066 0.76402933112209 55.66
1067 0.7640813431418584 55.67
1068 0.7641325105473712 55.68
1069 0.7641824924705767 55.69
1070 0.7642310175352786 55.7
1071 0.7642778690547318 55.71
1072 0.7643229029598896 55.72
1073 0.7643660077683109 55.73
1074 0.7644070999600331 55.74
1075 0.7644461165357185 55.75
1076 0.7644830190233274 55.76
1077 0.76451782450217 55.77
1078 0.7645503692569001 55.78
1079 0.7645806189546958 55.79
1080 0.7646086022485888 55.8
1081 0.7646342725846692 55.81
1082 0.7646571205403934 55.82
1083 0.7646778440921954 55.83
1084 0.7646962972452369 55.84
1085 0.764712489621687 55.85
1086 0.7647264756857143 55.86
1087 0.7647382606771472 55.87
1088 0.764747856519212 55.88
1089 0.7647553051638549 55.89
1090 0.7647606241112255 55.9
1091 0.7647638781504864 55.91
1092 0.7647650508840029 55.92
1093 0.7647642150842859 55.93
1094 0.7647613590520715 55.94
1095 0.7647565739190912 55.95
1096 0.7647498984972393 55.96
1097 0.7647413027205209 55.97
1098 0.7647309083839338 55.98
1099 0.7647187658313456 55.99
1100 0.7647002691234486 56
1101 0.7646803428469834 56.01
1102 0.7646614542624725 56.02
1103 0.764640625844727 56.03
1104 0.764618135023449 56.04
1105 0.7645940955456186 56.05
1106 0.7645688205738039 56.06
1107 0.7645418391302561 56.07
1108 0.7645135277065392 56.08
1109 0.7644839486967134 56.09
1110 0.7644531835325564 56.1
1111 0.7644212812686604 56.11
1112 0.764388308120851 56.12
1113 0.7643543215303248 56.13
1114 0.7643205239231928 56.14
1115 0.7642848784563993 56.15
1116 0.7642520187492053 56.16
1117 0.7642183437089249 56.17
1118 0.764183880778553 56.18
1119 0.7641482889542913 56.19
1120 0.7641122256469672 56.2
1121 0.7640758473010365 56.21
1122 0.7640386826077145 56.22
1123 0.7640012690627234 56.23
1124 0.763963340873172 56.24
1125 0.7639253990613134 56.25
1126 0.7638872711031713 56.26
1127 0.7638490202923564 56.27
1128 0.7638107323789317 56.28
1129 0.7637724579094169 56.29
1130 0.7637346376724886 56.3
1131 0.7636969304298186 56.31
1132 0.7636591795975403 56.32
1133 0.7636216819195085 56.33
1134 0.7635845964267067 56.34
1135 0.7635479024002677 56.35
1136 0.7635117387175159 56.36
1137 0.7634762075803542 56.37
1138 0.7634414337472272 56.38
1139 0.7634077117940494 56.39
1140 0.7633752644579828 56.4
1141 0.7633440901361538 56.41
1142 0.763314508339384 56.42
1143 0.7632868468422258 56.43
1144 0.7632615591840697 56.44
1145 0.7632383769508783 56.45
1146 0.7632175973292777 56.46
1147 0.7631991048445425 56.47
1148 0.7631833029567926 56.48
1149 0.7631701613063915 56.49
1150 0.7631599292610147 56.5
1151 0.7631523175282101 56.51
1152 0.7631477073246906 56.52
1153 0.7631462032613635 56.53
1154 0.7631480074569189 56.54
1155 0.7631530771214788 56.55
1156 0.7631613998149265 56.56
1157 0.7631727790885678 56.57
1158 0.7631870151075243 56.58
1159 0.763203878002614 56.59
1160 0.7632237295791108 56.6
1161 0.7632457866115876 56.61
1162 0.7632698543221035 56.62
1163 0.7632959703541407 56.63
1164 0.7633239597200646 56.64
1165 0.7633537974466963 56.65
1166 0.7633852583216089 56.66
1167 0.7634183455335682 56.67
1168 0.7634527645293961 56.68
1169 0.7634883491675604 56.69
1170 0.7635245410328209 56.7
1171 0.7635613502845845 56.71
1172 0.7635987312142595 56.72
1173 0.763636631269751 56.73
1174 0.763674836451249 56.74
1175 0.7637127794117708 56.75
1176 0.7637504641180016 56.76
1177 0.7637876645896365 56.77
1178 0.7638243038330524 56.78
1179 0.7638600553644674 56.79
1180 0.7638947646609522 56.8
1181 0.7639281222679311 56.81
1182 0.7639603511238751 56.82
1183 0.7639913733974405 56.83
1184 0.7640208626290388 56.84
1185 0.764048495020126 56.85
1186 0.7640744904846253 56.86
1187 0.7640986947602054 56.87
1188 0.7641211316472772 56.88
1189 0.764141887133297 56.89
1190 0.7641612308590923 56.9
1191 0.7641783831343042 56.91
1192 0.7641937187482218 56.92
1193 0.7642070119038512 56.93
1194 0.764218550131427 56.94
1195 0.7642282827947693 56.95
1196 0.7642362127864984 56.96
1197 0.7642423750005793 56.97
1198 0.7642467263282344 56.98
1199 0.7642492905927768 56.99
1200 0.7642500994207341 57
1201 0.7642490009223509 57.01
1202 0.7642463266807191 57.02
1203 0.7642422178839994 57.03
1204 0.7642362652237276 57.04
1205 0.7642286661238356 57.05
1206 0.7642194762936241 57.06
1207 0.7642089206006654 57.07
1208 0.7641968967012672 57.08
1209 0.7641834067758003 57.09
1210 0.7641685176983739 57.1
1211 0.7641522603227804 57.11
1212 0.7641346773606957 57.12
1213 0.7641158119038191 57.13
1214 0.7640957224731464 57.14
1215 0.764074450083621 57.15
1216 0.7640520491492315 57.16
1217 0.7640285473530137 57.17
1218 0.764004009137492 57.18
1219 0.7639780358592162 57.19
1220 0.7639511729888205 57.2
1221 0.7639235565441552 57.21
1222 0.7638956631367095 57.22
1223 0.763866365391895 57.23
1224 0.7638360399938051 57.24
1225 0.763805676373289 57.25
1226 0.7637747279075155 57.26
1227 0.7637437100997047 57.27
1228 0.7637122835804304 57.28
1229 0.7636806776185013 57.29
1230 0.7636486496805168 57.3
1231 0.7636168800819912 57.31
1232 0.7635850304724301 57.32
1233 0.7635530145422478 57.33
1234 0.7635211546626601 57.34
1235 0.7634895316147827 57.35
1236 0.7634577389499837 57.36
1237 0.7634262229616124 57.37
1238 0.763395361290599 57.38
1239 0.7633649605765149 57.39
1240 0.763335176425065 57.4
1241 0.7633058515840052 57.41
1242 0.7632769789706592 57.42
1243 0.7632491107105979 57.43
1244 0.7632219661879964 57.44
1245 0.7631956915708603 57.45
1246 0.7631703897209979 57.46
1247 0.7631461181879664 57.47
1248 0.763123011311383 57.48
1249 0.7631010995414422 57.49
1250 0.763080587201946 57.5
1251 0.7630614677367753 57.51
1252 0.763043865391287 57.52
1253 0.7630277879007188 57.53
1254 0.7630136349286913 57.54
1255 0.7630012246834167 57.55
1256 0.7629906488224002 57.56
1257 0.7629818911032346 57.57
1258 0.762974917388286 57.58
1259 0.762969979301055 57.59
1260 0.7629670448880264 57.6
1261 0.7629660481205712 57.61
1262 0.7629671178434021 57.62
1263 0.7629700527460742 57.63
1264 0.7629752295232775 57.64
1265 0.7629823963633031 57.65
1266 0.7629907162429841 57.66
1267 0.7630006432270269 57.67
1268 0.7630121253929548 57.68
1269 0.7630251676594578 57.69
1270 0.7630396548245719 57.7
1271 0.7630555923351453 57.71
1272 0.7630729726044487 57.72
1273 0.7630918951371344 57.73
1274 0.7631122756922576 57.74
1275 0.7631337650317694 57.75
1276 0.7631562103636124 57.76
1277 0.7631796130301384 57.77
1278 0.7632038146693569 57.78
1279 0.7632288548469419 57.79
1280 0.7632545789302481 57.8
1281 0.7632808602085122 57.81
1282 0.7633078791896031 57.82
1283 0.7633352371618634 57.83
1284 0.7633625196220709 57.84
1285 0.7633898033921999 57.85
1286 0.7634170612639325 57.86
1287 0.7634442453086664 57.87
1288 0.7634711413778682 57.88
1289 0.7634977151535239 57.89
1290 0.7635237638617794 57.9
1291 0.7635491142531786 57.91
1292 0.7635738402532856 57.92
1293 0.7635977444205283 57.93
1294 0.7636206977109555 57.94
1295 0.7636424874805854 57.95
1296 0.7636631454675096 57.96
1297 0.7636825732920685 57.97
1298 0.7637008738880289 57.98
1299 0.7637177280183725 57.99
1300 0.7637332130518774 58
1301 0.7637470215858556 58.01
1302 0.7637597628511834 58.02
1303 0.7637713103172967 58.03
1304 0.7637809407828909 58.04
1305 0.7637891125818088 58.05
1306 0.7637958206931678 58.06
1307 0.7638010637952112 58.07
1308 0.7638048296754976 58.08
1309 0.7638071129772994 58.09
1310 0.7638079085149057 58.1
1311 0.7638072862689586 58.11
1312 0.7638051979970163 58.12
1313 0.7638016680189137 58.13
1314 0.7637970109272642 58.14
1315 0.7637906845102048 58.15
1316 0.7637830082811481 58.16
1317 0.7637740219972623 58.17
1318 0.7637637427709608 58.18
1319 0.7637522026410931 58.19
1320 0.7637394452570188 58.2
1321 0.7637255158792305 58.21
1322 0.7637105920564022 58.22
1323 0.7636949361518232 58.23
1324 0.763678583213366 58.24
1325 0.763661520272411 58.25
1326 0.7636437558990838 58.26
1327 0.7636253309859296 58.27
1328 0.7636062635268018 58.28
1329 0.7635865868146091 58.29
1330 0.7635663417298595 58.3
1331 0.7635455389731385 58.31
1332 0.7635242415482689 58.32
1333 0.7635025027986122 58.33
1334 0.7634803611252479 58.34
1335 0.7634578652760801 58.35
1336 0.7634350657923286 58.36
1337 0.7634120205210648 58.37
1338 0.763388781287997 58.38
1339 0.7633653991334839 58.39
1340 0.7633419463478481 58.4
1341 0.7633184890336533 58.41
1342 0.7632950521499435 58.42
1343 0.7632718167775808 58.43
1344 0.763248744769443 58.44
1345 0.7632257543101121 58.45
1346 0.7632030421110398 58.46
1347 0.7631807307340277 58.47
1348 0.7631587758176587 58.48
1349 0.7631372161179352 58.49
1350 0.7631160177330208 58.5
1351 0.7630953115091145 58.51
1352 0.7630751959553913 58.52
1353 0.7630556992852865 58.53
1354 0.7630368014478549 58.54
1355 0.7630185956759749 58.55
1356 0.7630011214963405 58.56
1357 0.7629844439014726 58.57
1358 0.762968576550116 58.58
1359 0.7629535973159937 58.59
1360 0.7629395392786466 58.6
1361 0.7629264633954277 58.61
1362 0.7629144006161909 58.62
1363 0.762903368661057 58.63
1364 0.7628936038312073 58.64
1365 0.7628849470903152 58.65
1366 0.7628773714695627 58.66
1367 0.7628709086500078 58.67
1368 0.7628655767959672 58.68
1369 0.7628613823257027 58.69
1370 0.7628583385428267 58.7
1371 0.7628564515563573 58.71
1372 0.7628557335185142 58.72
1373 0.7628561900189482 58.73
1374 0.7628577990797286 58.74
1375 0.7628606676883238 58.75
1376 0.76286469806553 58.76
1377 0.7628698528546118 58.77
1378 0.762876127266065 58.78
1379 0.7628835266697548 58.79
1380 0.762891986556228 58.8
1381 0.7629014961627554 58.81
1382 0.7629120442264696 58.82
1383 0.7629235192421087 58.83
1384 0.7629358884438273 58.84
1385 0.7629493865198304 58.85
1386 0.7629634944110081 58.86
1387 0.7629783622687508 58.87
1388 0.7629939294790297 58.88
1389 0.763010765286451 58.89
1390 0.7630281818653913 58.9
1391 0.7630460960900055 58.91
1392 0.7630638765935901 58.92
1393 0.7630819990170716 58.93
1394 0.7631003816487103 58.94
1395 0.7631189345875961 58.95
1396 0.7631375798406608 58.96
1397 0.7631562322574588 58.97
1398 0.7631747779049332 58.98
1399 0.7631931890182289 58.99
1400 0.7632113729115545 59
1401 0.7632292829181636 59.01
1402 0.7632468237697025 59.02
1403 0.7632639096906986 59.03
1404 0.7632806379825118 59.04
1405 0.7632967934812867 59.05
1406 0.7633124547587716 59.06
1407 0.7633276286049941 59.07
1408 0.7633427465977113 59.08
1409 0.7633566722102303 59.09
1410 0.7633698069825507 59.1
1411 0.7633828860090613 59.11
1412 0.7633949434706409 59.12
1413 0.7634063271494183 59.13
1414 0.7634170424098367 59.14
1415 0.7634270717887032 59.15
1416 0.7634364184815075 59.16
1417 0.7634449496764865 59.17
1418 0.7634527740320656 59.18
1419 0.7634605340680665 59.19
1420 0.7634668347793993 59.2
1421 0.7634724118431829 59.21
1422 0.7634772684625364 59.22
1423 0.7634813948590708 59.23
1424 0.7634848018079299 59.24
1425 0.7634874793212933 59.25
1426 0.7634893992722759 59.26
1427 0.7634906283172472 59.27
1428 0.763491168697299 59.28
1429 0.763490961950913 59.29
1430 0.7634900631757315 59.3
1431 0.7634884490399712 59.31
1432 0.7634861420391883 59.32
1433 0.7634831346422596 59.33
1434 0.7634794365171811 59.34
1435 0.7634750284956859 59.35
1436 0.7634699700567307 59.36
1437 0.763464245980124 59.37
1438 0.7634578907564509 59.38
1439 0.7634508659029863 59.39
1440 0.763443238902011 59.4
1441 0.7634349747310939 59.41
1442 0.7634261222240069 59.42
1443 0.7634166564923238 59.43
1444 0.7634066253830268 59.44
1445 0.7633960060474718 59.45
1446 0.7633848471989988 59.46
1447 0.7633731434048767 59.47
1448 0.7633609347364538 59.48
1449 0.7633481988184934 59.49
1450 0.7633349877910948 59.5
1451 0.7633213493338884 59.51
1452 0.7633072137072074 59.52
1453 0.7632926150437351 59.53
1454 0.7632776628798311 59.54
1455 0.7632622565093204 59.55
1456 0.7632464921684636 59.56
1457 0.7632303624462644 59.57
1458 0.7632139904330891 59.58
1459 0.7631971785324717 59.59
1460 0.7631800356295442 59.6
1461 0.7631626860877357 59.61
1462 0.7631451286136858 59.62
1463 0.7631273410610249 59.63
1464 0.7631094675459402 59.64
1465 0.7630914396521611 59.65
1466 0.7630734515718852 59.66
1467 0.7630553152664695 59.67
1468 0.7630371314541142 59.68
1469 0.763019003399382 59.69
1470 0.7630009895394774 59.7
1471 0.7629831661446272 59.71
1472 0.7629655473153799 59.72
1473 0.7629481457230308 59.73
1474 0.7629310458095941 59.74
1475 0.7629138193515991 59.75
1476 0.7628974951109592 59.76
1477 0.7628815462970422 59.77
1478 0.7628660351284394 59.78
1479 0.7628511760951345 59.79
1480 0.7628366696523636 59.8
1481 0.7628227231986527 59.81
1482 0.762809375835326 59.82
1483 0.7627966377130615 59.83
1484 0.762784562217369 59.84
1485 0.7627730491439033 59.85
1486 0.7627624157160243 59.86
1487 0.762752461096861 59.87
1488 0.7627431017410451 59.88
1489 0.7627344085977077 59.89
1490 0.7627265430537158 59.9
1491 0.7627193850413246 59.91
1492 0.7627128931033116 59.92
1493 0.7627070932871911 59.93
1494 0.7627019858965742 59.94
1495 0.7626975912498026 59.95
1496 0.7626939068850302 59.96
1497 0.7626909551006317 59.97
1498 0.7626887073160078 59.98
1499 0.7626871997968047 59.99
1500 0.7626863942155937 60
