"frac-mass-co2-rfile"
"Time Step" "frac-mass-co2 etc.."
("Time Step" "frac-mass-co2" "flow-time")
0 0.001799619936178036 0
1 0.002616715838500101 0.1
2 0.003580856175325536 0.2
3 0.004529150276912424 0.3
4 0.005480867812080868 0.4
5 0.006564407490076429 0.5
6 0.007769294615710628 0.6000000000000001
7 0.008989827391984249 0.7000000000000001
8 0.01013517583987595 0.8
9 0.01118197646712113 0.9
10 0.01212685227932477 1
11 0.01298120410265901 1.1
12 0.01375968598968989 1.2
13 0.01448173343924976 1.3
14 0.01524699044005336 1.4
15 0.01595747822805936 1.5
16 0.01667181586389274 1.6
17 0.01742427411063613 1.7
18 0.01819430839943411 1.8
19 0.01898893613541913 1.9
20 0.0197979094277324 2
21 0.02061784658035354 2.1
22 0.02147134699300886 2.2
23 0.02233900464491477 2.3
24 0.0232166318936562 2.4
25 0.02410449406058034 2.5
26 0.02500207612708114 2.6
27 0.02590772175678545 2.7
28 0.02682176066086715 2.8
29 0.02774235092599667 2.9
30 0.02866802166412962 3
31 0.02959710730615069 3.1
32 0.03052772126871611 3.2
33 0.0314580907055172 3.3
34 0.03238653271107159 3.4
35 0.03331151732722814 3.5
36 0.03423064410154913 3.6
37 0.03514405092092148 3.7
38 0.03605109494640703 3.8
39 0.03695108848346457 3.9
40 0.03784420134168447 4
41 0.03873061161051029 4.100000000000001
42 0.039610909788598 4.2
43 0.04048572403216521 4.3
44 0.04135472222335933 4.4
45 0.04222050865520171 4.5
46 0.04308337651002961 4.600000000000001
47 0.04394430169782052 4.7
48 0.04480412974409722 4.800000000000001
49 0.04566392663159975 4.9
50 0.04652411585986008 5
51 0.04738520627064109 5.100000000000001
52 0.04824757315387972 5.2
53 0.04911156081748116 5.300000000000001
54 0.0499774684040231 5.4
55 0.0508454347027127 5.5
56 0.05171547462899591 5.600000000000001
57 0.0525875917876868 5.7
58 0.05346180750792436 5.800000000000001
59 0.05433792779003551 5.9
60 0.05521573037888355 6
61 0.0560951743975186 6.100000000000001
62 0.0569755405021718 6.2
63 0.05785686529288865 6.300000000000001
64 0.05873854668816674 6.4
65 0.05962043580849739 6.5
66 0.0605021340748219 6.600000000000001
67 0.06138348348842602 6.7
68 0.0622639886601473 6.800000000000001
69 0.0631433908255993 6.9
70 0.06402124121628415 7
71 0.06489765186678473 7.100000000000001
72 0.06577278465816037 7.2
73 0.0666451607756722 7.300000000000001
74 0.06751551445805283 7.4
75 0.06838374381526698 7.5
76 0.06925000428714316 7.600000000000001
77 0.07011396590526024 7.7
78 0.07097614403828235 7.800000000000001
79 0.07183665678267487 7.9
80 0.07269557205873514 8
81 0.07355315852200124 8.1
82 0.07440971849636799 8.200000000000001
83 0.07526547649698724 8.300000000000001
84 0.07612075091649854 8.4
85 0.07697566626453613 8.5
86 0.0778304910750789 8.6
87 0.07862119258269068 8.700000000000001
88 0.07947809216010293 8.800000000000001
89 0.08033533833841458 8.9
90 0.0811288540973653 9
91 0.08198770149872833 9.1
92 0.08284704752179581 9.200000000000001
93 0.08364182827500939 9.300000000000001
94 0.08450219031613658 9.4
95 0.08529449831643002 9.5
96 0.08615557114947821 9.600000000000001
97 0.08695069626508929 9.700000000000001
98 0.08781235754997316 9.800000000000001
99 0.08860447141997088 9.9
100 0.08946645399956105 10
101 0.09026105320365427 10.1
102 0.09112327867894314 10.2
103 0.09191527767347948 10.3
104 0.09277730168720232 10.4
105 0.09357184315616349 10.5
106 0.09443355518309733 10.6
107 0.09522601188665647 10.7
108 0.09608764501091681 10.8
109 0.09687973300603164 10.9
110 0.09774084633935885 11
111 0.09853042493001819 11.1
112 0.09938613473441819 11.2
113 0.1001751128194769 11.3
114 0.101035560407743 11.4
115 0.1018245613924368 11.5
116 0.1026787428665555 11.6
117 0.1034657499456792 11.7
118 0.1043194909692284 11.8
119 0.1051041323342074 11.9
120 0.1059572723374315 12
121 0.1067423820630623 12.1
122 0.1075945904628618 12.2
123 0.1083768814955173 12.3
124 0.1092281821129782 12.4
125 0.1100091252257014 12.5
126 0.1108594589393734 12.6
127 0.1116395472664892 12.7
128 0.1124883115773064 12.8
129 0.1132683936924726 12.9
130 0.1141158249568382 13
131 0.1148946555944219 13.1
132 0.115740929455382 13.2
133 0.1165184218320978 13.3
134 0.1173631010565249 13.4
135 0.1181394213799767 13.5
136 0.1189825938714465 13.6
137 0.1197560717313409 13.7
138 0.1205963592638893 13.8
139 0.1213649968631363 13.9
140 0.1222038803039618 14
141 0.1229725645748234 14.1
142 0.1237892697638751 14.2
143 0.124608205340363 14.3
144 0.1254426436140728 14.4
145 0.1262028028500484 14.5
146 0.1270336461200611 14.6
147 0.127792048470048 14.7
148 0.1286342011793002 14.8
149 0.1294450873571074 14.9
150 0.1302669425870191 15
151 0.1310142553445006 15.1
152 0.1318506833719977 15.2
153 0.1326484213160426 15.3
154 0.1334819486874478 15.4
155 0.1342716901909904 15.5
156 0.1350795200074921 15.6
157 0.1358578822681566 15.7
158 0.1366786770748595 15.8
159 0.1374497445689101 15.9
160 0.13823952778946 16
161 0.13899677379498 16.1
162 0.1397647658324438 16.2
163 0.1404983789980085 16.3
164 0.141236630793178 16.4
165 0.1419360352880953 16.5
166 0.1426316651135095 16.6
167 0.1432864789810241 16.7
168 0.1439306916472035 16.8
169 0.1445388164488736 16.9
170 0.1451333512186493 17
171 0.1456971800293194 17.1
172 0.1462452427827015 17.2
173 0.1467648082071165 17.3
174 0.1472521143322731 17.4
175 0.1477372717335027 17.5
176 0.1482004740230623 17.6
177 0.1486382618279023 17.7
178 0.149080483293163 17.8
179 0.1495029925943 17.9
180 0.149903811854722 18
181 0.1503067784322774 18.1
182 0.1506804441235803 18.2
183 0.1510368526740591 18.3
184 0.1513916261620524 18.4
185 0.1516983170372684 18.5
186 0.1519660440796233 18.6
187 0.152201464733751 18.7
188 0.1523769639213132 18.8
189 0.152514659672369 18.9
190 0.1526057160722873 19
191 0.1525729118868495 19.1
192 0.1525238057242699 19.2
193 0.1524746076851249 19.3
194 0.1524253095489576 19.4
195 0.1523759465154716 19.5
196 0.1523265932026599 19.6
197 0.1522772078118141 19.7
198 0.1522277805321472 19.8
199 0.1521783834889779 19.9
200 0.152129057944844 20
201 0.1520798438301155 20.1
202 0.1520307512800364 20.2
203 0.1519817382253537 20.3
204 0.1519328082127124 20.4
205 0.1518839347330671 20.5
206 0.1518350904172904 20.6
207 0.1517862466701813 20.7
208 0.1517407334246999 20.8
209 0.1516952244266431 20.9
210 0.151649714704666 21
211 0.1516042221748302 21.1
212 0.1515587670663493 21.2
213 0.1515132375655748 21.3
214 0.1514678871454269 21.4
215 0.1514224279519651 21.5
216 0.1513769154520888 21.6
217 0.1513315692354569 21.7
218 0.1512861577905887 21.8
219 0.1512406974204008 21.9
220 0.1511954543047669 22
221 0.1511502299248026 22.1
222 0.1511048693868862 22.2
223 0.1510595685776965 22.3
224 0.1510143029096574 22.4
225 0.1509690081101866 22.5
226 0.1509238137873619 22.6
227 0.150878521761153 22.7
228 0.1508334007147336 22.8
229 0.1507882410812084 22.9
230 0.1507430748398383 23
231 0.1506979153966574 23.1
232 0.1506528025059018 23.2
233 0.150607694909825 23.3
234 0.1505626942400849 23.4
235 0.1505176110119751 23.5
236 0.1504725395750236 23.6
237 0.1504275949042889 23.7
238 0.150382723327252 23.8
239 0.1503378505097464 23.9
240 0.1502930201243278 24
241 0.1502481028043275 24.1
242 0.1502032836422925 24.2
243 0.1501584509176277 24.3
244 0.1501137065980501 24.4
245 0.1500688362711243 24.5
246 0.1500241278329491 24.6
247 0.1499793718032095 24.7
248 0.1499347328640672 24.8
249 0.1498901285379244 24.9
250 0.1498455081549545 25
251 0.149800880459361 25.1
252 0.1497562594388203 25.2
253 0.1497115727965407 25.3
254 0.1496670220577035 25.4
255 0.1496224104714368 25.5
256 0.1495777629284921 25.6
257 0.1495332723687412 25.7
258 0.1494887336847478 25.8
259 0.1494443142015184 25.9
260 0.1493999115140705 26
261 0.1493554078630055 26.1
262 0.1493110254139813 26.2
263 0.1492666288675853 26.3
264 0.1492222219980497 26.4
265 0.1491779049609796 26.5
266 0.1491335369953085 26.6
267 0.1490893168799118 26.7
268 0.1490450665990038 26.8
269 0.14900084729356 26.9
270 0.1489566662451386 27
271 0.1489124146367789 27.1
272 0.1488681401061012 27.2
273 0.1488239129395352 27.3
274 0.1487797415597455 27.4
275 0.1487355652586999 27.5
276 0.1486914148685898 27.6
277 0.1486473688000623 27.7
278 0.1486032203738921 27.8
279 0.1485592150244092 27.9
280 0.1485152454122082 28
281 0.1484713309799719 28.1
282 0.1484272509675372 28.2
283 0.1483832953736686 28.3
284 0.1483394056818699 28.4
285 0.1482954049159019 28.5
286 0.1482514501898598 28.6
287 0.1482075407458507 28.7
288 0.1481637372905897 28.8
289 0.1481198798513737 28.9
290 0.148075955204258 29
291 0.1480320907856927 29.1
292 0.1479883523693981 29.2
293 0.1479446245709702 29.3
294 0.1479008398611314 29.4
295 0.1478570342191915 29.5
296 0.1478132866476046 29.6
297 0.1477695760699583 29.7
298 0.147725932180543 29.8
299 0.1476822323768774 29.9
300 0.1476386715277263 30
301 0.1475950556193603 30.1
302 0.147551477247075 30.2
303 0.1475079134476748 30.3
304 0.1474643839779763 30.4
305 0.1474208381200731 30.5
306 0.1473773078798614 30.6
307 0.1473338092662891 30.7
308 0.1472903324183345 30.8
309 0.1472469692636345 30.9
310 0.1472035646832611 31
311 0.1471601981762212 31.1
312 0.1471169005677422 31.2
313 0.1470736205710067 31.3
314 0.1470303380778318 31.4
315 0.1469871110013625 31.5
316 0.146943797757917 31.6
317 0.1469006220882756 31.7
318 0.1468575027705736 31.8
319 0.1468143533727828 31.9
320 0.1467711256914107 32
321 0.1467279516043912 32.1
322 0.1466847153445633 32.2
323 0.1466416329205945 32.3
324 0.1465984733076542 32.4
325 0.1465554292356969 32.5
326 0.1465124261788185 32.6
327 0.1464693611035772 32.7
328 0.1464262820068401 32.8
329 0.1463832596307746 32.9
330 0.146340308629952 33
331 0.1462973134515696 33.1
332 0.146254398864278 33.2
333 0.1462115871677184 33.3
334 0.1461688386921421 33.4
335 0.1461260215932219 33.5
336 0.1460832728070433 33.6
337 0.1460404545759966 33.7
338 0.1459976658513647 33.8
339 0.1459547962682864 33.9
340 0.1459119596278871 34
341 0.1458691302204609 34.1
342 0.1458263714085909 34.2
343 0.1457836712157813 34.3
344 0.1457409552608969 34.4
345 0.1456984014096004 34.5
346 0.1456557308485388 34.6
347 0.1456131502020326 34.7
348 0.14557050955144 34.8
349 0.1455280087157316 34.9
350 0.1454823583456392 35
351 0.1454398800301444 35.1
352 0.1453973960587488 35.2
353 0.1453549773761339 35.3
354 0.1453124686788826 35.4
355 0.1452699610392025 35.5
356 0.1452275371488437 35.6
357 0.1451852311710428 35.7
358 0.1451429164970496 35.8
359 0.1451006076139697 35.9
360 0.1450581691531057 36
361 0.1450158179169575 36.1
362 0.1449735364075443 36.2
363 0.1449281900682226 36.3
364 0.1448859828008013 36.4
365 0.1448436678876464 36.5
366 0.1448013762621647 36.6
367 0.1447590850626042 36.7
368 0.1447169335068975 36.8
369 0.1446748138058971 36.9
370 0.1446326549519308 37
371 0.1445904943935742 37.1
372 0.1445483329539405 37.2
373 0.1445061064858516 37.3
374 0.1444639289173361 37.4
375 0.1444219702479465 37.5
376 0.1443798757961289 37.6
377 0.1443377252004245 37.7
378 0.1442957354043448 37.8
379 0.1442537406693185 37.9
380 0.1442118534995545 38
381 0.1441699844099815 38.1
382 0.1441279652134231 38.2
383 0.1440860575769897 38.3
384 0.1440441451989672 38.40000000000001
385 0.1440023607716472 38.5
386 0.1439605118953011 38.6
387 0.1439187973383431 38.7
388 0.1438770601142816 38.8
389 0.1438352328771306 38.90000000000001
390 0.1437935552280095 39
391 0.1437517504379775 39.1
392 0.1437100578283719 39.2
393 0.1436683870873841 39.3
394 0.1436267242090235 39.40000000000001
395 0.1435849742858373 39.5
396 0.1435434241488789 39.6
397 0.1435017819372211 39.7
398 0.1434602167752209 39.8
399 0.1434186649703005 39.90000000000001
400 0.1433771438948873 40
401 0.143335632344295 40.1
402 0.1432940736446329 40.2
403 0.1432526765247901 40.3
404 0.1432111692523679 40.40000000000001
405 0.1431697106307326 40.5
406 0.1431282280129455 40.6
407 0.1430867954460225 40.7
408 0.143045479372428 40.8
409 0.1430039816678827 40.90000000000001
410 0.1429626293204733 41
411 0.1429212083606471 41.1
412 0.1428799563448334 41.2
413 0.142838623071142 41.3
414 0.1427973180571029 41.40000000000001
415 0.1427561568976223 41.5
416 0.1427149639563552 41.6
417 0.1426738155981907 41.7
418 0.1426325666410539 41.8
419 0.1425913264837938 41.90000000000001
420 0.1425501570851141 42
421 0.142508983024468 42.1
422 0.1424677880896869 42.2
423 0.1424237809008134 42.3
424 0.1423827035533055 42.40000000000001
425 0.1423416357552705 42.5
426 0.1423006448664427 42.6
427 0.1422596461617455 42.7
428 0.1422186337648978 42.8
429 0.1421776732333259 42.90000000000001
430 0.1421367179153989 43
431 0.1420956454764365 43.1
432 0.1420547113461225 43.2
433 0.1420137931127116 43.3
434 0.1419729511682076 43.40000000000001
435 0.1419320355035458 43.5
436 0.1418912558448604 43.6
437 0.1418504482690966 43.7
438 0.1418095692237011 43.8
439 0.1417688335590789 43.90000000000001
440 0.1417281381483454 44
441 0.1416874316322735 44.1
442 0.1416466832013437 44.2
443 0.1416060006323671 44.3
444 0.1415653349324251 44.40000000000001
445 0.1415247018175962 44.5
446 0.1414840861465234 44.6
447 0.1414434597015931 44.7
448 0.1414027934927705 44.8
449 0.1413622595397693 44.90000000000001
450 0.1413216646310098 45
451 0.1412811346492317 45.1
452 0.1412405718960102 45.2
453 0.1412000897157193 45.3
454 0.1411595216705047 45.40000000000001
455 0.1411190660859273 45.5
456 0.1410786480628712 45.6
457 0.141038184244135 45.7
458 0.1409977496225822 45.8
459 0.140957370541476 45.90000000000001
460 0.1409170477218161 46
461 0.140876658838589 46.1
462 0.1408361913746628 46.2
463 0.1407958933430611 46.3
464 0.1407556427005807 46.40000000000001
465 0.1407154239328633 46.5
466 0.1406752234678857 46.6
467 0.1406350465014483 46.7
468 0.1405948705282603 46.8
469 0.1405546981979756 46.90000000000001
470 0.1405145284677163 47
471 0.1404743175875127 47.1
472 0.1404342598472016 47.2
473 0.1403941884931831 47.3
474 0.1403540506770171 47.40000000000001
475 0.1403139835629074 47.5
476 0.1402739886807922 47.6
477 0.140233981525154 47.7
478 0.1401939480497414 47.8
479 0.1401540036694115 47.90000000000001
480 0.1401139966523216 48
481 0.1400740523035905 48.1
482 0.1400341039793107 48.2
483 0.1399942029770949 48.3
484 0.1399542947054599 48.40000000000001
485 0.1399144195416374 48.5
486 0.139874544809958 48.6
487 0.1398346850258627 48.7
488 0.1397947719633577 48.8
489 0.1397550118186498 48.90000000000001
490 0.1397151996229813 49
491 0.1396753539282224 49.1
492 0.139635500883408 49.2
493 0.1395957778403461 49.3
494 0.1395560964640628 49.40000000000001
495 0.1395164566379505 49.5
496 0.1394767906324726 49.6
497 0.1394371469949194 49.7
498 0.1393974306803342 49.8
499 0.1393578569938711 49.90000000000001
500 0.1393183490404133 50
501 0.1393140871872888 50.01
502 0.1393097767668871 50.02
503 0.1393054086969068 50.03
504 0.1393009979346631 50.04
505 0.1392965236383413 50.05
506 0.1392919726909693 50.06
507 0.139287335977338 50.07
508 0.1392826523915092 50.08
509 0.1392779459219028 50.09
510 0.1392732179683105 50.1
511 0.1392684558710216 50.11
512 0.1392636357155262 50.12
513 0.1392587276423592 50.13
514 0.1392536979032969 50.14
515 0.1392485120271712 50.15
516 0.1392431334778192 50.16
517 0.139237518860264 50.17
518 0.1392316544861322 50.18
519 0.1392255323824632 50.19
520 0.1392191536599499 50.2
521 0.1392125124176467 50.21
522 0.1392055883898019 50.22
523 0.1391983431191453 50.23
524 0.1391907535152386 50.24
525 0.1391827910587658 50.25
526 0.1391744320163648 50.26
527 0.139165672661115 50.27
528 0.1391564735071265 50.28
529 0.139146811710278 50.29
530 0.1391366836375585 50.3
531 0.1391260535536318 50.31
532 0.1391148994045462 50.32
533 0.1391032109599645 50.33
534 0.1390909572477308 50.34
535 0.1390780985625027 50.35
536 0.1390646293491203 50.36
537 0.1390505200868189 50.37
538 0.139035716845937 50.38
539 0.139020210525104 50.39
540 0.1390039715427341 50.4
541 0.1389869641581187 50.41
542 0.1389704625523161 50.42
543 0.1389582880318472 50.43
544 0.1389603228488994 50.44
545 0.1389621609350396 50.45
546 0.1389747801795421 50.46
547 0.1390620670848705 50.47
548 0.1391719353863119 50.48
549 0.1393075825316186 50.49
550 0.139436755600819 50.5
551 0.1395468475226198 50.51
552 0.1395716939437175 50.52
553 0.1395860124496992 50.53
554 0.1395985124525 50.54
555 0.1396974653886574 50.55
556 0.1396310791463747 50.56
557 0.1393358440834467 50.57
558 0.1387104466113147 50.58
559 0.1378702295684882 50.59
560 0.1368722951435912 50.6
561 0.1356666603296824 50.61
562 0.1341843493201786 50.62
563 0.1324117761821425 50.63
564 0.1302734803514737 50.64
565 0.127788452003791 50.65
566 0.1252596279912007 50.66
567 0.12302126279253 50.67
568 0.1213470875863555 50.68
569 0.1201960393741368 50.69
570 0.1193899938733994 50.7
571 0.118781682607091 50.71
572 0.1182808138203373 50.72
573 0.1178437604943712 50.73
574 0.1174716841829815 50.74
575 0.1172129952240038 50.75
576 0.1171249818884178 50.76
577 0.1172678376645891 50.77
578 0.1176806086029454 50.78
579 0.1183672038519811 50.79
580 0.1193169493689685 50.8
581 0.1205092885815265 50.81
582 0.1219208671966556 50.82
583 0.1235236648471053 50.83
584 0.1252895427728586 50.84
585 0.1271883546589584 50.85
586 0.1291901977780206 50.86
587 0.1312513810799317 50.87
588 0.1333445529496545 50.88
589 0.13542907638999 50.89
590 0.1374306626490093 50.9
591 0.1393490633510684 50.91
592 0.1411061904639984 50.92
593 0.1426956720426515 50.93
594 0.1441073322498221 50.94
595 0.1453289290474306 50.95
596 0.1463689209570235 50.96
597 0.1472262534952323 50.97
598 0.1478952210360427 50.98
599 0.1483866099927649 50.99
600 0.1487216758562929 51
601 0.1489101314678463 51.01
602 0.1489889018759342 51.02
603 0.1489883012881254 51.03
604 0.1489369581546009 51.04
605 0.1488686734306003 51.05
606 0.1488044114604159 51.06
607 0.1487369483257228 51.07
608 0.1486613551704009 51.08
609 0.1485807971048109 51.09
610 0.1485065013363702 51.1
611 0.1484208277400181 51.11
612 0.1483030602251814 51.12
613 0.1481690574158751 51.13
614 0.148012287840611 51.14
615 0.1478282945817073 51.15
616 0.1475932329934658 51.16
617 0.1472793420789708 51.17
618 0.1468370398271161 51.18
619 0.1462175104127426 51.19
620 0.1453824807553434 51.2
621 0.144283182697182 51.21
622 0.1428703385379569 51.22
623 0.1411131286064764 51.23
624 0.1389687222536026 51.24
625 0.1363743824426688 51.25
626 0.1333996204904688 51.26
627 0.1301515176460376 51.27
628 0.1267452758615954 51.28
629 0.1232598389254851 51.29
630 0.1197548847406753 51.3
631 0.1162258461719109 51.31
632 0.1127118922803934 51.32
633 0.1092390195237102 51.33
634 0.1058199693135233 51.34
635 0.1024968122058695 51.35
636 0.09932494513977981 51.36
637 0.09629308325020236 51.37
638 0.09340996526748929 51.38
639 0.09066916126835657 51.39
640 0.08802463718393025 51.4
641 0.08546835838744052 51.41
642 0.08296134677654464 51.42
643 0.0804845982965805 51.43
644 0.07806017110042258 51.44
645 0.07567693502603061 51.45
646 0.07334210689235279 51.46
647 0.07108789670341754 51.47
648 0.06894133132398983 51.48
649 0.06691661691785072 51.49
650 0.06503395611506338 51.5
651 0.06329168236537933 51.51
652 0.06168146697833227 51.52
653 0.06020279914052932 51.53
654 0.05884822205636547 51.54
655 0.05761018218466052 51.55
656 0.05648137934927572 51.56
657 0.05545476241052107 51.57
658 0.05452341487931565 51.58
659 0.05368060546579727 51.59
660 0.05292021761857764 51.6
661 0.0522366291635198 51.61
662 0.051624426287959 51.62
663 0.05107885194611528 51.63
664 0.0505953526263333 51.64
665 0.05016982801145521 51.65
666 0.04979832647752982 51.66
667 0.04947742138883308 51.67
668 0.0492039148242933 51.68
669 0.04897489937352607 51.69
670 0.04878765875046217 51.7
671 0.04864420620606943 51.71
672 0.04853702322201024 51.72
673 0.04846394571664188 51.73
674 0.04842295415457393 51.74
675 0.04841200254754242 51.75
676 0.0484292437299841 51.76
677 0.04847272875755794 51.77
678 0.04854059113339464 51.78
679 0.04863103963248003 51.79
680 0.0487422133973554 51.8
681 0.04887237721107868 51.81
682 0.04901994313179777 51.82
683 0.04918320733912986 51.83
684 0.0493604355059196 51.84
685 0.04955024765818167 51.85
686 0.04975098510217101 51.86
687 0.04996154871314383 51.87
688 0.05017792449913674 51.88
689 0.05040233080403203 51.89
690 0.05063325981417451 51.9
691 0.05086960818357011 51.91
692 0.051110651214173 51.92
693 0.05135575947049596 51.93
694 0.05160448145567006 51.94
695 0.05185622690283707 51.95
696 0.05211095565608395 51.96
697 0.05236818143412798 51.97
698 0.05262766617080106 51.98
699 0.05288932428525466 51.99
700 0.05315291646512803 52
701 0.05341854293275583 52.01
702 0.05368702983552313 52.02
703 0.05395353248646866 52.03
704 0.05422241662208177 52.04
705 0.05449253945670983 52.05
706 0.05476475267855361 52.06
707 0.05503919144209938 52.07
708 0.05531591750855862 52.08
709 0.05559654180568551 52.09
710 0.05588035796411667 52.1
711 0.05616692063668317 52.11
712 0.05645617255321001 52.12
713 0.05674932394309773 52.13
714 0.05704498867633108 52.14
715 0.05734340238107882 52.15
716 0.05763824069394333 52.16
717 0.05791150013259058 52.17
718 0.05817548453919619 52.18
719 0.05840929020393013 52.19
720 0.058600857361655 52.2
721 0.0587420565133155 52.21
722 0.05881638835639277 52.22
723 0.0588064984099834 52.23
724 0.05869396172589208 52.24
725 0.05846065938741873 52.25
726 0.05809804151976616 52.26
727 0.0575896909933528 52.27
728 0.05692402459438965 52.28
729 0.05613947803821388 52.29
730 0.05528609158589166 52.3
731 0.05437922317279689 52.31
732 0.05340327032088925 52.32
733 0.05239589320873999 52.33
734 0.05135422146931819 52.34
735 0.05028898254103769 52.35
736 0.04920594267984135 52.36
737 0.048110971909395 52.37
738 0.04701561459062335 52.38
739 0.04591953263943344 52.39
740 0.04482818773453047 52.4
741 0.04374768722420359 52.41
742 0.0426851964242057 52.42
743 0.04163792194259849 52.43
744 0.04061431596519408 52.44
745 0.03962668993703754 52.45
746 0.03866875914075326 52.46
747 0.03774448618063495 52.47
748 0.03685718254332112 52.48
749 0.03600944847347676 52.49
750 0.03520262494669026 52.5
751 0.03443729737031179 52.51
752 0.03371297572331314 52.52
753 0.03303219967766544 52.53
754 0.0323914969354164 52.54
755 0.03178973705976083 52.55
756 0.03122539172632786 52.56
757 0.03069704887096972 52.57
758 0.03020295875120209 52.58
759 0.02974170788413312 52.59
760 0.02931209600358217 52.6
761 0.02891173329971555 52.61
762 0.02854096868427736 52.62
763 0.02819673282502874 52.63
764 0.02787983508490591 52.64
765 0.02758633101556944 52.65
766 0.02731737891500306 52.66
767 0.02707206736232158 52.67
768 0.02684955818934324 52.68
769 0.02664907739525287 52.69
770 0.02646989241796799 52.7
771 0.02631134993133365 52.71
772 0.02617274635908827 52.72
773 0.02605353161941161 52.73
774 0.02595315642176591 52.74
775 0.02587105730452399 52.75
776 0.02580670590390652 52.76
777 0.025759528453602 52.77
778 0.02572895189921714 52.78
779 0.0257143933651842 52.79
780 0.02571523906319028 52.8
781 0.02573087399067469 52.81
782 0.02576062358000657 52.82
783 0.02580381589075771 52.83
784 0.02585976470984943 52.84
785 0.02592775830364292 52.85
786 0.0260070813768693 52.86
787 0.02609700629011928 52.87
788 0.02619680017255651 52.88
789 0.02630575288252379 52.89
790 0.02642313924010201 52.9
791 0.02654825867713316 52.91
792 0.02668047516050743 52.92
793 0.0268191560745532 52.93
794 0.02696365682569792 52.94
795 0.02711348129446039 52.95
796 0.02726810951136027 52.96
797 0.02742714774760652 52.97
798 0.02759018731543299 52.98
799 0.02775692948879952 52.99
800 0.02792705763763801 53
801 0.02810022302216226 53.01
802 0.02827618484630847 53.02
803 0.02845484297907438 53.03
804 0.02863610735618255 53.04
805 0.0288197595725764 53.05
806 0.02900653115177715 53.06
807 0.02919270648876697 53.07
808 0.02938170134519728 53.08
809 0.02957300792638913 53.09
810 0.02976664131722323 53.1
811 0.0299627314466188 53.11
812 0.03016132429963831 53.12
813 0.03036240322997444 53.13
814 0.03056568773185011 53.14
815 0.03077186610641634 53.15
816 0.03098075991370289 53.16
817 0.03119257401568091 53.17
818 0.0314073118313616 53.18
819 0.03162480743507102 53.19
820 0.03184490366821909 53.2
821 0.03206795150526399 53.21
822 0.03229334790086788 53.22
823 0.0325208528592936 53.23
824 0.03274972799474731 53.24
825 0.03297887949991276 53.25
826 0.03320078602754731 53.26
827 0.03341253181119862 53.27
828 0.03359488062996253 53.28
829 0.03374417205622247 53.29
830 0.03385307392065058 53.3
831 0.03391026197871327 53.31
832 0.0339094935644197 53.32
833 0.03384285912679846 53.33
834 0.03370438040312422 53.34
835 0.03349009439757463 53.35
836 0.03322216708789657 53.36
837 0.0329145116100759 53.37
838 0.03255585508749563 53.38
839 0.0321466433510303 53.39
840 0.03169397586382341 53.4
841 0.03120838894628354 53.41
842 0.03070742381747893 53.42
843 0.03019210259366564 53.43
844 0.02966666503521534 53.44
845 0.0291334603133127 53.45
846 0.02859537433170658 53.46
847 0.02805293851831948 53.47
848 0.02751164626310952 53.48
849 0.0269742500546274 53.49
850 0.02645160351757755 53.5
851 0.02593729571082532 53.51
852 0.02543403530913163 53.52
853 0.02494436073936245 53.53
854 0.02447044819086778 53.54
855 0.02401365695768298 53.55
856 0.02357603917677279 53.56
857 0.02315839353104109 53.57
858 0.02276185309520541 53.58
859 0.02238606522995367 53.59
860 0.02203102867462139 53.6
861 0.02169655841455297 53.61
862 0.02138228692792237 53.62
863 0.02108911035819264 53.63
864 0.02081563753858105 53.64
865 0.02056089755153806 53.65
866 0.0203252516904996 53.66
867 0.02010702971110082 53.67
868 0.0199056761970089 53.68
869 0.0197205744074399 53.69
870 0.01955125911864368 53.7
871 0.01939603030774924 53.71
872 0.01925566083574761 53.72
873 0.01912968574005505 53.73
874 0.01901893380763254 53.74
875 0.01891802227917058 53.75
876 0.01883123195348602 53.76
877 0.0187585353345662 53.77
878 0.01869825712234051 53.78
879 0.01865007421533259 53.79
880 0.01861243839372651 53.8
881 0.0185876125494294 53.81
882 0.01857393935505027 53.82
883 0.01856987279067016 53.83
884 0.01857768448246465 53.84
885 0.0185944124117346 53.85
886 0.01862106882823945 53.86
887 0.01865726486157773 53.87
888 0.01870264098457775 53.88
889 0.01875681192125762 53.89
890 0.01881937448924917 53.9
891 0.01888994187867546 53.91
892 0.01896810678784694 53.92
893 0.01905345786202873 53.93
894 0.01914557286800561 53.94
895 0.01924406720533166 53.95
896 0.01934853354098884 53.96
897 0.01945952153700753 53.97
898 0.01957454964817254 53.98
899 0.01969541539644638 53.99
900 0.01981964788286009 54
901 0.0199481059731865 54.01
902 0.02008121193255805 54.02
903 0.02021764184301141 54.03
904 0.02035723779249268 54.04
905 0.02049982786471175 54.05
906 0.02064522847217286 54.06
907 0.02079322332324341 54.07
908 0.02094374738611992 54.08
909 0.02109664378896124 54.09
910 0.02124964198937417 54.1
911 0.02140523101322885 54.11
912 0.0215631065016415 54.12
913 0.02172327184552742 54.13
914 0.02188573678032834 54.14
915 0.02205039670058977 54.15
916 0.02221693528260415 54.16
917 0.02238542315592148 54.17
918 0.02255591627473261 54.18
919 0.02272825952600166 54.19
920 0.02290260261194191 54.2
921 0.02307894242058597 54.21
922 0.02325753517836443 54.22
923 0.02343837948519525 54.23
924 0.02362163812025337 54.24
925 0.02380718031120099 54.25
926 0.02399501488143459 54.26
927 0.0241851129929021 54.27
928 0.02437724768224702 54.28
929 0.02457146869173136 54.29
930 0.02476786648604811 54.3
931 0.0249645006801519 54.31
932 0.02515424333802625 54.32
933 0.02532731960052607 54.33
934 0.02548123750713151 54.34
935 0.02561074475230059 54.35
936 0.02571094940118334 54.36
937 0.025775899123105 54.37
938 0.02580036608081306 54.38
939 0.0257798478738763 54.39
940 0.0257215786856092 54.4
941 0.02563864278847091 54.41
942 0.02551980935105318 54.42
943 0.02538022657544548 54.43
944 0.02520986607381672 54.44
945 0.02502168746900111 54.45
946 0.02481666046292632 54.46
947 0.02459335150281916 54.47
948 0.02435504681298229 54.48
949 0.02410314610550381 54.49
950 0.0238394692068064 54.5
951 0.02356575033789872 54.51
952 0.02328391986972582 54.52
953 0.02300106867805284 54.53
954 0.02271333773159327 54.54
955 0.02242384007211714 54.55
956 0.0221327670116582 54.56
957 0.02184217994896162 54.57
958 0.02155394270764227 54.58
959 0.02126928544485611 54.59
960 0.02098970656444722 54.6
961 0.02071689098769193 54.61
962 0.02045227377499296 54.62
963 0.02019696041144414 54.63
964 0.01995180808419919 54.64
965 0.01971733142830722 54.65
966 0.01949391126172038 54.66
967 0.01928167954986295 54.67
968 0.01908088564594757 54.68
969 0.01889160200841013 54.69
970 0.01871380963628235 54.7
971 0.0185473031804682 54.71
972 0.01839211657673113 54.72
973 0.01824806363439399 54.73
974 0.01811510710985208 54.74
975 0.01799299681367896 54.75
976 0.01788166038838702 54.76
977 0.01778097460259795 54.77
978 0.01769068678989694 54.78
979 0.01761059883203988 54.79
980 0.01754237512200721 54.8
981 0.01748212474202837 54.81
982 0.01743166500370272 54.82
983 0.01739069859426328 54.83
984 0.01735908842700394 54.84
985 0.01733662499297658 54.85
986 0.01732310003373703 54.86
987 0.01731835732239712 54.87
988 0.01732213966541263 54.88
989 0.0173342343626669 54.89
990 0.01735441190311832 54.9
991 0.01738241510337817 54.91
992 0.01741801730616106 54.92
993 0.01746097780263445 54.93
994 0.01751104366818951 54.94
995 0.01756796213418763 54.95
996 0.01763147049815932 54.96
997 0.01770129585933192 54.97
998 0.01777715936311277 54.98
999 0.01785879026781497 54.99
1000 0.01794593277229484 55
1001 0.0180382391252818 55.01
1002 0.01813545907656893 55.02
1003 0.0182377558520662 55.03
1004 0.01834443023207026 55.04
1005 0.01845519207402577 55.05
1006 0.01856987939671516 55.06
1007 0.01868816624184982 55.07
1008 0.01880983821537604 55.08
1009 0.01893464975936388 55.09
1010 0.01906248033445821 55.1
1011 0.01919310756284678 55.11
1012 0.01932637947054607 55.12
1013 0.01946219748244414 55.13
1014 0.01960041899107785 55.14
1015 0.01974091421961107 55.15
1016 0.01988357010737844 55.16
1017 0.02002826811456767 55.17
1018 0.02017476261816586 55.18
1019 0.0203229379177812 55.19
1020 0.02046988731399726 55.2
1021 0.02061815183454107 55.21
1022 0.02076765292602026 55.22
1023 0.02091831432134274 55.23
1024 0.02107002516989475 55.24
1025 0.02122273440696867 55.25
1026 0.02137649393303821 55.26
1027 0.02153110635189267 55.27
1028 0.02168652157433384 55.28
1029 0.02184270810740269 55.29
1030 0.02199954258567008 55.3
1031 0.0221571621090921 55.31
1032 0.02231635042724818 55.32
1033 0.02247505740115314 55.33
1034 0.0226315304144801 55.34
1035 0.02278241039086147 55.35
1036 0.02292558276117467 55.36
1037 0.02306003782286036 55.37
1038 0.02318696627269765 55.38
1039 0.02330279863757766 55.39
1040 0.0234050662649032 55.4
1041 0.02349133164277021 55.41
1042 0.02355997984732019 55.42
1043 0.02361070747124153 55.43
1044 0.02364190751792972 55.44
1045 0.02364287332417593 55.45
1046 0.02362526177556813 55.46
1047 0.02359579572702404 55.47
1048 0.02355222964955789 55.48
1049 0.02349529421025609 55.49
1050 0.02342525092901516 55.5
1051 0.02334212861507396 55.51
1052 0.02324619086915081 55.52
1053 0.02313865604262725 55.53
1054 0.02302050109137588 55.54
1055 0.02289141535137009 55.55
1056 0.02275318605370801 55.56
1057 0.02260791715906993 55.57
1058 0.02245482651874745 55.58
1059 0.02229459284087907 55.59
1060 0.02212823826622166 55.6
1061 0.02195566961394684 55.61
1062 0.02177913581078775 55.62
1063 0.02160006782552167 55.63
1064 0.02141936496114606 55.64
1065 0.02123814151736165 55.65
1066 0.02105776703301018 55.66
1067 0.02087926117062983 55.67
1068 0.02070362735889132 55.68
1069 0.02053199252824558 55.69
1070 0.02036527144593418 55.7
1071 0.0202041714970662 55.71
1072 0.02004922435170786 55.72
1073 0.019900889650885 55.73
1074 0.01975950119165016 55.74
1075 0.01962527116436151 55.75
1076 0.01949836486160058 55.76
1077 0.01937891512298144 55.77
1078 0.01926718954607436 55.78
1079 0.01916333380427153 55.79
1080 0.01906736115628888 55.8
1081 0.01897932023782738 55.81
1082 0.01890047160897988 55.82
1083 0.01882946203637567 55.83
1084 0.01876632385219064 55.84
1085 0.01871099782563093 55.85
1086 0.01866348476442342 55.86
1087 0.01862361437807076 55.87
1088 0.01859133086912396 55.88
1089 0.01856653937522196 55.89
1090 0.01854912721604202 55.9
1091 0.01853897149779105 55.91
1092 0.01853593841876608 55.92
1093 0.0185399132099412 55.93
1094 0.01855096374033598 55.94
1095 0.01856872639506793 55.95
1096 0.01859305113128765 55.96
1097 0.01862376113804162 55.97
1098 0.0186607058632686 55.98
1099 0.01870366926486127 55.99
1100 0.01875510276431537 56
1101 0.01881210634313225 56.01
1102 0.01887320478488724 56.02
1103 0.01893974481826912 56.03
1104 0.01901145820826316 56.04
1105 0.01908814139856644 56.05
1106 0.01916960330619406 56.06
1107 0.01925560632546839 56.07
1108 0.01934599163314223 56.08
1109 0.01944050725500393 56.09
1110 0.01953896496427532 56.1
1111 0.01964116123946445 56.11
1112 0.01974689510378142 56.12
1113 0.01985597310282485 56.13
1114 0.0199678954847158 56.14
1115 0.02008245399138816 56.15
1116 0.02019790928011707 56.16
1117 0.02031600723148278 56.17
1118 0.02043660897408701 56.18
1119 0.02055940397609063 56.19
1120 0.02068420029882454 56.2
1121 0.02081052138598132 56.21
1122 0.02093845168236752 56.22
1123 0.02106739213351411 56.23
1124 0.02119734779116283 56.24
1125 0.02132790342458338 56.25
1126 0.02145897937518906 56.26
1127 0.02159038788786013 56.27
1128 0.02172187409081698 56.28
1129 0.02185327401755201 56.29
1130 0.02198438326588879 56.3
1131 0.02211502384784316 56.31
1132 0.02224510448025954 56.32
1133 0.02237423310515712 56.33
1134 0.02250232454124901 56.34
1135 0.02262901435060217 56.35
1136 0.02275381180048315 56.36
1137 0.02287639841905711 56.37
1138 0.02299648079652243 56.38
1139 0.02311351199213418 56.39
1140 0.02322682162051161 56.4
1141 0.02333541316842263 56.41
1142 0.02343861020744379 56.42
1143 0.02353526681757316 56.43
1144 0.0236241950868691 56.44
1145 0.02370576475940338 56.45
1146 0.02377946171039147 56.46
1147 0.02384496925990073 56.47
1148 0.02390125247671124 56.48
1149 0.02394829309795291 56.49
1150 0.02398536618762028 56.5
1151 0.02401332945012887 56.51
1152 0.02403116619645586 56.52
1153 0.02403803704150656 56.53
1154 0.02403369507367014 56.54
1155 0.02401800147124527 56.55
1156 0.02399120168132834 56.56
1157 0.02395442196717109 56.57
1158 0.02390789892493223 56.58
1159 0.02385155186752132 56.59
1160 0.02378558630254764 56.6
1161 0.02371189388693367 56.61
1162 0.02363085786716229 56.62
1163 0.02354266516946039 56.63
1164 0.02344787063015303 56.64
1165 0.02334671752943566 56.65
1166 0.02323987941972811 56.66
1167 0.02312772159226321 56.67
1168 0.02301097718181616 56.68
1169 0.02289012066167471 56.69
1170 0.02276745589454457 56.7
1171 0.02264282763321853 56.71
1172 0.02251596454380008 56.72
1173 0.02238656867868739 56.73
1174 0.02225638938983935 56.74
1175 0.02212647130860471 56.75
1176 0.02199740608716661 56.76
1177 0.02187001226681789 56.77
1178 0.02174506836099326 56.78
1179 0.02162317267054269 56.79
1180 0.02150486388956235 56.8
1181 0.02139065013119388 56.81
1182 0.02128082367683281 56.82
1183 0.02117572412804926 56.83
1184 0.02107577567509508 56.84
1185 0.02098125553094084 56.85
1186 0.02089247022178912 56.86
1187 0.02081000002254348 56.87
1188 0.02073344515694318 56.88
1189 0.0206629079825292 56.89
1190 0.02059852069693001 56.9
1191 0.0205405015531333 56.91
1192 0.02048876975763001 56.92
1193 0.02044354381208032 56.93
1194 0.02040488755847441 56.94
1195 0.0203724994165641 56.95
1196 0.02034637094698871 56.96
1197 0.02032646050304606 56.97
1198 0.02031280024268032 56.98
1199 0.02030534352789589 56.99
1200 0.02030396921586061 57
1201 0.02030866388067371 57.01
1202 0.02031861627951561 57.02
1203 0.02033430598084549 57.03
1204 0.02035578768957531 57.04
1205 0.02038293229751708 57.05
1206 0.02041555728945906 57.06
1207 0.02045350769699726 57.07
1208 0.02049662801548511 57.08
1209 0.0205447952217941 57.09
1210 0.02059779667599055 57.1
1211 0.02065554128358008 57.11
1212 0.02071787338612609 57.12
1213 0.02078463204403289 57.13
1214 0.02085559116374508 57.14
1215 0.02093064649333305 57.15
1216 0.02100959059197173 57.16
1217 0.02109230234295467 57.17
1218 0.0211785671633168 57.18
1219 0.02126818704039677 57.19
1220 0.02136097427392159 57.2
1221 0.02145674830538915 57.21
1222 0.02155496485724425 57.22
1223 0.02165580430149392 57.23
1224 0.02175897747364489 57.24
1225 0.02186391172326943 57.25
1226 0.02197067962588933 57.26
1227 0.02207876279716329 57.27
1228 0.02218808785655739 57.28
1229 0.02229779708517635 57.29
1230 0.02240760848412685 57.3
1231 0.02251749309624456 57.31
1232 0.0226275501604927 57.32
1233 0.02273855402758168 57.33
1234 0.02284900726254623 57.34
1235 0.02295834732667832 57.35
1236 0.0230672093646444 57.36
1237 0.02317510745204731 57.37
1238 0.02328171380017972 57.38
1239 0.02338680048446688 57.39
1240 0.02349008685437036 57.4
1241 0.02359144768523101 57.41
1242 0.0236906515691272 57.42
1243 0.02378728924897932 57.43
1244 0.02388115819784925 57.44
1245 0.02397206030083875 57.45
1246 0.024059637259879 57.46
1247 0.0241436544000069 57.47
1248 0.02422368400102719 57.48
1249 0.02429959980486296 57.49
1250 0.02437081079215112 57.5
1251 0.02443725207500548 57.51
1252 0.02449853959910189 57.52
1253 0.02455456855095825 57.53
1254 0.02460425703962054 57.54
1255 0.02464823791204801 57.55
1256 0.02468609648912446 57.56
1257 0.02471786446255501 57.57
1258 0.02474314606367381 57.58
1259 0.02476200315746401 57.59
1260 0.02477415111044746 57.6
1261 0.02477966786296715 57.61
1262 0.024778343057 57.62
1263 0.02476994441917216 57.63
1264 0.02475455335352032 57.64
1265 0.02473243384726246 57.65
1266 0.02470465153403546 57.66
1267 0.02467142703908983 57.67
1268 0.0246329000296541 57.68
1269 0.02458898686910442 57.69
1270 0.02454013319828574 57.7
1271 0.02448631198414837 57.71
1272 0.02442755908348945 57.72
1273 0.02436297246006821 57.73
1274 0.02429395716878217 57.74
1275 0.02422103951940799 57.75
1276 0.0241448559709529 57.76
1277 0.02406533747522503 57.77
1278 0.02398283618915473 57.78
1279 0.02389764364653599 57.79
1280 0.02381006834340069 57.8
1281 0.02372052389111725 57.81
1282 0.02362925502448272 57.82
1283 0.02353679162850223 57.83
1284 0.02344356596478418 57.84
1285 0.02335007250647323 57.85
1286 0.02325668796438599 57.86
1287 0.02316382913164477 57.87
1288 0.02307192293587731 57.88
1289 0.02298092747116993 57.89
1290 0.02289188998547515 57.9
1291 0.02280487906186053 57.91
1292 0.02271984266496709 57.92
1293 0.0226375545060389 57.93
1294 0.02255873273776721 57.94
1295 0.02248368701472936 57.95
1296 0.02241269318711594 57.96
1297 0.02234594477818609 57.97
1298 0.02228358364262998 57.98
1299 0.02222587865336793 57.99
1300 0.02217292081356698 58
1301 0.02212497892157877 58.01
1302 0.02208192852119542 58.02
1303 0.02204394829061793 58.03
1304 0.02201133612458909 58.04
1305 0.02198379128742676 58.05
1306 0.02196134986957508 58.06
1307 0.02194401431767801 58.07
1308 0.02193181898726464 58.08
1309 0.02192477305027492 58.09
1310 0.02192292897165741 58.1
1311 0.02192614334910385 58.11
1312 0.02193436053795839 58.12
1313 0.0219475391692869 58.13
1314 0.02196555801049393 58.14
1315 0.02198853075163111 58.15
1316 0.02201616508086768 58.16
1317 0.0220483830227086 58.17
1318 0.02208506290459002 58.18
1319 0.02212611319262109 58.19
1320 0.02217137124515134 58.2
1321 0.02222069116686157 58.21
1322 0.02227336713828752 58.22
1323 0.02232851267077746 58.23
1324 0.02238600389788256 58.24
1325 0.0224459104195416 58.25
1326 0.02250819326756517 58.26
1327 0.02257272857530526 58.27
1328 0.0226394455370427 58.28
1329 0.02270822863588081 58.29
1330 0.02277893565169916 58.3
1331 0.02285146710407174 58.31
1332 0.0229256374441767 58.32
1333 0.02300127328322604 58.33
1334 0.0230782220656068 58.34
1335 0.02315630442836467 58.35
1336 0.02323536002452752 58.36
1337 0.02331520076307353 58.37
1338 0.02339563475360278 58.38
1339 0.02347650332004428 58.39
1340 0.02355757260178653 58.4
1341 0.02363864032737085 58.41
1342 0.02371956816854019 58.42
1343 0.02380016160493203 58.43
1344 0.02388019745000168 58.44
1345 0.02395957881473856 58.45
1346 0.02403805005361573 58.46
1347 0.02411541488905489 58.47
1348 0.02419151498674582 58.48
1349 0.02426621588337418 58.49
1350 0.02433939628090269 58.5
1351 0.02441084898019857 58.51
1352 0.02448040070084717 58.52
1353 0.02454784874550694 58.53
1354 0.02461311159275669 58.54
1355 0.02467598225433721 58.55
1356 0.02473632085886679 58.56
1357 0.02479395493450109 58.57
1358 0.02484874967420198 58.58
1359 0.02490045476765794 58.59
1360 0.02494904232732949 58.6
1361 0.02499431847279807 58.61
1362 0.02503616478470456 58.62
1363 0.02507447236150782 58.63
1364 0.02510845739202492 58.64
1365 0.0251387216159017 58.65
1366 0.02516524621707319 58.66
1367 0.02518795966028261 58.67
1368 0.0252067681883441 58.68
1369 0.02522166947879227 58.69
1370 0.0252325947385412 58.7
1371 0.02523953923046204 58.71
1372 0.025242471789081 58.72
1373 0.02524137985672835 58.73
1374 0.02523631520205591 58.74
1375 0.02522688324165807 58.75
1376 0.02521344817878873 58.76
1377 0.02519612723941675 58.77
1378 0.02517494923923571 58.78
1379 0.02514992879742039 58.79
1380 0.0251212578818684 58.8
1381 0.02508898320076012 58.81
1382 0.02505316171631274 58.82
1383 0.02501410823686884 58.83
1384 0.02497193937187365 58.84
1385 0.02492660851232678 58.85
1386 0.0248784465853243 58.86
1387 0.02482764258115867 58.87
1388 0.02477440706285004 58.88
1389 0.02471861308309729 58.89
1390 0.02466084269392432 58.9
1391 0.02460134284853841 58.91
1392 0.02454037833483339 58.92
1393 0.02447822311209102 58.93
1394 0.0244151622160651 58.94
1395 0.02435149260368316 58.95
1396 0.02428749245222991 58.96
1397 0.02422348498309714 58.97
1398 0.02415973263726864 58.98
1399 0.02409651545536275 58.99
1400 0.02403408553986097 59
1401 0.02397264961145803 59.01
1402 0.02391247838960648 59.02
1403 0.02385390699768618 59.03
1404 0.02379662736703256 59.04
1405 0.02374140984459326 59.05
1406 0.0236878400414164 59.06
1407 0.02363615245755179 59.07
1408 0.02358630642347112 59.08
1409 0.02353890365300721 59.09
1410 0.02349352125033559 59.1
1411 0.02345008946941609 59.11
1412 0.02340903384439789 59.12
1413 0.02337036168912392 59.13
1414 0.02333390721980116 59.14
1415 0.02329992292953532 59.15
1416 0.02326824454543909 59.16
1417 0.0232391397793194 59.17
1418 0.02321252290879889 59.18
1419 0.02318845652730085 59.19
1420 0.02316719163907575 59.2
1421 0.02314847618239226 59.21
1422 0.02313217150431073 59.22
1423 0.02311843092078005 59.23
1424 0.02310710934796495 59.24
1425 0.02309834609458261 59.25
1426 0.02309208630426921 59.26
1427 0.02308836678817794 59.27
1428 0.02308702111573253 59.28
1429 0.02308820486443791 59.29
1430 0.02309192386681566 59.3
1431 0.0230981449951634 59.31
1432 0.02310673535039305 59.32
1433 0.02311776740115816 59.33
1434 0.0231312044295685 59.34
1435 0.02314703581415458 59.35
1436 0.02316510586539077 59.36
1437 0.02318549300046032 59.37
1438 0.0232080448918404 59.38
1439 0.02323286732978128 59.39
1440 0.02325977791459961 59.4
1441 0.02328884505036244 59.41
1442 0.02331995126030778 59.42
1443 0.02335316466295375 59.43
1444 0.02338832198704739 59.44
1445 0.02342548779721859 59.45
1446 0.02346449570486581 59.46
1447 0.02350538269348777 59.47
1448 0.02354800420117271 59.48
1449 0.02359241374958196 59.49
1450 0.02363845857909392 59.5
1451 0.02368613203570967 59.51
1452 0.02373531881200928 59.52
1453 0.0237860368526269 59.53
1454 0.02383810698342221 59.54
1455 0.02389155796578512 59.55
1456 0.02394626224780176 59.56
1457 0.02400218165010431 59.57
1458 0.02405916325466157 59.58
1459 0.02411769956018381 59.59
1460 0.02417708905592414 59.6
1461 0.0242371946552927 59.61
1462 0.02429796377384527 59.62
1463 0.02435938173431163 59.63
1464 0.02442119324475444 59.64
1465 0.02448340085809603 59.65
1466 0.02454575692800907 59.66
1467 0.02460862016799897 59.67
1468 0.02467155039067534 59.68
1469 0.02473429580283334 59.69
1470 0.02479665544151124 59.7
1471 0.02485846229802801 59.71
1472 0.02491956029135616 59.72
1473 0.02497981026762216 59.73
1474 0.02503904985472101 59.74
1475 0.02509714799886779 59.75
1476 0.02515368873745554 59.76
1477 0.02520883794776487 59.77
1478 0.02526244782423631 59.78
1479 0.02531435945784124 59.79
1480 0.02536454183269292 59.8
1481 0.02541277846406445 59.81
1482 0.02545893510972135 59.82
1483 0.02550296704831212 59.83
1484 0.025544696400133 59.84
1485 0.02558405971656114 59.85
1486 0.02562081573993076 59.86
1487 0.02565511069853086 59.87
1488 0.02568737049452728 59.88
1489 0.02571738076671459 59.89
1490 0.02574451988541064 59.9
1491 0.02576928077532842 59.91
1492 0.02579174847596994 59.92
1493 0.02581179678520371 59.93
1494 0.02582949934881113 59.94
1495 0.02584472422067307 59.95
1496 0.02585752598937208 59.96
1497 0.02586781667623304 59.97
1498 0.02587570201891291 59.98
1499 0.02588105222121858 59.99
1500 0.02588398307455304 60
