"frac-mass-ch4-rfile"
"Time Step" "frac-mass-ch4 etc.."
("Time Step" "frac-mass-ch4" "flow-time")
0 3.350156284988068e-05 0
1 4.109855156697386e-05 0.1
2 4.932208610815716e-05 0.2
3 4.33405170756312e-05 0.3
4 2.754218421809645e-05 0.4
5 1.903106625340596e-05 0.5
6 1.789226575023285e-05 0.6000000000000001
7 2.089524974996716e-05 0.7000000000000001
8 2.437644252707154e-05 0.8
9 2.65971444134288e-05 0.9
10 2.720551164251676e-05 1
11 2.668046935046969e-05 1.1
12 2.499420129612032e-05 1.2
13 2.206854554561497e-05 1.3
14 2.007378894142231e-05 1.4
15 1.67955307401448e-05 1.5
16 1.427427146985054e-05 1.6
17 1.270471164658868e-05 1.7
18 1.152027950869268e-05 1.8
19 1.058281093183181e-05 1.9
20 1.011303036261147e-05 2
21 9.616743093866331e-06 2.1
22 9.224976118338058e-06 2.2
23 9.071454575418096e-06 2.3
24 8.947793709078833e-06 2.4
25 8.861036259764666e-06 2.5
26 8.809325403972111e-06 2.6
27 8.796181502857986e-06 2.7
28 8.817443978577464e-06 2.8
29 8.877527362120378e-06 2.9
30 8.967755782901221e-06 3
31 9.080595813105639e-06 3.1
32 9.208339255706158e-06 3.2
33 9.34305216033278e-06 3.3
34 9.476305636504243e-06 3.4
35 9.598640655614797e-06 3.5
36 9.702158078621136e-06 3.6
37 9.773128453115833e-06 3.7
38 9.809557269730707e-06 3.8
39 9.807294216924471e-06 3.9
40 9.765815539384889e-06 4
41 9.687109950926673e-06 4.100000000000001
42 9.572728647383496e-06 4.2
43 9.428107137498529e-06 4.3
44 9.262725824851919e-06 4.4
45 9.083245240387145e-06 4.5
46 8.882630232892094e-06 4.600000000000001
47 8.676748378468518e-06 4.7
48 8.482140158276991e-06 4.800000000000001
49 8.274659465851663e-06 4.9
50 8.085647638317652e-06 5
51 7.908108735004786e-06 5.100000000000001
52 7.746966043872098e-06 5.2
53 7.604080412912942e-06 5.300000000000001
54 7.478525168161272e-06 5.4
55 7.372663968947788e-06 5.5
56 7.285457364455745e-06 5.600000000000001
57 7.217324362617425e-06 5.7
58 7.167159583570813e-06 5.800000000000001
59 7.135190571422902e-06 5.9
60 7.117709831042183e-06 6
61 7.110883885916507e-06 6.100000000000001
62 7.11931220090837e-06 6.2
63 7.135084355829334e-06 6.300000000000001
64 7.155160134849688e-06 6.4
65 7.182542988361839e-06 6.5
66 7.212602725648864e-06 6.600000000000001
67 7.243471128397776e-06 6.7
68 7.272907553090695e-06 6.800000000000001
69 7.299164444794731e-06 6.9
70 7.320394651167504e-06 7
71 7.337738901610028e-06 7.100000000000001
72 7.341932657745714e-06 7.2
73 7.344147074033542e-06 7.300000000000001
74 7.333001288204809e-06 7.4
75 7.312962610268392e-06 7.5
76 7.28568366722971e-06 7.600000000000001
77 7.247511046114627e-06 7.7
78 7.205103124438488e-06 7.800000000000001
79 7.15153499399376e-06 7.9
80 7.097381055912142e-06 8
81 7.045043933817579e-06 8.1
82 6.987853633868403e-06 8.200000000000001
83 6.931670672970828e-06 8.300000000000001
84 6.87874744190322e-06 8.4
85 6.827828525974334e-06 8.5
86 6.782112057200337e-06 8.6
87 6.771244472606662e-06 8.700000000000001
88 6.733398088442938e-06 8.800000000000001
89 6.715190417341695e-06 8.9
90 6.709469888411843e-06 9
91 6.703009391036343e-06 9.1
92 6.702913128810109e-06 9.200000000000001
93 6.700688157918991e-06 9.300000000000001
94 6.718157161225607e-06 9.4
95 6.717391582914927e-06 9.5
96 6.749088172674274e-06 9.600000000000001
97 6.74992381106212e-06 9.700000000000001
98 6.794827010526799e-06 9.800000000000001
99 6.796997801771883e-06 9.9
100 6.851220063933529e-06 10
101 6.854016698303375e-06 10.1
102 6.915617898412866e-06 10.2
103 6.918751765811967e-06 10.3
104 6.986799716977165e-06 10.4
105 6.990520186501952e-06 10.5
106 7.06415160631994e-06 10.6
107 7.068102632435683e-06 10.7
108 7.146449163857498e-06 10.8
109 7.149972743957784e-06 10.9
110 7.232445754410499e-06 11
111 7.235685773112749e-06 11.1
112 7.321333751869601e-06 11.2
113 7.340983883651311e-06 11.3
114 7.421530959196954e-06 11.4
115 7.423717460359113e-06 11.5
116 7.513708089563346e-06 11.6
117 7.534452143777123e-06 11.7
118 7.621984355886364e-06 11.8
119 7.642394064839981e-06 11.9
120 7.730729031143524e-06 12
121 7.751333659408885e-06 12.1
122 7.844195268611815e-06 12.2
123 7.865705647207035e-06 12.3
124 7.960949083543271e-06 12.4
125 7.983369376609479e-06 12.5
126 8.081459674444167e-06 12.6
127 8.105455988660736e-06 12.7
128 8.213441653283958e-06 12.8
129 8.240851879549351e-06 12.9
130 8.35806482403127e-06 13
131 8.38837925500275e-06 13.1
132 8.519230452342912e-06 13.2
133 8.551090974711419e-06 13.3
134 8.696240011637021e-06 13.4
135 8.732453790032256e-06 13.5
136 8.895354595455165e-06 13.6
137 8.935870822114932e-06 13.7
138 9.123129770462411e-06 13.8
139 9.173966500595123e-06 13.9
140 9.391719049059539e-06 14
141 9.449583541632938e-06 14.1
142 9.711836848949352e-06 14.2
143 9.791367134387917e-06 14.3
144 1.009675363945005e-05 14.4
145 1.018498442169443e-05 14.5
146 1.053086619358478e-05 14.6
147 1.063754240508262e-05 14.7
148 1.11311250408911e-05 14.8
149 1.114939492315847e-05 14.9
150 1.170188663696313e-05 15
151 1.184366231472341e-05 15.1
152 1.264234655049782e-05 15.2
153 1.267790206010599e-05 15.3
154 1.365642545808467e-05 15.4
155 1.370651804724662e-05 15.5
156 1.490426979044641e-05 15.6
157 1.506871417218703e-05 15.7
158 1.65901986884409e-05 15.8
159 1.695242479749724e-05 15.9
160 1.911261313812559e-05 16
161 1.94173275226879e-05 16.1
162 2.234963248167138e-05 16.2
163 2.283732629557724e-05 16.3
164 2.709323267835499e-05 16.4
165 2.784994907544425e-05 16.5
166 3.431578175224056e-05 16.6
167 3.56523571304072e-05 16.7
168 4.661967008916846e-05 16.8
169 4.942218654473944e-05 16.9
170 6.794881089810257e-05 17
171 7.373012013642951e-05 17.1
172 9.74497454327035e-05 17.2
173 0.0001079108015112733 17.3
174 0.000115952489091095 17.4
175 0.0001515853475420633 17.5
176 0.000170363505651013 17.6
177 0.0001849622212192915 17.7
178 0.0002385462024725621 17.8
179 0.000268295144284621 17.9
180 0.0002908428321524749 18
181 0.0003630340057048613 18.1
182 0.0004098153312291172 18.2
183 0.0004499264607467721 18.3
184 0.0005401870181330641 18.4
185 0.0006000720924182501 18.5
186 0.0006484204335267527 18.6
187 0.0007468488846112773 18.7
188 0.0008153339857205709 18.8
189 0.001004811536464437 18.9
190 0.001268280735521778 19
191 0.001581464069809446 19.1
192 0.001903278329807626 19.2
193 0.002225158532223573 19.3
194 0.002547451099101728 19.4
195 0.002870196906685815 19.5
196 0.003193275929673742 19.6
197 0.003516529843349886 19.7
198 0.003839975450691851 19.8
199 0.004163207741233955 19.9
200 0.004485943875253597 20
201 0.004807939279757398 20.1
202 0.005129177277336359 20.2
203 0.005449898195929734 20.3
204 0.005770079040820225 20.4
205 0.006089893517703475 20.5
206 0.006409486976884106 20.6
207 0.006729111591870424 20.7
208 0.007026944402668486 20.8
209 0.007324749499206781 20.9
210 0.007622559777084425 21
211 0.007920257066034102 21.1
212 0.008217709860337348 21.2
213 0.008515649566163987 21.3
214 0.008812417459327832 21.4
215 0.009109897470133414 21.5
216 0.009407726052327474 21.6
217 0.009704466751285249 21.7
218 0.01000163415606029 21.8
219 0.01029912205637496 21.9
220 0.01059518777211177 22
221 0.01089113110472992 22.1
222 0.01118796536670529 22.2
223 0.01148440847783121 22.3
224 0.01178062201086187 22.4
225 0.01207702576453423 22.5
226 0.01237277235348772 22.6
227 0.01266909052485209 22.7
228 0.01296434773720563 22.8
229 0.01325986205474518 22.9
230 0.01355542256900205 23
231 0.01385093971734955 23.1
232 0.01414615274852097 23.2
233 0.01444133149364204 23.3
234 0.01473581033568534 23.4
235 0.01503082972611425 23.5
236 0.01532577166635251 23.6
237 0.01561988440846395 23.7
238 0.01591351853042771 23.8
239 0.0162071610852545 23.9
240 0.01650052571425899 24
241 0.01679445936494688 24.1
242 0.01708775062963296 24.2
243 0.0173811305812335 24.3
244 0.01767393212770556 24.4
245 0.01796749074106452 24.5
246 0.01826004783840958 24.6
247 0.01855292111287965 24.7
248 0.01884503089794058 24.8
249 0.01913691537026124 24.9
250 0.01942890550938522 25
251 0.01972094372264922 25.1
252 0.02001293810546051 25.2
253 0.02030536224813367 25.3
254 0.02059689671312946 25.4
255 0.02088882977919275 25.5
256 0.02118099774951591 25.6
257 0.0214721388383056 25.7
258 0.02176359447745882 25.8
259 0.02205427045199096 25.9
260 0.02234483619613758 26
261 0.02263606284797167 26.1
262 0.02292649624658747 26.2
263 0.02321702195994967 26.3
264 0.02350761517993779 26.4
265 0.0237976206001798 26.5
266 0.02408795925177618 26.6
267 0.02437733040026909 26.7
268 0.02466689895256444 26.8
269 0.02495626480160386 26.9
270 0.02524538031496371 27
271 0.02553495757873791 27.1
272 0.0258246847291199 27.2
273 0.02611410212399197 27.3
274 0.02640315423621886 27.4
275 0.02669223878522881 27.5
276 0.0269811535438925 27.6
277 0.02726938589141441 27.7
278 0.02755828775787586 27.8
279 0.02784625367529532 27.9
280 0.02813398540984659 28
281 0.02842135634261599 28.1
282 0.02870981054772328 28.2
283 0.02899745082892552 28.3
284 0.02928465958131118 28.4
285 0.02957259544424352 28.5
286 0.02986022981417166 28.6
287 0.03014756808363494 28.7
288 0.03043421253425506 28.8
289 0.03072121046383776 28.9
290 0.03100864805089266 29
291 0.03129569165614985 29.1
292 0.03158191048343453 29.2
293 0.03186806009565351 29.3
294 0.03215458189349017 29.4
295 0.03244124087291555 29.5
296 0.03272751963755002 29.6
297 0.03301355657503303 29.7
298 0.03329915681487648 29.8
299 0.03358512324917635 29.9
300 0.03387018007791481 30
301 0.03415559754670911 30.1
302 0.03444076902539876 30.2
303 0.03472584546841249 30.3
304 0.03501069698047832 30.4
305 0.03529565600412241 30.5
306 0.03558051257544034 30.6
307 0.03586516241734707 30.7
308 0.03614966959084535 30.8
309 0.03643343303190326 30.9
310 0.03671746727302392 31
311 0.03700125264770306 31.1
312 0.03728458689453151 31.2
313 0.03756780614057625 31.3
314 0.03785104145933046 31.4
315 0.03813391443135931 31.5
316 0.03841741747234877 31.6
317 0.03869996367068863 31.7
318 0.03898213584823401 31.8
319 0.03926450246369693 31.9
320 0.03954737991647255 32
321 0.03982990634197233 32.1
322 0.04011283936932488 32.2
323 0.04039476570760275 32.3
324 0.04067719710876335 32.4
325 0.04095887238367465 32.5
326 0.04124027928623347 32.6
327 0.04152209196599786 32.7
328 0.04180399641834628 32.8
329 0.04208552970201589 32.9
330 0.04236659586547415 33
331 0.04264795118275809 33.1
332 0.04292877906770821 33.2
333 0.04320893370038408 33.3
334 0.04348867455026875 33.4
335 0.04376886455127086 33.5
336 0.04404860742067218 33.6
337 0.04432880483594486 33.7
338 0.04460880906223228 33.8
339 0.04488934250409664 33.9
340 0.04516966027361925 34
341 0.04544993081813631 34.1
342 0.04572973931778823 34.2
343 0.04600916427316385 34.3
344 0.0462886923221605 34.4
345 0.0465671596438344 34.5
346 0.04684639062271298 34.6
347 0.04712503331177698 34.7
348 0.04740406856592711 34.8
349 0.04768218897974427 34.9
350 0.04798091941514442 35
351 0.04825889234011793 35.1
352 0.04853690241233769 35.2
353 0.04881448509964162 35.3
354 0.04909265698094468 35.4
355 0.04937082180312035 35.5
356 0.04964843872777085 35.6
357 0.04992528386316859 35.7
358 0.05020218611018226 35.8
359 0.05047905025438103 35.9
360 0.05075669878867949 36
361 0.05103383026777183 36.1
362 0.05131051083977792 36.2
363 0.05160725122507685 36.3
364 0.05188345040265169 36.4
365 0.05216035391601055 36.5
366 0.05243710527981613 36.6
367 0.0527138537078292 36.7
368 0.05298968849951786 36.8
369 0.05326531465475527 36.9
370 0.05354119724878445 37
371 0.05381709076364099 37.1
372 0.05409299027275592 37.2
373 0.05436931512750539 37.3
374 0.05464532017070715 37.4
375 0.05491989257976085 37.5
376 0.0551952887696775 37.6
377 0.0554711688057015 37.7
378 0.05574595034764115 37.8
379 0.05602076144224503 37.9
380 0.05629486735573862 38
381 0.05656885397898682 38.1
382 0.05684382278318982 38.2
383 0.05711806129473675 38.3
384 0.05739233101446889 38.40000000000001
385 0.05766576324161748 38.5
386 0.05793961739664386 38.6
387 0.05821259237963694 38.7
388 0.05848571588371423 38.8
389 0.05875942825484783 38.90000000000001
390 0.05903216186801594 39
391 0.05930572734556924 39.1
392 0.05957855889067402 39.2
393 0.05985124713944684 39.3
394 0.06012388411350719 39.40000000000001
395 0.06039709056143792 39.5
396 0.06066898975475175 39.6
397 0.06094149132585266 39.7
398 0.06121348887692434 39.8
399 0.06148539881853764 39.90000000000001
400 0.06175710786481273 40
401 0.06202875441098358 40.1
402 0.06230070965291739 40.2
403 0.06257160737044035 40.3
404 0.06284322607719246 40.40000000000001
405 0.06311452626210762 40.5
406 0.06338598363375578 40.6
407 0.06365711329868717 40.7
408 0.06392748083752234 40.8
409 0.06419903678351217 40.90000000000001
410 0.06446964167005718 41
411 0.06474069541088866 41.1
412 0.06501064375038568 41.2
413 0.06528112367131647 41.3
414 0.06555141882490846 41.40000000000001
415 0.06582077245919134 41.5
416 0.06609033421684328 41.6
417 0.06635960407552315 41.7
418 0.06662953238139353 41.8
419 0.06689940297318865 41.90000000000001
420 0.06716881066373802 42
421 0.06743824873097085 42.1
422 0.06770776124702201 42.2
423 0.06799573586103069 42.3
424 0.0682645403602245 42.40000000000001
425 0.06853328280576534 42.5
426 0.06880152210261754 42.6
427 0.06906981269835157 42.7
428 0.06933819280932851 42.8
429 0.06960623375182833 42.90000000000001
430 0.06987424029571548 43
431 0.07014301361000842 43.1
432 0.07041088146625396 43.2
433 0.07067864575683461 43.3
434 0.07094591032413011 43.40000000000001
435 0.07121365777627349 43.5
436 0.07148051478218027 43.6
437 0.07174755493843141 43.7
438 0.07201506227405299 43.8
439 0.0722816319027292 43.90000000000001
440 0.07254793751696405 44
441 0.07281431643327482 44.1
442 0.0730809690082638 44.2
443 0.07334719120616801 44.3
444 0.07361330240292199 44.40000000000001
445 0.07387920094462098 44.5
446 0.07414498477586248 44.6
447 0.07441083964324595 44.7
448 0.07467695424060443 44.8
449 0.07494220379678246 44.90000000000001
450 0.07520785186446197 45
451 0.07547307540570207 45.1
452 0.07573851308507881 45.2
453 0.07600342379671597 45.3
454 0.07626889612329897 45.40000000000001
455 0.07653363279684726 45.5
456 0.07679812335642494 45.6
457 0.07706291393021707 45.7
458 0.07732751310868163 45.8
459 0.07759174917487913 45.90000000000001
460 0.07785561670697619 46
461 0.07811991694457442 46.1
462 0.07838473100560522 46.2
463 0.07864843673660669 46.3
464 0.07891183190435931 46.40000000000001
465 0.07917501897287238 46.5
466 0.07943808580390199 46.6
467 0.07970099931228129 46.7
468 0.07996390585302721 46.8
469 0.0802267890313266 46.90000000000001
470 0.08048965472156945 47
471 0.08075279013647049 47.1
472 0.08101492302743477 47.2
473 0.08127714536119407 47.3
474 0.08153980231353994 47.40000000000001
475 0.08180199684905806 47.5
476 0.08206371852815118 47.6
477 0.08232545335546979 47.7
478 0.08258748282376152 47.8
479 0.08284887965344025 47.90000000000001
480 0.08311068289225335 48
481 0.08337207530232855 48.1
482 0.08363349245250386 48.2
483 0.08389460023067039 48.3
484 0.08415575496799714 48.40000000000001
485 0.08441669366146182 48.5
486 0.08467762882728366 48.6
487 0.08493846691856076 48.7
488 0.08519965285188341 48.8
489 0.08545983893420345 48.90000000000001
490 0.08572036476563311 49
491 0.08598111074960615 49.1
492 0.08624190379783492 49.2
493 0.08650184724652699 49.3
494 0.08676151686353474 49.40000000000001
495 0.08702091573154683 49.5
496 0.08728048482891325 49.6
497 0.08753990851583877 49.7
498 0.08779980697770269 49.8
499 0.08805877278817949 49.90000000000001
500 0.08831730784011703 50
501 0.08834521038450052 50.01
502 0.08837341845507592 50.02
503 0.08840200419847358 50.03
504 0.08843086897400633 50.04
505 0.0884601497385539 50.05
506 0.08848993128831258 50.06
507 0.08852027418195076 50.07
508 0.088550914513188 50.08
509 0.08858171483858272 50.09
510 0.08861265317762944 50.1
511 0.08864382002452306 50.11
512 0.08867536348183881 50.12
513 0.08870748205166705 50.13
514 0.08874039892215381 50.14
515 0.08877432842763719 50.15
516 0.08880954001443214 50.16
517 0.0888462834817495 50.17
518 0.08888467056809803 50.18
519 0.08892473406354585 50.19
520 0.08896647675515139 50.2
521 0.08900993728737457 50.21
522 0.08905524731812092 50.22
523 0.08910266037069625 50.23
524 0.08915232670578251 50.24
525 0.08920444088231107 50.25
526 0.08925914192027835 50.26
527 0.0893164626068942 50.27
528 0.08937666160573698 50.28
529 0.08943988722641891 50.29
530 0.08950616341661158 50.3
531 0.08957572421209618 50.31
532 0.08964871476436675 50.32
533 0.08972520155760325 50.33
534 0.08980539258930308 50.34
535 0.08988953744538133 50.35
536 0.08997767725031681 50.36
537 0.09007000516660901 50.37
538 0.09016687440884172 50.38
539 0.09026834455355068 50.39
540 0.09037460935129893 50.4
541 0.09048590265366772 50.41
542 0.09060090406190684 50.42
543 0.09071749533589413 50.43
544 0.09082777922541384 50.44
545 0.09091851808155794 50.45
546 0.09096831100362326 50.46
547 0.09094574989278756 50.47
548 0.09083938793586439 50.48
549 0.09060982230062387 50.49
550 0.09023733849557491 50.5
551 0.089668488116984 50.51
552 0.08889767329462075 50.52
553 0.08784214446871877 50.53
554 0.08639044387926249 50.54
555 0.08444698482390471 50.55
556 0.08195589877499719 50.56
557 0.0789156523115532 50.57
558 0.07540275028751137 50.58
559 0.07144465419017403 50.59
560 0.0670738733623561 50.6
561 0.06238255274045642 50.61
562 0.05756160040316945 50.62
563 0.05283346730971102 50.63
564 0.0484548993647205 50.64
565 0.04466929756148291 50.65
566 0.04149489308878797 50.66
567 0.03887413749386052 50.67
568 0.03662390670473128 50.68
569 0.03457652569484972 50.69
570 0.03258217215793528 50.7
571 0.03057998630208661 50.71
572 0.0285420035754742 50.72
573 0.02650399769356224 50.73
574 0.02451355236505305 50.74
575 0.02263102534496428 50.75
576 0.0208944012507793 50.76
577 0.01933161846584738 50.77
578 0.01792926950365928 50.78
579 0.0166789175033416 50.79
580 0.01555754372610536 50.8
581 0.01455435231694022 50.81
582 0.01365630044010883 50.82
583 0.01285774065941488 50.83
584 0.01215655846332916 50.84
585 0.011544159064551 50.85
586 0.01102356579756302 50.86
587 0.01059350792797864 50.87
588 0.01025565197440481 50.88
589 0.01000283982991821 50.89
590 0.009823266391118203 50.9
591 0.009721594094143653 50.91
592 0.009681670022668502 50.92
593 0.009702871092193015 50.93
594 0.009778427934982313 50.94
595 0.009912891134399242 50.95
596 0.01010287902125137 50.96
597 0.01033789398924652 50.97
598 0.01062196562824251 50.98
599 0.01094054486595486 50.99
600 0.01129306229513535 51
601 0.01168108996431584 51.01
602 0.01208638575355589 51.02
603 0.01250208460654567 51.03
604 0.01291929277116811 51.04
605 0.01332823686769025 51.05
606 0.01371912279307955 51.06
607 0.01409466406112009 51.07
608 0.0144529873203257 51.08
609 0.01479337601078708 51.09
610 0.01512091234351836 51.1
611 0.01542670631731515 51.11
612 0.01569363093173088 51.12
613 0.01591287286762618 51.13
614 0.01607877025867206 51.14
615 0.01618405785447578 51.15
616 0.01621101733918635 51.16
617 0.01614383897849853 51.17
618 0.01596873800921984 51.18
619 0.01567056531560569 51.19
620 0.01523442424031264 51.2
621 0.01465581643273332 51.21
622 0.01394539962960679 51.22
623 0.01311851532875692 51.23
624 0.01221818083833722 51.24
625 0.01130605913485027 51.25
626 0.01042186800767143 51.26
627 0.009580707203124041 51.27
628 0.008779013653522143 51.28
629 0.008009630941553511 51.29
630 0.007259415492877073 51.3
631 0.006521179267347326 51.31
632 0.005791594906052861 51.32
633 0.005073991784690451 51.33
634 0.004382436520650949 51.34
635 0.0037279088321687 51.35
636 0.003119936788949462 51.36
637 0.002560029264708321 51.37
638 0.002049701382305004 51.38
639 0.001593278361277093 51.39
640 0.00119866465464213 51.4
641 0.0008652846916293015 51.41
642 0.0006028305198146653 51.42
643 0.0004039932795587212 51.43
644 0.0002520792479195011 51.44
645 0.0001504315988893116 51.45
646 8.874928945944236e-05 51.46
647 5.667246539768874e-05 51.47
648 4.112805655062764e-05 51.48
649 3.580445131063661e-05 51.49
650 3.274217360281034e-05 51.5
651 3.019576648332726e-05 51.51
652 2.788847562170925e-05 51.52
653 2.587432702998981e-05 51.53
654 2.411363403286366e-05 51.54
655 2.258767894225089e-05 51.55
656 2.125373948813853e-05 51.56
657 2.006062168665735e-05 51.57
658 1.899569525089918e-05 51.58
659 1.804870545342158e-05 51.59
660 1.721446555041327e-05 51.6
661 1.6465896639531e-05 51.61
662 1.580076748878629e-05 51.62
663 1.521508637884583e-05 51.63
664 1.470064169344862e-05 51.64
665 1.425536083332404e-05 51.65
666 1.387765306807767e-05 51.66
667 1.355826537363299e-05 51.67
668 1.328681779713633e-05 51.68
669 1.306442733936055e-05 51.69
670 1.288525634548797e-05 51.7
671 1.2753343676438e-05 51.71
672 1.265841153631697e-05 51.72
673 1.259930562816983e-05 51.73
674 1.257415464177986e-05 51.74
675 1.258278623663667e-05 51.75
676 1.262482952242015e-05 51.76
677 1.270189506315701e-05 51.77
678 1.281423378650568e-05 51.78
679 1.296130897404416e-05 51.79
680 1.314332488927835e-05 51.8
681 1.336077726888144e-05 51.81
682 1.361552088600715e-05 51.82
683 1.390978424058369e-05 51.83
684 1.424806957645718e-05 51.84
685 1.46303723689601e-05 51.85
686 1.505633165562931e-05 51.86
687 1.552768478545722e-05 51.87
688 1.605578549955995e-05 51.88
689 1.664725779657071e-05 51.89
690 1.730088314683834e-05 51.9
691 1.801446994554056e-05 51.91
692 1.879072324933734e-05 51.92
693 1.963415572520158e-05 51.93
694 2.054585859501513e-05 51.94
695 2.153079554835583e-05 51.95
696 2.259226379843888e-05 51.96
697 2.375260821691855e-05 51.97
698 2.500739522910665e-05 51.98
699 2.636079142907371e-05 51.99
700 2.784212668654411e-05 52
701 2.94402927847024e-05 52.01
702 3.116342083807312e-05 52.02
703 3.302000599329772e-05 52.03
704 3.501240358561155e-05 52.04
705 3.718226375768576e-05 52.05
706 3.952011390788741e-05 52.06
707 4.204546562133013e-05 52.07
708 4.475410361210168e-05 52.08
709 4.765864237740807e-05 52.09
710 5.075336451523821e-05 52.1
711 5.40700731847722e-05 52.11
712 5.758351483339714e-05 52.12
713 6.133086480741663e-05 52.13
714 6.526335449718248e-05 52.14
715 6.936301883418811e-05 52.15
716 7.372270164849446e-05 52.16
717 7.82572446017485e-05 52.17
718 8.289444690682152e-05 52.18
719 8.756636875503639e-05 52.19
720 9.214063724362521e-05 52.2
721 9.643103856003251e-05 52.21
722 0.0001003631621864054 52.22
723 0.00010377108669094 52.23
724 0.0001065272253967439 52.24
725 0.000108601184356898 52.25
726 0.0001099143293888968 52.26
727 0.0001104419097170482 52.27
728 0.0001101882900889074 52.28
729 0.000109258958904284 52.29
730 0.0001078493454667706 52.3
731 0.0001060863635727238 52.31
732 0.000104056173439228 52.32
733 0.0001017799563687064 52.33
734 9.930877287175171e-05 52.34
735 9.658673444405264e-05 52.35
736 9.363581458537149e-05 52.36
737 9.045910092816589e-05 52.37
738 8.704507437520336e-05 52.38
739 8.345009275542767e-05 52.39
740 7.972208114721932e-05 52.4
741 7.598762679115311e-05 52.41
742 7.211374564211051e-05 52.42
743 6.83315883149008e-05 52.43
744 6.463195959301792e-05 52.44
745 6.099181571680355e-05 52.45
746 5.752651688709451e-05 52.46
747 5.422512896369197e-05 52.47
748 5.109176702403319e-05 52.48
749 4.814087262278061e-05 52.49
750 4.538848518404938e-05 52.5
751 4.283299272043301e-05 52.51
752 4.049471478963864e-05 52.52
753 3.832626134513419e-05 52.53
754 3.632846824126506e-05 52.54
755 3.446620398066202e-05 52.55
756 3.274253403442387e-05 52.56
757 3.11363385213057e-05 52.57
758 2.966159410810954e-05 52.58
759 2.831489021257661e-05 52.59
760 2.707455847138266e-05 52.6
761 2.592752359417923e-05 52.61
762 2.49211671706647e-05 52.62
763 2.395932822024395e-05 52.63
764 2.312364157460536e-05 52.64
765 2.232472953316713e-05 52.65
766 2.159768233042128e-05 52.66
767 2.093823495852465e-05 52.67
768 2.033876629212555e-05 52.68
769 1.980106450794238e-05 52.69
770 1.93265548448477e-05 52.7
771 1.89057011637336e-05 52.71
772 1.854829355631553e-05 52.72
773 1.824709439793054e-05 52.73
774 1.79890545452094e-05 52.74
775 1.776958003554981e-05 52.75
776 1.758720460244292e-05 52.76
777 1.744094323155929e-05 52.77
778 1.733201307503858e-05 52.78
779 1.725694224879671e-05 52.79
780 1.721715401991802e-05 52.8
781 1.72090992801073e-05 52.81
782 1.723608438048871e-05 52.82
783 1.729810743368919e-05 52.83
784 1.73901882576488e-05 52.84
785 1.751488663781008e-05 52.85
786 1.76721993708372e-05 52.86
787 1.785595006270538e-05 52.87
788 1.807807338406899e-05 52.88
789 1.833471860344768e-05 52.89
790 1.863953817806193e-05 52.9
791 1.898890516225926e-05 52.91
792 1.938085735203199e-05 52.92
793 1.981644832247699e-05 52.93
794 2.029132048941367e-05 52.94
795 2.080757213143721e-05 52.95
796 2.137355004295518e-05 52.96
797 2.198970202425444e-05 52.97
798 2.265397951365633e-05 52.98
799 2.336889726586462e-05 52.99
800 2.413962183222874e-05 53
801 2.498238730649216e-05 53.01
802 2.590035084555741e-05 53.02
803 2.689298824438979e-05 53.03
804 2.796758323337598e-05 53.04
805 2.913711766509079e-05 53.05
806 3.040469334659345e-05 53.06
807 3.176628478477689e-05 53.07
808 3.322962613807758e-05 53.08
809 3.480091859370049e-05 53.09
810 3.648670930514431e-05 53.1
811 3.827924208925448e-05 53.11
812 4.018131752703434e-05 53.12
813 4.222528441720813e-05 53.13
814 4.444139209623126e-05 53.14
815 4.678652938446913e-05 53.15
816 4.926967670520452e-05 53.16
817 5.187017500752834e-05 53.17
818 5.458406887787139e-05 53.18
819 5.739753732117162e-05 53.19
820 6.031717525270965e-05 53.2
821 6.33218010756951e-05 53.21
822 6.640190063723362e-05 53.22
823 6.957094524333059e-05 53.23
824 7.284875740154653e-05 53.24
825 7.612107337950417e-05 53.25
826 7.942741788763836e-05 53.26
827 8.264425547608549e-05 53.27
828 8.564020352727998e-05 53.28
829 8.832523423577118e-05 53.29
830 9.057449902384157e-05 53.3
831 9.232525036171954e-05 53.31
832 9.351230361392278e-05 53.32
833 9.409281700652468e-05 53.33
834 9.408159041426226e-05 53.34
835 9.353993492030625e-05 53.35
836 9.25992040535128e-05 53.36
837 9.134838413367685e-05 53.37
838 8.984895797262788e-05 53.38
839 8.812300954545827e-05 53.39
840 8.615686490481558e-05 53.4
841 8.39971144201277e-05 53.41
842 8.171788447144686e-05 53.42
843 7.936839533359829e-05 53.43
844 7.695105372334897e-05 53.44
845 7.445672784582565e-05 53.45
846 7.186413426808401e-05 53.46
847 6.919244270425753e-05 53.47
848 6.643014122767133e-05 53.48
849 6.361261505448916e-05 53.49
850 6.084366665798866e-05 53.5
851 5.801795778427751e-05 53.51
852 5.525061799301914e-05 53.52
853 5.259762314882499e-05 53.53
854 5.002186066766572e-05 53.54
855 4.754283391423489e-05 53.55
856 4.520997747964594e-05 53.56
857 4.304499583178666e-05 53.57
858 4.100733168068268e-05 53.58
859 3.910864846568851e-05 53.59
860 3.73270523534316e-05 53.6
861 3.56430495728094e-05 53.61
862 3.405026618076446e-05 53.62
863 3.256858987169115e-05 53.63
864 3.115581542351642e-05 53.64
865 2.987127971443894e-05 53.65
866 2.868299339736534e-05 53.66
867 2.758024791721919e-05 53.67
868 2.655520725867005e-05 53.68
869 2.561560729775608e-05 53.69
870 2.475544410016586e-05 53.7
871 2.396394226834862e-05 53.71
872 2.323855023851448e-05 53.72
873 2.257824606726434e-05 53.73
874 2.197699088547558e-05 53.74
875 2.143775647368208e-05 53.75
876 2.092479801399573e-05 53.76
877 2.045887620944125e-05 53.77
878 2.005727873302954e-05 53.78
879 1.972384304333661e-05 53.79
880 1.943624326104103e-05 53.8
881 1.919449430011499e-05 53.81
882 1.899734403711636e-05 53.82
883 1.883763331102409e-05 53.83
884 1.872075981553506e-05 53.84
885 1.864252593797578e-05 53.85
886 1.860179250376236e-05 53.86
887 1.859645925066396e-05 53.87
888 1.862750197997567e-05 53.88
889 1.869595588995056e-05 53.89
890 1.879977385104962e-05 53.9
891 1.893822933430279e-05 53.91
892 1.911234812422922e-05 53.92
893 1.932144860165309e-05 53.93
894 1.956591545313679e-05 53.94
895 1.984842124258486e-05 53.95
896 2.016429042857246e-05 53.96
897 2.052179967815066e-05 53.97
898 2.091863320350144e-05 53.98
899 2.135607127696534e-05 53.99
900 2.184088979072236e-05 54
901 2.237645398497883e-05 54.01
902 2.295383579294656e-05 54.02
903 2.358476329171057e-05 54.03
904 2.426772777218317e-05 54.04
905 2.500654574605453e-05 54.05
906 2.580182968802237e-05 54.06
907 2.666415299606966e-05 54.07
908 2.759166580167548e-05 54.08
909 2.858700791148164e-05 54.09
910 2.967313514092111e-05 54.1
911 3.084338744942292e-05 54.11
912 3.208917342258822e-05 54.12
913 3.341772058914665e-05 54.13
914 3.482990277888794e-05 54.14
915 3.632390296628989e-05 54.15
916 3.790821407037689e-05 54.16
917 3.959630537151501e-05 54.17
918 4.140668138607431e-05 54.18
919 4.330355342504128e-05 54.19
920 4.532264759673433e-05 54.2
921 4.745517900815979e-05 54.21
922 4.969161783125142e-05 54.22
923 5.201478814015512e-05 54.23
924 5.441673851680172e-05 54.24
925 5.687960322174122e-05 54.25
926 5.938995707206878e-05 54.26
927 6.193953697005584e-05 54.27
928 6.452897187076348e-05 54.28
929 6.714190654112013e-05 54.29
930 6.978444301778487e-05 54.3
931 7.249430785278123e-05 54.31
932 7.517679659653879e-05 54.32
933 7.763631916267384e-05 54.33
934 7.981917458515783e-05 54.34
935 8.159176580390569e-05 54.35
936 8.299449106578878e-05 54.36
937 8.39864411258337e-05 54.37
938 8.458682343968351e-05 54.38
939 8.480528719874989e-05 54.39
940 8.461385973929478e-05 54.4
941 8.4137821336217e-05 54.41
942 8.344441821637685e-05 54.42
943 8.259516912797941e-05 54.43
944 8.158815365157002e-05 54.44
945 8.045836466843867e-05 54.45
946 7.924200697569717e-05 54.46
947 7.789912384769147e-05 54.47
948 7.644644021394283e-05 54.48
949 7.487592952634036e-05 54.49
950 7.319726610038595e-05 54.5
951 7.139027763513039e-05 54.51
952 6.946294997631085e-05 54.52
953 6.742928125673746e-05 54.53
954 6.5322075983565e-05 54.54
955 6.32334729715037e-05 54.55
956 6.102631745924322e-05 54.56
957 5.881219537974078e-05 54.57
958 5.659948276770601e-05 54.58
959 5.441299666138947e-05 54.59
960 5.22907946797206e-05 54.6
961 5.022379955371176e-05 54.61
962 4.822443864746743e-05 54.62
963 4.630119320302164e-05 54.63
964 4.44650204561583e-05 54.64
965 4.273281952331601e-05 54.65
966 4.109207915986739e-05 54.66
967 3.954589816538138e-05 54.67
968 3.808194066270522e-05 54.68
969 3.668795288143707e-05 54.69
970 3.53669533208778e-05 54.7
971 3.414232028349442e-05 54.71
972 3.298405597067584e-05 54.72
973 3.190743920212823e-05 54.73
974 3.090910440080239e-05 54.74
975 2.997901542489979e-05 54.75
976 2.910965958453749e-05 54.76
977 2.82995953825726e-05 54.77
978 2.755182666116524e-05 54.78
979 2.687220710748731e-05 54.79
980 2.626821660248434e-05 54.8
981 2.572734117376233e-05 54.81
982 2.52406033477801e-05 54.82
983 2.48117906529451e-05 54.83
984 2.443417816409756e-05 54.84
985 2.409777325904324e-05 54.85
986 2.380899118198524e-05 54.86
987 2.356713287661831e-05 54.87
988 2.337706933942985e-05 54.88
989 2.3229106267897e-05 54.89
990 2.312689646277214e-05 54.9
991 2.306389133078365e-05 54.91
992 2.304566936738447e-05 54.92
993 2.307017543940494e-05 54.93
994 2.313624852381986e-05 54.94
995 2.324159908345088e-05 54.95
996 2.338435421705781e-05 54.96
997 2.356512245843372e-05 54.97
998 2.378681285026728e-05 54.98
999 2.404756493462369e-05 54.99
1000 2.434553503048868e-05 55
1001 2.468685809703456e-05 55.01
1002 2.506744302708805e-05 55.02
1003 2.548623354489536e-05 55.03
1004 2.594271848267745e-05 55.04
1005 2.644308688209612e-05 55.05
1006 2.698394772852144e-05 55.06
1007 2.757787573313884e-05 55.07
1008 2.821965569106819e-05 55.08
1009 2.891550506579046e-05 55.09
1010 2.963770223645896e-05 55.1
1011 3.041638824725257e-05 55.11
1012 3.126720131909587e-05 55.12
1013 3.215910661612365e-05 55.13
1014 3.309899236715593e-05 55.14
1015 3.409097212368709e-05 55.15
1016 3.513896790339448e-05 55.16
1017 3.623760663471591e-05 55.17
1018 3.740145571465178e-05 55.18
1019 3.862709710551096e-05 55.19
1020 3.992907766394211e-05 55.2
1021 4.130819527972545e-05 55.21
1022 4.274323581737563e-05 55.22
1023 4.426796691482516e-05 55.23
1024 4.582477623401337e-05 55.24
1025 4.74447715851563e-05 55.25
1026 4.910016403680344e-05 55.26
1027 5.080774073214717e-05 55.27
1028 5.255397036476053e-05 55.28
1029 5.431683977884709e-05 55.29
1030 5.608774931859974e-05 55.3
1031 5.789788643882971e-05 55.31
1032 5.969907070306129e-05 55.32
1033 6.145308236743629e-05 55.33
1034 6.325779790121505e-05 55.34
1035 6.500279226870879e-05 55.35
1036 6.66398671212932e-05 55.36
1037 6.813494441067493e-05 55.37
1038 6.947225698894762e-05 55.38
1039 7.064513245289025e-05 55.39
1040 7.165807904000459e-05 55.4
1041 7.252535019372341e-05 55.41
1042 7.323275466588375e-05 55.42
1043 7.373362372911342e-05 55.43
1044 7.403876100485691e-05 55.44
1045 7.409097152970494e-05 55.45
1046 7.397038744970296e-05 55.46
1047 7.370169737630486e-05 55.47
1048 7.332541703931274e-05 55.48
1049 7.286675484381774e-05 55.49
1050 7.23215526999268e-05 55.5
1051 7.168843530577157e-05 55.51
1052 7.095922736053808e-05 55.52
1053 7.015200048885641e-05 55.53
1054 6.922601551937096e-05 55.54
1055 6.8212629274844e-05 55.55
1056 6.714928580055322e-05 55.56
1057 6.596346400232802e-05 55.57
1058 6.468366207008557e-05 55.58
1059 6.332902028775222e-05 55.59
1060 6.190905350151209e-05 55.6
1061 6.040791083584949e-05 55.61
1062 5.887884230607688e-05 55.62
1063 5.733501101277264e-05 55.63
1064 5.577738480412945e-05 55.64
1065 5.421339493070154e-05 55.65
1066 5.264892995825016e-05 55.66
1067 5.110353974495842e-05 55.67
1068 4.961428824263876e-05 55.68
1069 4.817627603305331e-05 55.69
1070 4.678371100793882e-05 55.7
1071 4.543230540942221e-05 55.71
1072 4.412768510993967e-05 55.72
1073 4.28688871380702e-05 55.73
1074 4.165872140643979e-05 55.74
1075 4.051201893610835e-05 55.75
1076 3.943400399507507e-05 55.76
1077 3.843031467047735e-05 55.77
1078 3.748209741258815e-05 55.78
1079 3.658693076139131e-05 55.79
1080 3.575017860461428e-05 55.8
1081 3.497350328162913e-05 55.81
1082 3.424458672324831e-05 55.82
1083 3.356803291219062e-05 55.83
1084 3.294085973397145e-05 55.84
1085 3.236701362625626e-05 55.85
1086 3.184120296730131e-05 55.86
1087 3.136774391753199e-05 55.87
1088 3.093755278108704e-05 55.88
1089 3.055608604620217e-05 55.89
1090 3.021982755301355e-05 55.9
1091 2.993142578709847e-05 55.91
1092 2.968991729412836e-05 55.92
1093 2.949867882028761e-05 55.93
1094 2.93426626552206e-05 55.94
1095 2.923596602939286e-05 55.95
1096 2.917233168827316e-05 55.96
1097 2.914339597173095e-05 55.97
1098 2.915361630327277e-05 55.98
1099 2.920295846242578e-05 55.99
1100 2.929023417617154e-05 56
1101 2.941482188099091e-05 56.01
1102 2.957648961971603e-05 56.02
1103 2.977539508970527e-05 56.03
1104 3.001497179006144e-05 56.04
1105 3.029305591350076e-05 56.05
1106 3.06082384287988e-05 56.06
1107 3.095982072723581e-05 56.07
1108 3.13498309020921e-05 56.08
1109 3.177080058314196e-05 56.09
1110 3.223062046620511e-05 56.1
1111 3.273072272562444e-05 56.11
1112 3.327118630150423e-05 56.12
1113 3.384866744701576e-05 56.13
1114 3.444359348330178e-05 56.14
1115 3.510952420760772e-05 56.15
1116 3.580687710348617e-05 56.16
1117 3.655392782412841e-05 56.17
1118 3.73514856858871e-05 56.18
1119 3.818780528330435e-05 56.19
1120 3.906822101111007e-05 56.2
1121 3.99912828145432e-05 56.21
1122 4.096795922360314e-05 56.22
1123 4.197952323167048e-05 56.23
1124 4.303297412609377e-05 56.24
1125 4.41277323682141e-05 56.25
1126 4.525772958177277e-05 56.26
1127 4.641534799292565e-05 56.27
1128 4.760363096367323e-05 56.28
1129 4.880515510355648e-05 56.29
1130 5.001282590557843e-05 56.3
1131 5.122886327815161e-05 56.31
1132 5.243513594579028e-05 56.32
1133 5.363692037569571e-05 56.33
1134 5.483202141285473e-05 56.34
1135 5.601368851109589e-05 56.35
1136 5.719271593103871e-05 56.36
1137 5.835779739579525e-05 56.37
1138 5.949577801881957e-05 56.38
1139 6.058864293295966e-05 56.39
1140 6.163814284021013e-05 56.4
1141 6.264340889135043e-05 56.41
1142 6.358053256978914e-05 56.42
1143 6.444626264704253e-05 56.43
1144 6.522835534623965e-05 56.44
1145 6.592468889268954e-05 56.45
1146 6.654513818299838e-05 56.46
1147 6.708480976080059e-05 56.47
1148 6.754124442791222e-05 56.48
1149 6.790957117523501e-05 56.49
1150 6.817672965281551e-05 56.5
1151 6.836222171808612e-05 56.51
1152 6.844662524501122e-05 56.52
1153 6.843491875833919e-05 56.53
1154 6.832158085652767e-05 56.54
1155 6.810220966501832e-05 56.55
1156 6.778542347074827e-05 56.56
1157 6.738322110478952e-05 56.57
1158 6.690044687136836e-05 56.58
1159 6.634317546993956e-05 56.59
1160 6.570996543656613e-05 56.6
1161 6.502504659211527e-05 56.61
1162 6.427867176808428e-05 56.62
1163 6.347886155035279e-05 56.63
1164 6.263511009041646e-05 56.64
1165 6.174471941475564e-05 56.65
1166 6.081398532833778e-05 56.66
1167 5.983918610369193e-05 56.67
1168 5.882883218573648e-05 56.68
1169 5.77871222273836e-05 56.69
1170 5.676629051443277e-05 56.7
1171 5.570869394882264e-05 56.71
1172 5.459316674765848e-05 56.72
1173 5.344440667197683e-05 56.73
1174 5.230423868955348e-05 56.74
1175 5.117891121450262e-05 56.75
1176 5.006188946425544e-05 56.76
1177 4.896831467961466e-05 56.77
1178 4.790013733967022e-05 56.78
1179 4.687123246055625e-05 56.79
1180 4.588165212359448e-05 56.8
1181 4.49266747048031e-05 56.81
1182 4.400942715564777e-05 56.82
1183 4.313304975123331e-05 56.83
1184 4.229442983722122e-05 56.84
1185 4.14925552756213e-05 56.85
1186 4.072297573003811e-05 56.86
1187 4.000480086869312e-05 56.87
1188 3.933283764299127e-05 56.88
1189 3.87001463164464e-05 56.89
1190 3.810646735974826e-05 56.9
1191 3.755852311286507e-05 56.91
1192 3.705101890454393e-05 56.92
1193 3.657794501382002e-05 56.93
1194 3.614703562564672e-05 56.94
1195 3.575640111865527e-05 56.95
1196 3.540094919389715e-05 56.96
1197 3.507801867511092e-05 56.97
1198 3.479245274943276e-05 56.98
1199 3.454588136268822e-05 56.99
1200 3.433834665837349e-05 57
1201 3.417364490174041e-05 57.01
1202 3.403464768327104e-05 57.02
1203 3.393277368278268e-05 57.03
1204 3.386405004821916e-05 57.04
1205 3.382919917722767e-05 57.05
1206 3.383057088656338e-05 57.06
1207 3.387131660642227e-05 57.07
1208 3.39486782345937e-05 57.08
1209 3.406366576909315e-05 57.09
1210 3.421164753162564e-05 57.1
1211 3.439321967505664e-05 57.11
1212 3.460911983846816e-05 57.12
1213 3.486118349589426e-05 57.13
1214 3.514832907763553e-05 57.14
1215 3.546913089987317e-05 57.15
1216 3.582649256539583e-05 57.16
1217 3.622314955317339e-05 57.17
1218 3.665589236306722e-05 57.18
1219 3.712758095719044e-05 57.19
1220 3.763549243843222e-05 57.2
1221 3.817767618353778e-05 57.21
1222 3.875657271104786e-05 57.22
1223 3.937683151892871e-05 57.23
1224 4.003107912505778e-05 57.24
1225 4.071990688038329e-05 57.25
1226 4.144106353913341e-05 57.26
1227 4.219769513829307e-05 57.27
1228 4.298101571975417e-05 57.28
1229 4.377742405091391e-05 57.29
1230 4.457310220783898e-05 57.3
1231 4.541056155682442e-05 57.31
1232 4.626780036399341e-05 57.32
1233 4.720099185438712e-05 57.33
1234 4.812553092722915e-05 57.34
1235 4.902910587339877e-05 57.35
1236 4.992791921096484e-05 57.36
1237 5.082105033491756e-05 57.37
1238 5.170842585574846e-05 57.38
1239 5.260230014516465e-05 57.39
1240 5.349033005945127e-05 57.4
1241 5.435475882363381e-05 57.41
1242 5.519579081245524e-05 57.42
1243 5.601854081659303e-05 57.43
1244 5.681501947582306e-05 57.44
1245 5.757768986224163e-05 57.45
1246 5.83127713869651e-05 57.46
1247 5.901544972596932e-05 57.47
1248 5.968013256464794e-05 57.48
1249 6.030496271670366e-05 57.49
1250 6.089007084826765e-05 57.5
1251 6.14379294356988e-05 57.51
1252 6.193402932771602e-05 57.52
1253 6.237777180783588e-05 57.53
1254 6.276650692340533e-05 57.54
1255 6.310231466615691e-05 57.55
1256 6.338208209335086e-05 57.56
1257 6.360719584467437e-05 57.57
1258 6.377576121787178e-05 57.58
1259 6.388389264638403e-05 57.59
1260 6.392901360314434e-05 57.6
1261 6.3912449280124e-05 57.61
1262 6.383350541353276e-05 57.62
1263 6.369860336327305e-05 57.63
1264 6.350418086322921e-05 57.64
1265 6.3252332127133e-05 57.65
1266 6.296908805691892e-05 57.66
1267 6.263108370512266e-05 57.67
1268 6.224857093965054e-05 57.68
1269 6.182256381703624e-05 57.69
1270 6.134760469334838e-05 57.7
1271 6.083327627061069e-05 57.71
1272 6.028238941103626e-05 57.72
1273 5.966734204356633e-05 57.73
1274 5.904588706837832e-05 57.74
1275 5.839003106706291e-05 57.75
1276 5.770352166518747e-05 57.76
1277 5.698878664064569e-05 57.77
1278 5.624934015501983e-05 57.78
1279 5.549046821190122e-05 57.79
1280 5.471971665802163e-05 57.8
1281 5.393833580395507e-05 57.81
1282 5.314439875301903e-05 57.82
1283 5.234987949896061e-05 57.83
1284 5.155569805146849e-05 57.84
1285 5.075197711665758e-05 57.85
1286 4.995505845697325e-05 57.86
1287 4.916853444134604e-05 57.87
1288 4.83971076829086e-05 57.88
1289 4.761637846701567e-05 57.89
1290 4.688446292114958e-05 57.9
1291 4.617401838613818e-05 57.91
1292 4.546468241604286e-05 57.92
1293 4.476770061818422e-05 57.93
1294 4.41033211771373e-05 57.94
1295 4.347551240850378e-05 57.95
1296 4.287995972947623e-05 57.96
1297 4.231462966039829e-05 57.97
1298 4.178605976142452e-05 57.98
1299 4.128607468980369e-05 57.99
1300 4.081702476562844e-05 58
1301 4.037831482458469e-05 58.01
1302 3.996069009925013e-05 58.02
1303 3.957936623570223e-05 58.03
1304 3.92326892196794e-05 58.04
1305 3.891920312142996e-05 58.05
1306 3.863097338591939e-05 58.06
1307 3.837138097064169e-05 58.07
1308 3.8144097042234e-05 58.08
1309 3.794216133210364e-05 58.09
1310 3.777442866404231e-05 58.1
1311 3.762682703729838e-05 58.11
1312 3.751290544601102e-05 58.12
1313 3.744182600950889e-05 58.13
1314 3.740012954836612e-05 58.14
1315 3.737772494975125e-05 58.15
1316 3.739675324175881e-05 58.16
1317 3.743638347660996e-05 58.17
1318 3.751245409990694e-05 58.18
1319 3.76187781043143e-05 58.19
1320 3.775991578830763e-05 58.2
1321 3.792995931322019e-05 58.21
1322 3.811932707106925e-05 58.22
1323 3.83202521954591e-05 58.23
1324 3.855261542909004e-05 58.24
1325 3.880771328626882e-05 58.25
1326 3.908546540592218e-05 58.26
1327 3.938506816091204e-05 58.27
1328 3.970719975359887e-05 58.28
1329 4.005182075783865e-05 58.29
1330 4.042039036845326e-05 58.3
1331 4.082197192310766e-05 58.31
1332 4.124484318209297e-05 58.32
1333 4.168858605971308e-05 58.33
1334 4.21501666349517e-05 58.34
1335 4.263014595754836e-05 58.35
1336 4.31290263584593e-05 58.36
1337 4.364375191699822e-05 58.37
1338 4.417316031629646e-05 58.38
1339 4.471584734483523e-05 58.39
1340 4.527103989659583e-05 58.4
1341 4.584097411169208e-05 58.41
1342 4.64224862814989e-05 58.42
1343 4.700551899115125e-05 58.43
1344 4.759115923042151e-05 58.44
1345 4.818063832818754e-05 58.45
1346 4.877058437183347e-05 58.46
1347 4.936198935642576e-05 58.47
1348 4.995401906290275e-05 58.48
1349 5.053746393889092e-05 58.49
1350 5.110686903598073e-05 58.5
1351 5.166051876050319e-05 58.51
1352 5.219750699539956e-05 58.52
1353 5.271865864844833e-05 58.53
1354 5.322421115504885e-05 58.54
1355 5.371112673003802e-05 58.55
1356 5.417244280443364e-05 58.56
1357 5.460790945264627e-05 58.57
1358 5.502480094546465e-05 58.58
1359 5.542608380787418e-05 58.59
1360 5.578871645387769e-05 58.6
1361 5.612459398866461e-05 58.61
1362 5.643474058365292e-05 58.62
1363 5.671539468100048e-05 58.63
1364 5.696661687928632e-05 58.64
1365 5.718112352723751e-05 58.65
1366 5.736743372991291e-05 58.66
1367 5.752141886543303e-05 58.67
1368 5.764345082421797e-05 58.68
1369 5.772666651137368e-05 58.69
1370 5.777792932597196e-05 58.7
1371 5.779268712597135e-05 58.71
1372 5.777302555103375e-05 58.72
1373 5.772017489738462e-05 58.73
1374 5.763425721283717e-05 58.74
1375 5.751481496245909e-05 58.75
1376 5.736171012309804e-05 58.76
1377 5.717477832530502e-05 58.77
1378 5.695710273747374e-05 58.78
1379 5.671157985113222e-05 58.79
1380 5.643788538956923e-05 58.8
1381 5.613607378949079e-05 58.81
1382 5.580481098977629e-05 58.82
1383 5.545136043461049e-05 58.83
1384 5.507711737518103e-05 58.84
1385 5.467949571941736e-05 58.85
1386 5.426232745227158e-05 58.86
1387 5.382635915776909e-05 58.87
1388 5.337276762184929e-05 58.88
1389 5.290361471061216e-05 58.89
1390 5.241873836665741e-05 58.9
1391 5.192393164980837e-05 58.91
1392 5.141808168353116e-05 58.92
1393 5.090401519989563e-05 58.93
1394 5.038506108569081e-05 58.94
1395 4.986257686658068e-05 58.95
1396 4.933766846102903e-05 58.96
1397 4.881297959718026e-05 58.97
1398 4.828502668691547e-05 58.98
1399 4.776511580513825e-05 58.99
1400 4.725347969217193e-05 59
1401 4.675502740170399e-05 59.01
1402 4.626898020515965e-05 59.02
1403 4.582981775778199e-05 59.03
1404 4.534911449247478e-05 59.04
1405 4.492511350219671e-05 59.05
1406 4.450157221143978e-05 59.06
1407 4.408335012602694e-05 59.07
1408 4.367255636210044e-05 59.08
1409 4.327144079922005e-05 59.09
1410 4.289056567580141e-05 59.1
1411 4.251646943099505e-05 59.11
1412 4.215511825224911e-05 59.12
1413 4.180618433188759e-05 59.13
1414 4.147243041871681e-05 59.14
1415 4.115221819153993e-05 59.15
1416 4.084949147858783e-05 59.16
1417 4.056302982158229e-05 59.17
1418 4.028114285033892e-05 59.18
1419 4.002056185342117e-05 59.19
1420 3.977729517411615e-05 59.2
1421 3.954936622876958e-05 59.21
1422 3.933614914444075e-05 59.22
1423 3.913988528572242e-05 59.23
1424 3.895851803106346e-05 59.24
1425 3.879487625255964e-05 59.25
1426 3.865623789075843e-05 59.26
1427 3.852843904233928e-05 59.27
1428 3.841436010672354e-05 59.28
1429 3.83151624879458e-05 59.29
1430 3.823178826057749e-05 59.3
1431 3.816385040706515e-05 59.31
1432 3.811173731397789e-05 59.32
1433 3.807259775197378e-05 59.33
1434 3.804105758306079e-05 59.34
1435 3.804112871758792e-05 59.35
1436 3.805156714442493e-05 59.36
1437 3.807537725603173e-05 59.37
1438 3.811662209274678e-05 59.38
1439 3.817994259672793e-05 59.39
1440 3.825392709848995e-05 59.4
1441 3.835085200522202e-05 59.41
1442 3.845862638862977e-05 59.42
1443 3.857997168040391e-05 59.43
1444 3.871579907495989e-05 59.44
1445 3.886662538847061e-05 59.45
1446 3.903301450951604e-05 59.46
1447 3.921161164983124e-05 59.47
1448 3.940562197291417e-05 59.48
1449 3.961466224109184e-05 59.49
1450 3.983756953205249e-05 59.5
1451 4.007453849322655e-05 59.51
1452 4.032421959706939e-05 59.52
1453 4.058766831583998e-05 59.53
1454 4.084772654999877e-05 59.54
1455 4.114358593173415e-05 59.55
1456 4.144760905355636e-05 59.56
1457 4.175739287983027e-05 59.57
1458 4.207905082238647e-05 59.58
1459 4.244870966554971e-05 59.59
1460 4.277712191206042e-05 59.6
1461 4.312528018365366e-05 59.61
1462 4.34925058873703e-05 59.62
1463 4.388671738136575e-05 59.63
1464 4.426581052776909e-05 59.64
1465 4.468210167964181e-05 59.65
1466 4.508091926589384e-05 59.66
1467 4.554313264971488e-05 59.67
1468 4.597794819597165e-05 59.68
1469 4.640844902537104e-05 59.69
1470 4.684518979492228e-05 59.7
1471 4.728208632063009e-05 59.71
1472 4.771699310812371e-05 59.72
1473 4.814754735112766e-05 59.73
1474 4.857181008804443e-05 59.74
1475 4.898923788370527e-05 59.75
1476 4.939730580854973e-05 59.76
1477 4.979570553113269e-05 59.77
1478 5.018254498444139e-05 59.78
1479 5.055942905179234e-05 59.79
1480 5.092265262411863e-05 59.8
1481 5.127636701365189e-05 59.81
1482 5.162028685069096e-05 59.82
1483 5.194977134933593e-05 59.83
1484 5.226312360061502e-05 59.84
1485 5.256484788899402e-05 59.85
1486 5.284345492314909e-05 59.86
1487 5.309293610182908e-05 59.87
1488 5.333480192348853e-05 59.88
1489 5.355435996030208e-05 59.89
1490 5.378398889307569e-05 59.9
1491 5.398175713872834e-05 59.91
1492 5.416656768251131e-05 59.92
1493 5.433888648000021e-05 59.93
1494 5.449065838901701e-05 59.94
1495 5.462470315606805e-05 59.95
1496 5.473738337173846e-05 59.96
1497 5.482970122285852e-05 59.97
1498 5.489747718113722e-05 59.98
1499 5.494559150300151e-05 59.99
1500 5.497101148864194e-05 60
