"frac-mass-o2-rfile"
"Time Step" "frac-mass-o2 etc.."
("Time Step" "frac-mass-o2" "flow-time")
0 0.227217898654655 0
1 0.2259579465203746 0.1
2 0.2244730051639814 0.2
3 0.2230054666602011 0.3
4 0.2215373016608284 0.4
5 0.2198706728472389 0.5
6 0.2180180955543809 0.6000000000000001
7 0.2161413632835008 0.7000000000000001
8 0.2143797570097779 0.8
9 0.212768526832475 0.9
10 0.2113137008177808 1
11 0.2099980683660676 1.1
12 0.2087987608889725 1.2
13 0.2076864738599151 1.3
14 0.2064965236234307 1.4
15 0.2054058047455194 1.5
16 0.2043085043015578 1.6
17 0.2031413566208867 1.7
18 0.2019368516785373 1.8
19 0.2007191375667807 1.9
20 0.1994696466774001 2
21 0.1982052015990106 2.1
22 0.1968937926469125 2.2
23 0.1955575910255454 2.3
24 0.1942060593627228 2.4
25 0.1928393459408877 2.5
26 0.1914582727459777 2.6
27 0.1900621601632268 2.7
28 0.1886576693866304 2.8
29 0.1872471585215749 2.9
30 0.185829457432491 3
31 0.1844071879062227 3.1
32 0.1829828047566556 3.2
33 0.1815588441006962 3.3
34 0.1801374914622545 3.4
35 0.1787208975757088 3.5
36 0.1773104269475465 3.6
37 0.1759082700273957 3.7
38 0.1745153477159372 3.8
39 0.173132777088863 3.9
40 0.1717602715680469 4
41 0.1703972622116331 4.100000000000001
42 0.1690431893306159 4.2
43 0.1676969351892378 4.3
44 0.1663625812827411 4.4
45 0.1650297297069559 4.5
46 0.163700633390172 4.600000000000001
47 0.1623742042145684 4.7
48 0.1610478159397785 4.800000000000001
49 0.1597226059904175 4.9
50 0.1583968030068715 5
51 0.1570701348732534 5.100000000000001
52 0.1557412587798899 5.2
53 0.1544099315313488 5.300000000000001
54 0.153076141832647 5.4
55 0.1517395687286036 5.5
56 0.1504140944366954 5.600000000000001
57 0.1490866668694898 5.7
58 0.1477574223379186 5.800000000000001
59 0.1464109874252993 5.9
60 0.1450624246408453 6
61 0.1437286490181375 6.100000000000001
62 0.1423768117503699 6.2
63 0.1410236166551024 6.300000000000001
64 0.139670269980785 6.4
65 0.1383167587858067 6.5
66 0.1369636339129109 6.600000000000001
67 0.1356112236317043 6.7
68 0.1342600348928902 6.800000000000001
69 0.1329105812698327 6.9
70 0.1315633113477724 7
71 0.1302182178407121 7.100000000000001
72 0.1288916183065739 7.2
73 0.127552189975813 7.300000000000001
74 0.1262155748338238 7.4
75 0.1248822279228424 7.5
76 0.1235666028895613 7.600000000000001
77 0.1222393268745646 7.7
78 0.1209291890641484 7.800000000000001
79 0.119621747684367 7.9
80 0.1183168189240464 8
81 0.117014010637187 8.1
82 0.1157128639360789 8.200000000000001
83 0.1144133347235348 8.300000000000001
84 0.1131185818188259 8.4
85 0.1118212652994787 8.5
86 0.110525307209182 8.6
87 0.1092305505304843 8.700000000000001
88 0.1079152072954259 8.800000000000001
89 0.1066191678012481 8.9
90 0.1053240884472213 9
91 0.1040070671970205 9.1
92 0.1027108310636259 9.200000000000001
93 0.1014154087745156 9.300000000000001
94 0.1001241686221737 9.4
95 0.09883034914018948 9.5
96 0.09754091331037369 9.600000000000001
97 0.09624819209473062 9.700000000000001
98 0.09496038873415547 9.800000000000001
99 0.09366853599450266 9.9
100 0.09238232791270129 10
101 0.09109170641485283 10.1
102 0.08981143034679259 10.2
103 0.08852645123575575 10.3
104 0.08724351292550671 10.4
105 0.08595621604954737 10.5
106 0.08467581867962552 10.6
107 0.08339515206304229 10.7
108 0.08212061363198221 10.8
109 0.08084207278760601 10.9
110 0.07956996409767303 11
111 0.07829987681192498 11.1
112 0.07698972388418153 11.2
113 0.07572190076301356 11.3
114 0.07445993017080234 11.4
115 0.07319571692352352 11.5
116 0.07188902059895888 11.6
117 0.07062792493689549 11.7
118 0.06932219102727902 11.8
119 0.06807072397608999 11.9
120 0.06676675780960574 12
121 0.06552006759827009 12.1
122 0.06421814319267836 12.2
123 0.06297558142390698 12.3
124 0.06167601333161631 12.4
125 0.06043770034792761 12.5
126 0.0591407283396343 12.6
127 0.0579180517211579 12.7
128 0.05662447130344848 12.8
129 0.05542361606407988 12.9
130 0.05413369682878857 13
131 0.0529223511428251 13.1
132 0.05163553485664692 13.2
133 0.05045712551788827 13.3
134 0.04917440307384174 13.4
135 0.04801735058846557 13.5
136 0.04673876746165048 13.6
137 0.04550668991105295 13.7
138 0.0442330340966573 13.8
139 0.04309414415090471 13.9
140 0.04182486180930094 14
141 0.04060924279216337 14.1
142 0.03934743408315843 14.2
143 0.03815266691151932 14.3
144 0.03689656913142466 14.4
145 0.03574425922966664 14.5
146 0.03449742222323022 14.6
147 0.03337647789987035 14.7
148 0.0321434946706308 14.8
149 0.03097062739780237 14.9
150 0.02974470303142127 15
151 0.02859405675853057 15.1
152 0.027388264890288 15.2
153 0.02629034213063256 15.3
154 0.0250982653812277 15.4
155 0.02398646678542251 15.5
156 0.02278650926992641 15.6
157 0.02169910181223212 15.7
158 0.02052539871481547 15.8
159 0.01949151088948387 15.9
160 0.01832676950977159 16
161 0.01733477861991001 16.1
162 0.01621339991577719 16.2
163 0.01525155651309029 16.3
164 0.0141906808853419 16.4
165 0.01329508029613617 16.5
166 0.01231056047055578 16.6
167 0.01148459489420508 16.7
168 0.01058105623450328 16.8
169 0.009823822743514168 16.9
170 0.008994252577384124 17
171 0.008307972097839225 17.1
172 0.007566926710856572 17.2
173 0.006963724591130296 17.3
174 0.00639018637259755 17.4
175 0.005739100939221135 17.5
176 0.005223285337022791 17.6
177 0.004739248005652648 17.7
178 0.004131899749236088 17.8
179 0.003677724735440305 17.9
180 0.00325282372217456 18
181 0.002689581845713386 18.1
182 0.00230377573722491 18.2
183 0.00194934910113585 18.3
184 0.001464251789536173 18.4
185 0.001166069774015397 18.5
186 0.0009257386164298072 18.6
187 0.0006063931575435804 18.7
188 0.0004403371500953415 18.8
189 0.0002181392812693399 18.9
190 2.394093198433089e-05 19
191 1.426690805080421e-07 19.1
192 1.197135580985809e-09 19.2
193 1.218373471589687e-11 19.3
194 1.393054665970964e-13 19.4
195 1.718479329634005e-15 19.5
196 2.230868615922293e-17 19.6
197 3.002962491627385e-19 19.7
198 4.222878064740224e-21 19.8
199 6.545497638675062e-23 19.9
200 1.71549275628511e-24 20
201 4.919905719645179e-26 20.1
202 1.512001420120198e-27 20.2
203 5.025440169936496e-29 20.3
204 2.757831750956966e-30 20.4
205 8.52978652413962e-31 20.5
206 4.905788651848012e-31 20.6
207 3.84316674820146e-31 20.7
208 3.771543145087177e-31 20.8
209 3.702542644870393e-31 20.9
210 3.635865531830379e-31 21
211 3.571375551532218e-31 21.1
212 3.508954916930226e-31 21.2
213 3.448501677781548e-31 21.3
214 3.389921787998204e-31 21.4
215 3.333128871675019e-31 21.5
216 3.278042036952726e-31 21.6
217 3.224586054786661e-31 21.7
218 3.172690210654608e-31 21.8
219 3.122288183144593e-31 21.9
220 3.073317464327282e-31 22
221 3.025719048513393e-31 22.1
222 2.979437153884592e-31 22.2
223 2.934419152711603e-31 22.3
224 2.890615174707089e-31 22.4
225 2.847978045032679e-31 22.5
226 2.806462928322077e-31 22.6
227 2.766027264689455e-31 22.7
228 2.726630678672357e-31 22.8
229 2.688234809802947e-31 22.9
230 2.650803106116514e-31 23
231 2.614300803748978e-31 23.1
232 2.578694785911982e-31 23.2
233 2.543953475691528e-31 23.3
234 2.510046760184108e-31 23.4
235 2.476945895908438e-31 23.5
236 2.444623465183391e-31 23.6
237 2.413053274103356e-31 23.7
238 2.382210242165605e-31 23.8
239 2.352070389087863e-31 23.9
240 2.32261075905817e-31 24
241 2.293809385645356e-31 24.1
242 2.265645243670522e-31 24.2
243 2.238098175817905e-31 24.3
244 2.211148845578754e-31 24.4
245 2.184778704922428e-31 24.5
246 2.158969942464727e-31 24.6
247 2.133705466470787e-31 24.7
248 2.108968871818533e-31 24.8
249 2.084744407644495e-31 24.9
250 2.061016910016044e-31 25
251 2.037771817794055e-31 25.1
252 2.014995080607941e-31 25.2
253 1.992673218258158e-31 25.3
254 1.970793264012243e-31 25.4
255 1.949342717701137e-31 25.5
256 1.928309510632005e-31 25.6
257 1.907682040526301e-31 25.7
258 1.887449107890637e-31 25.8
259 1.867599923836372e-31 25.9
260 1.848124096633733e-31 26
261 1.829011586156906e-31 26.1
262 1.810252702931211e-31 26.2
263 1.79183809537946e-31 26.3
264 1.773758712649118e-31 26.4
265 1.756005832326321e-31 26.5
266 1.738571020002956e-31 26.6
267 1.721446127438083e-31 26.7
268 1.704623273710755e-31 26.8
269 1.6880948348592e-31 26.9
270 1.671853432256896e-31 27
271 1.655891939190191e-31 27.1
272 1.640203441898297e-31 27.2
273 1.624781292994224e-31 27.3
274 1.609618995216605e-31 27.4
275 1.594710309586543e-31 27.5
276 1.580049117355273e-31 27.6
277 1.565629565092317e-31 27.7
278 1.5514459335079e-31 27.8
279 1.537492732128814e-31 27.9
280 1.523764567748787e-31 28
281 1.510256274062279e-31 28.1
282 1.496962770859429e-31 28.2
283 1.483879202122681e-31 28.3
284 1.471000800745743e-31 28.4
285 1.458322978540563e-31 28.5
286 1.4458412475215e-31 28.6
287 1.43355128555166e-31 28.7
288 1.42144884124325e-31 28.8
289 1.409529841472322e-31 28.9
290 1.397790286714204e-31 29
291 1.386226338109471e-31 29.1
292 1.374834212012139e-31 29.2
293 1.363610273582047e-31 29.3
294 1.352550934781878e-31 29.4
295 1.341652764277842e-31 29.5
296 1.330912383968834e-31 29.6
297 1.320326537199558e-31 29.7
298 1.30989202581562e-31 29.8
299 1.299605768881892e-31 29.9
300 1.289464725752348e-31 30
301 1.279465973549586e-31 30.1
302 1.269606647028385e-31 30.2
303 1.25988397699747e-31 30.3
304 1.250295237283236e-31 30.4
305 1.240837799861405e-31 30.5
306 1.231509071343857e-31 30.6
307 1.222306545103961e-31 30.7
308 1.213227785412844e-31 30.8
309 1.204270407047795e-31 30.9
310 1.195432083490939e-31 31
311 1.186710559901246e-31 31.1
312 1.178103609053259e-31 31.2
313 1.169609079092297e-31 31.3
314 1.161224865909681e-31 31.4
315 1.152948920976915e-31 31.5
316 1.144779246923153e-31 31.6
317 1.136713890279738e-31 31.7
318 1.128750936356653e-31 31.8
319 1.120888525309507e-31 31.9
320 1.113124837585416e-31 32
321 1.10545810328628e-31 32.1
322 1.097886588840199e-31 32.2
323 1.090408602152401e-31 32.3
324 1.083022478771833e-31 32.4
325 1.075726605984349e-31 32.5
326 1.068519408465054e-31 32.6
327 1.061399341270854e-31 32.7
328 1.054364897587024e-31 32.8
329 1.047414607261962e-31 32.9
330 1.040547019845276e-31 33
331 1.033760728173699e-31 33.1
332 1.027054358764582e-31 33.2
333 1.020426559986898e-31 33.3
334 1.013876017139737e-31 33.4
335 1.007401440424446e-31 33.5
336 1.00100156177837e-31 33.6
337 9.946751491088351e-32 33.7
338 9.884209969676544e-32 33.8
339 9.822379289217385e-32 33.9
340 9.761247845461281e-32 34
341 9.700804303317891e-32 34.1
342 9.641037550587556e-32 34.2
343 9.581936712449639e-32 34.3
344 9.523491201501923e-32 34.4
345 9.465690659731039e-32 34.5
346 9.408524865255946e-32 34.6
347 9.351983823572768e-32 34.7
348 9.296057711032585e-32 34.8
349 9.240736983482929e-32 34.9
350 8.544503989758253e-32 35
351 8.496607121875415e-32 35.1
352 8.449378827367104e-32 35.2
353 8.402682542424735e-32 35.3
354 8.356491440508883e-32 35.4
355 8.310783594653829e-32 35.5
356 8.265546968842809e-32 35.6
357 8.220770043782102e-32 35.7
358 8.176443959363258e-32 35.8
359 8.132559987323135e-32 35.9
360 8.089110612339894e-32 36
361 8.04608856475789e-32 36.1
362 8.003487123116151e-32 36.2
363 7.720481958938358e-32 36.3
364 7.680850148979786e-32 36.4
365 7.641653572320196e-32 36.5
366 7.602842419430929e-32 36.6
367 7.564404897905652e-32 36.7
368 7.526330281482024e-32 36.8
369 7.488611824606116e-32 36.9
370 7.45124293287183e-32 37
371 7.4142180103497e-32 37.1
372 7.377531620274183e-32 37.2
373 7.341178825012933e-32 37.3
374 7.305154815861707e-32 37.4
375 7.269455013970939e-32 37.5
376 7.234074959244464e-32 37.6
377 7.199010334108891e-32 37.7
378 7.164256931519894e-32 37.8
379 7.129810678006488e-32 37.9
380 7.095667583005393e-32 38
381 7.061823714717074e-32 38.1
382 7.028275220508042e-32 38.2
383 6.995018317358269e-32 38.3
384 6.962049281489105e-32 38.40000000000001
385 6.929364501070741e-32 38.5
386 6.896960402860707e-32 38.6
387 6.864833479468858e-32 38.7
388 6.832980273611859e-32 38.8
389 6.80139736552856e-32 38.90000000000001
390 6.770081416066373e-32 39
391 6.739029158758629e-32 39.1
392 6.708237381046461e-32 39.2
393 6.677702912472781e-32 39.3
394 6.647422616069637e-32 39.40000000000001
395 6.617393405447466e-32 39.5
396 6.58761227913079e-32 39.6
397 6.558076250578843e-32 39.7
398 6.528782401909493e-32 39.8
399 6.499727877100166e-32 39.90000000000001
400 6.470909838133247e-32 40
401 6.442325470579387e-32 40.1
402 6.413972031130106e-32 40.2
403 6.38584683864992e-32 40.3
404 6.357947236937294e-32 40.40000000000001
405 6.330270621438046e-32 40.5
406 6.302814411510666e-32 40.6
407 6.275576048701191e-32 40.7
408 6.248553032221109e-32 40.8
409 6.22174291768457e-32 40.90000000000001
410 6.19514329524071e-32 41
411 6.168751776471016e-32 41.1
412 6.142566032939017e-32 41.2
413 6.116583704172412e-32 41.3
414 6.090802515504783e-32 41.40000000000001
415 6.065220230044338e-32 41.5
416 6.039834641300149e-32 41.6
417 6.014643575095955e-32 41.7
418 5.989644875038486e-32 41.8
419 5.964836404111324e-32 41.90000000000001
420 5.940216086440926e-32 42
421 5.915781873074558e-32 42.1
422 5.891531749978917e-32 42.2
423 5.797051101822066e-32 42.3
424 5.77365027036821e-32 42.40000000000001
425 5.750438572197867e-32 42.5
426 5.727403323178971e-32 42.6
427 5.704541043739777e-32 42.7
428 5.681848154962945e-32 42.8
429 5.65932245176363e-32 42.90000000000001
430 5.636961659834535e-32 43
431 5.614763795782311e-32 43.1
432 5.592726884540231e-32 43.2
433 5.570849096181408e-32 43.3
434 5.549128632615978e-32 43.40000000000001
435 5.527563780761742e-32 43.5
436 5.506152838608878e-32 43.6
437 5.484894176006709e-32 43.7
438 5.463786258601493e-32 43.8
439 5.442827575198198e-32 43.90000000000001
440 5.422016556978596e-32 44
441 5.401351703049914e-32 44.1
442 5.380831533021094e-32 44.2
443 5.360454588756446e-32 44.3
444 5.340219417079349e-32 44.40000000000001
445 5.320124593779775e-32 44.5
446 5.300168694954183e-32 44.6
447 5.280350331693723e-32 44.7
448 5.260668152372069e-32 44.8
449 5.241120804235488e-32 44.90000000000001
450 5.221706957966647e-32 45
451 5.202425304707241e-32 45.1
452 5.183274510770541e-32 45.2
453 5.164253300725971e-32 45.3
454 5.145360413221877e-32 45.40000000000001
455 5.126594618728679e-32 45.5
456 5.107954673631082e-32 45.6
457 5.089439361224966e-32 45.7
458 5.071047453169997e-32 45.8
459 5.052777765307774e-32 45.90000000000001
460 5.034629127517819e-32 46
461 5.016600412516098e-32 46.1
462 4.998690466145469e-32 46.2
463 4.980898162942162e-32 46.3
464 4.963222358030219e-32 46.40000000000001
465 4.945661952487996e-32 46.5
466 4.928215865529776e-32 46.6
467 4.910883038332334e-32 46.7
468 4.893662410313086e-32 46.8
469 4.876552931399151e-32 46.90000000000001
470 4.859553548136533e-32 47
471 4.842663239672226e-32 47.1
472 4.825881004578804e-32 47.2
473 4.809205837808201e-32 47.3
474 4.792636763815024e-32 47.40000000000001
475 4.7761728102733e-32 47.5
476 4.75981299481551e-32 47.6
477 4.743556374474852e-32 47.7
478 4.72740203688007e-32 47.8
479 4.711349054660571e-32 47.90000000000001
480 4.695396503863222e-32 48
481 4.679543481352648e-32 48.1
482 4.663789066263335e-32 48.2
483 4.648132378509112e-32 48.3
484 4.6325725467982e-32 48.40000000000001
485 4.617108713819761e-32 48.5
486 4.601740024103743e-32 48.6
487 4.586465641550824e-32 48.7
488 4.571284710031859e-32 48.8
489 4.556196408243484e-32 48.90000000000001
490 4.541199916484309e-32 49
491 4.52629444478078e-32 49.1
492 4.511479196530419e-32 49.2
493 4.496753377132333e-32 49.3
494 4.482116193114627e-32 49.40000000000001
495 4.46756687931519e-32 49.5
496 4.453104683556187e-32 49.6
497 4.438728847868087e-32 49.7
498 4.42443864180549e-32 49.8
499 4.410233325814795e-32 49.90000000000001
500 4.396112150422462e-32 50
501 1.145522015945588e-16 50.01
502 8.551112157637419e-18 50.02
503 7.797419631066347e-19 50.03
504 7.777153923146145e-20 50.04
505 8.320507815467201e-21 50.05
506 9.597540660348799e-22 50.06
507 1.170252227275397e-22 50.07
508 1.56899845422117e-23 50.08
509 2.201703465752648e-24 50.09
510 3.191696604739032e-25 50.1
511 4.733770011176566e-26 50.11
512 7.139025912127569e-27 50.12
513 1.091067382536098e-27 50.13
514 1.690529047594112e-28 50.14
515 2.69979404047123e-29 50.15
516 5.007486545298737e-30 50.16
517 1.64599897292014e-30 50.17
518 8.833145449677745e-31 50.18
519 6.298467313003314e-31 50.19
520 5.306576931054489e-31 50.2
521 4.654479482979089e-31 50.21
522 4.075903422971318e-31 50.22
523 3.450774878315882e-31 50.23
524 3.144263035539445e-31 50.24
525 2.719527720844445e-31 50.25
526 2.516584217722303e-31 50.26
527 2.340218674144598e-31 50.27
528 2.083573369415982e-31 50.28
529 1.939563034366502e-31 50.29
530 1.827434328505369e-31 50.3
531 1.659614349849043e-31 50.31
532 1.573826482206621e-31 50.32
533 1.496111643615027e-31 50.33
534 1.377498976925073e-31 50.34
535 1.315687030908891e-31 50.35
536 1.25902835607455e-31 50.36
537 1.171366715789085e-31 50.37
538 1.125007464832366e-31 50.38
539 1.082132119587615e-31 50.39
540 1.042237734902613e-31 50.4
541 1.005003680252419e-31 50.41
542 8.813836788199066e-08 50.42
543 3.091478832899267e-07 50.43
544 9.929405658208746e-07 50.44
545 1.574323551912489e-06 50.45
546 2.307692609290862e-06 50.46
547 5.524684806373058e-06 50.47
548 8.196936037395615e-06 50.48
549 1.189616366392013e-05 50.49
550 2.389092591123479e-05 50.5
551 6.5972641319448e-05 50.51
552 0.0001520168240428872 50.52
553 0.0003204661630136255 50.53
554 0.0005625871727269387 50.54
555 0.0009164670547789378 50.55
556 0.001458453993845897 50.56
557 0.002484292815024406 50.57
558 0.004111482779521475 50.58
559 0.0061599099291786 50.59
560 0.008528646494394417 50.6
561 0.01126757306357925 50.61
562 0.01444360488078099 50.62
563 0.01803607703156173 50.63
564 0.02212158647389027 50.64
565 0.02664284523225278 50.65
566 0.03110030073977769 50.66
567 0.03502108770851756 50.67
568 0.03803171366805989 50.68
569 0.04018314514923015 50.69
570 0.04179074352846308 50.7
571 0.0430971111980068 50.71
572 0.04425451531236185 50.72
573 0.04531017340812993 50.73
574 0.046250668685007 50.74
575 0.04699778941893076 50.75
576 0.04745477303507421 50.76
577 0.04752915459417364 50.77
578 0.04717123299094333 50.78
579 0.04636757532614932 50.79
580 0.04513814102684555 50.8
581 0.0435158492784905 50.81
582 0.04153862898833174 50.82
583 0.039250019465476 50.83
584 0.0366941489010985 50.84
585 0.0339173075203489 50.85
586 0.03096562786693204 50.86
587 0.0278943754831808 50.87
588 0.02476197440002339 50.88
589 0.02162723703493231 50.89
590 0.01860679385551934 50.9
591 0.01571469110095102 50.91
592 0.01304536418529986 50.92
593 0.01062698400323548 50.93
594 0.008465080031589982 50.94
595 0.006575078669419647 50.95
596 0.004954659534068559 50.96
597 0.003600732597249268 50.97
598 0.002524846516101551 50.98
599 0.001716620982735154 50.99
600 0.001142034341141427 51
601 0.0007757873521258383 51.01
602 0.0005750853783323476 51.02
603 0.0004887886873491437 51.03
604 0.000478919057550132 51.04
605 0.0004991873775210426 51.05
606 0.0005158259699863884 51.06
607 0.000538682659020214 51.07
608 0.0005797319508959402 51.08
609 0.0006311990254004816 51.09
610 0.0006708508280638458 51.1
611 0.000733103399264091 51.11
612 0.0008533521757225144 51.12
613 0.001007541004809435 51.13
614 0.001206901482905945 51.14
615 0.001462831671114794 51.15
616 0.001801586974429869 51.16
617 0.002279566210882124 51.17
618 0.002973797025493576 51.18
619 0.003960983848138468 51.19
620 0.005304320955826169 51.2
621 0.007078933377282726 51.21
622 0.009359522679541352 51.22
623 0.01218155308878561 51.23
624 0.0156122336406359 51.24
625 0.01973083793022761 51.25
626 0.02443045171077881 51.26
627 0.02954281387841919 51.27
628 0.03488946735921524 51.28
629 0.04035252012461622 51.29
630 0.04586341529547943 51.3
631 0.0513876636984045 51.31
632 0.05686702412732412 51.32
633 0.06230093885933528 51.33
634 0.06764860951564183 51.34
635 0.07285916210268005 51.35
636 0.07780071005699825 51.36
637 0.08253143299583283 51.37
638 0.08701462744175426 51.38
639 0.09128574265497143 51.39
640 0.09538973686571894 51.4
641 0.09934974312024693 51.41
642 0.1032322781665254 51.42
643 0.1070412769210974 51.43
644 0.1107642896656645 51.44
645 0.1144125535679524 51.45
646 0.117982195795267 51.46
647 0.1214253685043558 51.47
648 0.1247032913745251 51.48
649 0.1277922633591495 51.49
650 0.1306703389382469 51.5
651 0.133330106037491 51.51
652 0.1357883754769015 51.52
653 0.1380457313212163 51.53
654 0.1401135616345836 51.54
655 0.1420034023413556 51.55
656 0.1437264255351077 51.56
657 0.1452934522841625 51.57
658 0.1467149962787403 51.58
659 0.1480012723242704 51.59
660 0.1491616826266685 51.6
661 0.1502047818113929 51.61
662 0.1511388458709748 51.62
663 0.1519711327228715 51.63
664 0.1527085947136532 51.64
665 0.1533490762236585 51.65
666 0.1539074564421053 51.66
667 0.1543969077104304 51.67
668 0.1548138032326866 51.68
669 0.1551551217788442 51.69
670 0.1554404498326789 51.7
671 0.1556587383060644 51.71
672 0.1558215060099073 51.72
673 0.1559320940243571 51.73
674 0.1559936502734694 51.74
675 0.1560092622650909 51.75
676 0.1559817628051168 51.76
677 0.1559141241707251 51.77
678 0.1558092100049831 51.78
679 0.1556697628901781 51.79
680 0.1554986256218013 51.8
681 0.1552984602259055 51.81
682 0.155071693359507 51.82
683 0.1548209315349887 51.83
684 0.1545488119390211 51.84
685 0.1542574486166569 51.85
686 0.1539493829347477 51.86
687 0.1536262864690557 51.87
688 0.1532943922464417 51.88
689 0.1529501533575036 51.89
690 0.1525959119734712 51.9
691 0.1522333868400341 51.91
692 0.1518636511419813 51.92
693 0.1514876764145334 51.93
694 0.151106154209081 51.94
695 0.150720021317646 51.95
696 0.1503292792823502 51.96
697 0.1499346613278053 51.97
698 0.1495365567087807 51.98
699 0.1491351196354123 51.99
700 0.1487306482786623 52
701 0.1483230363931773 52.01
702 0.1479172105053697 52.02
703 0.1475076570487678 52.03
704 0.1470951213724927 52.04
705 0.1466808462094927 52.05
706 0.1462633322486857 52.06
707 0.1458423554703083 52.07
708 0.1454179421502265 52.08
709 0.1449896929139691 52.09
710 0.1445567844686038 52.1
711 0.1441177287051486 52.11
712 0.1436728025134023 52.12
713 0.1432231717175029 52.13
714 0.1427690494782063 52.14
715 0.1423104141755678 52.15
716 0.1418562049181525 52.16
717 0.1414316543148705 52.17
718 0.141025110797655 52.18
719 0.1406683317940654 52.19
720 0.1403702215717796 52.2
721 0.1401495787994583 52.21
722 0.1400314249760532 52.22
723 0.1400422096778925 52.23
724 0.1402101752550166 52.24
725 0.1405630531955059 52.25
726 0.1411139960510716 52.26
727 0.1418880941321036 52.27
728 0.1429030440540616 52.28
729 0.1441001584280989 52.29
730 0.145402800623063 52.3
731 0.1467874459603058 52.31
732 0.1482780757949386 52.32
733 0.1498168731193095 52.33
734 0.1514084268834295 52.34
735 0.1530362874172299 52.35
736 0.1546915781609472 52.36
737 0.1563652883201005 52.37
738 0.1580395283871846 52.38
739 0.1597150495680202 52.39
740 0.1613834953210777 52.4
741 0.1630354805665254 52.41
742 0.1646601700118783 52.42
743 0.166256738886865 52.43
744 0.1678223809192921 52.44
745 0.1693322792415533 52.45
746 0.1707960487458463 52.46
747 0.1722085510869761 52.47
748 0.1735647748854631 52.48
749 0.174860688756772 52.49
750 0.1760942204648916 52.5
751 0.1772643322584517 52.51
752 0.1783693189464645 52.52
753 0.1794111038431281 52.53
754 0.1803915020181867 52.54
755 0.1813122802681415 52.55
756 0.1821757899129628 52.56
757 0.182984202699866 52.57
758 0.1837401157162702 52.58
759 0.1844457881565627 52.59
760 0.1851030424015117 52.6
761 0.1857154846201366 52.61
762 0.1862825560953177 52.62
763 0.1868090679840141 52.63
764 0.187293670203938 52.64
765 0.1877424910276063 52.65
766 0.1881537078168068 52.66
767 0.1885287241063909 52.67
768 0.1888688167467128 52.68
769 0.1891751540653855 52.69
770 0.1894488754422365 52.7
771 0.1896909845507067 52.71
772 0.189902516609768 52.72
773 0.1900843406550451 52.73
774 0.1902373090392442 52.74
775 0.1903622885033316 52.75
776 0.1904600859191532 52.76
777 0.1905315741778806 52.77
778 0.1905776323995781 52.78
779 0.1905991596444717 52.79
780 0.1905970892340937 52.8
781 0.1905723705644629 52.81
782 0.190526029908688 52.82
783 0.1904590929849074 52.83
784 0.1903726159973378 52.84
785 0.1902676901060467 52.85
786 0.1901454129324433 52.86
787 0.1900068912695179 52.87
788 0.189853249780988 52.88
789 0.1896855431961616 52.89
790 0.189504908072883 52.9
791 0.1893124211214967 52.91
792 0.1891090602154535 52.92
793 0.1888957914380472 52.93
794 0.1886736055000588 52.94
795 0.1884432647004562 52.95
796 0.1882055523275898 52.96
797 0.1879610734346933 52.97
798 0.187710466041459 52.98
799 0.1874541914778948 52.99
800 0.1871927362322739 53
801 0.1869266021713032 53.01
802 0.1866547555842032 53.02
803 0.1863792172062675 53.03
804 0.1860998867684539 53.04
805 0.1858169156160556 53.05
806 0.185534922326578 53.06
807 0.1852472469104416 53.07
808 0.1849555086413399 53.08
809 0.1846599860629343 53.09
810 0.1843609109916654 53.1
811 0.1840593528878852 53.11
812 0.1837541637030805 53.12
813 0.1834453813655844 53.13
814 0.1831332355619638 53.14
815 0.1828166857102662 53.15
816 0.1824958270824273 53.16
817 0.182170467305059 53.17
818 0.1818405704617546 53.18
819 0.1815064140961047 53.19
820 0.1811683321153287 53.2
821 0.1808264188942078 53.21
822 0.1804805443138587 53.22
823 0.1801307046546413 53.23
824 0.1797784458743539 53.24
825 0.179426194500338 53.25
826 0.1790806343742651 53.26
827 0.1787533884336423 53.27
828 0.17847495886898 53.28
829 0.1782438055116252 53.29
830 0.1780782527658444 53.3
831 0.1779883945974875 53.31
832 0.1779835782827972 53.32
833 0.1780843185349028 53.33
834 0.1782953126762878 53.34
835 0.1786226668269797 53.35
836 0.179032385779007 53.36
837 0.1795031076967847 53.37
838 0.1800521247144118 53.38
839 0.1806787944522177 53.39
840 0.1813722496706267 53.4
841 0.1821163040050412 53.41
842 0.1828838951371002 53.42
843 0.1836735298032518 53.43
844 0.1844787203968195 53.44
845 0.1852959040087713 53.45
846 0.1861206671559976 53.46
847 0.1869486750934506 53.47
848 0.1877788065900153 53.48
849 0.188602946527648 53.49
850 0.1894035727155614 53.5
851 0.190200688043389 53.51
852 0.1909717682288153 53.52
853 0.1917219196567884 53.53
854 0.1924480628048169 53.54
855 0.1931480122022993 53.55
856 0.1938185922095655 53.56
857 0.1944584848460834 53.57
858 0.1950661802704588 53.58
859 0.1956420931772425 53.59
860 0.196186195559772 53.6
861 0.1966987922276663 53.61
862 0.1971789303937835 53.62
863 0.1976285987568769 53.63
864 0.1980480738897736 53.64
865 0.1984370757522083 53.65
866 0.198798445271936 53.66
867 0.1991330758000438 53.67
868 0.1994418135376318 53.68
869 0.1997273565746882 53.69
870 0.1999886795455471 53.7
871 0.2002265587758463 53.71
872 0.2004398086286172 53.72
873 0.2006310087653395 53.73
874 0.2008007921606781 53.74
875 0.2009552422245742 53.75
876 0.2010881707584712 53.76
877 0.2011994617663691 53.77
878 0.2012916684250412 53.78
879 0.2013672003126492 53.79
880 0.2014245227763779 53.8
881 0.201464151464339 53.81
882 0.2014865740700583 53.82
883 0.2014922565212403 53.83
884 0.2014816914926181 53.84
885 0.201455429250118 53.85
886 0.2014140107732629 53.86
887 0.2013579837970869 53.87
888 0.2012878880803212 53.88
889 0.2012043011079115 53.89
890 0.2011078347309204 53.9
891 0.2009990835420067 53.91
892 0.2008786754235578 53.92
893 0.2007455746072313 53.93
894 0.2006023493182048 53.94
895 0.2004495275927951 53.95
896 0.2002876820820077 53.96
897 0.2001188594554795 53.97
898 0.1999404033655466 53.98
899 0.1997547348854923 53.99
900 0.1995623975627706 54
901 0.1993638325359183 54.01
902 0.1991608575440949 54.02
903 0.1989509244092196 54.03
904 0.1987361733390963 54.04
905 0.1985198614344844 54.05
906 0.1982985632915186 54.06
907 0.1980729105557617 54.07
908 0.1978431946270992 54.08
909 0.1976096592729159 54.09
910 0.1973725692605585 54.1
911 0.1971320211674129 54.11
912 0.1968882037600592 54.12
913 0.1966399894562632 54.13
914 0.1963883941225187 54.14
915 0.1961335710115322 54.15
916 0.1958757405303553 54.16
917 0.1956148859354067 54.17
918 0.195350937234143 54.18
919 0.1950842571657359 54.19
920 0.1948143905947486 54.2
921 0.1945412812840861 54.21
922 0.1942647756325265 54.22
923 0.1939847535195498 54.23
924 0.1937011879545466 54.24
925 0.193414486667714 54.25
926 0.1931242586776178 54.26
927 0.1928304604189983 54.27
928 0.1925335932426619 54.28
929 0.1922340488845036 54.29
930 0.1919316574534708 54.3
931 0.1916285708422732 54.31
932 0.1913365701455798 54.32
933 0.1910726651187251 54.33
934 0.1908380764173185 54.34
935 0.190637661537229 54.35
936 0.1904811575805664 54.36
937 0.1903834247364004 54.37
938 0.1903451416054402 54.38
939 0.1903761685745853 54.39
940 0.1904601886802113 54.4
941 0.1905874078894566 54.41
942 0.1907697688686036 54.42
943 0.1909840095680315 54.43
944 0.1912455895092592 54.44
945 0.1915345292901527 54.45
946 0.1918526983593061 54.46
947 0.1921956058272674 54.47
948 0.1925616075409067 54.48
949 0.1929485222601152 54.49
950 0.1933535836273931 54.5
951 0.193774146012314 54.51
952 0.1942072195221627 54.52
953 0.1946415434632247 54.53
954 0.1950834116672538 54.54
955 0.195527723300506 54.55
956 0.1959747093332863 54.56
957 0.1964209413551569 54.57
958 0.1968635832632719 54.58
959 0.1973007448205875 54.59
960 0.1977300517157365 54.6
961 0.1981490275466418 54.61
962 0.1985554557009677 54.62
963 0.1989476521367316 54.63
964 0.1993242722615201 54.64
965 0.1996844887177285 54.65
966 0.2000277315942965 54.66
967 0.2003537285672043 54.67
968 0.2006621851760875 54.68
969 0.2009529826936919 54.69
970 0.2012261354062354 54.7
971 0.2014819311787514 54.71
972 0.2017203076894367 54.72
973 0.2019415487236247 54.73
974 0.2021458470628169 54.74
975 0.2023334649923392 54.75
976 0.2025045229904927 54.76
977 0.2026592607034368 54.77
978 0.2027979811393487 54.78
979 0.2029210100181144 54.79
980 0.2030287459434814 54.8
981 0.2031211774715654 54.81
982 0.2031987035441772 54.82
983 0.2032616262764488 54.83
984 0.203310180687993 54.84
985 0.2033446734085841 54.85
986 0.2033654135519812 54.86
987 0.2033726532638882 54.87
988 0.2033667721256598 54.88
989 0.2033481115810597 54.89
990 0.2033170219204508 54.9
991 0.2032738731876744 54.91
992 0.2032190300264975 54.92
993 0.2031528812001297 54.93
994 0.2030758090776713 54.94
995 0.2029882286446466 54.95
996 0.2028904812548121 54.96
997 0.2027830492405654 54.97
998 0.2026663366763296 54.98
999 0.2025407537617611 54.99
1000 0.2024066763752709 55
1001 0.2022640106025217 55.01
1002 0.2021143968352619 55.02
1003 0.201957008802548 55.03
1004 0.2017929017748789 55.04
1005 0.2016225030416192 55.05
1006 0.2014460705994574 55.06
1007 0.2012640879754552 55.07
1008 0.2010768833753996 55.08
1009 0.2008848467717386 55.09
1010 0.2006881746183938 55.1
1011 0.2004872198982145 55.11
1012 0.200282167942805 55.12
1013 0.2000732035438796 55.13
1014 0.1998605365269469 55.14
1015 0.1996443769233906 55.15
1016 0.1994249177640789 55.16
1017 0.1992059962610573 55.17
1018 0.1989841911203566 55.18
1019 0.1987602166653681 55.19
1020 0.1985339839464219 55.2
1021 0.198306226857559 55.21
1022 0.1980765417537149 55.22
1023 0.1978451200370359 55.23
1024 0.1976120654651574 55.24
1025 0.1973775012512288 55.25
1026 0.1971413205586595 55.26
1027 0.1969034391069544 55.27
1028 0.196664295379556 55.28
1029 0.1964239715667911 55.29
1030 0.1961826506232404 55.3
1031 0.1959399946501851 55.31
1032 0.1956977967163947 55.32
1033 0.1954569278721257 55.33
1034 0.1952170881169221 55.34
1035 0.194985270195403 55.35
1036 0.1947640960085028 55.36
1037 0.19455374100302 55.37
1038 0.1943563512395975 55.38
1039 0.1941760587039811 55.39
1040 0.1940151851919606 55.4
1041 0.1938825106332416 55.41
1042 0.1937797798362726 55.42
1043 0.1937044715394824 55.43
1044 0.1936591903263212 55.44
1045 0.1936533618396547 55.45
1046 0.1936753038331598 55.46
1047 0.1937203704810257 55.47
1048 0.193787033237378 55.48
1049 0.1938743485007634 55.49
1050 0.1939836441199099 55.5
1051 0.1941130460399449 55.51
1052 0.1942602234662747 55.52
1053 0.1944252165387751 55.53
1054 0.1946065930426161 55.54
1055 0.1948047800397686 55.55
1056 0.1950170202426864 55.56
1057 0.1952399734075723 55.57
1058 0.1954749781472032 55.58
1059 0.195720946462778 55.59
1060 0.1959763516612879 55.6
1061 0.1962413977364968 55.61
1062 0.1965119762822678 55.62
1063 0.1967869148652701 55.63
1064 0.1970643839885474 55.64
1065 0.1973426677057771 55.65
1066 0.197619734974499 55.66
1067 0.1978939293715266 55.67
1068 0.1981636885900919 55.68
1069 0.198427309899681 55.69
1070 0.1986834056945785 55.7
1071 0.198930911016023 55.71
1072 0.1991689963848191 55.72
1073 0.1993969386670628 55.73
1074 0.1996142118910625 55.74
1075 0.1998204771048199 55.75
1076 0.2000154673666572 55.76
1077 0.2001989200291004 55.77
1078 0.20037052926659 55.78
1079 0.2005300670262513 55.79
1080 0.2006774762124943 55.8
1081 0.2008127123860789 55.81
1082 0.2009340066727046 55.82
1083 0.2010431153688685 55.83
1084 0.2011401288360766 55.84
1085 0.2012251410567893 55.85
1086 0.2012981037153591 55.86
1087 0.2013593149787645 55.87
1088 0.2014088726591426 55.88
1089 0.2014469029773825 55.89
1090 0.201473595259694 55.9
1091 0.2014891082065796 55.91
1092 0.2014936999551956 55.92
1093 0.2014875048112653 55.93
1094 0.2014704255550605 55.94
1095 0.2014430177253803 55.95
1096 0.2014055225250236 55.96
1097 0.2013582998126157 55.97
1098 0.2013014955632531 55.98
1099 0.2012354545995891 55.99
1100 0.2011603241850789 56
1101 0.2010764554439314 56.01
1102 0.2009840646920024 56.02
1103 0.2008836793023391 56.03
1104 0.2007755057093572 56.04
1105 0.200659803989593 56.05
1106 0.2005366090816574 56.06
1107 0.200406825709069 56.07
1108 0.2002703635887009 56.08
1109 0.2001276265951484 56.09
1110 0.1999788671404426 56.1
1111 0.1998244051282121 56.11
1112 0.1996645398525023 56.12
1113 0.1994995688091476 56.13
1114 0.199331491325231 56.14
1115 0.1991580271492981 56.15
1116 0.1989801575459425 56.16
1117 0.1987982650548568 56.17
1118 0.1986125660140814 56.18
1119 0.1984239741864767 56.19
1120 0.1982321734438083 56.2
1121 0.1980378729676902 56.21
1122 0.1978413785754291 56.22
1123 0.1976432600465669 56.23
1124 0.1974437665139998 56.24
1125 0.1972431531654639 56.25
1126 0.197041744394657 56.26
1127 0.1968398263211026 56.27
1128 0.196637771852249 56.28
1129 0.1964358469696199 56.29
1130 0.1962339906953718 56.3
1131 0.1960328645000261 56.31
1132 0.195832810347017 56.32
1133 0.1956342376803308 56.33
1134 0.1954371484726129 56.34
1135 0.195242288010007 56.35
1136 0.1950503103593342 56.36
1137 0.1948617232346712 56.37
1138 0.194676954002343 56.38
1139 0.194496721983787 56.39
1140 0.1943220300693378 56.4
1141 0.1941546914209848 56.41
1142 0.1939956359922572 56.42
1143 0.1938466279293854 56.43
1144 0.1937093852293626 56.44
1145 0.1935835062061435 56.45
1146 0.1934696164436239 56.46
1147 0.1933684157661935 56.47
1148 0.1932813825384103 56.48
1149 0.1932085887871613 56.49
1150 0.1931511074988959 56.5
1151 0.1931076591863698 56.51
1152 0.1930797320105719 56.52
1153 0.1930687399059593 56.53
1154 0.1930749311570112 56.54
1155 0.1930986118206117 56.55
1156 0.1931393317314107 56.56
1157 0.1931952292261419 56.57
1158 0.1932660715058729 56.58
1159 0.1933522297048187 56.59
1160 0.1934529696137896 56.6
1161 0.1935656101752006 56.61
1162 0.1936896567140414 56.62
1163 0.1938247256416344 56.63
1164 0.1939699723532056 56.64
1165 0.194124981646525 56.65
1166 0.1942887486443542 56.66
1167 0.1944606088817957 56.67
1168 0.1946395153325098 56.68
1169 0.194824766188339 56.69
1170 0.1950126805478939 56.7
1171 0.1952035856063614 56.71
1172 0.195398041263929 56.72
1173 0.1955966133782653 56.73
1174 0.1957962976686801 56.74
1175 0.1959957564393329 56.75
1176 0.1961939148808374 56.76
1177 0.1963894939186955 56.77
1178 0.1965811554995524 56.78
1179 0.1967681222497023 56.79
1180 0.1969495680355642 56.8
1181 0.1971248844910853 56.81
1182 0.1972933124647817 56.82
1183 0.1974543067683897 56.83
1184 0.1976074287673412 56.84
1185 0.197752497444281 56.85
1186 0.1978887391757578 56.86
1187 0.1980152367835333 56.87
1188 0.1981326977055063 56.88
1189 0.1982408566410858 56.89
1190 0.1983392039634696 56.9
1191 0.1984281163359077 56.91
1192 0.1985073689749003 56.92
1193 0.1985767965266001 56.93
1194 0.1986359885018752 56.94
1195 0.1986855465153914 56.95
1196 0.1987254886696619 56.96
1197 0.1987558570793656 56.97
1198 0.1987766321534823 56.98
1199 0.1987878724416191 56.99
1200 0.1987897674228334 57
1201 0.1987824888124667 57.01
1202 0.1987672006483424 57.02
1203 0.1987428733844535 57.03
1204 0.198709822716546 57.04
1205 0.1986680854525313 57.05
1206 0.198617935638354 57.06
1207 0.1985594263449521 57.07
1208 0.1984929463155969 57.08
1209 0.1984187157982338 57.09
1210 0.1983370596574997 57.1
1211 0.1982481119017627 57.11
1212 0.1981521116175425 57.12
1213 0.1980493070418156 57.13
1214 0.1979400518700583 57.14
1215 0.1978244961510321 57.15
1216 0.1977029595111613 57.16
1217 0.1975756322537533 57.17
1218 0.1974428430663175 57.18
1219 0.1973053479789654 57.19
1220 0.1971629452953737 57.2
1221 0.1970158299084798 57.21
1222 0.196864511961159 57.22
1223 0.1967097866678554 57.23
1224 0.19655181009221 57.24
1225 0.1963906333271554 57.25
1226 0.1962266738236766 57.26
1227 0.1960603544014061 57.27
1228 0.1958921582295129 57.28
1229 0.195723426461571 57.29
1230 0.1955549330971455 57.3
1231 0.1953860049283738 57.31
1232 0.1952168222925695 57.32
1233 0.1950460117940677 57.33
1234 0.1948760547611078 57.34
1235 0.1947079046820397 57.35
1236 0.1945407975153216 57.36
1237 0.194375173997663 57.37
1238 0.1942112483470931 57.38
1239 0.1940496216309913 57.39
1240 0.1938906562607055 57.4
1241 0.193734759173461 57.41
1242 0.1935823556401217 57.42
1243 0.1934336339112664 57.43
1244 0.1932892475246768 57.44
1245 0.1931494244492044 57.45
1246 0.193014700582878 57.46
1247 0.1928854561526477 57.47
1248 0.1927623349439749 57.48
1249 0.1926455418861174 57.49
1250 0.1925359428847862 57.5
1251 0.1924336679492646 57.51
1252 0.1923392982629283 57.52
1253 0.1922530227394447 57.53
1254 0.1921764097988361 57.54
1255 0.1921084883859782 57.55
1256 0.1920499231441378 57.56
1257 0.1920006725593187 57.57
1258 0.1919613537557902 57.58
1259 0.1919318910977179 57.59
1260 0.1919126852693071 57.6
1261 0.1919036622307591 57.61
1262 0.1919050756414493 57.62
1263 0.1919175454613698 57.63
1264 0.1919405479262968 57.64
1265 0.1919738571272967 57.65
1266 0.1920163428938089 57.66
1267 0.1920671760410918 57.67
1268 0.1921261427904562 57.68
1269 0.1921933893258029 57.69
1270 0.1922682262587515 57.7
1271 0.1923506878665944 57.71
1272 0.1924407130837636 57.72
1273 0.1925398690249044 57.73
1274 0.1926456290665789 57.74
1275 0.1927574119979664 57.75
1276 0.1928742088708978 57.76
1277 0.1929961433819516 57.77
1278 0.1931227300469485 57.78
1279 0.1932533922923711 57.79
1280 0.1933877164471596 57.8
1281 0.1935250755009216 57.81
1282 0.193664844834119 57.82
1283 0.193806448864442 57.83
1284 0.1939495144024298 57.84
1285 0.1940930754793472 57.85
1286 0.1942364576962013 57.86
1287 0.1943789473878795 57.87
1288 0.1945199770576874 57.88
1289 0.1946596832524758 57.89
1290 0.1947963048538933 57.9
1291 0.1949299167554124 57.91
1292 0.1950605590391762 57.92
1293 0.195187011489096 57.93
1294 0.1953080782432397 57.94
1295 0.1954234050473485 57.95
1296 0.1955324619462268 57.96
1297 0.195634996929768 57.97
1298 0.1957306434822849 57.98
1299 0.1958192397701941 57.99
1300 0.1959005403777169 58
1301 0.195974364278684 58.01
1302 0.1960403393211239 58.02
1303 0.1960982506692964 58.03
1304 0.1961482805338461 58.04
1305 0.1961905198914616 58.05
1306 0.1962249157588214 58.06
1307 0.1962514616601723 58.07
1308 0.1962701040829905 58.08
1309 0.1962808378054118 58.09
1310 0.196283564672587 58.1
1311 0.1962784890114071 58.11
1312 0.1962657469356635 58.12
1313 0.1962453810747043 58.13
1314 0.1962173099628007 58.14
1315 0.1961818784756894 58.15
1316 0.1961392770986992 58.16
1317 0.1960896285533555 58.17
1318 0.196033121649352 58.18
1319 0.1959698966153944 58.19
1320 0.1959002013305387 58.2
1321 0.1958242609767569 58.21
1322 0.1957431931421559 58.22
1323 0.1956583530460723 58.23
1324 0.195569911785463 58.24
1325 0.1954777644316548 58.25
1326 0.1953819739046467 58.26
1327 0.1952827248822897 58.27
1328 0.1951801278878682 58.28
1329 0.1950743599765594 58.29
1330 0.1949656363118229 58.3
1331 0.1948541189109058 58.31
1332 0.1947400939630214 58.32
1333 0.1946238234198218 58.33
1334 0.1945055499336369 58.34
1335 0.1943855504178444 58.35
1336 0.1942640648812919 58.36
1337 0.1941413808229063 58.37
1338 0.1940177973826369 58.38
1339 0.193893552290242 58.39
1340 0.1937690000109604 58.4
1341 0.1936444409349275 58.41
1342 0.1935201038346708 58.42
1343 0.19339617227548 58.43
1344 0.1932730892294925 58.44
1345 0.1931511107014847 58.45
1346 0.1930305088587496 58.46
1347 0.1929115167294457 58.47
1348 0.1927944666516871 58.48
1349 0.1926795748079524 58.49
1350 0.1925671017012645 58.5
1351 0.1924572932158025 58.51
1352 0.1923503682920613 58.52
1353 0.1922466666405851 58.53
1354 0.1921463554291164 58.54
1355 0.1920497225524136 58.55
1356 0.1919569890972248 58.56
1357 0.1918684026392422 58.57
1358 0.1917841891425947 58.58
1359 0.191704723775019 58.59
1360 0.1916300449699321 58.6
1361 0.1915604338945229 58.61
1362 0.1914960736345139 58.62
1363 0.1914371473524936 58.63
1364 0.1913848463359561 58.64
1365 0.1913382421826945 58.65
1366 0.1912973861214383 58.66
1367 0.1912623813473858 58.67
1368 0.1912333807667308 58.68
1369 0.1912103873149031 58.69
1370 0.1911935069708574 58.7
1371 0.191182746966162 58.71
1372 0.1911781485400602 58.72
1373 0.1911797282192262 58.73
1374 0.1911874151174798 58.74
1375 0.191201818742922 58.75
1376 0.1912223750088652 58.76
1377 0.1912489084218344 58.77
1378 0.191281368099937 58.78
1379 0.1913197192211029 58.79
1380 0.1913636781357712 58.8
1381 0.1914131692396343 58.81
1382 0.1914681025703205 58.82
1383 0.191528010321356 58.83
1384 0.1915927104330323 58.84
1385 0.1916620560113303 58.85
1386 0.1917359603146164 58.86
1387 0.1918139289055674 58.87
1388 0.1918956386715811 58.88
1389 0.1919807488802871 58.89
1390 0.192068887781177 58.9
1391 0.1921596857503431 58.91
1392 0.1922532924701271 58.92
1393 0.1923487304792696 58.93
1394 0.1924455605162688 58.94
1395 0.1925433319298133 58.95
1396 0.1926416142580455 58.96
1397 0.1927399022837754 58.97
1398 0.192837836250342 58.98
1399 0.1929349235380439 58.99
1400 0.1930307981764482 59
1401 0.193125125781646 59.01
1402 0.1932175098386329 59.02
1403 0.1933073961204548 59.03
1404 0.1933953261282918 59.04
1405 0.1934800260204942 59.05
1406 0.1935622236689485 59.06
1407 0.1936414780278761 59.07
1408 0.1937174344382042 59.08
1409 0.1937901263744711 59.09
1410 0.1938599163964283 59.1
1411 0.1939262072781846 59.11
1412 0.1939891862346838 59.12
1413 0.1940484902635853 59.13
1414 0.1941044149547372 59.14
1415 0.1941565172140169 59.15
1416 0.1942050929105339 59.16
1417 0.1942497858613371 59.17
1418 0.1942906568710135 59.18
1419 0.1943269305839418 59.19
1420 0.1943595524828395 59.2
1421 0.1943882436345178 59.21
1422 0.1944132575814561 59.22
1423 0.194434320134327 59.23
1424 0.1944516874305381 59.24
1425 0.1944651151467257 59.25
1426 0.1944747181043104 59.26
1427 0.1944803883681419 59.27
1428 0.1944824048777821 59.28
1429 0.1944805676922862 59.29
1430 0.1944747795242014 59.3
1431 0.1944651564153127 59.31
1432 0.1944518845835652 59.32
1433 0.1944348753471606 59.33
1434 0.1944141599847587 59.34
1435 0.1943897822886552 59.35
1436 0.1943619593949306 59.36
1437 0.1943305875676317 59.37
1438 0.1942958799505332 59.38
1439 0.1942577013640296 59.39
1440 0.1942163051731903 59.4
1441 0.1941716118159103 59.41
1442 0.19412377680207 59.42
1443 0.1940727179368325 59.43
1444 0.1940186659333948 59.44
1445 0.1939615416883174 59.45
1446 0.1939015851861801 59.46
1447 0.1938387476995532 59.47
1448 0.1937732416730236 59.48
1449 0.1937049971851864 59.49
1450 0.1936342401773795 59.5
1451 0.1935609316252384 59.51
1452 0.1934853583799112 59.52
1453 0.1934074458634943 59.53
1454 0.1933274356311381 59.54
1455 0.1932453266322084 59.55
1456 0.1931612928242442 59.56
1457 0.1930754040257008 59.57
1458 0.1929878189952555 59.58
1459 0.1928977953488784 59.59
1460 0.1928065870595449 59.6
1461 0.1927142711044298 59.61
1462 0.1926209308880797 59.62
1463 0.1925266196084971 59.63
1464 0.1924316871827255 59.64
1465 0.1923361579568737 59.65
1466 0.1922403293470298 59.66
1467 0.1921436701827475 59.67
1468 0.1920469634620278 59.68
1469 0.1919505413628277 59.69
1470 0.1918546998036742 59.7
1471 0.1917596728906762 59.71
1472 0.1916657327386252 59.72
1473 0.1915731220907976 59.73
1474 0.1914820531854216 59.74
1475 0.1913931941649904 59.75
1476 0.1913062738035526 59.76
1477 0.1912215183686876 59.77
1478 0.1911391373017689 59.78
1479 0.1910592022746811 59.79
1480 0.1909820731343298 59.8
1481 0.1909079325429423 59.81
1482 0.190836985362866 59.82
1483 0.1907693079133956 59.83
1484 0.1907051722520512 59.84
1485 0.1906447882647331 59.85
1486 0.1905882901170151 59.86
1487 0.1905356176181025 59.87
1488 0.1904860545880633 59.88
1489 0.1904399447078479 59.89
1490 0.1903982142246467 59.9
1491 0.1903601381717429 59.91
1492 0.1903255753933775 59.92
1493 0.1902947391151107 59.93
1494 0.1902674927653863 59.94
1495 0.1902440623200849 59.95
1496 0.190224346253375 59.96
1497 0.1902084888415057 59.97
1498 0.1901963233339083 59.98
1499 0.1901880510871238 59.99
1500 0.1901834973534686 60
