"pressao-porta-rfile"
"Time Step" "pressao-porta etc.."
("Time Step" "pressao-porta" "flow-time")
0 -1580.752556211862 0
1 112629.3313917752 0.1
2 107068.5270347991 0.2
3 17853.01034559548 0.3
4 -34329.54151446406 0.4
5 -52657.49169596223 0.5
6 -54820.15106800655 0.6000000000000001
7 -47108.82209773421 0.7000000000000001
8 -32061.03222810241 0.8
9 -15993.79441959977 0.9
10 -4248.185426264763 1
11 2038.334946709161 1.1
12 4342.367198843251 1.2
13 4380.189275924151 1.3
14 4400.617584714509 1.4
15 4130.794440069153 1.5
16 3936.187043005204 1.6
17 3835.402490282522 1.7
18 4120.475860301227 1.8
19 6244.081637443861 1.9
20 8240.775164883755 2
21 10633.477025685 2.1
22 14285.34367160375 2.2
23 17681.65804697616 2.3
24 20885.62586682323 2.4
25 23789.4237747345 2.5
26 26340.20830217264 2.6
27 28503.59229695434 2.7
28 30282.26170292905 2.8
29 31704.64586063345 2.9
30 32825.15031439168 3
31 33702.89260568241 3.1
32 34411.36273513715 3.2
33 35015.86200387407 3.3
34 35579.01774270515 3.4
35 36157.40646547032 3.5
36 36793.76575592075 3.6
37 37515.04026459977 3.7
38 38336.83042498249 3.8
39 39259.35443647344 3.9
40 40272.05643515394 4
41 41353.97720056601 4.100000000000001
42 42476.07308389124 4.2
43 43603.5130223439 4.3
44 44705.71853267679 4.4
45 45756.19375390645 4.5
46 46736.77152815452 4.600000000000001
47 47631.69596587369 4.7
48 48436.36030866555 4.800000000000001
49 49154.14622550381 4.9
50 49797.46922723852 5
51 50383.69614697382 5.100000000000001
52 50934.69291453757 5.2
53 51471.98704870917 5.300000000000001
54 52018.80292986226 5.4
55 52594.37507158555 5.5
56 53214.35878988323 5.600000000000001
57 53888.74892480735 5.7
58 54624.12151573761 5.800000000000001
59 55421.3008308948 5.9
60 56274.3774400381 6
61 57174.3111290185 6.100000000000001
62 58110.76640854439 6.2
63 59070.78690834811 6.300000000000001
64 60041.38044917024 6.4
65 61011.2370318798 6.5
66 61970.44599495184 6.600000000000001
67 62909.4701821495 6.7
68 63822.72326938401 6.800000000000001
69 64706.03534949387 6.9
70 65556.43611196188 7
71 66375.17466561974 7.100000000000001
72 67161.89135814128 7.2
73 67917.90664697457 7.300000000000001
74 68646.56329972848 7.4
75 69350.54465158317 7.5
76 70031.24242213182 7.600000000000001
77 70693.12116987373 7.7
78 71337.04076938255 7.800000000000001
79 71967.28651331046 7.9
80 72586.60586187446 8
81 73197.40986318697 8.1
82 73801.86759755359 8.200000000000001
83 74402.89640311236 8.300000000000001
84 75002.93943203136 8.4
85 75604.08453171574 8.5
86 76205.54991477798 8.6
87 76305.59095915512 8.700000000000001
88 76883.59998232513 8.800000000000001
89 77459.69670045492 8.9
90 77572.67000089318 9
91 78105.52303757983 9.1
92 78642.7384078583 9.200000000000001
93 78741.48752511454 9.300000000000001
94 79233.58950891612 9.4
95 79334.07412418626 9.5
96 79805.6310479977 9.600000000000001
97 79910.74316665207 9.700000000000001
98 80373.73304115546 9.800000000000001
99 80486.26829420471 9.9
100 80949.83417892612 10
101 81071.90162318626 10.1
102 81540.27200153953 10.2
103 81671.4446003117 10.3
104 82146.49529571718 10.4
105 82288.28469215572 10.5
106 82769.40225932174 10.6
107 82919.03457995178 10.7
108 83404.89745213362 10.8
109 83561.07689868694 10.9
110 84044.55451111989 11
111 84201.03280555979 11.1
112 84679.85606210737 11.2
113 84835.43091198757 11.3
114 85305.73998551196 11.4
115 85457.50506935181 11.5
116 85916.24897604919 11.6
117 86058.70011986146 11.7
118 86502.82506773416 11.8
119 86637.65778529031 11.9
120 87066.42169586648 12
121 87190.65519835507 12.1
122 87606.08861180383 12.2
123 87722.6119952462 12.3
124 88125.31603244386 12.4
125 88232.55217631432 12.5
126 88622.72338026993 12.6
127 88721.63388065906 12.7
128 89101.37414460814 12.8
129 89194.19196314919 12.9
130 89567.06249965273 13
131 89655.87973373568 13.1
132 90025.30406894618 13.2
133 90112.99545097868 13.3
134 90480.26111726991 13.4
135 90567.98931114594 13.5
136 90936.62522887276 13.6
137 91026.36930577042 13.7
138 91395.95287463248 13.8
139 91487.21526196047 13.9
140 91857.37628021662 14
141 91952.59995865126 14.1
142 92321.4519629 14.2
143 92420.82667169339 14.3
144 92796.64614488676 14.4
145 92899.70177069922 14.5
146 93276.65652347961 14.6
147 93385.21080155205 14.7
148 93763.8899529764 14.8
149 93876.451840036 14.9
150 94259.03195179487 15
151 94373.9018850805 15.1
152 94749.48444886108 15.2
153 94868.33156344647 15.3
154 95252.17958788791 15.4
155 95373.83312834582 15.5
156 95758.98499490954 15.6
157 95883.030043188 15.7
158 96234.7655174206 15.8
159 96360.95755369369 15.9
160 96710.48504690909 16
161 96836.82393538707 16.1
162 97167.11967886382 16.2
163 97291.45789100384 16.3
164 97595.63344789049 16.4
165 97718.111944998 16.5
166 97970.63041998656 16.6
167 98085.25570055246 16.7
168 98290.28937176972 16.8
169 98393.3581380089 16.9
170 98572.20578616831 17
171 98663.16074278048 17.1
172 98703.20193380065 17.2
173 98735.98667053702 17.3
174 98800.19135453917 17.4
175 98801.5516729878 17.5
176 98815.13261488885 17.6
177 98866.45305625728 17.7
178 98953.36636869889 17.8
179 98958.81212988366 17.9
180 99000.43490383097 18
181 99155.10996261898 18.1
182 99151.21523849129 18.2
183 99186.04832530821 18.3
184 99257.78841402379 18.4
185 99249.25932536897 18.5
186 99293.90540365735 18.6
187 98896.74899855696 18.7
188 98925.39064525552 18.8
189 98058.35149083515 18.9
190 97660.77881894741 19
191 97667.82609524437 19.1
192 97736.04738448701 19.2
193 97789.71274338549 19.3
194 97791.5199959437 19.4
195 97746.06418156125 19.5
196 97675.75824980873 19.6
197 97614.65109744544 19.7
198 97597.59201749164 19.8
199 97746.47389374286 19.9
200 98042.20730036245 20
201 98401.35483519359 20.1
202 98753.89426270744 20.2
203 99065.11867321985 20.3
204 99333.16491213616 20.4
205 99569.42028006715 20.5
206 99797.08087613081 20.6
207 100009.8521000014 20.7
208 100176.6171804888 20.8
209 100323.7563700551 20.9
210 100454.5879381319 21
211 100577.8129836476 21.1
212 100694.3978639866 21.2
213 100804.3709781487 21.3
214 100908.1860534926 21.4
215 101005.7531163665 21.5
216 101098.9238882439 21.6
217 101187.6430586622 21.7
218 101272.4901103038 21.8
219 101354.3503605283 21.9
220 101432.5621100816 22
221 101508.7655503469 22.1
222 101583.731372535 22.2
223 101657.8641071643 22.3
224 101731.916613325 22.4
225 101806.1965375917 22.5
226 101881.2310725519 22.6
227 101957.5728176581 22.7
228 102034.9876174525 22.8
229 102113.163992819 22.9
230 102193.3190103871 23
231 102274.7852734978 23.1
232 102358.147289668 23.2
233 102443.2376088912 23.3
234 102529.9231326981 23.4
235 102618.3290007826 23.5
236 102708.3541581257 23.6
237 102799.7004111572 23.7
238 102892.4579645566 23.8
239 102986.6765299039 23.9
240 103082.1713117848 24
241 103178.861411657 24.1
242 103276.6277108205 24.2
243 103375.2355247915 24.3
244 103474.4016535043 24.4
245 103574.1697130861 24.5
246 103674.3924229234 24.6
247 103775.1228960051 24.7
248 103876.0672895608 24.8
249 103977.1896504733 24.9
250 104078.6173310387 25
251 104180.763994428 25.1
252 104282.7355440024 25.2
253 104384.7045280794 25.3
254 104486.4744007209 25.4
255 104587.8039082198 25.5
256 104689.1197956036 25.6
257 104790.0678947535 25.7
258 104890.9086262015 25.8
259 104991.5768800608 25.9
260 105092.1633689579 26
261 105192.3077963012 26.1
262 105292.2699378596 26.2
263 105392.119012297 26.3
264 105491.895031233 26.4
265 105591.2304877632 26.5
266 105690.3643380379 26.6
267 105789.1079942079 26.7
268 105888.1082869708 26.8
269 105986.605504152 26.9
270 106084.8432716772 27
271 106182.6908221708 27.1
272 106281.8243065751 27.2
273 106378.3747602075 27.3
274 106476.8745107549 27.4
275 106572.9083918266 27.5
276 106670.8843245872 27.6
277 106766.6886709817 27.7
278 106864.0153373669 27.8
279 106959.2891370017 27.9
280 107056.0878067656 28
281 107150.7085223575 28.1
282 107247.1286598059 28.2
283 107341.6036792145 28.3
284 107437.8642364677 28.4
285 107531.9523125109 28.5
286 107627.7436200363 28.6
287 107721.462094144 28.7
288 107816.973476686 28.8
289 107910.512445542 28.9
290 108006.0722044296 29
291 108099.4948480704 29.1
292 108194.6909097286 29.2
293 108288.0364785738 29.3
294 108383.2098171933 29.4
295 108475.9995433434 29.5
296 108570.5364992339 29.6
297 108663.3288395353 29.7
298 108757.7861943056 29.8
299 108850.3263696533 29.9
300 108944.1963591072 30
301 109036.2950971511 30.1
302 109130.365983243 30.2
303 109222.66103732 30.3
304 109316.5978075197 30.4
305 109408.6138205175 30.5
306 109501.2155510351 30.6
307 109595.3488722823 30.7
308 109687.7437875167 30.8
309 109780.1075203799 30.9
310 109873.7431926131 31
311 109965.5293047408 31.1
312 110057.7454766803 31.2
313 110150.0136963533 31.3
314 110242.218297528 31.4
315 110334.8067194806 31.5
316 110427.2477379725 31.6
317 110519.6216633043 31.7
318 110611.9381864483 31.8
319 110704.5200807214 31.9
320 110797.1022385321 32
321 110889.5464140321 32.1
322 110982.1226358498 32.2
323 111074.6570323707 32.3
324 111167.1915659286 32.4
325 111259.6724910903 32.5
326 111352.1994258648 32.6
327 111445.1117648262 32.7
328 111537.6738181812 32.8
329 111630.2875204114 32.9
330 111723.0130577121 33
331 111815.8455688851 33.1
332 111908.6038133141 33.2
333 112001.5805548645 33.3
334 112094.6816661498 33.4
335 112187.6788828573 33.5
336 112280.6657089876 33.6
337 112373.6639765289 33.7
338 112466.4633062203 33.8
339 112559.209677431 33.9
340 112652.005071566 34
341 112744.9078415841 34.1
342 112837.9807430446 34.2
343 112931.4615984943 34.3
344 113025.1244440791 34.4
345 113118.7104820418 34.5
346 113212.3131268154 34.6
347 113305.8548784554 34.7
348 113399.5180729207 34.8
349 113493.3827387182 34.9
350 113597.0359283007 35
351 113708.3281462302 35.1
352 113815.0671459835 35.2
353 113915.3257022968 35.3
354 114017.250729809 35.4
355 114117.8977633227 35.5
356 114217.2047119742 35.6
357 114315.5195398971 35.7
358 114412.911464409 35.8
359 114509.7789372965 35.9
360 114605.7719172894 36
361 114701.2537149604 36.1
362 114796.5031220163 36.2
363 114884.1108010173 36.3
364 114984.522892316 36.4
365 115081.3621748514 36.5
366 115178.3674032422 36.6
367 115274.6666670573 36.7
368 115370.4289995611 36.8
369 115465.808912923 36.9
370 115560.9505196741 37
371 115656.2704475789 37.1
372 115751.3745116572 37.2
373 115846.5122006056 37.3
374 115941.8669195669 37.4
375 116037.1615476715 37.5
376 116132.3537526854 37.6
377 116227.4177858276 37.7
378 116322.7440415779 37.8
379 116418.218972595 37.9
380 116513.7683690382 38
381 116609.4649640332 38.1
382 116705.2929169819 38.2
383 116800.6791444855 38.3
384 116896.5281289017 38.40000000000001
385 116992.6013872018 38.5
386 117088.6926546288 38.6
387 117184.8221899902 38.7
388 117281.1948288441 38.8
389 117377.1839814395 38.90000000000001
390 117473.1233515255 39
391 117569.1965173375 39.1
392 117665.2789288135 39.2
393 117761.466141446 39.3
394 117857.4880598926 39.40000000000001
395 117953.4651989603 39.5
396 118049.4021380802 39.6
397 118145.487105274 39.7
398 118241.5371798449 39.8
399 118337.5094755334 39.90000000000001
400 118433.4366777005 40
401 118529.1360293891 40.1
402 118625.2222458461 40.2
403 118721.1978060306 40.3
404 118816.9798904456 40.40000000000001
405 118912.5934869664 40.5
406 119008.385805017 40.6
407 119104.1253977151 40.7
408 119199.8020811718 40.8
409 119295.4920220303 40.90000000000001
410 119391.1145133934 41
411 119486.4495223424 41.1
412 119581.8554121708 41.2
413 119676.9471837785 41.3
414 119772.2555313275 41.40000000000001
415 119867.2409669498 41.5
416 119962.223946299 41.6
417 120057.09502423 41.7
418 120152.1971945992 41.8
419 120247.3029617156 41.90000000000001
420 120342.3460124273 42
421 120437.5869267688 42.1
422 120532.5195048663 42.2
423 120616.5359724974 42.3
424 120712.1459411144 42.40000000000001
425 120806.5250989849 42.5
426 120901.9286626937 42.6
427 120997.0606638863 42.7
428 121092.2472362203 42.8
429 121187.2957395297 42.90000000000001
430 121282.2686054586 43
431 121376.9774250277 43.1
432 121471.87498727 43.2
433 121566.7100478109 43.3
434 121661.4615912035 43.40000000000001
435 121756.2189519612 43.5
436 121851.0211286435 43.6
437 121945.6894445695 43.7
438 122040.346263574 43.8
439 122134.9004500352 43.90000000000001
440 122229.5435340112 44
441 122324.1133580344 44.1
442 122418.9419588134 44.2
443 122513.5818491356 44.3
444 122608.2293983205 44.40000000000001
445 122702.9379907175 44.5
446 122797.7029757366 44.6
447 122892.4191423145 44.7
448 122986.9618641036 44.8
449 123081.5127472001 44.90000000000001
450 123176.3172330943 45
451 123270.9051171519 45.1
452 123365.6504919861 45.2
453 123460.5551432512 45.3
454 123555.4501795248 45.40000000000001
455 123650.2983848251 45.5
456 123745.0869681789 45.6
457 123839.7548949977 45.7
458 123934.4679914703 45.8
459 124029.3238274802 45.90000000000001
460 124124.4087817697 46
461 124219.1571938789 46.1
462 124314.0702699008 46.2
463 124409.0869148393 46.3
464 124504.4948306003 46.40000000000001
465 124599.6697409574 46.5
466 124694.5662605578 46.6
467 124789.7711527184 46.7
468 124884.923547184 46.8
469 124980.0369541547 46.90000000000001
470 125075.3434646316 47
471 125170.5900056477 47.1
472 125265.7526406239 47.2
473 125361.0629303583 47.3
474 125456.306975642 47.40000000000001
475 125551.4158216601 47.5
476 125646.7560066538 47.6
477 125741.8521736369 47.7
478 125837.1004331694 47.8
479 125932.5743856673 47.90000000000001
480 126027.8257515735 48
481 126123.4807972225 48.1
482 126219.0311888292 48.2
483 126314.5635616985 48.3
484 126410.065903826 48.40000000000001
485 126505.6603022283 48.5
486 126601.2856439404 48.6
487 126696.7704125469 48.7
488 126792.1720020093 48.8
489 126887.4974370519 48.90000000000001
490 126983.0153087275 49
491 127078.6116600623 49.1
492 127174.1397592284 49.2
493 127269.7763338599 49.3
494 127365.4434015197 49.40000000000001
495 127461.0492397321 49.5
496 127556.7758407635 49.6
497 127652.5434122854 49.7
498 127748.1098599181 49.8
499 127843.7013548767 49.90000000000001
500 127939.3128165663 50
501 -455.7897600916822 50.01
502 -433.4183283320479 50.02
503 -415.1402927940923 50.03
504 -410.0127499240825 50.04
505 -403.1881225910078 50.05
506 -392.8902778121208 50.06
507 -376.7600722189219 50.07
508 -358.6549089310407 50.08
509 -343.7279287404878 50.09
510 -329.3674941859696 50.1
511 -316.0006147852731 50.11
512 -302.3006406423135 50.12
513 -291.3948927548988 50.13
514 -279.1180369699063 50.14
515 -270.0027719112383 50.15
516 -260.1611380867114 50.16
517 -251.1544591924699 50.17
518 -243.8415065890115 50.18
519 -236.7237940367754 50.19
520 -238.4553002255112 50.2
521 -238.3435621046716 50.21
522 -239.3547692070631 50.22
523 -239.4990816264211 50.23
524 -240.0477107768794 50.24
525 -242.0265670300384 50.25
526 -243.1256944672831 50.26
527 -244.9930487860347 50.27
528 -248.3328392780052 50.28
529 -250.4347862231415 50.29
530 -252.4911275841465 50.3
531 -255.6331223634112 50.31
532 -257.166244581924 50.32
533 -259.4532680105061 50.33
534 -263.1907939972754 50.34
535 -267.6139318328117 50.35
536 -269.7514161966352 50.36
537 -273.1463396621281 50.37
538 -274.7067128978619 50.38
539 -276.5700730133482 50.39
540 -278.6003083133201 50.4
541 -281.3365224336602 50.41
542 -288.4343829939494 50.42
543 -293.7173376156472 50.43
544 -299.6438604468307 50.44
545 -303.0864645886691 50.45
546 -310.6318158824996 50.46
547 -317.0867256402337 50.47
548 -320.9900086461554 50.48
549 -324.2452092173315 50.49
550 -326.6668855012996 50.5
551 -329.2232808093574 50.51
552 -328.8245294527389 50.52
553 -329.0549491750008 50.53
554 -329.4043925544722 50.54
555 -330.020055217374 50.55
556 -330.8905677190714 50.56
557 -332.9156441584092 50.57
558 -335.8429922428438 50.58
559 -338.2050563816243 50.59
560 -340.8776194084562 50.6
561 -345.5174805735156 50.61
562 -349.3620317204075 50.62
563 -353.9383207280898 50.63
564 -359.8171506792101 50.64
565 -365.9888142873472 50.65
566 -378.2431826534134 50.66
567 -386.5729006554945 50.67
568 -392.6335303089051 50.68
569 -396.4532374046457 50.69
570 -392.0680547068685 50.7
571 -380.1873136325004 50.71
572 -370.0852466835626 50.72
573 -359.6606316364537 50.73
574 -346.4612059925776 50.74
575 -334.1887606354729 50.75
576 -321.0526340671755 50.76
577 -307.9590014016446 50.77
578 -295.6595415737806 50.78
579 -282.6571986712693 50.79
580 -269.1287199904373 50.8
581 -257.4237073245048 50.81
582 -245.6934495164859 50.82
583 -234.5754746182055 50.83
584 -223.7958137622788 50.84
585 -212.4848529976464 50.85
586 -201.1160227344064 50.86
587 -189.6829909598238 50.87
588 -180.4641250902735 50.88
589 -171.3305660591545 50.89
590 -164.5839502812207 50.9
591 -158.2314396347683 50.91
592 -154.7356114208199 50.92
593 -151.7655991861584 50.93
594 -149.3672695388236 50.94
595 -146.1268727674687 50.95
596 -143.2851609743279 50.96
597 -141.0529288966048 50.97
598 -139.118215560269 50.98
599 -138.7227186092344 50.99
600 -138.3326428314637 51
601 -137.5479196803366 51.01
602 -137.618163492971 51.02
603 -138.8234458492204 51.03
604 -139.3416341844684 51.04
605 -141.3582389146594 51.05
606 -142.7268631830767 51.06
607 -143.6659033473243 51.07
608 -146.3060173131196 51.08
609 -147.5932061472174 51.09
610 -148.1775263931966 51.1
611 -149.8074538755988 51.11
612 -152.1352841945252 51.12
613 -157.4105329833537 51.13
614 -159.1493216575699 51.14
615 -161.5664377626074 51.15
616 -163.8738323530896 51.16
617 -166.5222412440686 51.17
618 -169.0113769968912 51.18
619 -172.3417128534634 51.19
620 -176.1407821825625 51.2
621 -182.0236378365817 51.21
622 -188.1162466216988 51.22
623 -192.1448735243298 51.23
624 -196.4421534382707 51.24
625 -201.1633224030604 51.25
626 -206.0142467044354 51.26
627 -217.406938415726 51.27
628 -225.0607500651911 51.28
629 -231.3224291058491 51.29
630 -237.9087606349978 51.3
631 -243.4301319262358 51.31
632 -249.2570257789005 51.32
633 -253.8966325266668 51.33
634 -256.6276174033907 51.34
635 -252.7301139624658 51.35
636 -251.7211065817129 51.36
637 -248.7646223679715 51.37
638 -246.9104864221124 51.38
639 -242.5146244301852 51.39
640 -239.2192228243899 51.4
641 -236.1366521762089 51.41
642 -232.2432270191926 51.42
643 -228.2739755344337 51.43
644 -222.8973262652733 51.44
645 -219.8580979875527 51.45
646 -215.680983880667 51.46
647 -211.6653888880018 51.47
648 -208.264451350963 51.48
649 -206.0771032924745 51.49
650 -203.5998837743187 51.5
651 -201.8013108896151 51.51
652 -198.4996932054565 51.52
653 -195.3174364714006 51.53
654 -192.7750446328209 51.54
655 -190.4386069860178 51.55
656 -188.1142805342267 51.56
657 -185.358035454211 51.57
658 -182.4851851505171 51.58
659 -180.0107859491294 51.59
660 -177.682789188419 51.6
661 -173.5574135270144 51.61
662 -171.2108410181376 51.62
663 -168.863454038819 51.63
664 -166.5094176520211 51.64
665 -164.1596414671471 51.65
666 -161.0733130143353 51.66
667 -158.5609427526165 51.67
668 -156.0320247043065 51.68
669 -153.744801239955 51.69
670 -151.4759372288613 51.7
671 -148.998129034158 51.71
672 -146.7943293765908 51.72
673 -144.5938189397268 51.73
674 -142.1859983479807 51.74
675 -140.0800089349437 51.75
676 -137.1806964216252 51.76
677 -134.9391661996006 51.77
678 -132.9282556986892 51.78
679 -130.1112924374675 51.79
680 -127.8923187390982 51.8
681 -125.0772434893193 51.81
682 -121.8167740143677 51.82
683 -120.0514148384859 51.83
684 -118.0992339619782 51.84
685 -116.0553250277532 51.85
686 -114.3462180628269 51.86
687 -112.7656417685238 51.87
688 -110.6293801642584 51.88
689 -109.1845093964841 51.89
690 -107.8296287497755 51.9
691 -106.364634599179 51.91
692 -105.142833345096 51.92
693 -103.9813917829461 51.93
694 -102.6917276238758 51.94
695 -101.3752063067533 51.95
696 -100.3750820647008 51.96
697 -99.24550180987612 51.97
698 -98.38380883631204 51.98
699 -97.57759709064958 51.99
700 -96.82857510560781 52
701 -96.14289828917916 52.01
702 -95.52417470840251 52.02
703 -94.96835528777956 52.03
704 -94.53678597569059 52.04
705 -94.22850247068864 52.05
706 -94.05682584556926 52.06
707 -94.02155031671137 52.07
708 -94.10813827967736 52.08
709 -94.25613603917586 52.09
710 -94.48589427912056 52.1
711 -94.77383063094123 52.11
712 -95.09217249553863 52.12
713 -95.61446389879146 52.13
714 -96.21212484913039 52.14
715 -97.55247544290138 52.15
716 -98.82492503517716 52.16
717 -100.5139852080532 52.17
718 -101.7496036568014 52.18
719 -105.069986539776 52.19
720 -108.1854453549728 52.2
721 -110.9811731082842 52.21
722 -114.4928780939918 52.22
723 -117.3232118163504 52.23
724 -121.941927138735 52.24
725 -125.4341660158938 52.25
726 -129.3348773771737 52.26
727 -132.906765369734 52.27
728 -137.0015047984681 52.28
729 -141.4330116068885 52.29
730 -144.07654899855 52.3
731 -145.7543139083502 52.31
732 -148.6493860636073 52.32
733 -150.1179335542756 52.33
734 -151.4362803756143 52.34
735 -153.5072828969055 52.35
736 -154.8099605365709 52.36
737 -156.7095272866029 52.37
738 -158.1340548943719 52.38
739 -159.3780947491173 52.39
740 -160.6414804723145 52.4
741 -161.5698420295827 52.41
742 -162.5981165507631 52.42
743 -163.4990383874757 52.43
744 -164.2080578658953 52.44
745 -164.6516779252842 52.45
746 -164.7937327569436 52.46
747 -164.6650204992095 52.47
748 -162.6101193942724 52.48
749 -162.1033326096776 52.49
750 -161.4718740706238 52.5
751 -159.9406062534513 52.51
752 -159.0109590619233 52.52
753 -157.5762751713332 52.53
754 -156.623677193087 52.54
755 -155.6108219130586 52.55
756 -154.2955048187634 52.56
757 -153.170929133305 52.57
758 -151.8158040443462 52.58
759 -150.5046567878128 52.59
760 -149.2348966196744 52.6
761 -147.6681706945199 52.61
762 -146.5398658979196 52.62
763 -144.5775120130398 52.63
764 -141.8822926467696 52.64
765 -140.4290056317779 52.65
766 -138.6567408556009 52.66
767 -136.5978846155186 52.67
768 -135.0609681847158 52.68
769 -133.5026508257334 52.69
770 -131.9267165740206 52.7
771 -129.9368525184868 52.71
772 -128.1626184928577 52.72
773 -126.4950260337714 52.73
774 -124.3066721020218 52.74
775 -122.6818068044148 52.75
776 -121.0560533645788 52.76
777 -119.088815162011 52.77
778 -117.0850267874788 52.78
779 -115.4736146859516 52.79
780 -113.7318740144605 52.8
781 -111.8883387006357 52.81
782 -110.3166796061882 52.82
783 -108.0668244555657 52.83
784 -106.3035314864583 52.84
785 -104.3824760740677 52.85
786 -102.4501257012933 52.86
787 -99.71390672451163 52.87
788 -98.27292876141419 52.88
789 -96.86413911163412 52.89
790 -95.35752333704492 52.9
791 -93.55474841187801 52.91
792 -92.13634570799384 52.92
793 -90.80947146791883 52.93
794 -89.43966882572953 52.94
795 -88.25702417538106 52.95
796 -87.11975177027354 52.96
797 -85.75791651925027 52.97
798 -84.55110865920982 52.98
799 -83.41410538326767 52.99
800 -82.18105493863618 53
801 -81.1085789804078 53.01
802 -80.12385362776364 53.02
803 -79.31587579062483 53.03
804 -78.55890016784812 53.04
805 -77.85390319902463 53.05
806 -77.20348296501827 53.06
807 -76.61013386718494 53.07
808 -76.08203748817571 53.08
809 -75.62352083133868 53.09
810 -75.25063816621548 53.1
811 -74.97964209707102 53.11
812 -74.82326275758859 53.12
813 -74.77790068441386 53.13
814 -74.82807441083429 53.14
815 -74.9596337516019 53.15
816 -75.15245164196003 53.16
817 -75.65079989630641 53.17
818 -75.94484202310193 53.18
819 -76.50985441762967 53.19
820 -76.91525541341245 53.2
821 -77.30409581280038 53.21
822 -77.72281061630218 53.22
823 -78.3139082821812 53.23
824 -79.00987717028664 53.24
825 -80.73947713847789 53.25
826 -81.87606080366812 53.26
827 -83.14817640501798 53.27
828 -85.60189980378944 53.28
829 -89.27111192781486 53.29
830 -92.07329420129051 53.3
831 -95.66526539173364 53.31
832 -99.11320214373796 53.32
833 -102.9903945258668 53.33
834 -106.6430180815701 53.34
835 -110.3779462325627 53.35
836 -114.4519782580008 53.36
837 -116.8609825847695 53.37
838 -119.5531381848635 53.38
839 -123.0996495886694 53.39
840 -125.8415852146032 53.4
841 -127.97497643715 53.41
842 -129.3300006641752 53.42
843 -130.6171910757762 53.43
844 -131.7692257662929 53.44
845 -132.8918138430949 53.45
846 -134.0055607174123 53.46
847 -135.0576501337569 53.47
848 -136.038397110117 53.48
849 -136.906761266648 53.49
850 -137.4910090285561 53.5
851 -137.961343115702 53.51
852 -138.1403904617145 53.52
853 -138.0577826769629 53.53
854 -137.7686511237691 53.54
855 -137.3234337297737 53.55
856 -136.7604172977478 53.56
857 -136.1043559575779 53.57
858 -135.3479320175855 53.58
859 -132.9304420421853 53.59
860 -131.9915325559009 53.6
861 -130.7931380440266 53.61
862 -129.8410177187103 53.62
863 -128.1121682400628 53.63
864 -126.8632670382774 53.64
865 -125.7287383606521 53.65
866 -124.6183544004642 53.66
867 -123.1965628093706 53.67
868 -121.5958122667924 53.68
869 -120.3173270533236 53.69
870 -119.092927921777 53.7
871 -117.8441641262679 53.71
872 -116.3213662833918 53.72
873 -115.029237642554 53.73
874 -113.4526270077314 53.74
875 -111.7549933232231 53.75
876 -110.410001008994 53.76
877 -108.7894311154634 53.77
878 -106.9609566088157 53.78
879 -105.5741550481148 53.79
880 -104.0618550644866 53.8
881 -102.5930268257845 53.81
882 -101.1615331735632 53.82
883 -99.60135284070903 53.83
884 -97.91610713761204 53.84
885 -96.17116433899209 53.85
886 -94.40534424360206 53.86
887 -92.96091419513793 53.87
888 -91.44654708282719 53.88
889 -88.71691978541932 53.89
890 -86.44638811313717 53.9
891 -85.108719804212 53.91
892 -83.79041177231539 53.92
893 -82.49383946128115 53.93
894 -81.07314291981356 53.94
895 -79.82828464596678 53.95
896 -78.48636217536927 53.96
897 -76.99432516190136 53.97
898 -75.83752897025069 53.98
899 -74.71381695778096 53.99
900 -73.6251006487272 54
901 -72.43068386655203 54.01
902 -71.41847738879652 54.02
903 -70.12235532637681 54.03
904 -69.03177339417678 54.04
905 -68.02310466816571 54.05
906 -67.16856178369913 54.06
907 -66.35883201793452 54.07
908 -65.5957652096052 54.08
909 -64.87986114027015 54.09
910 -64.21172607308145 54.1
911 -63.59470644874082 54.11
912 -63.03002996806443 54.12
913 -62.52009067257744 54.13
914 -62.07091073929802 54.14
915 -61.69247292287761 54.15
916 -61.39728280269681 54.16
917 -61.19806231520026 54.17
918 -61.1024537710783 54.18
919 -61.11149895387714 54.19
920 -61.20477994138827 54.2
921 -61.36157819186884 54.21
922 -61.5699879556362 54.22
923 -61.82333981950071 54.23
924 -62.1158771513503 54.24
925 -62.63202506168669 54.25
926 -63.00649601991455 54.26
927 -63.39793280127063 54.27
928 -63.81809924007157 54.28
929 -64.34207594832925 54.29
930 -64.85711384238955 54.3
931 -65.5808222601221 54.31
932 -66.88671907804462 54.32
933 -69.95599732888658 54.33
934 -72.45983634775865 54.34
935 -75.03470312646742 54.35
936 -78.52498286952452 54.36
937 -81.98784374267555 54.37
938 -85.85756704685201 54.38
939 -89.5727495856549 54.39
940 -92.06472878960373 54.4
941 -94.01234778040875 54.41
942 -96.05067895504983 54.42
943 -97.39184110371406 54.43
944 -99.30495005611508 54.44
945 -101.2322679340754 54.45
946 -102.8343488069011 54.46
947 -104.1872503607938 54.47
948 -105.3903826121454 54.48
949 -106.4008335491541 54.49
950 -107.4658055370053 54.5
951 -108.6505184565167 54.51
952 -109.667869795195 54.52
953 -110.9327124397641 54.53
954 -111.8644926928076 54.54
955 -112.5331586977604 54.55
956 -113.2340351408388 54.56
957 -113.7773445492526 54.57
958 -114.1191235852938 54.58
959 -114.2508560198642 54.59
960 -114.2039146614466 54.6
961 -114.0143044986412 54.61
962 -113.7124749302761 54.62
963 -113.2782232636345 54.63
964 -111.7119283799096 54.64
965 -111.1839462707553 54.65
966 -110.0729125236382 54.66
967 -109.0773366511484 54.67
968 -108.3911037206292 54.68
969 -107.3985840958472 54.69
970 -106.6368519071874 54.7
971 -105.7416590715527 54.71
972 -104.9100317820588 54.72
973 -103.9003802602856 54.73
974 -103.0112538971284 54.74
975 -102.0967637114395 54.75
976 -101.0892873433539 54.76
977 -99.94713014966442 54.77
978 -98.96411112631706 54.78
979 -97.95511457621255 54.79
980 -96.34853218203351 54.8
981 -95.31369533733054 54.81
982 -94.13721103941552 54.82
983 -93.07774585297312 54.83
984 -92.00903504368149 54.84
985 -90.2441814160881 54.85
986 -89.15402597998467 54.86
987 -87.74015341560654 54.87
988 -86.18481516445681 54.88
989 -84.89204159155769 54.89
990 -83.79069071018526 54.9
991 -82.50648572581156 54.91
992 -80.10323727700542 54.92
993 -78.59140070646551 54.93
994 -77.50065509224108 54.94
995 -76.41967475638026 54.95
996 -75.24664976498431 54.96
997 -74.00719801744006 54.97
998 -72.96536682010202 54.98
999 -71.82742963500048 54.99
1000 -70.5908771234287 55
1001 -69.60402506908824 55.01
1002 -68.63925739321543 55.02
1003 -67.67431502144841 55.03
1004 -66.75841827063481 55.04
1005 -65.67159836832201 55.05
1006 -64.80878321542767 55.06
1007 -63.85623174186358 55.07
1008 -63.05263661314203 55.08
1009 -62.28267952596106 55.09
1010 -61.41512790312896 55.1
1011 -60.60557637012811 55.11
1012 -59.93832429772061 55.12
1013 -59.09054540557635 55.13
1014 -58.50135347811929 55.14
1015 -57.95537973240975 55.15
1016 -57.45551916198298 55.16
1017 -57.0061074984613 55.17
1018 -56.46193382452972 55.18
1019 -56.1336688160029 55.19
1020 -55.878297131332 55.2
1021 -55.70593018141983 55.21
1022 -55.62019417274441 55.22
1023 -55.76632629890315 55.23
1024 -56.00133490573398 55.24
1025 -56.22633592645093 55.25
1026 -56.41980532077939 55.26
1027 -56.65288790430721 55.27
1028 -56.92317288072735 55.28
1029 -57.22904495676234 55.29
1030 -57.56454688211146 55.3
1031 -58.03450969417885 55.31
1032 -58.5577313182286 55.32
1033 -59.21383278685612 55.33
1034 -59.97235179998921 55.34
1035 -61.05637973112282 55.35
1036 -62.24477381184584 55.36
1037 -63.41288675098947 55.37
1038 -64.63417442023353 55.38
1039 -66.95154638341243 55.39
1040 -68.24134571621109 55.4
1041 -70.02061276127662 55.41
1042 -72.20109741996676 55.42
1043 -73.65372468544575 55.43
1044 -75.51293270175201 55.44
1045 -78.06997189338963 55.45
1046 -79.79033948825757 55.46
1047 -80.98873833835611 55.47
1048 -82.08987601051808 55.48
1049 -83.12930167992053 55.49
1050 -84.7855102366066 55.5
1051 -85.88495598819151 55.51
1052 -86.72266496231477 55.52
1053 -87.40168070437723 55.53
1054 -88.27107673610324 55.54
1055 -89.10397843969788 55.55
1056 -89.83965215748594 55.56
1057 -90.61854986976773 55.57
1058 -91.53843066255392 55.58
1059 -92.28367240844669 55.59
1060 -93.02533545968102 55.6
1061 -94.39030320651405 55.61
1062 -94.9869138376576 55.62
1063 -95.42460162821925 55.63
1064 -95.23730171527005 55.64
1065 -95.81201081859467 55.65
1066 -95.65228817475504 55.66
1067 -95.64086933012764 55.67
1068 -95.52372675942398 55.68
1069 -95.24894747074921 55.69
1070 -94.99171125931001 55.7
1071 -94.58188580179828 55.71
1072 -94.01217676174522 55.72
1073 -93.58972159965626 55.73
1074 -93.12377638186101 55.74
1075 -92.6180681977911 55.75
1076 -91.79809085974726 55.76
1077 -91.22200601340374 55.77
1078 -90.61546619965094 55.78
1079 -89.895476809212 55.79
1080 -89.09137303169847 55.8
1081 -88.17583494547915 55.81
1082 -86.96069604297783 55.82
1083 -86.23399774712698 55.83
1084 -85.39486398285636 55.84
1085 -84.63606859846561 55.85
1086 -83.86434815369165 55.86
1087 -82.81495296025813 55.87
1088 -81.97955922547332 55.88
1089 -80.96387547667035 55.89
1090 -79.54436946268379 55.9
1091 -78.72150017594768 55.91
1092 -77.89402818122684 55.92
1093 -76.08179512058204 55.93
1094 -74.71786396111243 55.94
1095 -73.69160276274808 55.95
1096 -72.84918741731914 55.96
1097 -72.00884052035445 55.97
1098 -70.81205821418013 55.98
1099 -69.90445109771136 55.99
1100 -69.07711239324989 56
1101 -68.25748392994232 56.01
1102 -67.34171930623829 56.02
1103 -66.54079865517541 56.03
1104 -65.64700093234785 56.04
1105 -64.87220785465163 56.05
1106 -64.00570480247561 56.06
1107 -63.26251402945392 56.07
1108 -62.53748836447603 56.08
1109 -61.83242164964888 56.09
1110 -60.98168234875902 56.1
1111 -60.31933879411542 56.11
1112 -59.68122088262128 56.12
1113 -59.06903633556294 56.13
1114 -58.5814507467195 56.14
1115 -58.02321437568957 56.15
1116 -57.35768558576348 56.16
1117 -56.86549387982906 56.17
1118 -56.41031403135278 56.18
1119 -55.89478675262133 56.19
1120 -55.47122043629317 56.2
1121 -55.15219799318822 56.21
1122 -54.86490016756876 56.22
1123 -54.65781250215078 56.23
1124 -54.5775171212854 56.24
1125 -54.5144717811306 56.25
1126 -54.50615544786004 56.26
1127 -54.55939874112558 56.27
1128 -54.66667903635465 56.28
1129 -54.91120715797435 56.29
1130 -55.11565677412393 56.3
1131 -55.43123083802815 56.31
1132 -55.73591354366016 56.32
1133 -56.18154175578584 56.33
1134 -56.50096648304254 56.34
1135 -56.83879973880882 56.35
1136 -57.2003439410157 56.36
1137 -57.5844978007207 56.37
1138 -57.99042694285612 56.38
1139 -58.41743172300031 56.39
1140 -58.94062848612982 56.4
1141 -59.58960265945175 56.41
1142 -60.1696288192154 56.42
1143 -60.95784443211478 56.43
1144 -61.67296843455097 56.44
1145 -62.39582134344664 56.45
1146 -63.17312851719613 56.46
1147 -64.14141692678271 56.47
1148 -65.09860334351254 56.48
1149 -66.61808550079306 56.49
1150 -67.42066753842786 56.5
1151 -68.17774580541764 56.51
1152 -69.21532085544492 56.52
1153 -69.98326950468828 56.53
1154 -70.96853798881253 56.54
1155 -72.12154141312615 56.55
1156 -72.93959540020634 56.56
1157 -73.85484468230993 56.57
1158 -74.54395765248414 56.58
1159 -75.50918561624491 56.59
1160 -76.26030130335637 56.6
1161 -76.82532094886709 56.61
1162 -77.39371033049544 56.62
1163 -78.27579841482141 56.63
1164 -78.90504413400015 56.64
1165 -79.76378122281628 56.65
1166 -80.33115777703237 56.66
1167 -80.84062453205148 56.67
1168 -81.32558693608536 56.68
1169 -81.78215150932712 56.69
1170 -82.12099673094133 56.7
1171 -82.42950134475197 56.71
1172 -83.26723072665416 56.72
1173 -83.33522721530592 56.73
1174 -83.54412581096625 56.74
1175 -83.39294420315851 56.75
1176 -83.40488754219122 56.76
1177 -83.33693326052639 56.77
1178 -83.20159405122891 56.78
1179 -83.00884326803924 56.79
1180 -82.76632808901809 56.8
1181 -82.47983160864109 56.81
1182 -82.15398362749487 56.82
1183 -81.79365580540912 56.83
1184 -81.40104737328335 56.84
1185 -80.53343826558218 56.85
1186 -80.00639188828838 56.86
1187 -79.26769164670903 56.87
1188 -78.40532247103388 56.88
1189 -77.87098596333979 56.89
1190 -77.33082755268605 56.9
1191 -76.77304648424723 56.91
1192 -76.1995153995834 56.92
1193 -74.79504373894099 56.93
1194 -73.97175863581495 56.94
1195 -73.35308204085543 56.95
1196 -72.67825566891436 56.96
1197 -71.75702598078057 56.97
1198 -70.88533730865917 56.98
1199 -70.11938313822066 56.99
1200 -69.04924315571576 57
1201 -68.38915294714246 57.01
1202 -67.83800028624293 57.02
1203 -67.17568268404933 57.03
1204 -66.5143154692597 57.04
1205 -65.85500802796037 57.05
1206 -65.19907698489902 57.06
1207 -64.36610901851705 57.07
1208 -63.53597402580517 57.08
1209 -62.70320454242065 57.09
1210 -62.07120040986249 57.1
1211 -61.44899632205437 57.11
1212 -60.8378730025487 57.12
1213 -60.2392122987412 57.13
1214 -59.65436104739776 57.14
1215 -59.08474213693818 57.15
1216 -58.53201999487752 57.16
1217 -57.89226681850679 57.17
1218 -57.270775940943 57.18
1219 -56.77746796516881 57.19
1220 -56.30764507840955 57.2
1221 -55.86330371905742 57.21
1222 -55.44671721168029 57.22
1223 -55.06066465318189 57.23
1224 -54.7077952625856 57.24
1225 -54.39085251400992 57.25
1226 -54.11270109973124 57.26
1227 -53.8765093741607 57.27
1228 -53.68619061746235 57.28
1229 -53.56667664542518 57.29
1230 -53.50121071443186 57.3
1231 -53.46703692344717 57.31
1232 -53.46500944141967 57.32
1233 -53.5134935613267 57.33
1234 -53.61112318065032 57.34
1235 -53.72489443969578 57.35
1236 -53.86487035361007 57.36
1237 -54.02853916682589 57.37
1238 -54.21370800719721 57.38
1239 -54.49109988841195 57.39
1240 -54.75270877251025 57.4
1241 -55.09804848017483 57.41
1242 -55.36518779137898 57.42
1243 -55.64133516815863 57.43
1244 -55.93176652804696 57.44
1245 -56.23708827584426 57.45
1246 -56.55596197140591 57.46
1247 -56.88854672630243 57.47
1248 -57.39066105142277 57.48
1249 -57.78738638858637 57.49
1250 -58.15827733853838 57.5
1251 -58.53740529187332 57.51
1252 -58.92613307341355 57.52
1253 -59.32488977176961 57.53
1254 -59.89755852203714 57.54
1255 -60.39179962085441 57.55
1256 -60.84675955809552 57.56
1257 -61.37655460672948 57.57
1258 -61.99092229725916 57.58
1259 -62.56348222060015 57.59
1260 -63.02430129031701 57.6
1261 -63.68839714518084 57.61
1262 -64.37954798270819 57.62
1263 -65.05961375994937 57.63
1264 -65.841690701069 57.64
1265 -66.44622797028991 57.65
1266 -66.98973327527439 57.66
1267 -67.40585474157081 57.67
1268 -68.53206231441888 57.68
1269 -69.08338846739683 57.69
1270 -69.47585058497076 57.7
1271 -69.84481863981098 57.71
1272 -70.21962762800027 57.72
1273 -70.66833572484173 57.73
1274 -71.01733038859487 57.74
1275 -71.35790882628359 57.75
1276 -71.6885035954294 57.76
1277 -72.00723741041854 57.77
1278 -72.31181126629129 57.78
1279 -72.5994761919453 57.79
1280 -72.86722003474814 57.8
1281 -73.11131432220596 57.81
1282 -73.32785238937797 57.82
1283 -73.51271971441139 57.83
1284 -73.66206106214806 57.84
1285 -73.77281511503651 57.85
1286 -73.84338361332075 57.86
1287 -73.8746400742351 57.87
1288 -73.86819124346304 57.88
1289 -73.81376841320261 57.89
1290 -73.73613767180545 57.9
1291 -73.63135777098296 57.91
1292 -73.46779286153085 57.92
1293 -72.53072558059586 57.93
1294 -72.25428595138169 57.94
1295 -71.94573619968476 57.95
1296 -71.61004883963943 57.96
1297 -71.25059060409532 57.97
1298 -70.6444319173694 57.98
1299 -70.04572190570086 57.99
1300 -69.62614236746148 58
1301 -69.17599183774638 58.01
1302 -68.7263251512246 58.02
1303 -68.26334060997337 58.03
1304 -67.55209565346522 58.04
1305 -67.06612326944392 58.05
1306 -66.57092290342405 58.06
1307 -66.0678328760999 58.07
1308 -65.55816595161885 58.08
1309 -64.88174655199433 58.09
1310 -64.09432860089234 58.1
1311 -63.46862728783264 58.11
1312 -62.94589072256996 58.12
1313 -62.42346642606671 58.13
1314 -61.90230936241701 58.14
1315 -61.25461152489334 58.15
1316 -60.40937411582146 58.16
1317 -59.68928892208675 58.17
1318 -59.18413474703735 58.18
1319 -58.41047754169613 58.19
1320 -57.86566996818915 58.2
1321 -57.38626273469902 58.21
1322 -56.99573471693962 58.22
1323 -56.49877854618573 58.23
1324 -56.1996534526122 58.24
1325 -55.90838902402357 58.25
1326 -55.62606623607006 58.26
1327 -55.35403576551412 58.27
1328 -55.09302211238792 58.28
1329 -54.84406610798524 58.29
1330 -54.60811810831773 58.3
1331 -54.38623315284818 58.31
1332 -54.17948209218609 58.32
1333 -53.98871356478735 58.33
1334 -53.81497215852811 58.34
1335 -53.65927423744184 58.35
1336 -53.52251347277566 58.36
1337 -53.40540702944478 58.37
1338 -53.30881620711142 58.38
1339 -53.23274515335489 58.39
1340 -53.17781386699015 58.4
1341 -53.14419789012312 58.41
1342 -53.13159201348661 58.42
1343 -53.13925815499564 58.43
1344 -53.16625258823981 58.44
1345 -53.21123347339915 58.45
1346 -53.27304539326249 58.46
1347 -53.35041899313423 58.47
1348 -53.56658790459181 58.48
1349 -53.98216032247569 58.49
1350 -54.16762681538539 58.5
1351 -54.34823129817694 58.51
1352 -54.50078899541226 58.52
1353 -54.6544585332738 58.53
1354 -54.81721901833942 58.54
1355 -55.02998243082969 58.55
1356 -55.26379485741234 58.56
1357 -55.61082234399128 58.57
1358 -55.84560859169582 58.58
1359 -56.17487812810081 58.59
1360 -56.40407603531202 58.6
1361 -56.69452432551743 58.61
1362 -57.02940057551115 58.62
1363 -57.28565786965167 58.63
1364 -57.52862481092402 58.64
1365 -57.77429364668182 58.65
1366 -58.02452450321773 58.66
1367 -58.32446688608183 58.67
1368 -58.64203013563721 58.68
1369 -58.95434417157364 58.69
1370 -59.23064477321079 58.7
1371 -59.49973075673202 58.71
1372 -60.0644415027563 58.72
1373 -60.42591080342228 58.73
1374 -60.71005917302308 58.74
1375 -60.98453204021339 58.75
1376 -61.25776104875317 58.76
1377 -61.5296342202295 58.77
1378 -61.81031623973682 58.78
1379 -62.08356981337616 58.79
1380 -62.34942241198046 58.8
1381 -62.61088500797854 58.81
1382 -63.08478102264542 58.82
1383 -63.80292987155982 58.83
1384 -64.31326020268888 58.84
1385 -64.58853260470451 58.85
1386 -64.81987259412928 58.86
1387 -65.03634320728186 58.87
1388 -65.24043863055054 58.88
1389 -65.43097257079239 58.89
1390 -65.79072687253689 58.9
1391 -65.99266718336567 58.91
1392 -66.13703725483843 58.92
1393 -66.25569756859413 58.93
1394 -66.35100215285019 58.94
1395 -66.4219940901005 58.95
1396 -66.46810152853261 58.96
1397 -66.48924001468772 58.97
1398 -66.48584130910785 58.98
1399 -66.22421559755642 58.99
1400 -66.17386909137419 59
1401 -66.10266477068713 59.01
1402 -66.01219773094004 59.02
1403 -65.25626879894996 59.03
1404 -65.13420107490241 59.04
1405 -65.03126081466685 59.05
1406 -64.918779605998 59.06
1407 -64.79735321173708 59.07
1408 -64.66718856897917 59.08
1409 -64.28117711586384 59.09
1410 -64.13472614222884 59.1
1411 -63.98088349610062 59.11
1412 -63.81992280114002 59.12
1413 -63.65239350454404 59.13
1414 -63.47845397933893 59.14
1415 -63.29860324932323 59.15
1416 -63.11311369295622 59.16
1417 -62.92250635802525 59.17
1418 -62.72701531481909 59.18
1419 -62.52707326689325 59.19
1420 -62.32283910305171 59.2
1421 -62.11465446674741 59.21
1422 -61.90266209363206 59.22
1423 -61.68730048430925 59.23
1424 -61.46868210399657 59.24
1425 -61.23193345968704 59.25
1426 -61.00801057090549 59.26
1427 -60.71698802761802 59.27
1428 -60.48866597691567 59.28
1429 -60.25855317583834 59.29
1430 -60.02639376082799 59.3
1431 -59.49705481480809 59.31
1432 -59.26267295497809 59.32
1433 -59.02753791156859 59.33
1434 -58.79164737172537 59.34
1435 -58.43305930113252 59.35
1436 -58.19642705802018 59.36
1437 -57.96007309885083 59.37
1438 -57.61135918054984 59.38
1439 -57.3757920178945 59.39
1440 -57.08672237709175 59.4
1441 -56.85347433853536 59.41
1442 -56.62164237012319 59.42
1443 -56.39180171320807 59.43
1444 -56.06680872828012 59.44
1445 -55.84181513897165 59.45
1446 -55.51281166458052 59.46
1447 -55.29412706877459 59.47
1448 -55.07873598276743 59.48
1449 -54.50556348047352 59.49
1450 -54.16278093965177 59.5
1451 -53.95947378757921 59.51
1452 -53.76092864151227 59.52
1453 -53.37888120073561 59.53
1454 -53.19136756464419 59.54
1455 -53.01035712099597 59.55
1456 -52.83591237823248 59.56
1457 -52.66895459832778 59.57
1458 -52.50964652911014 59.58
1459 -52.30960025697556 59.59
1460 -52.17019444094682 59.6
1461 -52.03998204340981 59.61
1462 -51.92016639678742 59.62
1463 -51.62744845616544 59.63
1464 -51.53001652516009 59.64
1465 -51.58822008719297 59.65
1466 -51.54689445687239 59.66
1467 -51.4113097631028 59.67
1468 -51.41151300309328 59.68
1469 -51.38161278207888 59.69
1470 -51.36413998842392 59.7
1471 -51.36356736942586 59.71
1472 -51.54450211040401 59.72
1473 -51.59645189126606 59.73
1474 -51.72556471539127 59.74
1475 -51.89001019608245 59.75
1476 -52.00501340934782 59.76
1477 -52.09217859595022 59.77
1478 -52.18503153849196 59.78
1479 -52.52970153408687 59.79
1480 -52.76016694814599 59.8
1481 -52.89636546078006 59.81
1482 -53.07187915425495 59.82
1483 -53.22023232890334 59.83
1484 -53.36681318698898 59.84
1485 -53.51947955393673 59.85
1486 -53.67875269525014 59.86
1487 -53.80257994251385 59.87
1488 -53.93011982642505 59.88
1489 -54.14152928536807 59.89
1490 -54.32149312604854 59.9
1491 -54.57855808982179 59.91
1492 -54.76337084680436 59.92
1493 -54.91575980088047 59.93
1494 -55.06314223626132 59.94
1495 -55.66294084276783 59.95
1496 -56.0113787388398 59.96
1497 -56.50322710439295 59.97
1498 -56.77474349930864 59.98
1499 -56.9536315277369 59.99
1500 -57.16654274358977 60
