"temperatura-rfile"
"Time Step" "temperatura etc.."
("Time Step" "temperatura" "flow-time")
0 331.057574030255 0
1 324.9627369927667 0.1
2 335.968061684288 0.2
3 357.0682307370732 0.3
4 378.8429837238948 0.4
5 399.2153181706972 0.5
6 419.3613006660188 0.6000000000000001
7 438.3429290209059 0.7000000000000001
8 455.3851183114438 0.8
9 470.6964972928785 0.9
10 484.6563799729569 1
11 497.8089530028533 1.1
12 510.1811594097938 1.2
13 521.6404923871708 1.3
14 532.0685527662847 1.4
15 541.9485753374552 1.5
16 551.1211178196227 1.6
17 559.5032158696022 1.7
18 567.1325067057946 1.8
19 575.4099391843638 1.9
20 582.6470444445765 2
21 589.1940453778559 2.1
22 596.5526548523619 2.2
23 603.245392045824 2.3
24 609.3937842709063 2.4
25 615.0884208373086 2.5
26 620.4075750420071 2.6
27 625.3899027836367 2.7
28 630.0974805959347 2.8
29 634.5537379909932 2.9
30 638.7895218231087 3
31 642.8268266891588 3.1
32 646.6818602652502 3.2
33 650.3679621745847 3.3
34 653.8993089710523 3.4
35 657.2874889120418 3.5
36 660.5300755962098 3.6
37 663.6518535840187 3.7
38 666.6585256918548 3.8
39 669.5544174086267 3.9
40 672.350980943636 4
41 675.0549850555282 4.100000000000001
42 677.6781504605613 4.2
43 680.2278260513524 4.3
44 682.703000994232 4.4
45 685.1414581118145 4.5
46 687.5378557361104 4.600000000000001
47 689.9020656353777 4.7
48 692.2427486178191 4.800000000000001
49 694.5724255766394 4.9
50 696.8924437612992 5
51 699.207478521196 5.100000000000001
52 701.5197420724081 5.2
53 703.8323848415009 5.300000000000001
54 706.146543876271 5.4
55 708.4624695158975 5.5
56 710.7788284447512 5.600000000000001
57 713.0946020955922 5.7
58 715.4087124967781 5.800000000000001
59 717.719167172392 5.9
60 720.0222807286535 6
61 722.3173602853344 6.100000000000001
62 724.5968213936101 6.2
63 726.8623700999754 6.300000000000001
64 729.108003300001 6.4
65 731.3343607245404 6.5
66 733.5385896273393 6.600000000000001
67 735.7190773403884 6.7
68 737.873421033892 6.800000000000001
69 739.9996589299503 6.9
70 742.0969196899277 7
71 744.1690786591449 7.100000000000001
72 746.2158528248129 7.2
73 748.2220986768303 7.300000000000001
74 750.2019987238104 7.4
75 752.1526275100131 7.5
76 754.0776668151781 7.600000000000001
77 755.9748942694795 7.7
78 757.8492367912731 7.800000000000001
79 759.7035884098633 7.9
80 761.5378357963093 8
81 763.3553494530444 8.1
82 765.1599433389082 8.200000000000001
83 766.9527523011139 8.300000000000001
84 768.7370656869118 8.4
85 770.5133730480364 8.5
86 772.3031154607703 8.6
87 773.5761538568584 8.700000000000001
88 775.0273194715678 8.800000000000001
89 776.5853899522026 8.9
90 777.7131426532223 9
91 779.034368342465 9.1
92 780.4930111073629 9.200000000000001
93 781.5549038024324 9.300000000000001
94 782.827067501831 9.4
95 783.7792758025165 9.5
96 784.9445085267723 9.600000000000001
97 785.829718230313 9.700000000000001
98 786.9405389114403 9.800000000000001
99 787.7855733139099 9.9
100 788.8566267314312 10
101 789.6769014363533 10.1
102 790.7241711085651 10.2
103 791.528129093733 10.3
104 792.5527199413987 10.4
105 793.3435167613899 10.5
106 794.3516706348237 10.6
107 795.1330601806131 10.7
108 796.1335303141569 10.8
109 796.9092934802177 10.9
110 797.8960067436961 11
111 798.6649889035626 11.1
112 799.640227972083 11.2
113 800.3549995441592 11.3
114 801.3336598315693 11.4
115 802.0990367607043 11.5
116 803.0559184425589 11.6
117 803.7585816865274 11.7
118 804.7157146415944 11.8
119 805.4191489662689 11.9
120 806.3739855722828 12
121 807.0749690701294 12.1
122 808.019812361326 12.2
123 808.7153616817075 12.3
124 809.6535702762222 12.4
125 810.3431164010386 12.5
126 811.271884571742 12.6
127 811.9538669809382 12.7
128 812.8711888898091 12.8
129 813.5412133979889 12.9
130 814.4518723020705 13
131 815.1122035845366 13.1
132 816.0138273461874 13.2
133 816.6685672616679 13.3
134 817.5640670227365 13.4
135 818.2069136380073 13.5
136 819.1016523842653 13.6
137 819.7329041716638 13.7
138 820.6236563628215 13.8
139 821.2285092708407 13.9
140 822.1221078128547 14
141 822.7176750235059 14.1
142 823.5905800311525 14.2
143 824.1662941994746 14.3
144 825.042966480892 14.4
145 825.6101429530354 14.5
146 826.4670408690964 14.6
147 827.0151476805212 14.7
148 827.6682441919156 14.8
149 828.4271181909752 14.9
150 829.2491751781969 15
151 829.7465613545721 15.1
152 830.3155195166595 15.2
153 831.0848244177474 15.3
154 831.6197434170294 15.4
155 832.3930206716717 15.5
156 832.8683838211555 15.6
157 833.4150636403414 15.7
158 834.1551689696356 15.8
159 834.5690441983162 15.9
160 834.9570560965772 16
161 835.4584624697785 16.1
162 835.7122311624595 16.2
163 836.1188890851369 16.3
164 836.2065814555683 16.4
165 836.4854861239934 16.5
166 836.2785355394858 16.6
167 836.3716131137255 16.7
168 835.8970862983905 16.8
169 835.815254297707 16.9
170 835.1851104830471 17
171 835.0108849952143 17.1
172 834.7440522557517 17.2
173 834.4020266927237 17.3
174 833.8461008553506 17.4
175 833.405392982397 17.5
176 832.981942964355 17.6
177 832.4330076309921 17.7
178 831.5893035147752 17.8
179 831.3977437894508 17.9
180 831.0327554450747 18
181 830.4213036935278 18.1
182 830.344595038686 18.2
183 829.9770112981225 18.3
184 829.3679617365241 18.4
185 829.3083836654215 18.5
186 828.734435262683 18.6
187 827.188296645846 18.7
188 826.5046300147999 18.8
189 824.3765870787271 18.9
190 822.491860626849 19
191 819.5915435489477 19.1
192 817.2722876988516 19.2
193 815.5977487886337 19.3
194 814.4119976629964 19.4
195 813.5561010470516 19.5
196 812.9323615895497 19.6
197 812.4803271848355 19.7
198 812.1468773611786 19.8
199 811.8929466374299 19.9
200 811.6916357156925 20
201 811.5212953052451 20.1
202 811.3727040345227 20.2
203 811.2400414093564 20.3
204 811.1135954841724 20.4
205 810.9945676364589 20.5
206 810.8832033977693 20.6
207 810.7836319105377 20.7
208 810.8912354448754 20.8
209 810.9722823199899 20.9
210 811.0378367298854 21
211 811.0905175722767 21.1
212 811.1322047367881 21.2
213 811.1652157710098 21.3
214 811.1911380116687 21.4
215 811.2088477359118 21.5
216 811.2227881908225 21.6
217 811.2338722775308 21.7
218 811.2427325620403 21.8
219 811.2498365940329 21.9
220 811.2554205402191 22
221 811.257831970448 22.1
222 811.259618758404 22.2
223 811.2609255486232 22.3
224 811.2620254448234 22.4
225 811.2628175979345 22.5
226 811.263331324216 22.6
227 811.261879728964 22.7
228 811.2604884294733 22.8
229 811.2591370657518 22.9
230 811.2579588715608 23
231 811.2569875641016 23.1
232 811.2560929037061 23.2
233 811.2534860150203 23.3
234 811.2511834513364 23.4
235 811.2493028499716 23.5
236 811.2476846256343 23.6
237 811.2463138736035 23.7
238 811.2450998027271 23.8
239 811.2422080089742 23.9
240 811.239677036031 24
241 811.2375512739269 24.1
242 811.2357391250709 24.2
243 811.2342272233928 24.3
244 811.2329585286084 24.4
245 811.2299885609937 24.5
246 811.2274355285786 24.6
247 811.2252976996363 24.7
248 811.2235467320012 24.8
249 811.2221108992562 24.9
250 811.2208983145022 25
251 811.217924288584 25.1
252 811.2154605381121 25.2
253 811.2133890985768 25.3
254 811.2116600774041 25.4
255 811.2101859309446 25.5
256 811.2090311964881 25.6
257 811.2061927438925 25.7
258 811.203708864923 25.8
259 811.2016577132088 25.9
260 811.1999107862822 26
261 811.1984948455721 26.1
262 811.1972986741133 26.2
263 811.1943794451071 26.3
264 811.191856751291 26.4
265 811.1897135709895 26.5
266 811.1879700570875 26.6
267 811.1865537857719 26.7
268 811.1853944766289 26.8
269 811.1825293178414 26.9
270 811.1800042433359 27
271 811.1778735364007 27.1
272 811.1761190122135 27.2
273 811.1746807820347 27.3
274 811.173436446092 27.4
275 811.1704869331197 27.5
276 811.1679351487069 27.6
277 811.1658392561806 27.7
278 811.164080674484 27.8
279 811.1626367848033 27.9
280 811.1613981338596 28
281 811.1584637810732 28.1
282 811.1559277081888 28.2
283 811.1537641490152 28.3
284 811.1519465947998 28.4
285 811.1505000315816 28.5
286 811.1492653920534 28.6
287 811.146365502087 28.7
288 811.1437865678045 28.8
289 811.1416441038663 28.9
290 811.1398929150727 29
291 811.1384904877202 29.1
292 811.1372250210815 29.2
293 811.1342128880458 29.3
294 811.1316183410581 29.4
295 811.1294148036636 29.5
296 811.1276052058207 29.6
297 811.1260969744201 29.7
298 811.1248398830541 29.8
299 811.1218290532652 29.9
300 811.1192711159396 30
301 811.1171211909617 30.1
302 811.1152983061688 30.2
303 811.1138068270517 30.3
304 811.1125844090985 30.4
305 811.1096131099707 30.5
306 811.1070504127947 30.6
307 811.1048958821121 30.7
308 811.10310667258 30.8
309 811.1016281599479 30.9
310 811.1004151362516 31
311 811.0974070138917 31.1
312 811.0948209041665 31.2
313 811.0926476559482 31.3
314 811.0909056178458 31.4
315 811.0894625877357 31.5
316 811.0881935702615 31.6
317 811.0852143947781 31.7
318 811.0826256270901 31.8
319 811.0803790775531 31.9
320 811.0785931562797 32
321 811.0771327824735 32.1
322 811.0758660600916 32.2
323 811.0728818840443 32.3
324 811.0702899004788 32.4
325 811.0680853127307 32.5
326 811.0662724702534 32.6
327 811.064789656258 32.7
328 811.0635699747222 32.8
329 811.0606283772722 32.9
330 811.0580701490236 33
331 811.0558710397986 33.1
332 811.0540090801114 33.2
333 811.0525524312071 33.3
334 811.0512874848289 33.4
335 811.0483015154532 33.5
336 811.0457252140754 33.6
337 811.0435588929942 33.7
338 811.0417648718233 33.8
339 811.0402237475583 33.9
340 811.0389981930741 34
341 811.0360326763243 34.1
342 811.0334712345859 34.2
343 811.0313182439455 34.3
344 811.0295238912491 34.4
345 811.0279560653889 34.5
346 811.0266727525542 34.6
347 811.0236698541304 34.7
348 811.0210614524132 34.8
349 811.0188556337851 34.9
350 810.8269777255011 35
351 810.8556486093603 35.1
352 810.8762320717756 35.2
353 810.8935702214255 35.3
354 810.9077173518007 35.4
355 810.9187761940331 35.5
356 810.9273275286057 35.6
357 810.9339127905915 35.7
358 810.9367601269713 35.8
359 810.9387697123075 35.9
360 810.9401994345121 36
361 810.9412585081296 36.1
362 810.9420370265638 36.2
363 810.7581903702747 36.3
364 810.7880902332505 36.4
365 810.8124138421333 36.5
366 810.8331470227929 36.6
367 810.8501055337041 36.7
368 810.8635274824227 36.8
369 810.8740542893197 36.9
370 810.879892618921 37
371 810.8842265148694 37.1
372 810.8875036388257 37.2
373 810.8900399097015 37.3
374 810.891974704276 37.4
375 810.8934749650449 37.5
376 810.8925618222596 37.6
377 810.8915910199719 37.7
378 810.8906871282044 37.8
379 810.889903179674 37.9
380 810.889158504483 38
381 810.8885051047988 38.1
382 810.8859618864396 38.2
383 810.8836789011805 38.3
384 810.8817544223552 38.40000000000001
385 810.8801084561812 38.5
386 810.8787458195068 38.6
387 810.8775753865203 38.7
388 810.8746316367518 38.8
389 810.8720317583803 38.90000000000001
390 810.8698932306401 39
391 810.8680928436125 39.1
392 810.8666021145445 39.2
393 810.8653035931858 39.3
394 810.8622730603837 39.40000000000001
395 810.8596077578096 39.5
396 810.8573057687071 39.6
397 810.8554333554625 39.7
398 810.8538807272744 39.8
399 810.8525393736563 39.90000000000001
400 810.8494555009121 40
401 810.8467600437734 40.1
402 810.8445068947331 40.2
403 810.8425711089524 40.3
404 810.8410165942098 40.40000000000001
405 810.839699067469 40.5
406 810.8365959048721 40.6
407 810.8339029476313 40.7
408 810.8316328141377 40.8
409 810.8297424467254 40.90000000000001
410 810.8282196157091 41
411 810.8269083241613 41.1
412 810.8237593626372 41.2
413 810.8210267959254 41.3
414 810.8187442489947 41.40000000000001
415 810.8168387080539 41.5
416 810.8152413211932 41.6
417 810.813886039909 41.7
418 810.8108001960741 41.8
419 810.8081338694957 41.90000000000001
420 810.8058566661523 42
421 810.8039331278045 42.1
422 810.8023327817461 42.2
423 810.6256186990499 42.3
424 810.6536998244893 42.40000000000001
425 810.6770028539061 42.5
426 810.6972728032841 42.6
427 810.7114634717867 42.7
428 810.7226336074118 42.8
429 810.7313416043266 42.90000000000001
430 810.7382009203433 43
431 810.7436395811791 43.1
432 810.7479606318831 43.2
433 810.7492366968251 43.3
434 810.7499709378777 43.40000000000001
435 810.7504387770094 43.5
436 810.7507821001669 43.6
437 810.7509998812418 43.7
438 810.7511123865872 43.8
439 810.749100848179 43.90000000000001
440 810.7473132690916 44
441 810.7457356019629 44.1
442 810.7444018679058 44.2
443 810.7433209384425 44.3
444 810.7423799275326 44.40000000000001
445 810.7395759151813 44.5
446 810.7371032150306 44.6
447 810.7349780257043 44.7
448 810.733197165411 44.8
449 810.731736397733 44.90000000000001
450 810.7304710568155 45
451 810.7273996913418 45.1
452 810.7247000705586 45.2
453 810.7224329127176 45.3
454 810.7205196028159 45.40000000000001
455 810.7188939306952 45.5
456 810.7175132614234 45.6
457 810.7143354873043 45.7
458 810.7116068692844 45.8
459 810.7093097897961 45.90000000000001
460 810.707371114932 46
461 810.7057584992114 46.1
462 810.7044427026686 46.2
463 810.7013109646279 46.3
464 810.6985735486641 46.40000000000001
465 810.6962615069583 46.5
466 810.6943547068913 46.6
467 810.6927299991623 46.7
468 810.6913220204191 46.8
469 810.6881193682366 46.90000000000001
470 810.6853405427665 47
471 810.6829333042089 47.1
472 810.6809803901241 47.2
473 810.6793987207298 47.3
474 810.6780060596855 47.40000000000001
475 810.6748601228217 47.5
476 810.6720390666875 47.6
477 810.6696504960793 47.7
478 810.6676825621055 47.8
479 810.6660521729267 47.90000000000001
480 810.6646828291529 48
481 810.6614807914325 48.1
482 810.6586769558278 48.2
483 810.6563138487138 48.3
484 810.6543519407962 48.40000000000001
485 810.6527507691317 48.5
486 810.6513859972692 48.6
487 810.6481899004957 48.7
488 810.6453646427765 48.8
489 810.6429709281967 48.90000000000001
490 810.6410090798022 49
491 810.6393281700974 49.1
492 810.6379123253498 49.2
493 810.6347560808597 49.3
494 810.6319218001997 49.40000000000001
495 810.629502506535 49.5
496 810.627491258593 49.6
497 810.625843983352 49.7
498 810.6244289599151 49.8
499 810.6212343566731 49.90000000000001
500 810.6184162574691 50
501 809.4419000630932 50.01
502 808.1259904636328 50.02
503 806.5267802527241 50.03
504 804.893368597717 50.04
505 803.1643085147962 50.05
506 801.2741855444882 50.06
507 799.0591817829122 50.07
508 796.4992382198216 50.08
509 793.5637750598678 50.09
510 790.2474955489452 50.1
511 786.5342104861815 50.11
512 782.3932133254374 50.12
513 777.8232610822132 50.13
514 772.8174027156234 50.14
515 767.3561802289964 50.15
516 761.4802195505289 50.16
517 755.2187705133024 50.17
518 748.5818705997452 50.18
519 741.8133063774654 50.19
520 735.1044729717686 50.2
521 728.5126208767574 50.21
522 722.0455885858405 50.22
523 715.6015186368583 50.23
524 709.3306560773884 50.24
525 703.0974930082436 50.25
526 697.0456587407963 50.26
527 691.2018290186484 50.27
528 685.4122949218447 50.28
529 679.7868092818669 50.29
530 674.3688588800377 50.3
531 669.031144169393 50.31
532 663.8517447572651 50.32
533 658.8765710429454 50.33
534 653.9958072366601 50.34
535 649.251622947065 50.35
536 644.6969385841028 50.36
537 640.2573008180071 50.37
538 635.9435894860781 50.38
539 631.8055347813802 50.39
540 627.8555959269962 50.4
541 624.094555450789 50.41
542 620.3990606449042 50.42
543 616.7392439278491 50.43
544 613.0490532409295 50.44
545 609.6373753414233 50.45
546 606.599037841448 50.46
547 603.8281685061585 50.47
548 601.8788471614886 50.48
549 600.7201267281415 50.49
550 601.1244011197094 50.5
551 603.8284710911769 50.51
552 610.2687338178933 50.52
553 622.124835432104 50.53
554 640.1224500268363 50.54
555 665.0854630386123 50.55
556 696.7776356869333 50.56
557 734.0783551680522 50.57
558 774.6036301355758 50.58
559 818.3661504754334 50.59
560 864.9377896371529 50.6
561 912.638577557109 50.61
562 959.1599663465814 50.62
563 1002.703671750933 50.63
564 1039.813845912101 50.64
565 1068.151347469994 50.65
566 1090.161081284563 50.66
567 1108.935545863987 50.67
568 1128.117885998842 50.68
569 1148.895352846592 50.69
570 1170.600117856816 50.7
571 1192.786267331361 50.71
572 1215.024072938573 50.72
573 1236.449844231563 50.73
574 1256.803882507069 50.74
575 1275.893919854341 50.75
576 1293.729849586329 50.76
577 1310.944078041959 50.77
578 1327.994889452485 50.78
579 1344.87889466032 50.79
580 1361.554961191801 50.8
581 1377.996761924148 50.81
582 1393.724042514085 50.82
583 1408.460122273852 50.83
584 1421.993103271632 50.84
585 1433.791080510684 50.85
586 1443.537442630832 50.86
587 1451.217510728733 50.87
588 1456.395461073475 50.88
589 1459.117299816181 50.89
590 1459.037440002551 50.9
591 1456.118130668751 50.91
592 1450.403898282247 50.92
593 1442.079556565095 50.93
594 1431.374817649508 50.94
595 1418.379598235813 50.95
596 1403.344377534732 50.96
597 1386.653489702437 50.97
598 1368.222704449104 50.98
599 1348.580071277755 50.99
600 1328.043011049917 51
601 1306.889607527741 51.01
602 1285.708751549718 51.02
603 1265.064914123751 51.03
604 1245.274101775867 51.04
605 1226.825031258258 51.05
606 1209.862735350963 51.06
607 1194.269225882095 51.07
608 1180.093452541792 51.08
609 1167.251842156323 51.09
610 1155.622871649015 51.1
611 1145.348217014299 51.11
612 1136.958253428604 51.12
613 1130.583974399976 51.13
614 1126.637398025171 51.14
615 1125.2529527197 51.15
616 1126.783410186617 51.16
617 1131.060575162752 51.17
618 1137.95222613598 51.18
619 1147.153691557254 51.19
620 1158.495066176583 51.2
621 1171.326537706675 51.21
622 1184.778390699372 51.22
623 1198.025459077818 51.23
624 1209.761249724017 51.24
625 1218.347818132675 51.25
626 1223.761497528445 51.26
627 1226.437622843217 51.27
628 1227.197090750529 51.28
629 1226.591466500999 51.29
630 1225.116670633512 51.3
631 1222.990785086606 51.31
632 1220.425503536548 51.32
633 1217.488506820917 51.33
634 1213.944117051853 51.34
635 1209.732866137286 51.35
636 1205.183695709753 51.36
637 1200.076431119873 51.37
638 1194.597477808169 51.38
639 1188.476880164882 51.39
640 1181.49120201926 51.4
641 1173.664877483307 51.41
642 1164.557597031677 51.42
643 1154.355689377492 51.43
644 1143.56408940413 51.44
645 1132.05560334775 51.45
646 1120.187417034828 51.46
647 1108.451287208404 51.47
648 1097.342577589498 51.48
649 1087.063559763732 51.49
650 1077.888562335766 51.5
651 1069.756985801981 51.51
652 1062.622133864701 51.52
653 1056.420125849147 51.53
654 1051.076464773449 51.54
655 1046.518506549532 51.55
656 1042.682572589297 51.56
657 1039.509373278904 51.57
658 1036.942079796765 51.58
659 1034.92431596114 51.59
660 1033.402978808641 51.6
661 1032.333020627719 51.61
662 1031.668927155416 51.62
663 1031.375447818433 51.63
664 1031.414657505027 51.64
665 1031.748529498238 51.65
666 1032.32879669736 51.66
667 1033.126755153793 51.67
668 1034.111649503891 51.68
669 1035.253021320699 51.69
670 1036.537566539275 51.7
671 1037.917355238179 51.71
672 1039.366574990098 51.72
673 1040.858936598869 51.73
674 1042.374644156361 51.74
675 1043.895643424878 51.75
676 1045.388070656045 51.76
677 1046.829309206649 51.77
678 1048.207186375352 51.78
679 1049.493268792996 51.79
680 1050.668076775231 51.8
681 1051.719129978558 51.81
682 1052.629842618478 51.82
683 1053.386457967375 51.83
684 1053.985704841273 51.84
685 1054.412632452628 51.85
686 1054.640665102778 51.86
687 1054.708175601831 51.87
688 1054.575203200649 51.88
689 1054.232775750603 51.89
690 1053.683472807754 51.9
691 1052.931966342453 51.91
692 1051.98635844888 51.92
693 1050.853648319764 51.93
694 1049.546330833933 51.94
695 1048.069780969513 51.95
696 1046.455147068737 51.96
697 1044.683433241135 51.97
698 1042.776159933011 51.98
699 1040.753258183822 51.99
700 1038.629446919372 52
701 1036.425043482745 52.01
702 1034.161354108355 52.02
703 1031.867806109297 52.03
704 1029.5451586317 52.04
705 1027.231728972818 52.05
706 1024.958604379371 52.06
707 1022.758542821281 52.07
708 1020.654566381468 52.08
709 1018.695961261099 52.09
710 1016.889006889724 52.1
711 1015.270655494429 52.11
712 1013.862916589599 52.12
713 1012.686454336098 52.13
714 1011.754464407272 52.14
715 1011.078105962377 52.15
716 1010.631424462526 52.16
717 1010.543469704995 52.17
718 1010.999170023717 52.18
719 1011.977453424644 52.19
720 1013.495220245132 52.2
721 1015.447581927611 52.21
722 1017.606558727684 52.22
723 1019.783685534916 52.23
724 1021.726373311257 52.24
725 1023.125006779564 52.25
726 1023.757025849296 52.26
727 1023.420906950605 52.27
728 1021.954701728752 52.28
729 1019.560117961866 52.29
730 1016.562059497807 52.3
731 1013.106968216482 52.31
732 1009.042716085047 52.32
733 1004.654037153606 52.33
734 1000.028234745135 52.34
735 995.1928196207871 52.35
736 990.1978454001365 52.36
737 985.0875362549643 52.37
738 979.9098100820727 52.38
739 974.7028701285423 52.39
740 969.5021240079707 52.4
741 964.3891250185521 52.41
742 959.3282761448513 52.42
743 954.3451739872503 52.43
744 949.4716864210163 52.44
745 944.7366832822764 52.45
746 940.1647641476942 52.46
747 935.7896551358715 52.47
748 931.6421223814996 52.48
749 927.751793996285 52.49
750 924.137971450508 52.5
751 920.8099435652967 52.51
752 917.7740446267323 52.52
753 915.0332214972182 52.53
754 912.5813983481811 52.54
755 910.4148801307043 52.55
756 908.5215062539993 52.56
757 906.8918181407792 52.57
758 905.5081972048257 52.58
759 904.3593059011204 52.59
760 903.4361776615353 52.6
761 902.7513819452067 52.61
762 902.2346050594754 52.62
763 901.9286068835019 52.63
764 901.7674414425568 52.64
765 901.7686353201753 52.65
766 901.9239436152648 52.66
767 902.2234253269535 52.67
768 902.6594928305609 52.68
769 903.2210944107591 52.69
770 903.9008295230399 52.7
771 904.6941585873409 52.71
772 905.5850484615954 52.72
773 906.5681042004326 52.73
774 907.6379176331892 52.74
775 908.7825380561954 52.75
776 909.9953083472444 52.76
777 911.2708151167204 52.77
778 912.5910629059914 52.78
779 913.9479941963223 52.79
780 915.3299677618419 52.8
781 916.7245325099915 52.81
782 918.1200038141654 52.82
783 919.5017604374606 52.83
784 920.8588125697778 52.84
785 922.173018200117 52.85
786 923.4357205791538 52.86
787 924.6271016666402 52.87
788 925.736546103558 52.88
789 926.7523831685294 52.89
790 927.6623930138491 52.9
791 928.4558660852377 52.91
792 929.1233931615812 52.92
793 929.6578119137671 52.93
794 930.0522418586589 52.94
795 930.3026940311395 52.95
796 930.4061985851012 52.96
797 930.3623819021005 52.97
798 930.1718584698759 52.98
799 929.8369291448234 52.99
800 929.3653785543381 53
801 928.7557491386241 53.01
802 928.0086298112992 53.02
803 927.1370522722657 53.03
804 926.1510941065749 53.04
805 925.0584058672293 53.05
806 923.8740005606485 53.06
807 922.6108166384181 53.07
808 921.2830507042964 53.08
809 919.9069881653312 53.09
810 918.5026121258588 53.1
811 917.0973111328025 53.11
812 915.7143125739027 53.12
813 914.3780306741119 53.13
814 913.113171784976 53.14
815 911.9429502357542 53.15
816 910.8836992916981 53.16
817 909.9628998238495 53.17
818 909.1927664698973 53.18
819 908.5784037474866 53.19
820 908.1419777467054 53.2
821 907.8903003292157 53.21
822 907.8275117866639 53.22
823 907.9587893468176 53.23
824 908.3004793012888 53.24
825 908.8531312878125 53.25
826 909.6156178139701 53.26
827 910.6150633069905 53.27
828 911.8362342721359 53.28
829 913.2027202724514 53.29
830 914.6033197998366 53.3
831 915.8744432275488 53.31
832 916.8197710084372 53.32
833 917.2890784584202 53.33
834 917.1395340853358 53.34
835 916.2456118721722 53.35
836 914.7965861775532 53.36
837 912.8693313375613 53.37
838 910.4102699826896 53.38
839 907.3876712551507 53.39
840 903.8794752106415 53.4
841 899.9631568588374 53.41
842 895.8604591626297 53.42
843 891.6386975819047 53.43
844 887.3227400228812 53.44
845 882.9410046010952 53.45
846 878.523611541085 53.46
847 874.0944641056454 53.47
848 869.6808163475607 53.48
849 865.306067926322 53.49
850 861.0249787030355 53.5
851 856.8157391449721 53.51
852 852.7124686437265 53.52
853 848.7403427769118 53.53
854 844.9275267152226 53.54
855 841.2970272450237 53.55
856 837.8692561902236 53.56
857 834.6574587751297 53.57
858 831.675731121024 53.58
859 828.9232044118808 53.59
860 826.4026379115054 53.6
861 824.1109094598518 53.61
862 822.0433528712285 53.62
863 820.1911138416065 53.63
864 818.5691015723827 53.64
865 817.1467159472253 53.65
866 815.9124506549252 53.66
867 814.8574786482133 53.67
868 813.9725078625081 53.68
869 813.2471988898094 53.69
870 812.6735532076057 53.7
871 812.2430671868132 53.71
872 811.9483449320209 53.72
873 811.7823744293609 53.73
874 811.735673272006 53.74
875 811.7813722883284 53.75
876 811.9355684408542 53.76
877 812.1880012786901 53.77
878 812.5306944703873 53.78
879 812.9573663043021 53.79
880 813.46166927388 53.8
881 814.0387277276116 53.81
882 814.6770085422054 53.82
883 815.3711056270948 53.83
884 816.1128472590336 53.84
885 816.8928252817516 53.85
886 817.7026563655437 53.86
887 818.5319357889979 53.87
888 819.3746293572192 53.88
889 820.2158177838791 53.89
890 821.0464569126769 53.9
891 821.8569292803884 53.91
892 822.637232464745 53.92
893 823.3774338932475 53.93
894 824.0679143130537 53.94
895 824.699554538617 53.95
896 825.2629499681647 53.96
897 825.7508810220226 53.97
898 826.1547172551592 53.98
899 826.4696603746075 53.99
900 826.687748337555 54
901 826.8059293888078 54.01
902 826.8210471734169 54.02
903 826.7307320716749 54.03
904 826.5343565083616 54.04
905 826.2322361774995 54.05
906 825.8258440139065 54.06
907 825.3168339482437 54.07
908 824.7105203342699 54.08
909 824.0177343458732 54.09
910 823.2314591914482 54.1
911 822.3642895069534 54.11
912 821.4280183459132 54.12
913 820.4314297020401 54.13
914 819.3874772766327 54.14
915 818.3091785279352 54.15
916 817.2119839240028 54.16
917 816.1136809785562 54.17
918 815.0379142745728 54.18
919 813.9975169690491 54.19
920 813.0188328970893 54.2
921 812.1176615775838 54.21
922 811.3101582936016 54.22
923 810.6107733083884 54.23
924 810.0314287253706 54.24
925 809.5798072351794 54.25
926 809.2722608160411 54.26
927 809.1133016325807 54.27
928 809.1059862927208 54.28
929 809.2510116460735 54.29
930 809.5520982149418 54.3
931 810.0184443664594 54.31
932 810.6707235946884 54.32
933 811.5155322341244 54.33
934 812.5497458854012 54.34
935 813.6994625573603 54.35
936 814.834355443011 54.36
937 815.8391311375739 54.37
938 816.604604370675 54.38
939 817.0084989780104 54.39
940 817.0780803623163 54.4
941 816.8447068609503 54.41
942 816.2492727574337 54.42
943 815.3863015574791 54.43
944 814.1839436102737 54.44
945 812.7451791701121 54.45
946 811.1057308941596 54.46
947 809.2757458179964 54.47
948 807.272364034944 54.48
949 805.112828396485 54.49
950 802.8187568669417 54.5
951 800.4098833264092 54.51
952 797.9078061213269 54.52
953 795.3308610755857 54.53
954 792.6978434473427 54.54
955 790.050896108177 54.55
956 787.374940835386 54.56
957 784.6925868521348 54.57
958 782.0243868492754 54.58
959 779.3883712776208 54.59
960 776.8033542022055 54.6
961 774.2916736147849 54.61
962 771.8719688263039 54.62
963 769.5594116449345 54.63
964 767.3643473841546 54.64
965 765.2933018025423 54.65
966 763.3511378472167 54.66
967 761.5399033139329 54.67
968 759.8612399201097 54.68
969 758.3155840182271 54.69
970 756.8996853210211 54.7
971 755.6092944504093 54.71
972 754.4428286935876 54.72
973 753.3965286631799 54.73
974 752.4662205292204 54.74
975 751.6486063327824 54.75
976 750.9396840787765 54.76
977 750.3358256408853 54.77
978 749.8322641150972 54.78
979 749.4242606699077 54.79
980 749.107551847335 54.8
981 748.8791315900364 54.81
982 748.7334118638776 54.82
983 748.6658697318363 54.83
984 748.6739549298325 54.84
985 748.7506446494455 54.85
986 748.8918040719427 54.86
987 749.0924551373912 54.87
988 749.3474798194018 54.88
989 749.64975465214 54.89
990 749.9935634968607 54.9
991 750.372648867449 54.91
992 750.7808257202336 54.92
993 751.2104420278878 54.93
994 751.6552544172795 54.94
995 752.1082988230278 54.95
996 752.5627913687265 54.96
997 753.0117344365583 54.97
998 753.4481578261493 54.98
999 753.8654632305828 54.99
1000 754.2576097120947 55
1001 754.6176186174069 55.01
1002 754.9407792249608 55.02
1003 755.2221920364202 55.03
1004 755.4571363376153 55.04
1005 755.6408731563046 55.05
1006 755.7721138115184 55.06
1007 755.8465106397775 55.07
1008 755.8624417606513 55.08
1009 755.8179803294049 55.09
1010 755.7140615509284 55.1
1011 755.5503694887126 55.11
1012 755.3280048179422 55.12
1013 755.0504450633168 55.13
1014 754.7208751796511 55.14
1015 754.3426399300446 55.15
1016 753.920574957919 55.16
1017 753.4611304961404 55.17
1018 752.9695966314848 55.18
1019 752.4551844413876 55.19
1020 751.9279524166354 55.2
1021 751.3996680528476 55.21
1022 750.8870702338857 55.22
1023 750.4002070543058 55.23
1024 749.9521385946703 55.24
1025 749.5511624610782 55.25
1026 749.2122362011828 55.26
1027 748.9408966222592 55.27
1028 748.7449436498075 55.28
1029 748.6298396748856 55.29
1030 748.6030259993668 55.3
1031 748.6759868543998 55.31
1032 748.8492461141624 55.32
1033 749.1138602911084 55.33
1034 749.4810592868233 55.34
1035 749.9567250344124 55.35
1036 750.5431810475731 55.36
1037 751.226170737441 55.37
1038 751.9794888588896 55.38
1039 752.7740056873787 55.39
1040 753.5772871893317 55.4
1041 754.34215962324 55.41
1042 755.0490278623093 55.42
1043 755.6657503385968 55.43
1044 756.1602500898708 55.44
1045 756.4509016241133 55.45
1046 756.5839238951644 55.46
1047 756.588656093332 55.47
1048 756.4527932983268 55.48
1049 756.1844743121962 55.49
1050 755.7801815777738 55.5
1051 755.2410521415633 55.51
1052 754.5700297674371 55.52
1053 753.7895791401102 55.53
1054 752.8861858624649 55.54
1055 751.8705529810283 55.55
1056 750.7726932514065 55.56
1057 749.5772783770458 55.57
1058 748.2989645670865 55.58
1059 746.9465266006587 55.59
1060 745.5295465336666 55.6
1061 744.0435799127514 55.61
1062 742.5195960131031 55.62
1063 740.9630170579416 55.63
1064 739.3864827148731 55.64
1065 737.8018174186708 55.65
1066 736.2229138215522 55.66
1067 734.6591541944774 55.67
1068 733.121625197824 55.68
1069 731.6234714049283 55.69
1070 730.1749127139951 55.7
1071 728.783955155323 55.71
1072 727.4561864804854 55.72
1073 726.1964334834856 55.73
1074 725.0071574105771 55.74
1075 723.8897293890764 55.75
1076 722.8448488495576 55.76
1077 721.8731906783755 55.77
1078 720.9767907678264 55.78
1079 720.1563540736507 55.79
1080 719.4108942148993 55.8
1081 718.7404915771128 55.81
1082 718.142875144614 55.82
1083 717.6180886956794 55.83
1084 717.1644133562337 55.84
1085 716.7795388372365 55.85
1086 716.4596325453072 55.86
1087 716.2026121813273 55.87
1088 716.0063109145348 55.88
1089 715.8680658939213 55.89
1090 715.7841608657419 55.9
1091 715.7518308078901 55.91
1092 715.7669615483794 55.92
1093 715.8254862118218 55.93
1094 715.9238986643896 55.94
1095 716.0583553468883 55.95
1096 716.2244430492627 55.96
1097 716.4181452834463 55.97
1098 716.6348455498331 55.98
1099 716.8703280775727 55.99
1100 717.1202868023883 56
1101 717.3803746527772 56.01
1102 717.645893835853 56.02
1103 717.9130145521766 56.03
1104 718.1774735795618 56.04
1105 718.4356837692765 56.05
1106 718.6842275875804 56.06
1107 718.9197333894755 56.07
1108 719.1397352606623 56.08
1109 719.3413357738525 56.09
1110 719.5222177457365 56.1
1111 719.6805223206296 56.11
1112 719.8150238088102 56.12
1113 719.9247634523039 56.13
1114 720.0069059727978 56.14
1115 720.0680437305364 56.15
1116 720.1073743277133 56.16
1117 720.1223722545749 56.17
1118 720.1154941056649 56.18
1119 720.0867264914707 56.19
1120 720.0406171318143 56.2
1121 719.9812914358769 56.21
1122 719.9138581671439 56.22
1123 719.8433356805183 56.23
1124 719.7759131137309 56.24
1125 719.7177296093128 56.25
1126 719.6757416895201 56.26
1127 719.6561301431358 56.27
1128 719.6640133423061 56.28
1129 719.7048153613002 56.29
1130 719.7823324304669 56.3
1131 719.9008881532994 56.31
1132 720.062911552538 56.32
1133 720.2689315555709 56.33
1134 720.5199794016238 56.34
1135 720.8162762040409 56.35
1136 721.154725223795 56.36
1137 721.5337539241617 56.37
1138 721.9513869476261 56.38
1139 722.4026574121117 56.39
1140 722.8835204954788 56.4
1141 723.389610667128 56.41
1142 723.9128037093938 56.42
1143 724.4423430973087 56.43
1144 724.971284963419 56.44
1145 725.4956862734989 56.45
1146 726.0023542274868 56.46
1147 726.4827282829814 56.47
1148 726.924862296029 56.48
1149 727.3220799857129 56.49
1150 727.6656189284649 56.5
1151 727.9566000395008 56.51
1152 728.1799431657157 56.52
1153 728.330127624655 56.53
1154 728.402947414813 56.54
1155 728.3923304970343 56.55
1156 728.2974675430625 56.56
1157 728.1249613484124 56.57
1158 727.8721738045564 56.58
1159 727.5383858699562 56.59
1160 727.1244731554473 56.6
1161 726.6444284457505 56.61
1162 726.0973940298753 56.62
1163 725.4878621448502 56.63
1164 724.8211363897458 56.64
1165 724.0979357373631 56.65
1166 723.3237400924484 56.66
1167 722.5015983954432 56.67
1168 721.6384017293065 56.68
1169 720.7374236460705 56.69
1170 719.8209829314129 56.7
1171 718.885313069416 56.71
1172 717.9259713822394 56.72
1173 716.9421827095839 56.73
1174 715.94599443678 56.74
1175 714.946941745097 56.75
1176 713.9535681185865 56.76
1177 712.9728046590006 56.77
1178 712.0118158302903 56.78
1179 711.0763807377774 56.79
1180 710.171724919657 56.8
1181 709.3028787612557 56.81
1182 708.4738735889557 56.82
1183 707.6872218844679 56.83
1184 706.9457348411605 56.84
1185 706.2513414466874 56.85
1186 705.6087355830399 56.86
1187 705.015366483849 56.87
1188 704.4713049441908 56.88
1189 703.9766871811576 56.89
1190 703.5314937394769 56.9
1191 703.1349516708452 56.91
1192 702.7872731408753 56.92
1193 702.4877151556417 56.93
1194 702.2341183977358 56.94
1195 702.0257303858283 56.95
1196 701.8607726259108 56.96
1197 701.7377735831006 56.97
1198 701.6545171537634 56.98
1199 701.6088933026887 56.99
1200 701.5991015965009 57
1201 701.6219068974143 57.01
1202 701.6714153402946 57.02
1203 701.7497824915228 57.03
1204 701.8549534201587 57.04
1205 701.9836141215692 57.05
1206 702.1327581866421 57.06
1207 702.2995161488554 57.07
1208 702.4810751613057 57.08
1209 702.6748364078215 57.09
1210 702.8782840135743 57.1
1211 703.0887895001262 57.11
1212 703.3038436737596 57.12
1213 703.5211011213718 57.13
1214 703.738500412891 57.14
1215 703.9542157035411 57.15
1216 704.1663924545296 57.16
1217 704.3737999574586 57.17
1218 704.5754171956527 57.18
1219 704.7698797851332 57.19
1220 704.9569227261966 57.2
1221 705.1362401213624 57.21
1222 705.3073660028994 57.22
1223 705.4709047452803 57.23
1224 705.6278724171264 57.24
1225 705.7790417684382 57.25
1226 705.9260885269191 57.26
1227 706.0711156323772 57.27
1228 706.2164423050443 57.28
1229 706.3619908369927 57.29
1230 706.5094357731136 57.3
1231 706.6657517163173 57.31
1232 706.8345727977882 57.32
1233 707.0251888232034 57.33
1234 707.2328645493324 57.34
1235 707.4581704515155 57.35
1236 707.700258550897 57.36
1237 707.9614207207579 57.37
1238 708.2392421811411 57.38
1239 708.5342870338153 57.39
1240 708.8463787122427 57.4
1241 709.1770146965972 57.41
1242 709.521889468573 57.42
1243 709.8809247722854 57.43
1244 710.2508618055573 57.44
1245 710.6306188561666 57.45
1246 711.0164422493061 57.46
1247 711.4072652174526 57.47
1248 711.797731556093 57.48
1249 712.1858549809191 57.49
1250 712.566721580739 57.5
1251 712.9368453077415 57.51
1252 713.2927358850858 57.52
1253 713.6315809510963 57.53
1254 713.9496087746095 57.54
1255 714.2440082740105 57.55
1256 714.5101154060699 57.56
1257 714.7459809798646 57.57
1258 714.9478351671087 57.58
1259 715.1139521764112 57.59
1260 715.2414280263371 57.6
1261 715.3289025469055 57.61
1262 715.3739636611838 57.62
1263 715.3759497863856 57.63
1264 715.332142657953 57.64
1265 715.2434600686598 57.65
1266 715.1172470008077 57.66
1267 714.9517638393733 57.67
1268 714.7466680569439 57.68
1269 714.502330447255 57.69
1270 714.2184364981584 57.7
1271 713.8971949761403 57.71
1272 713.540343621499 57.72
1273 713.1396576862662 57.73
1274 712.710540202832 57.74
1275 712.2522071245734 57.75
1276 711.7665361927262 57.76
1277 711.2559268659497 57.77
1278 710.7226658153606 57.78
1279 710.1685719586841 57.79
1280 709.5964466746605 57.8
1281 709.0091239349638 57.81
1282 708.4097478804014 57.82
1283 707.8014556046346 57.83
1284 707.1863602127743 57.84
1285 706.5682325385991 57.85
1286 705.9516736927695 57.86
1287 705.3376062818553 57.87
1288 704.7298212177676 57.88
1289 704.126717443191 57.89
1290 703.5398047727293 57.9
1291 702.9670777337943 57.91
1292 702.4083112985365 57.92
1293 701.8703810644498 57.93
1294 701.3573787304498 57.94
1295 700.8712028260112 57.95
1296 700.4145456697578 57.96
1297 699.9885011877514 57.97
1298 699.5941026914252 57.98
1299 699.2324373561357 57.99
1300 698.904144358355 58
1301 698.6096558107664 58.01
1302 698.3483115125956 58.02
1303 698.1197463622808 58.03
1304 697.9238005347568 58.04
1305 697.7605323539041 58.05
1306 697.6290190106199 58.06
1307 697.5283718884854 58.07
1308 697.4573484373454 58.08
1309 697.4152097527682 58.09
1310 697.4004470065905 58.1
1311 697.4115978322984 58.11
1312 697.4472156705849 58.12
1313 697.5062676822517 58.13
1314 697.5868240713157 58.14
1315 697.6871004982512 58.15
1316 697.8052765496715 58.16
1317 697.9399788942303 58.17
1318 698.0893207295778 58.18
1319 698.2516678403398 58.19
1320 698.4257994836503 58.2
1321 698.6091873008526 58.21
1322 698.7980720038746 58.22
1323 698.9897467870317 58.23
1324 699.1846653446712 58.24
1325 699.3849669494094 58.25
1326 699.5916291123065 58.26
1327 699.8024116081293 58.27
1328 700.0179711302989 58.28
1329 700.2383770163514 58.29
1330 700.4615181930895 58.3
1331 700.6882498706242 58.31
1332 700.9185665665316 58.32
1333 701.1508691475374 58.33
1334 701.3855485263831 58.34
1335 701.6230870928432 58.35
1336 701.8620291674035 58.36
1337 702.1031235121831 58.37
1338 702.347135124643 58.38
1339 702.5932756021919 58.39
1340 702.8419739973281 58.4
1341 703.0934110801479 58.41
1342 703.3479990065759 58.42
1343 703.6059129552463 58.43
1344 703.867167600741 58.44
1345 704.1309660993816 58.45
1346 704.3974538078866 58.46
1347 704.666506161415 58.47
1348 704.9376748757901 58.48
1349 705.2107437400877 58.49
1350 705.4855762963045 58.5
1351 705.7618311627356 58.51
1352 706.0381333579136 58.52
1353 706.3131408393906 58.53
1354 706.5861620082275 58.54
1355 706.8555994515078 58.55
1356 707.1211736117193 58.56
1357 707.3813904268898 58.57
1358 707.6346412494362 58.58
1359 707.8800301761864 58.59
1360 708.1153876037743 58.6
1361 708.33964840258 58.61
1362 708.5511006637548 58.62
1363 708.7483137955955 58.63
1364 708.9313298778005 58.64
1365 709.0968039557739 58.65
1366 709.2443158112087 58.66
1367 709.3738749524931 58.67
1368 709.484079732063 58.68
1369 709.5738455696355 58.69
1370 709.6428227052376 58.7
1371 709.6902583547237 58.71
1372 709.7144029802927 58.72
1373 709.7161459169041 58.73
1374 709.6946750082167 58.74
1375 709.6495178449056 58.75
1376 709.581469729064 58.76
1377 709.4901379183727 58.77
1378 709.3749580908441 58.78
1379 709.2368231304461 58.79
1380 709.0754224915539 58.8
1381 708.8910787820631 58.81
1382 708.6843384400893 58.82
1383 708.4562287903494 58.83
1384 708.2079880854079 58.84
1385 707.9407005298058 58.85
1386 707.6554314635592 58.86
1387 707.3530343238119 58.87
1388 707.0348435452445 58.88
1389 706.7026757604028 58.89
1390 706.3579327768675 58.9
1391 706.0019561032468 58.91
1392 705.6362859592055 58.92
1393 705.2626684529328 58.93
1394 704.8827743495051 58.94
1395 704.4985594300543 58.95
1396 704.112074409705 58.96
1397 703.7255495002856 58.97
1398 703.3401474249914 58.98
1399 702.9580441043755 58.99
1400 702.5814219589755 59
1401 702.2106719888081 59.01
1402 701.8483000040787 59.02
1403 701.5029499100146 59.03
1404 701.161544996642 59.04
1405 700.8398866393151 59.05
1406 700.5297415655372 59.06
1407 700.2335323017508 59.07
1408 699.9495263913651 59.08
1409 699.6814569067948 59.09
1410 699.4260428749395 59.1
1411 699.1876276876292 59.11
1412 698.9627462717042 59.12
1413 698.7551207598962 59.13
1414 698.5613776277061 59.14
1415 698.3851377262248 59.15
1416 698.2225279328197 59.16
1417 698.0773382984595 59.17
1418 697.9463688087682 59.18
1419 697.8321574743417 59.19
1420 697.7304912204523 59.2
1421 697.6453773193755 59.21
1422 697.5730672455214 59.22
1423 697.5166630639731 59.23
1424 697.4721758095081 59.24
1425 697.4429369498665 59.25
1426 697.4259599135205 59.26
1427 697.4237221626563 59.27
1428 697.4320254334589 59.28
1429 697.4539101076882 59.29
1430 697.4853579508753 59.3
1431 697.5295062140372 59.31
1432 697.5822486594087 59.32
1433 697.646955930517 59.33
1434 697.7191436687256 59.34
1435 697.8019953830935 59.35
1436 697.8917167853509 59.36
1437 697.9913276356282 59.37
1438 698.097262394343 59.38
1439 698.2124335935065 59.39
1440 698.333020910768 59.4
1441 698.4620553413755 59.41
1442 698.5960147094773 59.42
1443 698.7375432860229 59.43
1444 698.8831132000437 59.44
1445 699.0354213346315 59.45
1446 699.1911035349224 59.46
1447 699.3527456362755 59.47
1448 699.5167904027008 59.48
1449 699.6861216597545 59.49
1450 699.8576335650044 59.5
1451 700.0337441636858 59.51
1452 700.2115100301507 59.52
1453 700.3934292076418 59.53
1454 700.576286792339 59.54
1455 700.7623895969257 59.55
1456 700.9498097069632 59.56
1457 701.1404038194115 59.57
1458 701.3314440066519 59.58
1459 701.5326905273629 59.59
1460 701.7293903326469 59.6
1461 701.9257858911211 59.61
1462 702.1224301438344 59.62
1463 702.3209763067663 59.63
1464 702.5202525908494 59.64
1465 702.7212233047662 59.65
1466 702.9226174887399 59.66
1467 703.1336441759157 59.67
1468 703.3468793998759 59.68
1469 703.5613952602619 59.69
1470 703.7763075014385 59.7
1471 703.9916655804543 59.71
1472 704.2076375744259 59.72
1473 704.4237719736109 59.73
1474 704.6397988911781 59.74
1475 704.8557107778998 59.75
1476 705.0713733964801 59.76
1477 705.286097826508 59.77
1478 705.4990875829129 59.78
1479 705.7092206836081 59.79
1480 705.9162689380199 59.8
1481 706.1195808699676 59.81
1482 706.3178157331889 59.82
1483 706.5113117197742 59.83
1484 706.6988084870683 59.84
1485 706.8790493952198 59.85
1486 707.0519631401482 59.86
1487 707.2129337834126 59.87
1488 707.3674123116125 59.88
1489 707.5107326700344 59.89
1490 707.646409953624 59.9
1491 707.7699704149842 59.91
1492 707.8841654707148 59.92
1493 707.9859113420806 59.93
1494 708.0779433244412 59.94
1495 708.1569890204714 59.95
1496 708.2255779001293 59.96
1497 708.2805974830262 59.97
1498 708.3249678084979 59.98
1499 708.355445854461 59.99
1500 708.374559151983 60
