"vazao-mass-porta-rfile"
"Time Step" "vazao-mass-porta etc.."
("Time Step" "vazao-mass-porta" "flow-time")
0 0.1615514415711027 0
1 0 0.1
2 0 0.2
3 0 0.3
4 0 0.4
5 0 0.5
6 0 0.6000000000000001
7 0 0.7000000000000001
8 0 0.8
9 0 0.9
10 0 1
11 0 1.1
12 0 1.2
13 0 1.3
14 0 1.4
15 0 1.5
16 0 1.6
17 0 1.7
18 0 1.8
19 0 1.9
20 0 2
21 0 2.1
22 0 2.2
23 0 2.3
24 0 2.4
25 0 2.5
26 0 2.6
27 0 2.7
28 0 2.8
29 0 2.9
30 0 3
31 0 3.1
32 0 3.2
33 0 3.3
34 0 3.4
35 0 3.5
36 0 3.6
37 0 3.7
38 0 3.8
39 0 3.9
40 0 4
41 0 4.100000000000001
42 0 4.2
43 0 4.3
44 0 4.4
45 0 4.5
46 0 4.600000000000001
47 0 4.7
48 0 4.800000000000001
49 0 4.9
50 0 5
51 0 5.100000000000001
52 0 5.2
53 0 5.300000000000001
54 0 5.4
55 0 5.5
56 0 5.600000000000001
57 0 5.7
58 0 5.800000000000001
59 0 5.9
60 0 6
61 0 6.100000000000001
62 0 6.2
63 0 6.300000000000001
64 0 6.4
65 0 6.5
66 0 6.600000000000001
67 0 6.7
68 0 6.800000000000001
69 0 6.9
70 0 7
71 0 7.100000000000001
72 0 7.2
73 0 7.300000000000001
74 0 7.4
75 0 7.5
76 0 7.600000000000001
77 0 7.7
78 0 7.800000000000001
79 0 7.9
80 0 8
81 0 8.1
82 0 8.200000000000001
83 0 8.300000000000001
84 0 8.4
85 0 8.5
86 0 8.6
87 0 8.700000000000001
88 0 8.800000000000001
89 0 8.9
90 0 9
91 0 9.1
92 0 9.200000000000001
93 0 9.300000000000001
94 0 9.4
95 0 9.5
96 0 9.600000000000001
97 0 9.700000000000001
98 0 9.800000000000001
99 0 9.9
100 0 10
101 0 10.1
102 0 10.2
103 0 10.3
104 0 10.4
105 0 10.5
106 0 10.6
107 0 10.7
108 0 10.8
109 0 10.9
110 0 11
111 0 11.1
112 0 11.2
113 0 11.3
114 0 11.4
115 0 11.5
116 0 11.6
117 0 11.7
118 0 11.8
119 0 11.9
120 0 12
121 0 12.1
122 0 12.2
123 0 12.3
124 0 12.4
125 0 12.5
126 0 12.6
127 0 12.7
128 0 12.8
129 0 12.9
130 0 13
131 0 13.1
132 0 13.2
133 0 13.3
134 0 13.4
135 0 13.5
136 0 13.6
137 0 13.7
138 0 13.8
139 0 13.9
140 0 14
141 0 14.1
142 0 14.2
143 0 14.3
144 0 14.4
145 0 14.5
146 0 14.6
147 0 14.7
148 0 14.8
149 0 14.9
150 0 15
151 0 15.1
152 0 15.2
153 0 15.3
154 0 15.4
155 0 15.5
156 0 15.6
157 0 15.7
158 0 15.8
159 0 15.9
160 0 16
161 0 16.1
162 0 16.2
163 0 16.3
164 0 16.4
165 0 16.5
166 0 16.6
167 0 16.7
168 0 16.8
169 0 16.9
170 0 17
171 0 17.1
172 0 17.2
173 0 17.3
174 0 17.4
175 0 17.5
176 0 17.6
177 0 17.7
178 0 17.8
179 0 17.9
180 0 18
181 0 18.1
182 0 18.2
183 0 18.3
184 0 18.4
185 0 18.5
186 0 18.6
187 0 18.7
188 0 18.8
189 0 18.9
190 0 19
191 0 19.1
192 0 19.2
193 0 19.3
194 0 19.4
195 0 19.5
196 0 19.6
197 0 19.7
198 0 19.8
199 0 19.9
200 0 20
201 0 20.1
202 0 20.2
203 0 20.3
204 0 20.4
205 0 20.5
206 0 20.6
207 0 20.7
208 0 20.8
209 0 20.9
210 0 21
211 0 21.1
212 0 21.2
213 0 21.3
214 0 21.4
215 0 21.5
216 0 21.6
217 0 21.7
218 0 21.8
219 0 21.9
220 0 22
221 0 22.1
222 0 22.2
223 0 22.3
224 0 22.4
225 0 22.5
226 0 22.6
227 0 22.7
228 0 22.8
229 0 22.9
230 0 23
231 0 23.1
232 0 23.2
233 0 23.3
234 0 23.4
235 0 23.5
236 0 23.6
237 0 23.7
238 0 23.8
239 0 23.9
240 0 24
241 0 24.1
242 0 24.2
243 0 24.3
244 0 24.4
245 0 24.5
246 0 24.6
247 0 24.7
248 0 24.8
249 0 24.9
250 0 25
251 0 25.1
252 0 25.2
253 0 25.3
254 0 25.4
255 0 25.5
256 0 25.6
257 0 25.7
258 0 25.8
259 0 25.9
260 0 26
261 0 26.1
262 0 26.2
263 0 26.3
264 0 26.4
265 0 26.5
266 0 26.6
267 0 26.7
268 0 26.8
269 0 26.9
270 0 27
271 0 27.1
272 0 27.2
273 0 27.3
274 0 27.4
275 0 27.5
276 0 27.6
277 0 27.7
278 0 27.8
279 0 27.9
280 0 28
281 0 28.1
282 0 28.2
283 0 28.3
284 0 28.4
285 0 28.5
286 0 28.6
287 0 28.7
288 0 28.8
289 0 28.9
290 0 29
291 0 29.1
292 0 29.2
293 0 29.3
294 0 29.4
295 0 29.5
296 0 29.6
297 0 29.7
298 0 29.8
299 0 29.9
300 0 30
301 0 30.1
302 0 30.2
303 0 30.3
304 0 30.4
305 0 30.5
306 0 30.6
307 0 30.7
308 0 30.8
309 0 30.9
310 0 31
311 0 31.1
312 0 31.2
313 0 31.3
314 0 31.4
315 0 31.5
316 0 31.6
317 0 31.7
318 0 31.8
319 0 31.9
320 0 32
321 0 32.1
322 0 32.2
323 0 32.3
324 0 32.4
325 0 32.5
326 0 32.6
327 0 32.7
328 0 32.8
329 0 32.9
330 0 33
331 0 33.1
332 0 33.2
333 0 33.3
334 0 33.4
335 0 33.5
336 0 33.6
337 0 33.7
338 0 33.8
339 0 33.9
340 0 34
341 0 34.1
342 0 34.2
343 0 34.3
344 0 34.4
345 0 34.5
346 0 34.6
347 0 34.7
348 0 34.8
349 0 34.9
350 0 35
351 0 35.1
352 0 35.2
353 0 35.3
354 0 35.4
355 0 35.5
356 0 35.6
357 0 35.7
358 0 35.8
359 0 35.9
360 0 36
361 0 36.1
362 0 36.2
363 0 36.3
364 0 36.4
365 0 36.5
366 0 36.6
367 0 36.7
368 0 36.8
369 0 36.9
370 0 37
371 0 37.1
372 0 37.2
373 0 37.3
374 0 37.4
375 0 37.5
376 0 37.6
377 0 37.7
378 0 37.8
379 0 37.9
380 0 38
381 0 38.1
382 0 38.2
383 0 38.3
384 0 38.40000000000001
385 0 38.5
386 0 38.6
387 0 38.7
388 0 38.8
389 0 38.90000000000001
390 0 39
391 0 39.1
392 0 39.2
393 0 39.3
394 0 39.40000000000001
395 0 39.5
396 0 39.6
397 0 39.7
398 0 39.8
399 0 39.90000000000001
400 0 40
401 0 40.1
402 0 40.2
403 0 40.3
404 0 40.40000000000001
405 0 40.5
406 0 40.6
407 0 40.7
408 0 40.8
409 0 40.90000000000001
410 0 41
411 0 41.1
412 0 41.2
413 0 41.3
414 0 41.40000000000001
415 0 41.5
416 0 41.6
417 0 41.7
418 0 41.8
419 0 41.90000000000001
420 0 42
421 0 42.1
422 0 42.2
423 0 42.3
424 0 42.40000000000001
425 0 42.5
426 0 42.6
427 0 42.7
428 0 42.8
429 0 42.90000000000001
430 0 43
431 0 43.1
432 0 43.2
433 0 43.3
434 0 43.40000000000001
435 0 43.5
436 0 43.6
437 0 43.7
438 0 43.8
439 0 43.90000000000001
440 0 44
441 0 44.1
442 0 44.2
443 0 44.3
444 0 44.40000000000001
445 0 44.5
446 0 44.6
447 0 44.7
448 0 44.8
449 0 44.90000000000001
450 0 45
451 0 45.1
452 0 45.2
453 0 45.3
454 0 45.40000000000001
455 0 45.5
456 0 45.6
457 0 45.7
458 0 45.8
459 0 45.90000000000001
460 0 46
461 0 46.1
462 0 46.2
463 0 46.3
464 0 46.40000000000001
465 0 46.5
466 0 46.6
467 0 46.7
468 0 46.8
469 0 46.90000000000001
470 0 47
471 0 47.1
472 0 47.2
473 0 47.3
474 0 47.40000000000001
475 0 47.5
476 0 47.6
477 0 47.7
478 0 47.8
479 0 47.90000000000001
480 0 48
481 0 48.1
482 0 48.2
483 0 48.3
484 0 48.40000000000001
485 0 48.5
486 0 48.6
487 0 48.7
488 0 48.8
489 0 48.90000000000001
490 0 49
491 0 49.1
492 0 49.2
493 0 49.3
494 0 49.40000000000001
495 0 49.5
496 0 49.6
497 0 49.7
498 0 49.8
499 0 49.90000000000001
500 0 50
501 -0.02731012272493104 50.01
502 -0.03124874888517683 50.02
503 -0.03847094553782147 50.03
504 -0.03964143328062578 50.04
505 -0.04233583610813062 50.05
506 -0.04674894099744176 50.06
507 -0.05505398142591771 50.07
508 -0.06346635395103856 50.08
509 -0.07185237573670725 50.09
510 -0.08012129286350415 50.1
511 -0.08815125390325246 50.11
512 -0.09582617012371739 50.12
513 -0.1030332912541094 50.13
514 -0.1096755902551316 50.14
515 -0.1156471869592237 50.15
516 -0.1208722974683397 50.16
517 -0.1252618871906485 50.17
518 -0.1287420724045706 50.18
519 -0.1291782387655632 50.19
520 -0.1272041399264314 50.2
521 -0.1244309705630966 50.21
522 -0.1214854809022811 50.22
523 -0.1189301655030869 50.23
524 -0.1155211580233547 50.24
525 -0.1123220508414354 50.25
526 -0.1088944923106898 50.26
527 -0.1049796882767473 50.27
528 -0.1011422240193192 50.28
529 -0.09791652501953391 50.29
530 -0.0943294921128867 50.3
531 -0.09024725353030297 50.31
532 -0.08731498465456609 50.32
533 -0.08393681113909637 50.33
534 -0.07977277552090395 50.34
535 -0.07712684375522534 50.35
536 -0.07412472970682306 50.36
537 -0.0700103521421151 50.37
538 -0.06762653725082417 50.38
539 -0.06494941694956922 50.39
540 -0.06218638512946803 50.4
541 -0.05943248997916872 50.41
542 -0.05340512139331781 50.42
543 -0.04839302113141601 50.43
544 -0.04322161335364873 50.44
545 -0.03837353781717727 50.45
546 -0.03307603863669243 50.46
547 -0.02723874997304177 50.47
548 -0.02201649087899916 50.48
549 -0.01640244021978693 50.49
550 -0.01101876341045614 50.5
551 -0.005583414623321688 50.51
552 -0.0009018058687577223 50.52
553 0.00358170604468623 50.53
554 0.009287667478431535 50.54
555 0.01515294914840748 50.55
556 0.02141628900892577 50.56
557 0.02817661467885599 50.57
558 0.03492929314244606 50.58
559 0.04114252429954067 50.59
560 0.04729554467442217 50.6
561 0.0533338442591004 50.61
562 0.05936348765748354 50.62
563 0.06548828547521476 50.63
564 0.0715856261500732 50.64
565 0.07764963232975833 50.65
566 0.08360934238584408 50.66
567 0.08928047659671853 50.67
568 0.09422041492163347 50.68
569 0.09711527836752168 50.69
570 0.09637418249361057 50.7
571 0.09302307681454944 50.71
572 0.08789133302760829 50.72
573 0.08133448502602056 50.73
574 0.07337092107305226 50.74
575 0.06478497169874561 50.75
576 0.05511607105421736 50.76
577 0.04447761432032468 50.77
578 0.03378243778367866 50.78
579 0.02308602973146502 50.79
580 0.0121746307271779 50.8
581 0.001321593591011394 50.81
582 -0.009283422206441133 50.82
583 -0.02004479458828591 50.83
584 -0.02999828532080107 50.84
585 -0.03927258051573764 50.85
586 -0.04738773629718319 50.86
587 -0.05485000102384098 50.87
588 -0.06116670760427402 50.88
589 -0.06695506269450002 50.89
590 -0.06973921809479278 50.9
591 -0.07341271475895503 50.91
592 -0.07384206386328424 50.92
593 -0.07421188083568486 50.93
594 -0.07380137839902209 50.94
595 -0.07314497499711925 50.95
596 -0.07242171700086711 50.96
597 -0.07133833826123112 50.97
598 -0.06982989778645471 50.98
599 -0.06743782060410203 50.99
600 -0.06505891607939651 51
601 -0.06294843459589954 51.01
602 -0.06063225056912067 51.02
603 -0.0582358176015711 51.03
604 -0.05579235562593988 51.04
605 -0.05311129427706444 51.05
606 -0.05127528499682683 51.06
607 -0.04888228765346023 51.07
608 -0.04578316055266547 51.08
609 -0.04286455403447008 51.09
610 -0.04109463113437394 51.1
611 -0.03790747524440859 51.11
612 -0.03285026879533486 51.12
613 -0.02789317835203491 51.13
614 -0.02304371710819754 51.14
615 -0.01802957980400946 51.15
616 -0.01294758188581636 51.16
617 -0.007249499889537681 51.17
618 -0.001449876774075138 51.18
619 0.004719522766294506 51.19
620 0.01079511246411856 51.2
621 0.01718333757771295 51.21
622 0.02368377896987317 51.22
623 0.0301395590577653 51.23
624 0.0365568378639068 51.24
625 0.04317502224865367 51.25
626 0.04967696222141008 51.26
627 0.05634430058508631 51.27
628 0.06282674159792491 51.28
629 0.06926677458066549 51.29
630 0.07549985520130956 51.3
631 0.08132988013609045 51.31
632 0.08662894090208501 51.32
633 0.09086978039969142 51.33
634 0.0934799762735093 51.34
635 0.09413640431390406 51.35
636 0.09374651630224007 51.36
637 0.09227040053827652 51.37
638 0.09109185562429992 51.38
639 0.0883723952830682 51.39
640 0.08620182784601474 51.4
641 0.08370893458788928 51.41
642 0.08086177861563518 51.42
643 0.07877856182757378 51.43
644 0.07599997864111992 51.44
645 0.07353886020896119 51.45
646 0.07030652759872004 51.46
647 0.06749104072992955 51.47
648 0.06377372567124585 51.48
649 0.06140032117145278 51.49
650 0.05854825602592938 51.5
651 0.05642458953123986 51.51
652 0.05381096409825128 51.52
653 0.05112485252069023 51.53
654 0.0483621056103424 51.54
655 0.04553129573400393 51.55
656 0.04263505703390045 51.56
657 0.0396734536592997 51.57
658 0.03665179321003605 51.58
659 0.03357380764141451 51.59
660 0.03046686877583519 51.6
661 0.02731331301714596 51.61
662 0.02411854550168625 51.62
663 0.02085913474760745 51.63
664 0.01753973815204161 51.64
665 0.01419073770415455 51.65
666 0.0108721277472942 51.66
667 0.007522058685839219 51.67
668 0.004139273006284184 51.68
669 0.0007408498846244935 51.69
670 -0.00275861227205236 51.7
671 -0.006141205220056524 51.71
672 -0.00948822945677644 51.72
673 -0.012801917645895 51.73
674 -0.01608534324125043 51.74
675 -0.01936980579790643 51.75
676 -0.02250606479051525 51.76
677 -0.02552920166154474 51.77
678 -0.02851070748897135 51.78
679 -0.03133655777537757 51.79
680 -0.03403322489967736 51.8
681 -0.03664113444893431 51.81
682 -0.03911847411229633 51.82
683 -0.04148348799313326 51.83
684 -0.04376019647319401 51.84
685 -0.0458878224716232 51.85
686 -0.04782421001504073 51.86
687 -0.0497121092338625 51.87
688 -0.05146980171200993 51.88
689 -0.05307510932760964 51.89
690 -0.05452810885802365 51.9
691 -0.05585701748631179 51.91
692 -0.0570643617410435 51.92
693 -0.05814537839842079 51.93
694 -0.05911139969607366 51.94
695 -0.059911784997044 51.95
696 -0.06067470540896039 51.96
697 -0.06117499965215341 51.97
698 -0.06151541508963158 51.98
699 -0.06173671694638472 51.99
700 -0.06181096348894165 52
701 -0.06172042383537815 52.01
702 -0.06144857289460939 52.02
703 -0.06100942510565042 52.03
704 -0.06030483967197687 52.04
705 -0.0593926746847479 52.05
706 -0.05829764096972123 52.06
707 -0.0570460702776371 52.07
708 -0.0556301793478152 52.08
709 -0.05412883599152482 52.09
710 -0.05242873253913938 52.1
711 -0.05071088726018318 52.11
712 -0.04894458377272935 52.12
713 -0.04709691248552646 52.13
714 -0.04520519786205666 52.14
715 -0.04326387334576713 52.15
716 -0.04069419896322794 52.16
717 -0.0359267019035823 52.17
718 -0.03206290610230403 52.18
719 -0.02623630026421766 52.19
720 -0.02044988843523068 52.2
721 -0.01459065036961383 52.21
722 -0.008471919776502444 52.22
723 -0.00235226959685004 52.23
724 0.003954603588554118 52.24
725 0.01048338443064566 52.25
726 0.0170354917115905 52.26
727 0.02372623476041619 52.27
728 0.03044874078513955 52.28
729 0.03565361421405948 52.29
730 0.03866942234835708 52.3
731 0.04092216218508178 52.31
732 0.04377512469102099 52.32
733 0.04566621186305667 52.33
734 0.04722336115123721 52.34
735 0.04877004997785473 52.35
736 0.05027965085288567 52.36
737 0.05175984383057411 52.37
738 0.0531976171804535 52.38
739 0.05457427099568241 52.39
740 0.05586657465728201 52.4
741 0.05681944227317726 52.41
742 0.05783826418108902 52.42
743 0.0586444661873189 52.43
744 0.05918492765696091 52.44
745 0.05942781720277437 52.45
746 0.05939256390499835 52.46
747 0.05913194797838961 52.47
748 0.05869373661682013 52.48
749 0.05811008513924781 52.49
750 0.05739877899398631 52.5
751 0.056571465286397 52.51
752 0.05563398957673934 52.52
753 0.05458890417639244 52.53
754 0.05343693768942077 52.54
755 0.05217812278219736 52.55
756 0.05081066686101789 52.56
757 0.04932801380335332 52.57
758 0.04774282142700487 52.58
759 0.04604477934280846 52.59
760 0.04423953218552029 52.6
761 0.04201204562774129 52.61
762 0.04029826854669472 52.62
763 0.03782729766236873 52.63
764 0.03594078918948673 52.64
765 0.03361692398377537 52.65
766 0.03119495030278207 52.66
767 0.0286910167059731 52.67
768 0.02609794758967365 52.68
769 0.02345328622509045 52.69
770 0.02075323351907344 52.7
771 0.01796029530832522 52.71
772 0.01518778994330324 52.72
773 0.01238060777822324 52.73
774 0.009531741225185018 52.74
775 0.006707537552889342 52.75
776 0.003871652795104659 52.76
777 0.001037195731532225 52.77
778 -0.001794312303270434 52.78
779 -0.004586479570143003 52.79
780 -0.007363190291594503 52.8
781 -0.0100952160544574 52.81
782 -0.01279920004700196 52.82
783 -0.01544414593423588 52.83
784 -0.01806264929591708 52.84
785 -0.02058316140764049 52.85
786 -0.02308770383902993 52.86
787 -0.02546403034859546 52.87
788 -0.02778118676698136 52.88
789 -0.03003131060700942 52.89
790 -0.03220165537833716 52.9
791 -0.03428877083485257 52.91
792 -0.03627945998010754 52.92
793 -0.03817487158039824 52.93
794 -0.03996763111895177 52.94
795 -0.04165577806573421 52.95
796 -0.04323723323238608 52.96
797 -0.04470757287389937 52.97
798 -0.04607168080697183 52.98
799 -0.04730775400543966 52.99
800 -0.04844430548536862 53
801 -0.0494503150485037 53.01
802 -0.05029839547015512 53.02
803 -0.05103160272301225 53.03
804 -0.05163552225803666 53.04
805 -0.05210042211035994 53.05
806 -0.05241814425793974 53.06
807 -0.05258108043129937 53.07
808 -0.05256801608301472 53.08
809 -0.0523629937775343 53.09
810 -0.05193810189648486 53.1
811 -0.05128429951732893 53.11
812 -0.05042804295198101 53.12
813 -0.04941619838730571 53.13
814 -0.04826666063761369 53.14
815 -0.04700026366990491 53.15
816 -0.0456158214945005 53.16
817 -0.0441714956657195 53.17
818 -0.04264625300306787 53.18
819 -0.04101717969356899 53.19
820 -0.03938441609814637 53.2
821 -0.03768555590388922 53.21
822 -0.03594071828380703 53.22
823 -0.03415137022596217 53.23
824 -0.03205946655206526 53.24
825 -0.02995276779249218 53.25
826 -0.02692890094033363 53.26
827 -0.02297298526074589 53.27
828 -0.0167538618986494 53.28
829 -0.01054354509696075 53.29
830 -0.004268067803208136 53.3
831 0.001989638317521745 53.31
832 0.008338334437424905 53.32
833 0.01483683709362308 53.33
834 0.021373385252016 53.34
835 0.02787028869422745 53.35
836 0.03221905990115922 53.36
837 0.03543666640875252 53.37
838 0.03890467219363181 53.38
839 0.04267020773540215 53.39
840 0.04609936212496971 53.4
841 0.04918724036349917 53.41
842 0.05103052977668533 53.42
843 0.0525215387644217 53.43
844 0.05394154677116459 53.44
845 0.05527734428904976 53.45
846 0.05650710998286044 53.46
847 0.05759966876153087 53.47
848 0.05850832504410287 53.48
849 0.05918099475030713 53.49
850 0.05947675100776251 53.5
851 0.05958569146443601 53.51
852 0.05942174186121128 53.52
853 0.05904516672298263 53.53
854 0.0584993690124011 53.54
855 0.05781378477648683 53.55
856 0.05700614779253547 53.56
857 0.05609068160659778 53.57
858 0.0550729837053255 53.58
859 0.05395727754509445 53.59
860 0.05274365158765039 53.6
861 0.05143380775049633 53.61
862 0.05003029034344571 53.62
863 0.04852919471454527 53.63
864 0.04667197617951645 53.64
865 0.04496035459494094 53.65
866 0.04315573470920971 53.66
867 0.04125547119748603 53.67
868 0.03926262406040126 53.68
869 0.03717894338134127 53.69
870 0.03500541642418527 53.7
871 0.03274572810138552 53.71
872 0.03039997290314666 53.72
873 0.02797681955453035 53.73
874 0.02550349630585005 53.74
875 0.02338216684476915 53.75
876 0.02080797258462932 53.76
877 0.01817214976842429 53.77
878 0.01550889061580803 53.78
879 0.0128139368664393 53.79
880 0.01010002716112325 53.8
881 0.007368345810043041 53.81
882 0.004644154927476494 53.82
883 0.001920226822357589 53.83
884 -0.0007860114604934451 53.84
885 -0.003474424222126699 53.85
886 -0.00614523073352417 53.86
887 -0.008774112316693203 53.87
888 -0.0114055133009522 53.88
889 -0.01394044318698943 53.89
890 -0.01643236738621209 53.9
891 -0.01888313619322126 53.91
892 -0.02127989023182588 53.92
893 -0.02361676654074797 53.93
894 -0.0258896490175081 53.94
895 -0.02808890863369532 53.95
896 -0.0302165193971178 53.96
897 -0.03226510703829528 53.97
898 -0.03423033427982755 53.98
899 -0.03610595274335974 53.99
900 -0.03788996564040389 54
901 -0.03957999882993744 54.01
902 -0.04117029073417244 54.02
903 -0.04265671703235009 54.03
904 -0.04403666895247923 54.04
905 -0.04530753822934433 54.05
906 -0.04646522081992363 54.06
907 -0.04750491781692995 54.07
908 -0.0484239348985301 54.08
909 -0.04923061125332205 54.09
910 -0.04988554489482377 54.1
911 -0.05040299965085517 54.11
912 -0.0507806405098475 54.12
913 -0.05100181376921963 54.13
914 -0.05104593821982779 54.14
915 -0.05089300620520487 54.15
916 -0.05051824449983455 54.16
917 -0.04991360518258121 54.17
918 -0.04910627496168606 54.18
919 -0.04812974700776212 54.19
920 -0.04704456331832262 54.2
921 -0.04584326804828254 54.21
922 -0.04453886933601279 54.22
923 -0.04314453706045535 54.23
924 -0.04167206055691587 54.24
925 -0.04011609672148563 54.25
926 -0.03852571768132515 54.26
927 -0.03687592170066833 54.27
928 -0.03517832593965613 54.28
929 -0.03344043148703427 54.29
930 -0.03166700962841079 54.3
931 -0.02957625135851213 54.31
932 -0.02567904579160422 54.32
933 -0.01960836720886614 54.33
934 -0.01355477026597687 54.34
935 -0.007488479309123918 54.35
936 -0.001353659919039886 54.36
937 0.004837324783907878 54.37
938 0.01109690601973315 54.38
939 0.01739083288008259 54.39
940 0.02199661883904197 54.4
941 0.02512550057662671 54.41
942 0.02853265962148559 54.42
943 0.03066447943727196 54.43
944 0.03336950381081485 54.44
945 0.0351696050680282 54.45
946 0.03663233182769457 54.46
947 0.03806380098490215 54.47
948 0.03946223803716948 54.48
949 0.04082079184263446 54.49
950 0.04213064804979553 54.5
951 0.04337515042066556 54.51
952 0.04454245967253315 54.52
953 0.04561008842681598 54.53
954 0.0465524818526122 54.54
955 0.04717556512060056 54.55
956 0.04776969896869314 54.56
957 0.04813036901974228 54.57
958 0.04824872275683008 54.58
959 0.04815050404917712 54.59
960 0.04787354186482985 54.6
961 0.0474494774681976 54.61
962 0.04689674360600492 54.62
963 0.04623110073834014 54.63
964 0.04545735180331167 54.64
965 0.04458147678669289 54.65
966 0.04360703297114558 54.66
967 0.04253602754091625 54.67
968 0.04137091019131978 54.68
969 0.04011183533475903 54.69
970 0.03876236099755535 54.7
971 0.03732330579155922 54.71
972 0.03579724121825485 54.72
973 0.03418919995801783 54.73
974 0.0324959435855011 54.74
975 0.03073256078375231 54.75
976 0.02889743661926463 54.76
977 0.02699569926404797 54.77
978 0.0250334160122484 54.78
979 0.02301673226677148 54.79
980 0.02095136178466918 54.8
981 0.01883255367355043 54.81
982 0.01669821268864881 54.82
983 0.01453121560140895 54.83
984 0.01233984876639281 54.84
985 0.01012866464019216 54.85
986 0.007909010111474699 54.86
987 0.005682477944262932 54.87
988 0.003444807769123891 54.88
989 0.001222489881939223 54.89
990 -0.0009900066978185146 54.9
991 -0.003193102549164233 54.91
992 -0.005389375076759007 54.92
993 -0.007550317460074285 54.93
994 -0.00969036619333504 54.94
995 -0.01180036807383186 54.95
996 -0.01387721045958691 54.96
997 -0.01591437180516429 54.97
998 -0.01790927395268338 54.98
999 -0.01985539367510129 54.99
1000 -0.02174824036702816 55
1001 -0.02358439776118735 55.01
1002 -0.02535787837133085 55.02
1003 -0.02706547838361302 55.03
1004 -0.02870210923005711 55.04
1005 -0.03026508937923524 55.05
1006 -0.03174764566839337 55.06
1007 -0.03314808341914424 55.07
1008 -0.03446169111035096 55.08
1009 -0.03568327132446848 55.09
1010 -0.03681142111619139 55.1
1011 -0.03784045084358083 55.11
1012 -0.03876540884772149 55.12
1013 -0.03958188959514485 55.13
1014 -0.04028419061649585 55.14
1015 -0.04086583380523359 55.15
1016 -0.04131657790134545 55.16
1017 -0.04162391050975467 55.17
1018 -0.04177146616309858 55.18
1019 -0.04174234646906003 55.19
1020 -0.04151858900152802 55.2
1021 -0.04109433179335455 55.21
1022 -0.04048558651310562 55.22
1023 -0.03972938854694982 55.23
1024 -0.03885308702626601 55.24
1025 -0.03787252345592806 55.25
1026 -0.03680258407645218 55.26
1027 -0.03564793059189868 55.27
1028 -0.0344186620530189 55.28
1029 -0.03312277016822295 55.29
1030 -0.03176725981601242 55.3
1031 -0.03013742764635101 55.31
1032 -0.02846370072191508 55.32
1033 -0.02698392257008836 55.33
1034 -0.02446884454539802 55.34
1035 -0.02138556781493198 55.35
1036 -0.0180005990351643 55.36
1037 -0.01514454848529636 55.37
1038 -0.0119743739848504 55.38
1039 -0.008759476461271391 55.39
1040 -0.005513893899779366 55.4
1041 -0.001645493356027258 55.41
1042 0.001638516620020139 55.42
1043 0.00489799641470183 55.43
1044 0.008158782966805923 55.44
1045 0.01263819457023699 55.45
1046 0.01557507608477476 55.46
1047 0.0172762975917931 55.47
1048 0.01893585480297041 55.48
1049 0.02030688598306039 55.49
1050 0.02165237886383165 55.5
1051 0.02297263148557409 55.51
1052 0.02428078051300431 55.52
1053 0.02531416123011371 55.53
1054 0.02656152801281123 55.54
1055 0.02777581023527519 55.55
1056 0.02872044768113777 55.56
1057 0.02983211266538184 55.57
1058 0.03088371871376695 55.58
1059 0.0318606157737704 55.59
1060 0.0327526263245556 55.6
1061 0.03369318028591684 55.61
1062 0.03434941613596262 55.62
1063 0.03485863978448451 55.63
1064 0.03520306546851029 55.64
1065 0.03537254350232943 55.65
1066 0.03537314390586316 55.66
1067 0.03522065786078903 55.67
1068 0.03492983163616915 55.68
1069 0.03451495448499116 55.69
1070 0.033987728060949 55.7
1071 0.03335551353218374 55.71
1072 0.03262386232486921 55.72
1073 0.03179934445003993 55.73
1074 0.03088524857285225 55.74
1075 0.029889801123088 55.75
1076 0.02881592849825847 55.76
1077 0.0276676364194946 55.77
1078 0.02644902887519347 55.78
1079 0.0251646630630567 55.79
1080 0.02381858651363936 55.8
1081 0.0224164921848295 55.81
1082 0.02096362657388859 55.82
1083 0.01946407846693453 55.83
1084 0.01791441666369836 55.84
1085 0.0163299971131761 55.85
1086 0.01472778466327943 55.86
1087 0.013090426834565 55.87
1088 0.01142719614965154 55.88
1089 0.009740660407785189 55.89
1090 0.008045403069514966 55.9
1091 0.006335098431772336 55.91
1092 0.004616834686406423 55.92
1093 0.002892113992117352 55.93
1094 0.001170484524500835 55.94
1095 -0.0005538346079389782 55.95
1096 -0.00226341532944899 55.96
1097 -0.00396450686271935 55.97
1098 -0.005651021682196911 55.98
1099 -0.007318841532309692 55.99
1100 -0.008963928402934411 56
1101 -0.01058240094899201 56.01
1102 -0.01216985728920053 56.02
1103 -0.01372233436592598 56.03
1104 -0.01523547836999482 56.04
1105 -0.01670543918736329 56.05
1106 -0.01812835653470281 56.06
1107 -0.01949959707849237 56.07
1108 -0.02081649024333314 56.08
1109 -0.02207308178115755 56.09
1110 -0.02326690504690784 56.1
1111 -0.02439440773605683 56.11
1112 -0.02545139279399298 56.12
1113 -0.02643319055518104 56.13
1114 -0.02711420945355098 56.14
1115 -0.02793278600095679 56.15
1116 -0.02867131156197677 56.16
1117 -0.02931482202059008 56.17
1118 -0.02985634389730855 56.18
1119 -0.03028292531438266 56.19
1120 -0.03058739816513393 56.2
1121 -0.03075957933835041 56.21
1122 -0.0307871183912461 56.22
1123 -0.0306629575727982 56.23
1124 -0.03038614267451348 56.24
1125 -0.02996626324388147 56.25
1126 -0.02942358745806649 56.26
1127 -0.02877505522832076 56.27
1128 -0.02803508666268045 56.28
1129 -0.02721315650726838 56.29
1130 -0.02631541049526746 56.3
1131 -0.0253522529489812 56.31
1132 -0.02432683240811015 56.32
1133 -0.02324432551293151 56.33
1134 -0.02211076297561548 56.34
1135 -0.02093077170253523 56.35
1136 -0.01970939381711874 56.36
1137 -0.01845045244468481 56.37
1138 -0.01715818809115445 56.38
1139 -0.01583559497285508 56.39
1140 -0.01425874856157123 56.4
1141 -0.01265384415092683 56.41
1142 -0.01103320598439374 56.42
1143 -0.009150323258168658 56.43
1144 -0.007250979984954676 56.44
1145 -0.005598681056318375 56.45
1146 -0.003946591587770366 56.46
1147 -0.002287948800656183 56.47
1148 -0.000627261385766421 56.48
1149 0.001034304856037041 56.49
1150 0.002691334768182497 56.5
1151 0.004079581495322745 56.51
1152 0.005724541820603392 56.52
1153 0.007353088297280635 56.53
1154 0.008971237453579164 56.54
1155 0.01057154963140951 56.55
1156 0.01215102769923342 56.56
1157 0.01345492688942762 56.57
1158 0.01472726745133501 56.58
1159 0.01597493634411908 56.59
1160 0.01719426088958929 56.6
1161 0.01815134450618186 56.61
1162 0.01908566974674919 56.62
1163 0.01997652593217949 56.63
1164 0.02082993217121594 56.64
1165 0.02164861819287082 56.65
1166 0.02242475037191036 56.66
1167 0.02315126566423405 56.67
1168 0.02382010676656671 56.68
1169 0.02442186517877936 56.69
1170 0.02481108699010936 56.7
1171 0.02512948734240634 56.71
1172 0.02547034451154533 56.72
1173 0.02577828004431464 56.73
1174 0.02594392114570975 56.74
1175 0.02597171902191199 56.75
1176 0.02586700292961211 56.76
1177 0.02564933122411258 56.77
1178 0.02532684567520324 56.78
1179 0.02490657861942108 56.79
1180 0.02439675670288816 56.8
1181 0.02380289011717705 56.81
1182 0.02312825313632419 56.82
1183 0.02238604046067135 56.83
1184 0.02157174016835021 56.84
1185 0.02069236605265915 56.85
1186 0.01960131279265748 56.86
1187 0.01859686018447525 56.87
1188 0.01754552343053057 56.88
1189 0.01644737276131682 56.89
1190 0.01530499361435119 56.9
1191 0.01412305395980676 56.91
1192 0.01290444315736215 56.92
1193 0.01165620904039246 56.93
1194 0.01037985361431795 56.94
1195 0.009080956887524118 56.95
1196 0.007762322796562048 56.96
1197 0.006429299448584955 56.97
1198 0.005084324529149736 56.98
1199 0.00372980282929701 56.99
1200 0.002371773111760431 57
1201 0.001019694408705573 57.01
1202 -8.836649051806485e-05 57.02
1203 -0.001430756006387104 57.03
1204 -0.002770378512558487 57.04
1205 -0.004099284835388919 57.05
1206 -0.005412972503097017 57.06
1207 -0.006707322067071121 57.07
1208 -0.007979472843863349 57.08
1209 -0.00922514889312253 57.09
1210 -0.01044166428166153 57.1
1211 -0.01162564879475069 57.11
1212 -0.01277357819746852 57.12
1213 -0.01388186886486983 57.13
1214 -0.01494707042168756 57.14
1215 -0.01596535743024688 57.15
1216 -0.01693273995873499 57.16
1217 -0.01784598337569099 57.17
1218 -0.01870119564018041 57.18
1219 -0.01949356493931517 57.19
1220 -0.02021818236508443 57.2
1221 -0.02086999445723099 57.21
1222 -0.02144373096967716 57.22
1223 -0.02193401266861924 57.23
1224 -0.02233278634355087 57.24
1225 -0.02263498512802988 57.25
1226 -0.02283284106964557 57.26
1227 -0.02291919195362908 57.27
1228 -0.02288898909299686 57.28
1229 -0.02273144366674021 57.29
1230 -0.02248505638959266 57.3
1231 -0.02216419285792892 57.31
1232 -0.02178213572730039 57.32
1233 -0.02120833759101168 57.33
1234 -0.02057146138699776 57.34
1235 -0.01997510661200052 57.35
1236 -0.01933133717846069 57.36
1237 -0.01864180740938212 57.37
1238 -0.01791000217606619 57.38
1239 -0.01713866462123748 57.39
1240 -0.01633224633976184 57.4
1241 -0.01549257553489637 57.41
1242 -0.01462369429320662 57.42
1243 -0.01372781863955718 57.43
1244 -0.01280833553334544 57.44
1245 -0.01186637174090505 57.45
1246 -0.01090596210451635 57.46
1247 -0.009927760146610948 57.47
1248 -0.008935370853539988 57.48
1249 -0.007930236238319873 57.49
1250 -0.006916194388491254 57.5
1251 -0.005892482369124529 57.51
1252 -0.004862196255538931 57.52
1253 -0.003826959373984341 57.53
1254 -0.002788810102245675 57.54
1255 -0.00174881947263713 57.55
1256 -0.0007091036068513426 57.56
1257 0.0003290220622056816 57.57
1258 0.001365970609004851 57.58
1259 0.00239506645872843 57.59
1260 0.003416240622135488 57.6
1261 0.00443124507022429 57.61
1262 0.005436397627940586 57.62
1263 0.006429973067909668 57.63
1264 0.007415292225589546 57.64
1265 0.008379179554158416 57.65
1266 0.009112661249714493 57.66
1267 0.009828345707167722 57.67
1268 0.01053015324294076 57.68
1269 0.01121670454769561 57.69
1270 0.01188688991775602 57.7
1271 0.01253904751348271 57.71
1272 0.01317076845240116 57.72
1273 0.01396345539267032 57.73
1274 0.014548612275762 57.74
1275 0.015103832605251 57.75
1276 0.01562732856305717 57.76
1277 0.01611732662233935 57.77
1278 0.01657033335736455 57.78
1279 0.01698238804421988 57.79
1280 0.01734896081794206 57.8
1281 0.01766601487604063 57.81
1282 0.01792700367785278 57.82
1283 0.01812702131348142 57.83
1284 0.01826151302458929 57.84
1285 0.01832821815592169 57.85
1286 0.01832650997093276 57.86
1287 0.01826027644855215 57.87
1288 0.01813383271717862 57.88
1289 0.01792806238916662 57.89
1290 0.0176924150501504 57.9
1291 0.01740808629421556 57.91
1292 0.01701130732830801 57.92
1293 0.01648152555348755 57.93
1294 0.01588770981558909 57.94
1295 0.01523538237598761 57.95
1296 0.01453114573524049 57.96
1297 0.01377805996425647 57.97
1298 0.01297972803427562 57.98
1299 0.01214007460212913 57.99
1300 0.01126213979089677 58
1301 0.01034990085735748 58.01
1302 0.009407216807833208 58.02
1303 0.00843744040573959 58.03
1304 0.007444590039568591 58.04
1305 0.006429079407229017 58.05
1306 0.005401026625111627 58.06
1307 0.00436005859710926 58.07
1308 0.003308614966697402 58.08
1309 0.002251944336519674 58.09
1310 0.001193361635760384 58.1
1311 0.0001364002005043025 58.11
1312 -0.0009170775242649948 58.12
1313 -0.001963916361209218 58.13
1314 -0.002999138616928486 58.14
1315 -0.004021811646014117 58.15
1316 -0.005027674380069779 58.16
1317 -0.006015500678286715 58.17
1318 -0.006980010063977136 58.18
1319 -0.007920277925022926 58.19
1320 -0.008836561076152853 58.2
1321 -0.009716024990968356 58.21
1322 -0.01039198244328853 58.22
1323 -0.01087171044335803 58.23
1324 -0.01132647074280318 58.24
1325 -0.01175973377898645 58.25
1326 -0.01216944610946911 58.26
1327 -0.01255269967652299 58.27
1328 -0.01290745595237774 58.28
1329 -0.01323067061428018 58.29
1330 -0.01352004537973762 58.3
1331 -0.01377356923584988 58.31
1332 -0.01398899453112136 58.32
1333 -0.01416396828278533 58.33
1334 -0.0142963713786941 58.34
1335 -0.0143840110472183 58.35
1336 -0.01442575872301665 58.36
1337 -0.01442163853206918 58.37
1338 -0.01437029490896949 58.38
1339 -0.01427236304893453 58.39
1340 -0.0141290705727103 58.4
1341 -0.01394188587863457 58.41
1342 -0.01371386408915811 58.42
1343 -0.01344702914163834 58.43
1344 -0.01314417083027205 58.44
1345 -0.01280731305017939 58.45
1346 -0.01243867928238874 58.46
1347 -0.01204042156499674 58.47
1348 -0.01161438344347718 58.48
1349 -0.01116252748923966 58.49
1350 -0.01068646939670749 58.5
1351 -0.01018848748709906 58.51
1352 -0.009669665711686214 58.52
1353 -0.009131844766861786 58.53
1354 -0.008577337607724937 58.54
1355 -0.008005163341700296 58.55
1356 -0.007422500400066213 58.56
1357 -0.006827902982586294 58.57
1358 -0.006221604737142551 58.58
1359 -0.005606045668110977 58.59
1360 -0.004983213596939075 58.6
1361 -0.004352982873352788 58.61
1362 -0.003718069245426664 58.62
1363 -0.003078911697943094 58.63
1364 -0.002437214147365838 58.64
1365 -0.001793737594394643 58.65
1366 -0.001150238508817418 58.66
1367 -0.000507260585687801 58.67
1368 0.000134190581929856 58.68
1369 0.0007736944898854153 58.69
1370 0.001407683002467811 58.7
1371 0.002037357475274863 58.71
1372 0.002661315022828323 58.72
1373 0.003278624542713639 58.73
1374 0.003888034480887427 58.74
1375 0.004488403753337556 58.75
1376 0.005079082602429194 58.76
1377 0.005658185559863582 58.77
1378 0.006224406923770418 58.78
1379 0.006777297975409378 58.79
1380 0.007314901708784042 58.8
1381 0.007835984213128786 58.81
1382 0.008341232124212792 58.82
1383 0.008823253056163423 58.83
1384 0.009284610496261867 58.84
1385 0.009722923950236403 58.85
1386 0.01013609929862616 58.86
1387 0.01052242425176013 58.87
1388 0.01087900235336461 58.88
1389 0.01120510937121474 58.89
1390 0.01149451432533377 58.9
1391 0.01174616103567218 58.91
1392 0.01195696846579639 58.92
1393 0.01212432474569854 58.93
1394 0.01224521707518248 58.94
1395 0.01231831077741462 58.95
1396 0.01234440889873757 58.96
1397 0.01232340844400259 58.97
1398 0.01225702162767134 58.98
1399 0.01214752015561685 58.99
1400 0.01199733529470566 59
1401 0.01180863327793296 59.01
1402 0.01158371398656044 59.02
1403 0.01137408581726882 59.03
1404 0.01108451040728138 59.04
1405 0.01083119594554113 59.05
1406 0.01055858953825428 59.06
1407 0.01026651585049011 59.07
1408 0.009955892758069778 59.08
1409 0.009627981556348138 59.09
1410 0.009284181982216564 59.1
1411 0.008924234905525526 59.11
1412 0.008551472626037771 59.12
1413 0.008165140496633048 59.13
1414 0.007766223985493037 59.14
1415 0.007355691959083263 59.15
1416 0.006933994482089871 59.16
1417 0.006502356801186122 59.17
1418 0.006061816480515332 59.18
1419 0.005612424544206258 59.19
1420 0.005155664972540223 59.2
1421 0.004691956407685821 59.21
1422 0.004222167719889525 59.22
1423 0.0037469106336198 59.23
1424 0.003267352310454191 59.24
1425 0.002783824149455105 59.25
1426 0.002297557639100613 59.26
1427 0.001808915043878307 59.27
1428 0.001318941734543505 59.28
1429 0.0008281627742417301 59.29
1430 0.0003370765837429103 59.3
1431 -0.0001526338186225752 59.31
1432 -0.0006404592248690187 59.32
1433 -0.001126189238610107 59.33
1434 -0.001608690923953555 59.34
1435 -0.002087357733284934 59.35
1436 -0.002560902780514004 59.36
1437 -0.003029599093382483 59.37
1438 -0.003491762166332932 59.38
1439 -0.003947457525543496 59.39
1440 -0.004395318432726852 59.4
1441 -0.004834691725914369 59.41
1442 -0.005264975973693295 59.42
1443 -0.005685580077037617 59.43
1444 -0.006095738922522661 59.44
1445 -0.006494378493044724 59.45
1446 -0.006880797096412795 59.46
1447 -0.007254206184869796 59.47
1448 -0.007613952500494295 59.48
1449 -0.007959612212693526 59.49
1450 -0.008290622693404638 59.5
1451 -0.008604207483154356 59.51
1452 -0.008900938688507838 59.52
1453 -0.009180136196526328 59.53
1454 -0.009440201170795167 59.54
1455 -0.009680724213023184 59.55
1456 -0.009900632181499612 59.56
1457 -0.01009870802687799 59.57
1458 -0.01027356612758294 59.58
1459 -0.01051312080773088 59.59
1460 -0.01063897917266917 59.6
1461 -0.0107361972871111 59.61
1462 -0.01080555451161896 59.62
1463 -0.01084685160910806 59.63
1464 -0.01085906592051477 59.64
1465 -0.01084001604888243 59.65
1466 -0.01079159746297954 59.66
1467 -0.01071842654793653 59.67
1468 -0.01060895190705823 59.68
1469 -0.01046323632873552 59.69
1470 -0.01028304091888193 59.7
1471 -0.01007046988780547 59.71
1472 -0.009827406751850563 59.72
1473 -0.009555866692286277 59.73
1474 -0.009257796785635949 59.74
1475 -0.00893499897004303 59.75
1476 -0.008589594913224124 59.76
1477 -0.008222924366929087 59.77
1478 -0.007836290807608814 59.78
1479 -0.007431291008034522 59.79
1480 -0.007009339234621657 59.8
1481 -0.006571838892226031 59.81
1482 -0.006119638556338115 59.82
1483 -0.005656245013085608 59.83
1484 -0.005181109279915775 59.84
1485 -0.004696036273037043 59.85
1486 -0.004202087706771864 59.86
1487 -0.003832432857517905 59.87
1488 -0.003459491468069038 59.88
1489 -0.003080855926088409 59.89
1490 -0.002697268220105069 59.9
1491 -0.00230981090553691 59.91
1492 -0.001920100726123213 59.92
1493 -0.001528525428141496 59.93
1494 -0.001136505186139704 59.94
1495 -0.0007443300679770923 59.95
1496 -0.0003529581563668904 59.96
1497 3.741956215572335e-05 59.97
1498 0.0004256043206338368 59.98
1499 0.0008115877203856269 59.99
1500 0.001194249718632636 60
